451.450620,947.970206,205.240623,74544.000000,5.000000
314.369655,182.936935,203.154040,71767.000000,5.000000
287.912263,882.327897,205.619169,74621.000000,5.000000
272.676366,750.501175,209.308810,58285.000000,5.000000
327.705340,251.424473,205.315713,74669.000000,5.000000
383.387666,883.421037,207.187528,68203.000000,5.000000
340.615882,829.716566,211.746869,53822.000000,5.000000
491.107849,858.422846,209.974496,67715.000000,5.000000
519.178488,930.493235,206.130992,72722.000000,5.000000
575.840895,888.430892,209.190496,78558.000000,5.000000
342.216935,698.171024,207.745633,71224.000000,5.000000
403.354411,729.738099,209.919054,65204.000000,5.000000
651.161840,932.404832,208.122825,73381.000000,5.000000
402.930136,799.545250,211.599627,54177.000000,5.000000
708.363208,883.722600,211.370531,77289.000000,5.000000
422.940208,204.825101,210.179000,71933.000000,5.000000
444.438289,136.135474,210.748372,76915.000000,5.000000
538.124105,605.159441,213.736811,70835.000000,5.000000
692.708052,815.416007,212.061932,71595.000000,5.000000
509.794584,216.410117,214.989608,72750.000000,5.000000
531.378500,129.257659,216.243686,75860.000000,5.000000
616.934699,699.237655,214.141305,69601.000000,5.000000
665.981270,749.733250,214.717675,74478.000000,5.000000
762.437641,813.637863,214.497843,73718.000000,5.000000
640.891905,863.256404,215.993824,72538.000000,5.000000
704.503395,677.747029,217.046929,74218.000000,5.000000
736.697918,741.758238,215.649932,72563.000000,5.000000
469.358678,780.202504,218.541876,73085.000000,5.000000
598.178748,510.699830,216.715763,68661.000000,5.000000
666.497243,488.644898,220.435296,73821.000000,5.000000
735.328636,614.832752,219.211572,69962.000000,5.000000
782.831291,666.117745,219.333630,71816.000000,5.000000
158.021664,345.017880,219.755961,74271.000000,5.000000
814.361532,602.474867,222.328817,74981.000000,5.000000
861.767578,654.272269,221.966463,70996.000000,5.000000
121.336008,439.267474,223.586401,72650.000000,5.000000
640.777246,291.562693,222.937643,74378.000000,5.000000
737.664470,421.998200,225.173740,72217.000000,5.000000
376.228119,154.399068,223.822676,72940.000000,5.000000
882.593383,582.379545,225.440152,73177.000000,5.000000
692.983848,244.085275,225.917620,72870.000000,5.000000
734.280020,351.022494,226.590342,76598.000000,5.000000
720.214289,179.599192,228.547042,75762.000000,5.000000
807.818538,418.504076,228.548400,73729.000000,5.000000
755.868865,283.347745,229.488215,74244.000000,5.000000
778.446405,218.102278,231.420798,72479.000000,5.000000
862.260723,374.613046,231.678237,74443.000000,5.000000
346.760599,763.721442,232.385744,75952.000000,5.000000
858.101769,304.297162,234.322860,77086.000000,5.000000
800.887634,341.716869,246.364263,69060.000000,5.000000
335.175623,908.939561,251.280461,77615.000000,5.000000
400.137414,935.638980,251.161899,73719.000000,5.000000
388.705239,671.867631,252.879730,73144.000000,5.000000
440.310632,834.171688,254.210928,75253.000000,5.000000
461.114550,900.980642,257.692168,73095.000000,5.000000
295.558628,709.553170,259.241359,75485.000000,5.000000
770.469117,868.139272,259.266061,75866.000000,5.000000
697.777082,303.263063,262.961738,71690.000000,5.000000
290.553492,242.419582,264.090392,72086.000000,5.000000
368.161828,211.585319,264.971462,72991.000000,5.000000
909.508818,677.815386,266.338962,73315.000000,5.000000
464.902704,714.111534,267.645486,70866.000000,5.000000
409.546858,766.791618,268.538996,74277.000000,5.000000
746.696505,698.111973,270.341676,74357.000000,5.000000
526.949371,953.053466,271.673424,75076.000000,5.000000
810.165815,269.624392,272.864132,72762.000000,5.000000
931.223859,574.513627,273.955768,72979.000000,5.000000
672.910344,789.615615,274.192919,72979.000000,5.000000
539.816976,692.826299,275.828811,73258.000000,5.000000
817.968971,649.244683,276.818612,69547.000000,5.000000
676.831064,699.006144,278.802498,73726.000000,5.000000
714.473593,904.362938,278.998706,73390.000000,5.000000
188.393845,297.108772,278.842614,73539.000000,5.000000
617.175306,490.219180,283.009882,73369.000000,5.000000
737.940150,765.797303,286.569949,72231.000000,5.000000
736.899356,624.162632,287.943563,71708.000000,5.000000
878.652165,617.808076,286.127982,72612.000000,5.000000
357.702517,724.695956,289.673630,69651.000000,5.000000
376.759044,861.110186,293.331678,83949.000000,5.000000
388.085284,150.269677,292.368071,74070.000000,5.000000
896.719303,373.493284,293.048251,76082.000000,5.000000
734.873012,421.462808,295.984916,73322.000000,5.000000
743.475703,352.232128,296.391275,73033.000000,5.000000
312.842204,184.546755,297.023397,75864.000000,5.000000
453.262594,386.112335,297.379891,73966.000000,5.000000
716.331638,176.982394,299.217969,73327.000000,5.000000
542.316466,582.674032,298.749694,75983.000000,5.000000
690.493351,242.245311,297.782150,73996.000000,5.000000
774.799235,215.665738,301.528171,73942.000000,5.000000
805.025426,385.164182,300.695095,72170.000000,5.000000
844.475929,327.269309,299.795315,74446.000000,5.000000
232.259687,246.414788,302.267474,75383.000000,5.000000
748.425866,280.988341,306.001478,73765.000000,5.000000
325.951901,283.587906,307.240606,71935.000000,5.000000
229.576249,578.431851,308.776687,75804.000000,5.000000
486.426210,662.221297,310.826937,75383.000000,5.000000
646.090180,296.146365,310.137265,73952.000000,5.000000
698.115366,843.932306,310.545448,74216.000000,5.000000
844.638648,552.871766,315.367227,73023.000000,5.000000
438.754352,491.895500,314.908693,73072.000000,5.000000
634.279756,741.456139,315.492344,73607.000000,5.000000
288.843232,417.584360,316.275884,72534.000000,5.000000
361.487796,558.032643,316.838163,70429.000000,5.000000
247.134779,647.282167,317.529366,74151.000000,5.000000
284.879971,536.603736,316.342367,71841.000000,5.000000
329.956375,906.311350,321.796121,75025.000000,5.000000
394.545300,932.245958,321.244065,76070.000000,5.000000
402.606739,656.173126,319.869542,72115.000000,5.000000
565.765334,518.765624,321.291249,72371.000000,5.000000
573.194794,653.780966,322.590240,71537.000000,5.000000
794.058839,602.578931,322.839524,73064.000000,5.000000
806.142633,450.868516,324.197072,74450.000000,5.000000
389.447080,374.567361,324.652527,72846.000000,5.000000
315.555506,667.099956,328.457713,80946.000000,5.000000
418.876201,242.647131,327.410731,73676.000000,5.000000
758.304039,876.837035,327.797418,75145.000000,5.000000
274.008253,724.226098,327.335183,70642.000000,5.000000
653.915802,530.851267,327.883583,72472.000000,5.000000
338.223627,493.535329,330.049710,71655.000000,5.000000
496.820604,528.737464,331.919240,74344.000000,5.000000
572.417422,418.805089,330.731203,71448.000000,5.000000
640.513320,809.439933,332.532757,71770.000000,5.000000
655.268880,460.469291,333.761637,80839.000000,5.000000
916.658847,654.179203,331.247742,70077.000000,5.000000
321.384845,355.911456,333.710418,70101.000000,5.000000
639.489831,673.661557,333.127923,72278.000000,5.000000
829.556258,813.464902,334.071355,72497.000000,5.000000
743.403507,674.057521,336.183749,73399.000000,5.000000
265.506762,304.019091,336.970434,71501.000000,5.000000
699.019826,727.967914,339.251351,73085.000000,5.000000
691.157146,627.257975,340.746000,72945.000000,5.000000
909.999728,586.356582,340.599984,77337.000000,5.000000
834.057090,271.919122,343.150205,76003.000000,5.000000
858.055963,406.829723,341.686981,74085.000000,5.000000
244.424320,465.405519,343.665587,73454.000000,5.000000
725.674962,471.278604,345.091478,73373.000000,5.000000
787.283136,324.109121,344.201749,73304.000000,5.000000
295.993915,598.755432,345.964320,69674.000000,5.000000
467.274319,435.360526,345.636468,75168.000000,5.000000
287.438126,237.833104,345.737950,74837.000000,5.000000
599.365567,355.878598,345.723802,73516.000000,5.000000
475.994186,343.418584,347.697298,75163.000000,5.000000
583.021669,774.194775,349.737173,70240.000000,5.000000
597.969539,575.452367,347.507717,73405.000000,5.000000
669.769237,155.397881,346.863536,73140.000000,5.000000
375.070478,310.550035,348.494873,69341.000000,5.000000
391.919795,439.570031,350.392126,70133.000000,5.000000
598.616457,218.360192,352.386208,74302.000000,5.000000
600.178222,135.937761,352.499819,74615.000000,5.000000
529.606082,468.889720,354.478414,68725.000000,5.000000
883.356529,343.296464,355.510899,71523.000000,5.000000
931.266428,506.422252,356.640424,73442.000000,5.000000
462.755943,611.428969,356.749997,71807.000000,5.000000
478.203587,263.758168,356.886833,70913.000000,5.000000
796.901443,511.452329,356.704644,69655.000000,5.000000
919.341143,435.209160,359.454893,75244.000000,5.000000
661.675668,249.293858,361.145160,74621.000000,5.000000
766.306028,802.588199,361.362151,71843.000000,5.000000
208.076715,272.670589,362.073399,74184.000000,5.000000
338.351897,192.986280,362.561451,76386.000000,5.000000
532.929037,612.528252,362.477226,71375.000000,5.000000
603.974827,288.538012,365.995064,73134.000000,5.000000
859.831621,473.050845,364.895201,73970.000000,5.000000
551.345169,704.528075,366.093178,73054.000000,5.000000
448.121733,679.336552,367.370410,71977.000000,5.000000
562.695395,837.857880,369.108114,74782.000000,5.000000
325.904411,438.358640,371.632040,70929.000000,5.000000
332.475277,858.864018,373.580909,74201.000000,5.000000
603.358934,490.984006,373.883031,71275.000000,5.000000
231.543376,566.688143,377.509858,69843.000000,5.000000
539.639646,333.726059,376.449663,72501.000000,5.000000
732.429715,532.882571,378.335176,71822.000000,5.000000
266.815130,677.425054,378.813575,73960.000000,5.000000
285.895870,508.010386,380.222374,74042.000000,5.000000
421.894199,513.741807,379.719947,74243.000000,5.000000
802.783476,383.211745,378.311254,72828.000000,5.000000
871.926982,541.529135,378.964337,75064.000000,5.000000
430.453320,385.927564,381.038408,74411.000000,5.000000
744.802927,601.543275,380.213373,74419.000000,5.000000
617.619965,721.618988,380.729868,72646.000000,5.000000
674.239218,572.601312,380.202988,71625.000000,5.000000
363.616744,922.212643,383.531939,73828.000000,5.000000
625.476922,628.703200,384.196033,71085.000000,5.000000
285.219027,383.885371,386.758044,73315.000000,5.000000
387.332993,149.865026,387.073861,74518.000000,5.000000
681.303669,919.962595,386.874495,73814.000000,5.000000
397.368634,836.580510,389.585479,81897.000000,5.000000
263.614428,862.326190,389.261621,78071.000000,5.000000
359.936656,379.203693,388.794625,73709.000000,5.000000
500.697836,393.506439,390.527586,70508.000000,5.000000
806.744075,569.623540,393.884030,73381.000000,5.000000
319.243395,317.794208,394.570824,75659.000000,5.000000
518.949910,551.733559,394.160771,73048.000000,5.000000
740.780458,884.545421,395.335916,72929.000000,5.000000
570.728679,395.044983,396.336894,73673.000000,5.000000
648.675369,833.066335,398.129350,74078.000000,5.000000
680.696768,762.271852,397.209050,70141.000000,5.000000
355.691654,497.430904,398.479088,74838.000000,5.000000
667.018378,481.895979,401.210999,73024.000000,5.000000
675.541498,690.635149,404.912197,71991.000000,5.000000
469.820029,469.719241,407.696736,74384.000000,5.000000
717.004087,819.804957,408.656152,73640.000000,5.000000
930.438204,579.659244,408.336078,75045.000000,5.000000
239.912179,445.068991,410.444934,72386.000000,5.000000
272.174839,614.391504,410.276925,73565.000000,5.000000
386.315763,279.995227,410.068437,74594.000000,5.000000
477.126906,130.194263,410.397216,73771.000000,5.000000
788.317095,444.978779,411.312445,73325.000000,5.000000
565.849699,252.814103,412.214964,73659.000000,5.000000
575.808877,588.776501,412.397373,71195.000000,5.000000
737.248192,724.989844,413.334024,72863.000000,5.000000
863.422612,604.885382,413.653418,72563.000000,5.000000
593.500869,789.396559,417.361609,71959.000000,5.000000
537.806382,652.719272,419.614942,71197.000000,5.000000
605.874647,334.303718,419.561663,71550.000000,5.000000
901.246144,491.554699,418.359230,74810.000000,5.000000
918.126747,648.341379,418.709984,76144.000000,5.000000
390.889854,440.480437,420.375141,71741.000000,5.000000
470.011020,639.060839,420.360878,69331.000000,5.000000
794.153292,847.958109,421.232449,77845.000000,5.000000
827.063585,503.662687,419.502437,73036.000000,5.000000
655.537506,284.715259,421.012569,72241.000000,5.000000
227.976905,513.419722,421.572044,74690.000000,5.000000
630.110489,537.397843,422.184026,73446.000000,5.000000
534.420151,447.836698,425.475977,73514.000000,5.000000
615.301095,440.726768,425.171890,73681.000000,5.000000
779.536129,779.319861,426.361938,73460.000000,5.000000
731.972131,483.694885,428.231367,72625.000000,5.000000
565.088567,511.517442,429.139734,71121.000000,5.000000
497.648544,708.930221,430.075135,71511.000000,5.000000
784.213224,343.329886,432.579462,73777.000000,5.000000
472.269831,345.349721,431.705270,72575.000000,5.000000
303.732825,464.782528,432.780483,74805.000000,5.000000
534.284280,162.943701,432.984727,73199.000000,5.000000
847.365662,792.492644,432.746877,71238.000000,5.000000
401.308422,344.564631,433.659446,74693.000000,5.000000
321.110853,900.756459,436.005276,75433.000000,5.000000
776.396283,632.147216,435.715503,70760.000000,5.000000
394.652292,889.739229,437.067526,73927.000000,5.000000
452.375242,847.580610,436.358907,73955.000000,5.000000
455.125007,535.986493,436.887756,72556.000000,5.000000
528.921971,807.006237,437.228682,73434.000000,5.000000
324.653425,831.267304,438.443627,73785.000000,5.000000
594.811739,689.018132,438.703825,71863.000000,5.000000
237.665327,668.174406,441.989565,70439.000000,5.000000
451.385764,411.882381,443.660318,72871.000000,5.000000
297.083588,533.755054,443.789849,72367.000000,5.000000
543.028066,352.653593,443.963507,69658.000000,5.000000
705.884273,907.115727,451.789781,77467.000000,5.000000
749.383576,547.294468,451.920250,69994.000000,5.000000
327.826032,354.903767,453.239962,71628.000000,5.000000
276.903728,403.519366,453.990005,74435.000000,5.000000
503.799541,583.815890,454.270732,70952.000000,5.000000
436.203714,943.579542,454.554189,76519.000000,5.000000
394.591876,503.567082,456.466768,71346.000000,5.000000
668.434234,597.991338,458.032145,71116.000000,5.000000
266.060903,863.564496,459.783389,73625.000000,5.000000
402.047551,802.556885,459.484956,74615.000000,5.000000
429.813141,719.822753,458.564453,71471.000000,5.000000
304.915777,674.108770,462.166579,73899.000000,5.000000
549.245212,745.377366,464.053637,71220.000000,5.000000
836.354337,562.160478,465.613606,71748.000000,5.000000
598.302443,282.960540,466.174429,69742.000000,5.000000
652.308261,818.111423,465.919231,65211.000000,5.000000
748.532923,427.414160,466.331399,73247.000000,5.000000
631.485461,740.874659,467.581282,72187.000000,5.000000
675.175203,509.042264,468.541606,73703.000000,5.000000
698.011394,763.052368,467.814255,73461.000000,5.000000
425.622023,148.475087,470.149507,73515.000000,5.000000
504.542204,952.539968,470.366000,73358.000000,5.000000
902.822509,539.359489,470.585601,75215.000000,5.000000
343.488853,421.103615,471.606473,73474.000000,5.000000
482.263269,766.239496,471.033333,75421.000000,5.000000
685.473051,670.440277,473.461372,72861.000000,5.000000
491.380954,485.375068,473.291397,71195.000000,5.000000
242.080948,605.754349,473.202720,71626.000000,5.000000
729.055708,327.005123,473.302549,72808.000000,5.000000
251.424311,478.289709,477.503182,72131.000000,5.000000
508.011984,859.530744,478.171697,73851.000000,5.000000
595.265154,602.425268,478.289912,71087.000000,5.000000
652.265840,326.273550,477.880932,73672.000000,5.000000
287.075062,739.316304,479.651270,70622.000000,5.000000
372.889929,681.391795,478.344754,72617.000000,5.000000
436.598546,653.523379,480.502501,73570.000000,5.000000
756.022496,716.550341,479.653990,74859.000000,5.000000
655.337755,426.322778,481.483408,71842.000000,5.000000
740.930895,842.358336,481.101568,76579.000000,5.000000
609.774533,480.307338,482.783135,73359.000000,5.000000
807.045256,818.120327,483.390167,73184.000000,5.000000
339.782485,784.061471,487.645734,69301.000000,5.000000
576.346190,810.086035,488.128522,74563.000000,5.000000
839.016915,495.480234,488.870484,75257.000000,5.000000
497.244955,381.792893,487.828946,69674.000000,5.000000
594.021552,363.941132,490.141173,74285.000000,5.000000
366.498512,853.779011,491.481415,73230.000000,5.000000
444.456062,584.626364,492.372753,77051.000000,5.000000
552.327446,548.145437,489.788371,70326.000000,5.000000
735.517488,187.300276,492.906586,76423.000000,5.000000
324.025567,493.125173,495.450717,83740.000000,5.000000
374.731066,925.804507,494.600325,74468.000000,5.000000
430.414839,456.280201,493.668432,72498.000000,5.000000
815.899707,633.943751,493.872917,72677.000000,5.000000
503.775374,641.821759,494.147073,69462.000000,5.000000
526.211534,127.574713,494.180465,71166.000000,5.000000
307.684605,613.015251,495.250496,69570.000000,5.000000
430.204704,881.072272,498.053100,72241.000000,5.000000
563.612263,427.618420,498.615081,69186.000000,5.000000
543.545968,310.288993,499.230984,73334.000000,5.000000
311.512566,895.571337,505.134497,73132.000000,5.000000
323.765450,307.192815,504.734362,71763.000000,5.000000
571.900627,693.993307,505.190410,73662.000000,5.000000
271.820687,552.098932,507.165071,72181.000000,5.000000
563.032715,227.596926,507.644943,73453.000000,5.000000
390.497538,287.642405,510.487456,72901.000000,5.000000
762.945455,375.523001,510.708126,71757.000000,5.000000
398.131403,750.690642,514.460853,73811.000000,5.000000
762.635522,492.757810,514.401502,69524.000000,5.000000
690.391038,279.293672,516.668215,73177.000000,5.000000
499.509177,717.101891,518.191536,72352.000000,5.000000
269.063713,379.779308,520.099346,73863.000000,5.000000
723.990835,898.288012,520.675801,76490.000000,5.000000
690.872129,367.483133,519.454051,73723.000000,5.000000
356.003952,366.978508,521.545905,75656.000000,5.000000
372.038585,607.117635,521.782690,72827.000000,5.000000
372.288460,536.703539,521.666844,71372.000000,5.000000
636.169478,529.799445,524.125767,69891.000000,5.000000
706.237372,539.860965,523.950101,71845.000000,5.000000
420.372042,816.415961,525.836552,71723.000000,5.000000
504.016176,807.041688,524.696333,73811.000000,5.000000
462.958434,131.438156,526.707019,72271.000000,5.000000
712.079395,435.135303,525.964047,75320.000000,5.000000
501.149874,441.516553,526.748168,70833.000000,5.000000
646.524323,611.575122,528.205574,74805.000000,5.000000
736.716986,766.078620,526.360764,72424.000000,5.000000
806.401169,545.326830,526.472876,74066.000000,5.000000
432.696681,943.396903,528.810650,70589.000000,5.000000
370.321824,450.153306,529.796641,73363.000000,5.000000
489.164525,902.154131,530.106437,74852.000000,5.000000
549.301417,603.368817,531.556003,73264.000000,5.000000
652.587210,799.768461,531.572168,72463.000000,5.000000
757.061239,594.923813,533.051755,72650.000000,5.000000
551.514913,858.189441,533.424006,72756.000000,5.000000
224.586682,507.417427,535.306089,74952.000000,5.000000
783.062961,857.321682,535.561218,71409.000000,5.000000
446.784271,512.302614,537.195881,73764.000000,5.000000
538.343910,951.953261,537.368374,74028.000000,5.000000
625.689244,235.366099,538.121607,74264.000000,5.000000
658.912846,685.568437,537.246778,71781.000000,5.000000
435.226130,696.610093,539.703197,73692.000000,5.000000
247.239085,615.787595,542.133137,74923.000000,5.000000
879.099425,337.305329,541.755856,75263.000000,5.000000
243.613276,440.301000,544.351084,72279.000000,5.000000
553.777580,753.878941,543.028252,71428.000000,5.000000
234.895761,243.612387,545.456022,72900.000000,5.000000
552.989136,168.785142,544.704232,75850.000000,5.000000
714.712083,832.075739,546.832915,84514.000000,5.000000
458.983769,630.271767,546.260065,73747.000000,5.000000
546.271131,509.521696,547.740641,72548.000000,5.000000
621.800185,153.984370,547.317849,73513.000000,5.000000
682.712661,188.909311,548.940960,75169.000000,5.000000
835.555706,436.908521,548.631068,72596.000000,5.000000
487.157926,192.997263,549.576944,73794.000000,5.000000
456.268739,762.645582,552.995277,75806.000000,5.000000
564.514243,382.773430,551.657457,72353.000000,5.000000
606.250658,473.813269,552.436511,74037.000000,5.000000
301.651190,261.270594,551.827895,70881.000000,5.000000
316.306665,577.709619,554.133847,70745.000000,5.000000
441.311627,272.063904,555.723658,71560.000000,5.000000
903.972120,414.469543,556.059734,73744.000000,5.000000
436.749368,424.899503,556.714561,73634.000000,5.000000
778.500646,657.266428,555.904768,73547.000000,5.000000
486.979181,565.935299,556.448707,71715.000000,5.000000
488.647635,377.749532,556.460534,71111.000000,5.000000
598.311032,655.916568,556.784966,73449.000000,5.000000
307.851142,466.076480,559.031759,75065.000000,5.000000
710.571869,644.724784,560.816018,72681.000000,5.000000
306.260448,340.698923,563.641027,72337.000000,5.000000
591.445231,809.014701,564.657729,72989.000000,5.000000
638.756911,366.857516,567.839867,73545.000000,5.000000
802.837612,378.095483,568.129610,72610.000000,5.000000
466.978131,847.744809,568.295190,75128.000000,5.000000
378.483481,312.469619,574.908477,73796.000000,5.000000
733.360677,356.399928,574.622556,72228.000000,5.000000
386.672529,781.588632,575.395230,71695.000000,5.000000
746.507734,467.933938,577.331830,71630.000000,5.000000
200.328409,579.405144,580.086112,75820.000000,5.000000
393.700812,574.395375,579.096201,71694.000000,5.000000
481.748406,950.596272,579.127229,74040.000000,5.000000
688.722913,505.083507,582.224062,73551.000000,5.000000
275.141689,523.857287,582.633552,72264.000000,5.000000
744.129035,192.584334,582.523438,74964.000000,5.000000
345.468532,522.583164,584.457030,72772.000000,5.000000
286.720550,403.867574,586.631646,73090.000000,5.000000
487.980308,698.428712,585.341807,71043.000000,5.000000
690.654218,411.048425,588.270916,74466.000000,5.000000
423.998946,364.338405,590.942629,74009.000000,5.000000
797.591267,598.490546,591.109031,75208.000000,5.000000
592.461258,203.968960,590.782747,72519.000000,5.000000
745.721545,884.539223,591.659496,75312.000000,5.000000
275.375066,209.565170,590.578741,73907.000000,5.000000
505.819118,794.790121,593.253061,71627.000000,5.000000
539.097973,651.853509,594.525652,71397.000000,5.000000
378.415335,431.626371,596.460054,73324.000000,5.000000
526.942052,871.844451,598.327801,75378.000000,5.000000
774.963759,784.277485,598.891346,73067.000000,5.000000
631.280132,740.202937,599.978436,73826.000000,5.000000
429.812048,664.373334,602.106780,73141.000000,5.000000
221.288855,641.822553,603.483698,70821.000000,5.000000
660.213857,576.086463,601.932697,71557.000000,5.000000
750.753224,538.760371,602.053602,72049.000000,5.000000
534.290894,548.902126,604.592154,72542.000000,5.000000
552.899144,950.870456,606.009907,73481.000000,5.000000
626.482029,433.755917,605.841185,73979.000000,5.000000
810.972493,467.518848,606.044244,73908.000000,5.000000
440.703311,528.259553,606.124514,71735.000000,5.000000
535.865608,476.367772,608.600614,70696.000000,5.000000
255.585606,461.986192,609.755616,71625.000000,5.000000
843.517950,796.692140,610.137128,76629.000000,5.000000
453.372130,598.225465,609.042536,74619.000000,5.000000
354.345083,367.445509,612.125920,74214.000000,5.000000
262.609842,586.603606,612.600978,76492.000000,5.000000
563.338117,752.983447,612.493034,71348.000000,5.000000
686.942574,161.518098,613.144703,72963.000000,5.000000
605.788325,135.953101,613.403655,74586.000000,5.000000
758.803384,408.905595,613.982132,75833.000000,5.000000
439.596802,803.353091,616.212147,76037.000000,5.000000
740.008624,726.274043,615.136439,74678.000000,5.000000
472.113580,408.072676,617.034542,71826.000000,5.000000
720.732402,824.055955,617.188855,73416.000000,5.000000
334.413476,784.523613,620.810053,74089.000000,5.000000
794.235841,848.278869,629.044265,81644.000000,5.000000
847.548456,288.016519,628.109184,75368.000000,5.000000
407.746287,741.499353,630.517461,73449.000000,5.000000
659.828287,684.637554,632.192868,77286.000000,5.000000
295.556497,335.474954,632.421964,72845.000000,5.000000
386.759763,491.521127,631.939646,71213.000000,5.000000
786.118362,324.688336,632.733864,73098.000000,5.000000
562.295576,416.801247,633.649874,70706.000000,5.000000
638.734390,498.602346,635.277328,83457.000000,5.000000
462.819390,867.766591,635.325633,73202.000000,5.000000
477.472818,747.021663,635.500549,72842.000000,5.000000
444.477778,941.776162,637.878925,74813.000000,5.000000
780.996110,237.823257,636.592115,74798.000000,5.000000
473.292962,476.462730,639.176694,68729.000000,5.000000
593.107463,819.206533,640.312453,75189.000000,5.000000
355.284551,610.862572,640.158828,71077.000000,5.000000
368.800521,290.572623,641.417812,76319.000000,5.000000
315.672359,552.335334,641.948644,73312.000000,5.000000
436.870776,273.304373,641.544312,73423.000000,5.000000
324.888254,423.949842,642.124028,73846.000000,5.000000
606.375717,353.112781,644.010221,73771.000000,5.000000
239.143196,526.401497,642.975889,73368.000000,5.000000
549.221893,604.487399,645.959771,75667.000000,5.000000
700.856264,378.949146,649.849172,72619.000000,5.000000
796.348062,519.685375,650.791637,72105.000000,5.000000
449.371008,341.610793,652.463552,69729.000000,5.000000
523.430518,825.431727,654.510166,74415.000000,5.000000
264.099030,392.393972,658.340539,74018.000000,5.000000
741.019550,610.750042,660.818258,71816.000000,5.000000
626.122316,573.576076,663.443872,74945.000000,5.000000
817.518126,759.366384,663.540070,74370.000000,5.000000
251.795293,635.464551,665.740451,71004.000000,5.000000
589.676590,945.946178,665.118404,71383.000000,5.000000
385.811649,799.286460,666.596022,72593.000000,5.000000
573.193233,487.075060,666.595897,70930.000000,5.000000
410.784029,579.698930,670.087141,74936.000000,5.000000
328.524764,488.738529,670.845358,74100.000000,5.000000
733.382366,441.693283,671.702263,74502.000000,5.000000
805.194134,586.655506,671.415834,74222.000000,5.000000
371.782919,697.552817,672.777851,71038.000000,5.000000
919.176083,495.412960,672.587301,72886.000000,5.000000
304.038150,717.047194,673.304895,72530.000000,5.000000
712.969018,508.546793,674.475754,72073.000000,5.000000
380.580351,395.552289,673.958957,72339.000000,5.000000
639.998719,439.452116,674.388874,70285.000000,5.000000
536.549818,755.462888,677.362090,69734.000000,5.000000
669.870080,743.365955,677.756673,74184.000000,5.000000
766.014256,377.870969,676.252877,73091.000000,5.000000
442.667705,427.654057,678.095151,72905.000000,5.000000
883.261341,737.038000,678.011702,75369.000000,5.000000
611.907357,161.505352,678.512337,75300.000000,5.000000
135.490848,401.502804,680.261883,75610.000000,5.000000
744.859511,701.708492,680.710898,72739.000000,5.000000
192.268210,293.263437,681.855486,76470.000000,5.000000
759.812569,282.228897,686.919731,75073.000000,5.000000
931.400632,564.181245,686.598302,75009.000000,5.000000
580.678922,654.494385,686.682266,75069.000000,5.000000
825.266907,259.266115,687.554862,70695.000000,5.000000
223.519582,449.757701,687.000399,72720.000000,5.000000
813.793872,693.448653,687.920520,74182.000000,5.000000
584.309454,224.704986,689.462353,73061.000000,5.000000
369.174914,921.431813,690.582734,76649.000000,5.000000
487.926924,256.213937,691.697153,73704.000000,5.000000
522.558038,412.546286,691.203165,72409.000000,5.000000
438.419391,758.483889,691.924591,72405.000000,5.000000
320.486336,363.001765,692.013000,73075.000000,5.000000
353.884855,163.193190,694.304386,75713.000000,5.000000
658.728376,348.624546,696.395440,75402.000000,5.000000
662.114667,207.626603,695.258593,73517.000000,5.000000
509.443129,544.226068,698.004482,71390.000000,5.000000
419.484428,140.923290,700.297113,76678.000000,5.000000
598.049621,865.970817,699.928465,75250.000000,5.000000
423.073853,852.641194,699.418836,71331.000000,5.000000
769.416574,211.325280,700.935448,79424.000000,5.000000
857.225733,482.792417,702.623386,73720.000000,5.000000
682.674403,563.569518,704.291127,72470.000000,5.000000
293.259584,435.722897,704.261667,70093.000000,5.000000
368.181087,535.835900,705.700841,73760.000000,5.000000
324.546787,658.172296,706.361452,72776.000000,5.000000
793.150350,436.026178,709.701960,73688.000000,5.000000
202.192862,358.431933,711.555803,74530.000000,5.000000
581.238199,313.468085,716.367303,72771.000000,5.000000
702.746152,398.249972,718.459708,72248.000000,5.000000
792.721743,505.562481,720.562214,75071.000000,5.000000
349.077013,743.244137,719.779233,72144.000000,5.000000
669.434666,655.534663,720.175029,72902.000000,5.000000
856.142222,550.245989,720.285430,71930.000000,5.000000
222.512442,658.529485,724.959954,74988.000000,5.000000
506.422346,319.306958,726.695015,72997.000000,5.000000
712.001609,313.726539,726.647488,69626.000000,5.000000
615.151089,928.831227,727.770439,75492.000000,5.000000
715.738695,174.934647,727.049401,73906.000000,5.000000
457.975183,205.102342,728.960374,71847.000000,5.000000
768.647148,571.548517,729.758821,73912.000000,5.000000
576.004555,387.434616,730.244097,72885.000000,5.000000
140.068073,691.448270,730.943250,75595.000000,5.000000
892.028324,608.825453,732.276139,76896.000000,5.000000
449.033246,482.241420,731.604637,74625.000000,5.000000
265.106692,378.906113,733.008286,71927.000000,5.000000
710.961490,468.829103,732.815282,72137.000000,5.000000
478.335619,799.231509,733.228479,71617.000000,5.000000
383.732472,801.612231,736.273476,73469.000000,5.000000
541.665190,259.184983,736.554717,73158.000000,5.000000
801.537584,371.488524,736.768558,72584.000000,5.000000
705.472946,244.594904,736.482543,74296.000000,5.000000
878.673001,333.296362,739.069956,73832.000000,5.000000
929.276258,485.140367,740.602827,76186.000000,5.000000
899.843530,690.973318,740.330860,73720.000000,5.000000
589.333725,742.589513,747.120381,74073.000000,5.000000
635.343022,245.815270,747.271414,71905.000000,5.000000
852.034084,429.528105,747.983583,71999.000000,5.000000
640.667368,314.839787,756.097405,71280.000000,5.000000
251.330366,456.701347,755.959793,73346.000000,5.000000
300.803614,709.104388,756.592639,70937.000000,5.000000
478.548062,424.023302,758.819034,73384.000000,5.000000
656.215206,148.714691,757.698377,72879.000000,5.000000
324.534044,178.536983,762.264581,79280.000000,5.000000
410.942557,541.117909,761.795237,71131.000000,5.000000
563.521151,604.267508,765.150350,72125.000000,5.000000
390.395312,155.229965,765.506255,75381.000000,5.000000
207.737438,401.846979,767.071735,75068.000000,5.000000
841.853195,495.264338,770.190493,74643.000000,5.000000
735.072248,364.488519,770.625415,74341.000000,5.000000
783.999062,857.085910,774.583437,74613.000000,5.000000
326.980541,644.345270,775.140367,72410.000000,5.000000
432.341846,777.441093,780.947471,72284.000000,5.000000
654.537480,397.914407,780.232664,71945.000000,5.000000
534.081171,389.855670,786.437146,70727.000000,5.000000
750.609271,689.962560,788.221362,76603.000000,5.000000
754.496976,455.362656,786.443582,75402.000000,5.000000
683.436371,599.325392,788.571421,73410.000000,5.000000
568.881936,874.282687,789.215599,73799.000000,5.000000
920.024053,639.569912,790.865976,84313.000000,5.000000
340.718486,757.252813,789.246574,74213.000000,5.000000
493.574833,256.104107,789.947063,74145.000000,5.000000
587.217460,287.520779,791.553775,72887.000000,5.000000
395.605865,713.174955,794.235425,76517.000000,5.000000
537.132261,749.923748,793.812316,71631.000000,5.000000
661.034375,738.741598,792.634051,70313.000000,5.000000
733.404616,184.893535,794.525790,77434.000000,5.000000
258.473197,650.905184,794.065456,71560.000000,5.000000
698.815954,302.553979,794.485145,75530.000000,5.000000
492.202764,326.039723,795.425438,72074.000000,5.000000
629.977462,936.299176,796.398108,75163.000000,5.000000
484.270257,852.971216,798.436683,73408.000000,5.000000
606.773715,814.982287,797.780144,75595.000000,5.000000
463.707730,567.921461,798.409145,71735.000000,5.000000
920.762692,538.374046,798.839547,76365.000000,5.000000
281.798296,874.425012,800.817611,71605.000000,5.000000
372.984160,598.455270,799.798669,73486.000000,5.000000
791.105042,397.049378,801.703385,75094.000000,5.000000
446.662113,133.774063,801.514629,77588.000000,5.000000
724.762438,766.023260,800.653003,71796.000000,5.000000
344.598146,523.315738,803.006335,71195.000000,5.000000
559.287466,948.941538,804.528629,83815.000000,5.000000
344.321941,232.375214,805.266026,76455.000000,5.000000
293.042108,806.008397,806.089180,74546.000000,5.000000
286.340976,485.008315,810.264134,74803.000000,5.000000
264.352722,416.003656,811.522140,74390.000000,5.000000
474.035131,948.531990,812.682005,76086.000000,5.000000
603.116868,371.428167,819.439997,72355.000000,5.000000
495.414672,511.078682,827.404839,79523.000000,5.000000
431.859153,233.287914,827.349309,76033.000000,5.000000
712.982792,534.091355,827.967004,73220.000000,5.000000
530.425128,643.130820,829.476948,74874.000000,5.000000
308.628832,364.506731,832.058474,76068.000000,5.000000
878.571039,679.335118,832.724300,74135.000000,5.000000
386.752193,149.870477,835.411611,74998.000000,5.000000
281.902261,219.732373,835.961292,77451.000000,5.000000
237.341962,835.133181,838.601782,77646.000000,5.000000
111.902089,522.727687,840.635525,73577.000000,5.000000
195.960229,522.142208,839.505094,74602.000000,5.000000
379.394562,798.072852,840.392883,72668.000000,5.000000
802.829843,686.417100,840.293826,73438.000000,5.000000
309.278052,659.313968,841.996880,74033.000000,5.000000
528.331313,896.420928,841.759474,75077.000000,5.000000
687.800394,395.622002,841.740209,73540.000000,5.000000
301.595067,737.210381,844.106009,72654.000000,5.000000
435.079404,740.998439,846.058365,75576.000000,5.000000
718.197995,458.515327,847.274424,74997.000000,5.000000
547.544282,300.523277,847.809920,73506.000000,5.000000
500.317553,419.755497,848.934943,72306.000000,5.000000
788.043431,473.731732,850.278597,73680.000000,5.000000
443.724127,825.749255,850.896092,72189.000000,5.000000
649.297366,329.531496,852.184784,73280.000000,5.000000
670.055472,923.146851,851.558236,73442.000000,5.000000
513.330975,823.185953,855.423649,72782.000000,5.000000
736.486785,613.158137,857.291354,74195.000000,5.000000
503.490886,753.550716,856.949809,75213.000000,5.000000
753.566044,374.796042,857.861554,72353.000000,5.000000
427.018183,396.653835,861.044814,72321.000000,5.000000
719.024142,305.260997,863.010138,74767.000000,5.000000
243.952381,670.648694,863.530189,73668.000000,5.000000
609.023304,517.664765,864.242949,73077.000000,5.000000
372.756626,211.439565,865.661402,75916.000000,5.000000
867.296480,764.582580,866.351026,75624.000000,5.000000
366.608834,730.989679,867.448258,73442.000000,5.000000
447.957350,675.228312,867.438954,71700.000000,5.000000
600.576313,133.660628,866.849279,72976.000000,5.000000
621.963607,698.078424,867.147754,72350.000000,5.000000
759.242356,201.979860,866.652741,75422.000000,5.000000
932.900787,543.158881,868.115128,78417.000000,5.000000
381.666945,598.955180,868.910524,73003.000000,5.000000
541.485304,475.477809,868.581632,70187.000000,5.000000
922.064399,638.582738,870.354960,74893.000000,5.000000
318.391835,462.587140,873.184208,74340.000000,5.000000
872.427465,321.831137,873.389075,76322.000000,5.000000
601.398743,439.992979,876.822952,72212.000000,5.000000
427.284309,495.420518,877.841119,72910.000000,5.000000
609.047968,942.032158,880.656028,74445.000000,5.000000
468.064175,946.982906,882.412624,74998.000000,5.000000
588.350437,345.034044,882.581364,71819.000000,5.000000
479.290575,322.270200,883.471639,73764.000000,5.000000
538.777230,241.013649,883.960353,73044.000000,5.000000
443.762109,564.251211,887.485495,83181.000000,5.000000
158.092366,720.585484,887.506855,74692.000000,5.000000
256.159011,770.465817,887.153900,72404.000000,5.000000
432.588741,884.207696,886.566141,74999.000000,5.000000
538.397521,949.905402,887.086475,76323.000000,5.000000
310.492165,185.453997,889.700579,73071.000000,5.000000
518.773174,539.625557,889.297374,74233.000000,5.000000
868.158492,524.377551,888.606627,74578.000000,5.000000
809.170503,347.181717,889.622998,74286.000000,5.000000
358.888315,663.310370,892.499137,75919.000000,5.000000
847.907615,700.345426,892.158910,77264.000000,5.000000
698.389474,537.070649,895.313521,71268.000000,5.000000
281.392717,371.800388,896.517511,73152.000000,5.000000
610.215923,600.588850,901.727437,71998.000000,5.000000
785.787892,255.621601,901.343281,73552.000000,5.000000
282.915954,709.240962,906.157372,72389.000000,5.000000
832.412632,810.039955,906.084129,73482.000000,5.000000
859.450957,621.371115,907.673569,73069.000000,5.000000
409.158919,803.677326,909.313419,72175.000000,5.000000
475.883394,835.509064,912.917736,73641.000000,5.000000
513.479868,393.056744,912.023895,71355.000000,5.000000
737.810430,715.036267,912.502156,79770.000000,5.000000
418.598209,731.990111,913.813196,72809.000000,5.000000
524.142209,887.701995,914.452016,72274.000000,5.000000
807.565875,456.103242,915.686854,70194.000000,5.000000
197.821687,657.367066,916.330757,68963.000000,5.000000
224.081206,487.097187,918.172499,72273.000000,5.000000
681.878415,918.309470,920.572987,75445.000000,5.000000
645.503795,144.512455,919.637960,73909.000000,5.000000
931.318003,496.562736,920.047370,75364.000000,5.000000
368.356872,415.836453,920.600382,71796.000000,5.000000
644.558798,332.341350,922.971679,73268.000000,5.000000
275.796174,435.831353,923.470543,73396.000000,5.000000
396.848517,931.507762,923.305828,76847.000000,5.000000
483.495975,666.601910,926.302787,69316.000000,5.000000
571.307151,154.846672,925.976483,74670.000000,5.000000
621.051451,486.476680,925.683419,73779.000000,5.000000
844.163859,285.985383,927.020054,76694.000000,5.000000
365.410917,165.160736,927.268198,73319.000000,5.000000
341.764945,756.139874,930.332477,70056.000000,5.000000
734.990008,300.166924,931.188716,67456.000000,5.000000
427.041498,450.930794,932.073235,70485.000000,5.000000
582.680691,222.346084,934.956774,71971.000000,5.000000
745.513931,191.073131,934.794905,77491.000000,5.000000
131.667724,664.974465,936.937688,75347.000000,5.000000
869.051813,759.338753,936.800453,78668.000000,5.000000
262.300283,652.408431,941.449700,73131.000000,5.000000
501.317052,257.838787,941.719454,72947.000000,5.000000
332.729020,226.151662,944.357980,76644.000000,5.000000
564.467490,358.818042,947.410683,72209.000000,5.000000
230.714529,384.698843,949.883577,72228.000000,5.000000
550.118133,664.226611,949.506706,72918.000000,5.000000
812.649201,589.969766,949.604352,74718.000000,5.000000
815.867412,674.752296,949.211391,74464.000000,5.000000
471.620581,539.710669,949.995536,71686.000000,5.000000
677.404254,198.889111,949.912892,74092.000000,5.000000
465.851037,946.926480,952.403918,73354.000000,5.000000
348.342717,491.101136,953.616896,73317.000000,5.000000
407.461292,868.808056,955.860361,76741.000000,5.000000
539.939445,950.406061,957.059640,75469.000000,5.000000
778.596897,503.377713,958.981339,75343.000000,5.000000
800.116477,843.326727,958.872994,75886.000000,5.000000
753.288353,786.552682,960.023249,73507.000000,5.000000
809.986722,339.263410,959.582762,84803.000000,5.000000
846.427689,528.448165,959.367663,72036.000000,5.000000
882.283609,694.864158,961.109376,76059.000000,5.000000
299.523098,383.679655,963.639992,75915.000000,5.000000
691.909762,838.970944,964.792344,79468.000000,5.000000
131.543638,412.138500,963.584375,71899.000000,5.000000
194.817708,442.959103,965.157865,75286.000000,5.000000
565.369781,475.875138,966.994106,70750.000000,5.000000
566.790927,886.859669,969.923922,73070.000000,5.000000
744.537258,885.748450,969.825082,74212.000000,5.000000
539.416008,570.728624,969.362369,71775.000000,5.000000
309.500658,703.454531,970.293459,73731.000000,5.000000
347.079316,590.299562,971.365429,69595.000000,5.000000
392.907881,682.476683,975.966895,76575.000000,5.000000
490.185543,407.173616,976.927009,73530.000000,5.000000
472.257610,883.418740,978.993825,71259.000000,5.000000
359.301596,916.288409,981.079096,76818.000000,5.000000
244.179048,841.980138,982.944650,75773.000000,5.000000
235.444050,524.013998,985.349782,72082.000000,5.000000
428.784548,372.721713,984.558722,74035.000000,5.000000
473.501391,735.838259,986.461927,75460.000000,5.000000
772.374028,246.151976,986.956292,75775.000000,5.000000
509.537203,126.257422,988.481385,73704.000000,5.000000
334.364794,172.367040,989.239400,74812.000000,5.000000
499.853566,800.662368,989.197795,73207.000000,5.000000
647.175657,144.712185,990.838434,78488.000000,5.000000
866.712845,311.855551,989.233943,78609.000000,5.000000
930.228036,509.000921,989.722417,75988.000000,5.000000
684.858922,917.236079,990.543116,73789.000000,5.000000
578.944124,129.427007,991.128048,73699.000000,5.000000
624.202892,424.356851,991.060514,74000.000000,5.000000
356.678259,805.708165,991.206661,73497.000000,5.000000
257.974743,431.092025,994.498215,72535.000000,5.000000
410.613934,142.205479,996.643768,75886.000000,5.000000
832.625797,775.150011,995.210879,75868.000000,5.000000
407.824265,757.889791,997.485574,74658.000000,5.000000
735.356975,303.455394,1000.970995,72781.000000,5.000000
564.558993,197.342451,1000.443730,73085.000000,5.000000
720.242996,175.814797,1000.272550,75355.000000,5.000000
463.358463,498.266461,1004.198257,68618.000000,5.000000
423.535997,924.913259,1006.578417,73575.000000,5.000000
737.635315,736.426913,1011.605012,72701.000000,5.000000
142.356359,668.160604,1010.388472,74394.000000,5.000000
331.010080,651.274869,1012.620143,71827.000000,5.000000
622.460083,893.056532,1011.604261,76045.000000,5.000000
469.003891,175.917269,1015.782110,75038.000000,5.000000
270.062266,343.250235,1017.757709,77667.000000,5.000000
291.728867,803.052143,1016.582000,71323.000000,5.000000
490.584974,942.127349,1018.042381,73075.000000,5.000000
571.016354,382.865840,1020.325988,69156.000000,5.000000
885.988946,731.459945,1020.505916,75809.000000,5.000000
806.702895,487.625618,1021.582621,72052.000000,5.000000
567.513589,948.357686,1022.628545,74585.000000,5.000000
514.088199,454.451241,1023.253306,71463.000000,5.000000
384.825644,405.058733,1027.997388,71595.000000,5.000000
737.055147,848.113883,1028.653712,74129.000000,5.000000
181.132143,524.301119,1029.800782,74200.000000,5.000000
795.540015,325.134898,1029.975541,75309.000000,5.000000
517.885956,879.344300,1032.968626,74743.000000,5.000000
430.244029,814.217225,1032.651674,75659.000000,5.000000
685.366492,487.675463,1032.518960,75104.000000,5.000000
784.934746,395.272404,1033.148170,72363.000000,5.000000
112.160858,544.699639,1035.993300,72536.000000,5.000000
507.734810,362.751794,1039.628768,71066.000000,5.000000
352.168592,757.986235,1042.215213,74173.000000,5.000000
332.917344,361.524319,1044.683162,74344.000000,5.000000
520.519933,581.825118,1042.603150,72569.000000,5.000000
587.936727,501.518557,1044.031650,71753.000000,5.000000
818.364209,825.185623,1045.223206,73757.000000,5.000000
379.329841,182.627520,1045.407113,74063.000000,5.000000
748.910724,219.131398,1047.469562,75351.000000,5.000000
284.470295,741.717994,1049.026359,74736.000000,5.000000
671.788799,175.192314,1050.265340,74919.000000,5.000000
119.381997,615.336225,1051.772205,75265.000000,5.000000
250.568194,848.008758,1052.903936,72389.000000,5.000000
413.819823,487.503270,1050.765410,66823.000000,5.000000
726.795908,428.265121,1054.054813,75128.000000,5.000000
851.341939,289.110717,1054.113405,74794.000000,5.000000
771.204969,537.270860,1055.479667,76353.000000,5.000000
499.171508,126.426593,1057.495802,74673.000000,5.000000
696.108540,911.994368,1059.874207,75640.000000,5.000000
747.270094,638.258921,1059.568044,72049.000000,5.000000
569.260328,128.511151,1060.717942,75332.000000,5.000000
579.440768,862.078382,1061.241820,75668.000000,5.000000
525.152714,266.818036,1061.662572,72377.000000,5.000000
430.541277,138.637032,1064.331420,75442.000000,5.000000
563.223793,326.723671,1064.927110,82000.000000,5.000000
621.119786,938.286645,1065.834804,72738.000000,5.000000
200.485054,794.973112,1068.101189,73229.000000,5.000000
549.544976,199.027835,1068.321683,71816.000000,5.000000
448.957013,944.382891,1073.340650,72347.000000,5.000000
144.028396,698.254617,1073.486235,75046.000000,5.000000
198.605824,285.006482,1076.239427,76679.000000,5.000000
717.337862,734.606931,1078.896148,74048.000000,5.000000
808.059620,239.576677,1077.587638,73901.000000,5.000000
523.344670,932.059480,1078.790319,76917.000000,5.000000
209.495349,484.941233,1080.462580,73851.000000,5.000000
222.695110,730.395048,1081.441727,69389.000000,5.000000
649.504700,411.434074,1083.321109,70951.000000,5.000000
845.721371,535.028181,1085.734400,75369.000000,5.000000
471.674561,879.428685,1086.321354,75160.000000,5.000000
729.474788,291.973762,1086.569729,71118.000000,5.000000
268.535893,339.839065,1087.935664,73427.000000,5.000000
690.638549,232.462834,1087.667528,79333.000000,5.000000
759.967034,875.258493,1088.819796,73561.000000,5.000000
382.653676,339.554494,1089.923242,71797.000000,5.000000
469.005669,467.238942,1090.593180,70557.000000,5.000000
278.934033,690.555205,1096.037889,75219.000000,5.000000
449.305851,793.245725,1097.355309,74144.000000,5.000000
273.377728,410.388683,1097.151406,72388.000000,5.000000
729.335337,361.037788,1100.506428,75685.000000,5.000000
885.810445,342.937360,1100.245632,75271.000000,5.000000
746.678181,808.148634,1102.153203,73765.000000,5.000000
482.336886,383.809733,1103.218889,72146.000000,5.000000
567.270495,531.765757,1104.614363,73761.000000,5.000000
630.334547,880.840402,1105.364266,75239.000000,5.000000
850.281024,634.651660,1107.127447,72524.000000,5.000000
371.114033,154.845629,1109.633855,76478.000000,5.000000
479.739936,592.439089,1109.732182,70152.000000,5.000000
121.021088,451.238028,1113.727099,72836.000000,5.000000
698.498495,553.981782,1114.487212,75421.000000,5.000000
719.542467,463.853888,1114.142289,72198.000000,5.000000
749.654529,682.756435,1113.878831,73352.000000,5.000000
782.096181,620.295115,1116.582116,73944.000000,5.000000
809.916778,834.348500,1116.613870,75845.000000,5.000000
929.638112,603.304061,1115.072453,74324.000000,5.000000
400.083064,476.505842,1118.725403,73606.000000,5.000000
809.071198,338.955574,1118.145926,73921.000000,5.000000
376.281497,574.479207,1118.069514,71468.000000,5.000000
529.185535,124.888966,1120.342435,74455.000000,5.000000
578.151282,946.611521,1119.646167,72130.000000,5.000000
698.319974,878.148961,1122.226901,76725.000000,5.000000
357.384041,396.189067,1122.393518,73651.000000,5.000000
376.434122,248.300671,1123.925273,73173.000000,5.000000
842.788375,277.708518,1124.625842,76286.000000,5.000000
169.170791,738.997697,1125.429094,75121.000000,5.000000
553.449984,646.715182,1126.765532,74876.000000,5.000000
227.608863,658.916531,1131.471677,71691.000000,5.000000
551.593744,468.562811,1130.518264,71834.000000,5.000000
135.407039,660.338665,1132.593096,73961.000000,5.000000
761.078242,200.805899,1134.899694,72787.000000,5.000000
934.159341,537.985660,1138.089220,76082.000000,5.000000
553.286898,815.523036,1140.780814,73385.000000,5.000000
558.831242,343.993023,1140.240337,68945.000000,5.000000
700.523965,618.594172,1141.920272,74566.000000,5.000000
346.525353,308.650629,1141.571868,74428.000000,5.000000
865.838099,575.360488,1142.315400,74033.000000,5.000000
781.830793,454.381911,1145.073554,79914.000000,5.000000
914.565344,665.416700,1145.119138,76357.000000,5.000000
572.789705,882.467612,1146.407477,75646.000000,5.000000
513.389177,949.761026,1145.976574,76410.000000,5.000000
225.923679,453.722871,1146.447706,72313.000000,5.000000
423.324205,870.094157,1149.206176,72050.000000,5.000000
624.802391,409.025458,1149.158240,73534.000000,5.000000
644.275780,502.982174,1149.604790,72478.000000,5.000000
433.391444,939.897568,1152.410456,75689.000000,5.000000
554.572608,275.360471,1153.979519,74117.000000,5.000000
280.956363,331.363452,1156.705426,73608.000000,5.000000
264.137055,542.438634,1158.271858,78129.000000,5.000000
757.639123,876.543123,1159.548532,78010.000000,5.000000
798.273697,388.592315,1166.003861,72529.000000,5.000000
675.118353,799.054142,1168.595845,75283.000000,5.000000
635.509665,934.585037,1174.612299,75014.000000,5.000000
755.006738,275.951639,1172.850052,66790.000000,5.000000
291.305515,605.836554,1175.968132,73584.000000,5.000000
328.573586,901.529462,1176.755469,73316.000000,5.000000
280.472100,701.168044,1178.059163,74641.000000,5.000000
435.568109,387.489596,1179.019035,73338.000000,5.000000
365.056986,157.202130,1180.209402,75773.000000,5.000000
404.275666,324.541625,1178.887601,74271.000000,5.000000
595.843408,659.972354,1183.152209,73465.000000,5.000000
440.612687,754.877848,1183.576809,71157.000000,5.000000
480.133468,648.415241,1183.834194,69485.000000,5.000000
700.092388,909.557393,1185.303794,77997.000000,5.000000
292.656653,394.761369,1186.947812,73733.000000,5.000000
542.831418,572.143361,1186.408880,71686.000000,5.000000
929.192354,609.606841,1185.302225,75252.000000,5.000000
321.606614,470.298505,1187.448555,73302.000000,5.000000
118.300101,472.721447,1187.324461,77504.000000,5.000000
568.389689,947.212519,1188.415125,74657.000000,5.000000
821.274975,252.778409,1187.647452,75567.000000,5.000000
614.928152,728.845782,1189.338235,72417.000000,5.000000
869.510841,315.386563,1189.768510,75822.000000,5.000000
223.359542,599.873286,1192.431307,75343.000000,5.000000
710.525485,169.701139,1193.315018,72415.000000,5.000000
600.487509,534.221388,1193.591902,71892.000000,5.000000
745.209075,351.357626,1194.264736,73409.000000,5.000000
414.179683,817.910289,1194.843033,72856.000000,5.000000
205.491464,496.403245,1198.982955,74156.000000,5.000000
432.130752,135.314261,1200.876994,73980.000000,5.000000
899.121393,706.699931,1199.786074,75886.000000,5.000000
339.628503,344.130472,1201.460279,74407.000000,5.000000
513.674125,432.774799,1203.310832,72988.000000,5.000000
765.270891,212.472056,1203.228801,76241.000000,5.000000
388.588218,925.177845,1203.642953,75948.000000,5.000000
714.323136,412.942390,1205.731311,72731.000000,5.000000
903.480195,378.949823,1206.875021,75613.000000,5.000000
361.553576,660.346069,1206.152898,71636.000000,5.000000
929.838081,534.854319,1210.042183,84678.000000,5.000000
578.460714,406.790824,1211.139184,72494.000000,5.000000
547.595086,765.908666,1210.925704,74890.000000,5.000000
490.967763,316.148532,1215.326192,75566.000000,5.000000
584.008656,883.353484,1216.133827,77630.000000,5.000000
791.475841,851.903458,1216.118974,75294.000000,5.000000
850.071954,660.908024,1217.602765,73269.000000,5.000000
928.487509,465.120403,1221.004967,74292.000000,5.000000
834.921265,373.249578,1223.705603,75303.000000,5.000000
727.438599,656.171701,1224.788864,72271.000000,5.000000
399.563559,202.165736,1224.652845,72374.000000,5.000000
604.882981,469.405625,1230.678710,73706.000000,5.000000
113.311754,563.397178,1231.383487,73773.000000,5.000000
206.828436,274.383276,1236.449279,74526.000000,5.000000
561.850772,274.428901,1236.865482,70697.000000,5.000000
669.692893,591.371407,1238.236915,74339.000000,5.000000
612.010722,209.901720,1238.686246,73494.000000,5.000000
623.300600,137.358803,1239.409310,78107.000000,5.000000
239.540251,451.751055,1240.056708,73253.000000,5.000000
659.813961,926.062218,1240.107349,76312.000000,5.000000
406.406742,399.118622,1241.747814,74219.000000,5.000000
919.186625,653.401502,1241.216348,73479.000000,5.000000
219.526540,549.906913,1243.078144,70536.000000,5.000000
736.603567,810.368526,1246.297220,72098.000000,5.000000
419.032940,312.011484,1247.491427,76107.000000,5.000000
412.765413,634.813586,1247.599562,74501.000000,5.000000
691.094702,268.354324,1246.931261,73684.000000,5.000000
680.555140,198.666088,1249.675283,73196.000000,5.000000
723.731496,898.450794,1250.804238,75418.000000,5.000000
593.697086,943.692455,1253.430660,74272.000000,5.000000
874.736435,434.477560,1251.808437,70567.000000,5.000000
308.398060,743.787333,1254.462653,72376.000000,5.000000
349.869096,163.592897,1255.209382,74696.000000,5.000000
887.214644,571.973745,1255.264328,75376.000000,5.000000
221.264627,817.759427,1255.106375,74040.000000,5.000000
240.365581,614.390462,1259.493140,72304.000000,5.000000
484.190245,702.158222,1259.828319,73258.000000,5.000000
639.055976,382.278444,1260.199343,74550.000000,5.000000
509.698450,802.121504,1259.668221,69932.000000,5.000000
379.577395,256.048317,1264.051938,71258.000000,5.000000
416.786736,150.212401,1269.701004,74138.000000,5.000000
770.456990,414.841607,1270.922015,75540.000000,5.000000
416.839947,775.965702,1273.725931,72832.000000,5.000000
596.196188,647.706381,1276.938331,72451.000000,5.000000
878.399290,331.445777,1277.238262,74968.000000,5.000000
438.646962,220.253265,1279.143511,70831.000000,5.000000
272.790703,295.932684,1283.532022,74559.000000,5.000000
261.708453,698.031326,1286.028071,76485.000000,5.000000
181.160149,588.760907,1286.509010,74749.000000,5.000000
672.831674,703.541377,1287.620940,71730.000000,5.000000
729.349779,361.009424,1287.817312,69501.000000,5.000000
935.133463,534.939133,1290.451865,74852.000000,5.000000
836.420430,392.144177,1291.717597,75449.000000,5.000000
903.049305,697.875010,1292.751895,77294.000000,5.000000
521.482118,563.725122,1292.899222,73538.000000,5.000000
735.259280,183.106640,1291.353109,73762.000000,5.000000
536.800160,442.110268,1293.386962,73829.000000,5.000000
639.915206,556.877370,1293.905194,75512.000000,5.000000
928.461957,611.158224,1295.693260,74167.000000,5.000000
262.918170,219.420068,1296.614662,74545.000000,5.000000
172.036368,330.450567,1296.577390,75010.000000,5.000000
330.334067,693.570666,1298.310210,74024.000000,5.000000
402.616325,931.750089,1299.928419,75663.000000,5.000000
204.987427,392.680066,1300.298615,76272.000000,5.000000
212.632336,267.436560,1305.907640,75520.000000,5.000000
549.085812,949.202732,1307.345427,75770.000000,5.000000
614.595022,138.081414,1309.924775,76903.000000,5.000000
901.161161,467.685719,1309.297266,74112.000000,5.000000
832.346079,483.156002,1309.272449,74480.000000,5.000000
117.631566,603.963565,1311.212104,75449.000000,5.000000
849.656167,590.189087,1311.281775,71110.000000,5.000000
681.126830,404.843489,1311.811494,70417.000000,5.000000
134.874246,671.899661,1313.584828,75624.000000,5.000000
252.454425,476.101871,1316.091601,73132.000000,5.000000
904.668080,382.052333,1317.013267,74771.000000,5.000000
803.318123,839.548731,1318.058589,77404.000000,5.000000
719.074928,488.709549,1322.468069,73737.000000,5.000000
203.981852,677.914395,1322.831527,74552.000000,5.000000
604.428218,503.067621,1324.272194,71989.000000,5.000000
141.408096,384.905400,1328.238707,74757.000000,5.000000
458.709689,766.341195,1329.430455,74031.000000,5.000000
402.056496,361.187904,1331.719581,75102.000000,5.000000
463.976512,946.067667,1331.928880,71527.000000,5.000000
879.021491,530.202998,1331.556999,72449.000000,5.000000
403.447125,868.397272,1335.053932,75744.000000,5.000000
462.978924,462.934347,1338.310626,73355.000000,5.000000
492.540713,878.178430,1338.655435,72471.000000,5.000000
339.845930,778.418892,1340.504315,76595.000000,5.000000
581.961541,194.528402,1340.593675,74625.000000,5.000000
712.534841,903.275128,1339.487441,76161.000000,5.000000
878.289391,746.957481,1342.829032,76108.000000,5.000000
609.598914,940.286201,1342.126842,76946.000000,5.000000
229.119544,572.721900,1344.790640,72927.000000,5.000000
305.248090,304.311649,1345.142225,73018.000000,5.000000
428.234617,135.501470,1348.068369,75195.000000,5.000000
535.619058,780.250674,1348.798967,74938.000000,5.000000
933.824220,569.755825,1351.708552,74377.000000,5.000000
560.329955,126.941914,1353.801842,77953.000000,5.000000
809.339533,737.132971,1355.044624,75430.000000,5.000000
487.982877,196.626731,1358.507337,74753.000000,5.000000
739.698932,747.379280,1358.813604,76139.000000,5.000000
554.612057,900.878968,1360.971254,74096.000000,5.000000
199.256072,309.065589,1362.551916,77818.000000,5.000000
756.579476,440.695002,1361.350450,72053.000000,5.000000
336.444385,904.402817,1363.584736,74962.000000,5.000000
791.248294,501.550041,1363.409714,72680.000000,5.000000
452.414174,827.641586,1364.761602,72274.000000,5.000000
932.302973,498.478607,1365.222173,78601.000000,5.000000
829.846717,442.832163,1366.008572,76062.000000,5.000000
256.661904,349.107151,1368.782670,75650.000000,5.000000
117.675105,541.847871,1369.447406,79952.000000,5.000000
407.886112,933.420112,1369.917604,72940.000000,5.000000
254.298617,671.953668,1371.161481,74269.000000,5.000000
842.099350,798.825964,1373.817699,76105.000000,5.000000
320.792987,836.870015,1375.062247,76855.000000,5.000000
693.327703,366.914243,1374.294766,74839.000000,5.000000
493.190586,125.469919,1374.142492,73253.000000,5.000000
635.204233,147.262720,1375.892849,77965.000000,5.000000
194.390854,517.946256,1377.369994,71766.000000,5.000000
588.627863,627.965135,1380.182052,68722.000000,5.000000
379.036616,490.373137,1381.292927,73083.000000,5.000000
386.563655,811.084770,1382.264642,74920.000000,5.000000
913.918274,428.940309,1380.931895,74517.000000,5.000000
656.502896,904.112498,1381.568958,76837.000000,5.000000
240.029433,464.543459,1383.366972,70940.000000,5.000000
308.065248,440.777870,1383.947812,75037.000000,5.000000
636.625267,452.516964,1386.733420,72980.000000,5.000000
539.448611,482.640490,1391.023240,74354.000000,5.000000
498.487815,948.856598,1391.757667,72384.000000,5.000000
375.909939,382.451399,1393.839182,72262.000000,5.000000
334.473417,579.465455,1395.634704,72095.000000,5.000000
602.680737,861.793427,1395.222845,77372.000000,5.000000
260.848806,529.376936,1397.817459,73978.000000,5.000000
455.771179,889.670433,1397.481184,76291.000000,5.000000
346.138879,319.965766,1404.552825,73611.000000,5.000000
585.614045,944.646968,1407.351910,74843.000000,5.000000
416.127421,267.393600,1408.880985,73999.000000,5.000000
695.631842,161.127437,1407.734432,71157.000000,5.000000
264.900236,858.554155,1411.545354,70677.000000,5.000000
874.976067,753.671402,1416.120055,74541.000000,5.000000
162.475446,733.755200,1416.974910,77361.000000,5.000000
934.125532,567.302084,1421.531218,74284.000000,5.000000
286.063326,385.594422,1422.074579,74109.000000,5.000000
605.306760,716.811770,1422.224598,73745.000000,5.000000
482.197620,254.971676,1427.062476,73788.000000,5.000000
731.746419,338.945456,1428.901940,73720.000000,5.000000
667.625748,779.192718,1431.450426,74212.000000,5.000000
932.794701,497.473233,1436.268273,76698.000000,5.000000
451.918469,943.349490,1443.505282,75922.000000,5.000000
260.600188,644.305043,1444.178221,75468.000000,5.000000
606.738428,810.563045,1444.583576,73257.000000,5.000000
685.846537,915.933004,1444.520499,75393.000000,5.000000
793.355742,566.376244,1450.339316,75552.000000,5.000000
920.929804,429.848042,1450.917016,76870.000000,5.000000
400.875973,321.492375,1449.965737,73637.000000,5.000000
821.530986,480.768515,1450.811938,71806.000000,5.000000
317.240035,182.364885,1450.581192,77926.000000,5.000000
253.286717,486.457827,1453.241788,74917.000000,5.000000
236.052345,565.523727,1452.918878,72175.000000,5.000000
839.874340,802.428545,1452.483757,76524.000000,5.000000
305.723097,566.407608,1457.927038,69584.000000,5.000000
552.559832,312.729831,1461.800838,72077.000000,5.000000
655.495598,688.558096,1462.144125,71778.000000,5.000000
605.637471,261.077953,1466.616922,70902.000000,5.000000
369.783417,531.995560,1468.676653,71400.000000,5.000000
663.839054,853.631029,1469.270858,74323.000000,5.000000
823.072436,712.207204,1472.483184,83343.000000,5.000000
668.567444,150.232685,1471.057755,74573.000000,5.000000
334.998380,337.494812,1472.063196,79610.000000,5.000000
894.354236,717.963543,1472.840311,76912.000000,5.000000
827.312548,622.611708,1475.059357,77009.000000,5.000000
742.415546,758.167113,1476.628102,75787.000000,5.000000
500.138848,782.116605,1476.410371,74362.000000,5.000000
928.687734,613.923011,1476.644481,74491.000000,5.000000
430.204736,789.502360,1477.175490,72044.000000,5.000000
147.424673,704.772488,1479.801953,74462.000000,5.000000
213.351470,682.796591,1483.705089,72632.000000,5.000000
622.629845,938.064267,1483.699246,72837.000000,5.000000
495.495784,510.613605,1483.875185,71634.000000,5.000000
898.786053,372.850725,1484.635038,75860.000000,5.000000
552.824844,735.102170,1485.933071,75110.000000,5.000000
934.174557,544.628344,1488.564705,80736.000000,5.000000
347.045225,239.667232,1489.291119,81946.000000,5.000000
298.503935,446.146527,1488.938962,72676.000000,5.000000
390.199015,596.800028,1491.603761,72050.000000,5.000000
411.736249,271.655780,1499.045053,73668.000000,5.000000
487.325488,251.457124,1499.071005,73840.000000,5.000000
339.175882,643.304597,1502.062463,73356.000000,5.000000
871.045289,572.369171,1501.597599,74632.000000,5.000000
230.093941,442.362390,1502.640828,71779.000000,5.000000
930.670391,475.523951,1504.635810,77240.000000,5.000000
174.717004,318.667274,1504.855185,70842.000000,5.000000
125.866061,641.371839,1505.640566,75452.000000,5.000000
404.276484,732.170258,1506.648042,72449.000000,5.000000
752.102842,880.862706,1509.443700,73987.000000,5.000000
856.154599,292.778639,1509.884792,73545.000000,5.000000
443.885559,935.939995,1513.163204,77210.000000,5.000000
721.447406,818.611647,1510.845002,72156.000000,5.000000
213.847849,617.281339,1512.452236,75905.000000,5.000000
271.665860,657.513254,1513.096438,73975.000000,5.000000
611.031262,317.169350,1512.868603,82049.000000,5.000000
690.610487,914.002855,1514.456288,74968.000000,5.000000
234.890238,361.240298,1513.915287,73696.000000,5.000000
341.415741,790.393354,1513.997699,74330.000000,5.000000
303.059176,381.788565,1515.717387,72495.000000,5.000000
523.345319,452.069374,1517.541171,71641.000000,5.000000
508.808055,672.505018,1520.735495,73938.000000,5.000000
522.883889,358.535914,1520.021451,83351.000000,5.000000
312.516295,714.566613,1520.311000,72598.000000,5.000000
654.296659,805.094517,1522.548573,73394.000000,5.000000
626.892228,878.785862,1522.614358,74704.000000,5.000000
499.180066,124.432186,1524.275916,73584.000000,5.000000
284.618792,871.318143,1525.411792,77000.000000,5.000000
463.770412,825.593680,1527.711958,71611.000000,5.000000
316.991622,179.391826,1528.478527,72813.000000,5.000000
145.446376,376.940624,1528.975798,75367.000000,5.000000
592.163419,692.137541,1529.817911,72415.000000,5.000000
465.894296,756.208120,1531.109063,69657.000000,5.000000
633.544857,138.261029,1530.646298,74348.000000,5.000000
260.891864,219.291180,1533.892560,76080.000000,5.000000
846.968307,398.771644,1534.736995,74432.000000,5.000000
212.199255,268.903291,1535.403343,76746.000000,5.000000
810.652213,585.359905,1537.138313,74353.000000,5.000000
915.953109,414.665766,1537.948314,75495.000000,5.000000
438.075649,582.447899,1541.775029,72916.000000,5.000000
406.056504,789.620400,1546.596553,75482.000000,5.000000
887.389041,343.256663,1547.093856,75722.000000,5.000000
571.710402,946.046475,1548.891454,77138.000000,5.000000
491.388330,537.597353,1551.277804,71241.000000,5.000000
501.697564,949.114588,1550.678542,73123.000000,5.000000
528.356111,184.297450,1550.455325,72792.000000,5.000000
695.675151,161.198676,1551.469435,73859.000000,5.000000
375.056867,151.397690,1553.220978,70550.000000,5.000000
568.623371,126.516826,1553.307247,76043.000000,5.000000
621.184981,751.357192,1555.118049,75570.000000,5.000000
933.932603,565.851732,1554.979003,76962.000000,5.000000
167.427690,739.235909,1556.935207,73897.000000,5.000000
704.665076,770.290022,1558.666566,76477.000000,5.000000
773.962560,458.549387,1557.196681,71527.000000,5.000000
227.415466,702.950567,1558.822155,72805.000000,5.000000
117.774162,597.354657,1560.041706,75408.000000,5.000000
126.422376,437.649578,1561.758182,75743.000000,5.000000
461.170890,199.959608,1560.312157,72614.000000,5.000000
470.989267,887.539448,1560.656412,74630.000000,5.000000
361.002004,222.024391,1562.361197,74865.000000,5.000000
440.737013,132.643983,1562.549599,75384.000000,5.000000
810.728814,239.013181,1561.055224,73138.000000,5.000000
623.220970,199.151320,1564.235507,73123.000000,5.000000
639.311193,933.321843,1565.035028,75397.000000,5.000000
136.624128,675.260331,1566.555581,73541.000000,5.000000
389.449559,534.393188,1567.171141,81798.000000,5.000000
245.308714,446.323275,1570.879643,74927.000000,5.000000
168.913607,329.459214,1574.042905,75492.000000,5.000000
204.885376,389.571595,1572.437776,72882.000000,5.000000
305.543964,804.320297,1572.280222,72514.000000,5.000000
932.838331,490.019362,1573.529338,72927.000000,5.000000
238.427705,323.991432,1574.276981,72709.000000,5.000000
370.004533,290.944606,1573.565890,72355.000000,5.000000
687.468353,226.940623,1573.311999,71997.000000,5.000000
173.526919,558.848583,1577.645568,70098.000000,5.000000
247.521055,842.298421,1578.372374,73547.000000,5.000000
793.710849,332.779212,1578.660401,74909.000000,5.000000
274.396351,383.598669,1580.000713,72890.000000,5.000000
854.713894,290.230240,1579.977951,74696.000000,5.000000
555.166465,260.249664,1580.045712,74400.000000,5.000000
184.410140,482.867730,1580.663209,72012.000000,5.000000
407.143484,669.944423,1581.033693,72656.000000,5.000000
751.563284,191.504165,1580.528547,72143.000000,5.000000
848.485103,452.528412,1580.842385,73102.000000,5.000000
437.277550,311.807302,1582.754021,70063.000000,5.000000
553.494814,562.254689,1584.009454,72987.000000,5.000000
115.237938,503.236768,1584.759066,77764.000000,5.000000
316.627233,730.975703,1588.135712,73177.000000,5.000000
203.926271,788.951373,1592.318518,78680.000000,5.000000
511.217237,124.047371,1592.926872,73611.000000,5.000000
572.366716,716.693474,1592.873845,71325.000000,5.000000
291.251581,197.018951,1593.530565,77148.000000,5.000000
673.760740,702.197178,1593.326354,73071.000000,5.000000
419.271971,245.445364,1593.482435,73129.000000,5.000000
234.313934,244.905089,1597.406566,77220.000000,5.000000
324.466420,338.132332,1597.253704,72900.000000,5.000000
620.478580,135.566853,1599.238046,75935.000000,5.000000
488.404492,250.929049,1598.722917,70654.000000,5.000000
849.984394,370.271182,1599.044925,72855.000000,5.000000
613.061105,294.551806,1601.014450,74740.000000,5.000000
827.875039,526.780349,1599.902516,73735.000000,5.000000
759.536741,273.185702,1601.806328,72277.000000,5.000000
335.896612,407.649240,1602.450276,71807.000000,5.000000
696.366406,430.591034,1604.298936,73989.000000,5.000000
310.201904,264.707034,1602.856618,72708.000000,5.000000
390.673187,359.948690,1603.468909,73767.000000,5.000000
456.691264,943.611283,1604.303214,74980.000000,5.000000
709.518448,548.048432,1605.429035,73938.000000,5.000000
276.220283,675.884559,1605.989082,72080.000000,5.000000
794.883397,413.027185,1605.661278,73240.000000,5.000000
912.322086,400.744313,1607.344170,75483.000000,5.000000
141.865686,385.942066,1606.467497,75085.000000,5.000000
207.864195,617.023327,1607.200295,72663.000000,5.000000
544.935736,324.212089,1607.475381,72809.000000,5.000000
401.852886,428.642846,1608.843358,71577.000000,5.000000
751.829325,604.539324,1608.849392,73555.000000,5.000000
389.896153,766.298577,1609.273290,68495.000000,5.000000
474.430172,363.356720,1609.939145,69542.000000,5.000000
448.421491,813.101092,1610.264058,72132.000000,5.000000
537.025210,949.495386,1610.196721,72392.000000,5.000000
579.344141,477.187466,1612.619757,71741.000000,5.000000
732.044552,336.449905,1611.999533,70726.000000,5.000000
381.922315,611.864375,1614.728891,71108.000000,5.000000
348.413659,163.940264,1616.252264,74327.000000,5.000000
623.013397,532.146241,1616.055689,73372.000000,5.000000
902.110443,573.117351,1616.225454,72671.000000,5.000000
536.462185,203.915119,1617.758839,70911.000000,5.000000
749.896236,705.574478,1619.018834,74438.000000,5.000000
495.114288,458.656547,1620.184766,74505.000000,5.000000
679.606059,167.399729,1619.757933,74463.000000,5.000000
643.487567,760.549191,1621.245130,73916.000000,5.000000
124.401709,631.985383,1621.933223,76553.000000,5.000000
114.222642,562.377986,1622.093496,75426.000000,5.000000
323.385291,472.088404,1625.630461,70596.000000,5.000000
407.706647,496.453246,1624.936389,69909.000000,5.000000
514.913466,759.417605,1625.631217,72365.000000,5.000000
836.021254,592.415811,1627.689638,79185.000000,5.000000
876.896923,740.647704,1626.241005,75235.000000,5.000000
191.383263,431.162621,1627.488792,73250.000000,5.000000
236.635281,486.752430,1627.887903,75203.000000,5.000000
472.480059,876.931637,1630.254322,76474.000000,5.000000
123.322489,449.101757,1631.358480,74629.000000,5.000000
264.049139,775.771496,1630.070948,76620.000000,5.000000
799.818511,652.651480,1630.966154,73244.000000,5.000000
605.417463,196.502365,1632.086806,74615.000000,5.000000
189.213014,297.156739,1632.262596,72324.000000,5.000000
363.741575,231.273587,1632.909997,73209.000000,5.000000
788.801950,477.658822,1631.467407,72194.000000,5.000000
228.340764,361.655127,1632.905117,76663.000000,5.000000
712.461254,764.709539,1635.157089,75091.000000,5.000000
176.084165,523.779177,1637.471796,74829.000000,5.000000
524.947618,650.137086,1635.726552,73078.000000,5.000000
272.264803,425.880955,1637.292219,73972.000000,5.000000
397.537041,295.420999,1638.000736,71974.000000,5.000000
259.302502,297.114311,1638.137473,75811.000000,5.000000
274.725212,864.024119,1639.563098,72474.000000,5.000000
332.099631,792.589776,1639.442921,74625.000000,5.000000
774.283536,545.938210,1640.416730,72601.000000,5.000000
677.180194,653.049472,1642.938081,69736.000000,5.000000
805.916102,838.075569,1641.371041,75520.000000,5.000000
425.646479,695.483470,1643.609793,71990.000000,5.000000
583.497968,581.637924,1644.173764,67914.000000,5.000000
656.958170,585.527658,1645.934470,74516.000000,5.000000
740.561229,397.442852,1647.916168,73266.000000,5.000000
574.332629,257.273135,1647.542043,74780.000000,5.000000
810.267014,734.713312,1648.300932,72940.000000,5.000000
277.304512,620.930727,1648.718435,69508.000000,5.000000
608.096652,646.698893,1648.848794,71214.000000,5.000000
263.210087,216.657416,1654.471665,73760.000000,5.000000
512.647145,398.765866,1655.181470,72877.000000,5.000000
167.327299,590.246345,1658.643890,75179.000000,5.000000
436.809570,396.966532,1659.411392,76968.000000,5.000000
564.849593,702.243395,1660.796162,70708.000000,5.000000
450.880576,757.773854,1663.777641,73143.000000,5.000000
398.722747,805.247601,1665.740991,70654.000000,5.000000
114.427380,508.738969,1667.526580,73045.000000,5.000000
491.300583,814.750381,1666.739442,77526.000000,5.000000
850.071975,790.307359,1668.227271,72970.000000,5.000000
428.370623,938.114364,1668.305704,73738.000000,5.000000
634.598232,707.884880,1670.076602,71499.000000,5.000000
591.916455,765.962388,1668.476185,73062.000000,5.000000
153.851081,357.870620,1669.313940,73033.000000,5.000000
581.552092,517.068226,1670.247356,70999.000000,5.000000
544.937586,458.382218,1670.332422,69824.000000,5.000000
737.065408,628.658742,1672.778531,72010.000000,5.000000
705.896894,707.565910,1674.136629,74040.000000,5.000000
410.375867,633.519234,1674.443559,70525.000000,5.000000
664.558264,800.268573,1674.839867,72215.000000,5.000000
389.314476,453.539884,1676.466973,71306.000000,5.000000
933.904722,581.894901,1678.162017,74739.000000,5.000000
772.989879,688.322611,1685.599202,73708.000000,5.000000
431.175672,863.967304,1684.373884,72271.000000,5.000000
475.858671,450.498437,1686.850542,71351.000000,5.000000
125.475734,634.511714,1693.859033,73457.000000,5.000000
444.346196,803.237856,1717.524712,70593.000000,5.000000
598.530396,469.793305,1717.649931,70766.000000,5.000000
535.592728,409.821676,1720.625256,71785.000000,5.000000
428.823205,490.447608,1721.822575,71433.000000,5.000000
429.481887,420.658232,1724.998919,54575.000000,5.000000
519.405654,485.350814,1730.001200,70003.000000,5.000000
586.278557,942.794764,1791.783026,74290.000000,5.000000
