181.245203,692.856816,1232.638492,687471.000000,10.000000
446.231042,529.227902,1225.351917,326031.000000,10.000000
484.682334,905.605268,1242.036710,813291.000000,10.000000
784.298801,543.785306,1228.425355,529139.000000,10.000000
827.401016,759.038490,1253.062196,932789.000000,10.000000
320.859634,855.652714,1271.131558,936791.000000,10.000000
151.244504,516.327430,1288.597197,273439.000000,10.000000
318.604340,554.863967,1293.047784,912601.000000,10.000000
635.549018,840.042035,1296.690338,944307.000000,10.000000
738.261469,618.598185,1350.177251,913331.000000,10.000000
235.837847,776.187492,1351.571904,935470.000000,10.000000
881.891549,652.873528,1389.871020,937540.000000,10.000000
465.678869,644.689707,1400.127991,923066.000000,10.000000
161.726400,629.583424,1406.820470,933057.000000,10.000000
750.760471,839.563274,1411.076533,918138.000000,10.000000
341.181922,708.089371,1418.074961,921721.000000,10.000000
367.957717,879.346562,1461.690484,933986.000000,10.000000
533.345287,882.181687,1473.876232,947107.000000,10.000000
150.980033,528.767040,1484.785829,613248.000000,10.000000
239.012810,783.503121,1492.009778,898959.000000,10.000000
640.401440,538.864149,1494.130322,780936.000000,10.000000
742.287401,663.642721,1522.171614,891928.000000,10.000000
810.755449,781.777680,1553.252710,918021.000000,10.000000
880.271257,661.840285,1598.923204,1402178.000000,10.000000
285.120340,556.291183,1565.031580,919351.000000,10.000000
370.737990,882.349866,1600.908430,903440.000000,10.000000
709.731940,864.346374,1604.548818,923999.000000,10.000000
570.507563,849.065172,1606.442719,900702.000000,10.000000
189.026041,708.074854,1654.520570,868139.000000,10.000000
485.101861,555.967340,1658.681628,816502.000000,10.000000
892.508906,516.539361,1664.805318,235230.000000,10.000000
331.921931,701.303501,1674.306499,571959.000000,10.000000
699.355530,518.603160,1675.494351,209780.000000,10.000000
347.705210,550.591735,1674.360064,540568.000000,10.000000
517.197227,913.037741,1685.784987,267849.000000,10.000000
761.865329,790.004254,1688.324659,199560.000000,10.000000
486.918785,680.706688,1689.701072,173774.000000,10.000000
327.193341,847.494971,1690.233557,161357.000000,10.000000
655.905310,889.066387,1690.962469,144229.000000,10.000000
827.401016,759.038490,1253.062196,932789.000000,10.000000
320.859634,855.652714,1271.131558,936791.000000,10.000000
318.604340,554.863967,1293.047784,912601.000000,10.000000
635.549018,840.042035,1296.690338,944307.000000,10.000000
738.261469,618.598185,1350.177251,913331.000000,10.000000
235.837847,776.187492,1351.571904,935470.000000,10.000000
881.891549,652.873528,1389.871020,937540.000000,10.000000
465.678869,644.689707,1400.127991,923066.000000,10.000000
161.726400,629.583424,1406.820470,933057.000000,10.000000
750.760471,839.563274,1411.076533,918138.000000,10.000000
341.181922,708.089371,1418.074961,921721.000000,10.000000
367.957717,879.346562,1461.690484,933986.000000,10.000000
533.345287,882.181687,1473.876232,947107.000000,10.000000
239.012810,783.503121,1492.009778,898959.000000,10.000000
742.287401,663.642721,1522.171614,891928.000000,10.000000
810.755449,781.777680,1553.252710,918021.000000,10.000000
880.271257,661.840285,1598.923204,1402178.000000,10.000000
285.120340,556.291183,1565.031580,919351.000000,10.000000
370.737990,882.349866,1600.908430,903440.000000,10.000000
709.731940,864.346374,1604.548818,923999.000000,10.000000
570.507563,849.065172,1606.442719,900702.000000,10.000000
189.026041,708.074854,1654.520570,868139.000000,10.000000
827.401016,759.038490,1253.062196,932789.000000,10.000000,37.423170
320.859634,855.652714,1271.131558,936791.000000,10.000000,42.597059
318.604340,554.863967,1293.047784,912601.000000,10.000000,45.234576
635.549018,840.042035,1296.690338,944307.000000,10.000000,64.366296
738.261469,618.598185,1350.177251,913331.000000,10.000000,67.276122
235.837847,776.187492,1351.571904,935470.000000,10.000000,50.844161
881.891549,652.873528,1389.871020,937540.000000,10.000000,67.143857
465.678869,644.689707,1400.127991,923066.000000,10.000000,81.055007
161.726400,629.583424,1406.820470,933057.000000,10.000000,72.652299
750.760471,839.563274,1411.076533,918138.000000,10.000000,69.003346
341.181922,708.089371,1418.074961,921721.000000,10.000000,76.705827
367.957717,879.346562,1461.690484,933986.000000,10.000000,66.319147
533.345287,882.181687,1473.876232,947107.000000,10.000000,67.003812
239.012810,783.503121,1492.009778,898959.000000,10.000000,72.263285
742.287401,663.642721,1522.171614,891928.000000,10.000000,69.322337
810.755449,781.777680,1553.252710,918021.000000,10.000000,78.541975
880.271257,661.840285,1598.923204,1402178.000000,10.000000,64.973158
285.120340,556.291183,1565.031580,919351.000000,10.000000,36.855209
370.737990,882.349866,1600.908430,903440.000000,10.000000,68.209756
709.731940,864.346374,1604.548818,923999.000000,10.000000,71.812028
570.507563,849.065172,1606.442719,900702.000000,10.000000,70.979538
189.026041,708.074854,1654.520570,868139.000000,10.000000,55.955808
