238.788450,482.631059,239.962406,977634.000000,10.000000
274.324858,345.420749,240.144800,970795.000000,10.000000
306.959488,605.893420,241.934216,959532.000000,10.000000
374.958231,443.655553,244.956492,968704.000000,10.000000
147.004627,589.309794,244.135600,947455.000000,10.000000
408.644449,305.925023,244.785769,952344.000000,10.000000
570.931790,788.318349,245.659481,959671.000000,10.000000
515.820040,456.695393,251.109845,968608.000000,10.000000
835.579894,750.128945,251.936120,919972.000000,10.000000
635.958977,603.459854,253.311730,983792.000000,10.000000
619.578142,176.325143,257.272745,977211.000000,10.000000
641.607282,391.270100,256.098997,955810.000000,10.000000
759.488019,519.963768,258.710389,953727.000000,10.000000
444.674846,579.564539,258.289344,945225.000000,10.000000
891.122991,474.593824,264.806930,962135.000000,10.000000
189.909553,720.060000,263.235789,962247.000000,10.000000
543.994811,292.371349,280.227359,953193.000000,10.000000
277.402585,821.841447,291.727242,974750.000000,10.000000
614.077630,907.180873,307.901172,951285.000000,10.000000
491.150852,166.330189,313.560894,982260.000000,10.000000
186.096132,374.499961,349.798249,974028.000000,10.000000
477.248312,779.081733,349.651221,970588.000000,10.000000
145.362037,507.548169,356.112491,949133.000000,10.000000
488.391070,917.146202,367.161967,942773.000000,10.000000
159.224623,643.279287,375.971363,980750.000000,10.000000
835.327171,700.742884,381.117026,976601.000000,10.000000
695.569147,376.769250,386.180850,974062.000000,10.000000
351.062734,739.716488,394.214143,934007.000000,10.000000
217.075460,765.978578,406.586010,937962.000000,10.000000
755.398843,244.984735,407.341305,948843.000000,10.000000
374.466299,600.621487,414.331958,963131.000000,10.000000
636.422099,182.380440,447.893405,979449.000000,10.000000
599.390968,908.836811,453.590008,975157.000000,10.000000
870.963970,398.979360,456.970072,974510.000000,10.000000
470.900631,243.504671,459.287149,963475.000000,10.000000
228.928854,302.216859,459.301085,976108.000000,10.000000
335.156388,210.209881,466.568806,933763.000000,10.000000
162.314688,424.128203,479.318525,957183.000000,10.000000
146.769528,561.838983,491.134498,977851.000000,10.000000
179.614960,695.836079,523.299831,983976.000000,10.000000
847.827469,730.294644,525.361007,988177.000000,10.000000
792.427597,276.896222,538.706013,984178.000000,10.000000
259.365496,810.122229,551.000380,979440.000000,10.000000
897.354739,518.275265,572.802245,951159.000000,10.000000
331.906490,688.995806,575.797408,944555.000000,10.000000
641.083291,897.499905,586.782167,975265.000000,10.000000
199.496792,344.984264,590.552357,982022.000000,10.000000
370.194470,884.231831,591.528398,930633.000000,10.000000
380.447010,194.873524,597.099743,976311.000000,10.000000
532.904348,293.344623,601.730534,982759.000000,10.000000
151.786347,478.661095,608.454347,1005577.000000,10.000000
676.479149,279.466553,619.718553,938639.000000,10.000000
884.216217,643.540673,631.285194,977658.000000,10.000000
508.853360,162.524412,647.895214,983503.000000,10.000000
866.535801,390.679315,651.505569,952960.000000,10.000000
201.670597,736.462203,656.686291,982101.000000,10.000000
151.156204,604.336710,671.687007,942276.000000,10.000000
287.275136,244.270429,687.996113,957987.000000,10.000000
289.784364,836.395882,701.948692,985068.000000,10.000000
702.832892,869.576072,710.144385,975578.000000,10.000000
505.959835,915.885751,718.329607,942279.000000,10.000000
453.996639,658.449360,726.634741,966001.000000,10.000000
271.454504,561.606488,737.888158,982646.000000,10.000000
405.599078,293.573650,744.020372,957060.000000,10.000000
150.611172,488.384689,749.933448,980632.000000,10.000000
612.630389,492.205754,762.250396,943083.000000,10.000000
825.897357,760.887493,768.834369,989795.000000,10.000000
371.912132,425.517706,775.277666,970968.000000,10.000000
545.037659,163.719723,782.936269,974779.000000,10.000000
386.915737,891.403226,791.009371,988138.000000,10.000000
207.656440,744.721067,796.921157,987968.000000,10.000000
228.239241,303.889968,799.300949,980506.000000,10.000000
802.822262,287.991010,801.754029,990362.000000,10.000000
154.729164,615.800644,811.455216,987298.000000,10.000000
828.646293,589.215757,813.200231,939334.000000,10.000000
881.086309,424.262334,849.053852,973858.000000,10.000000
653.554050,224.139615,849.734626,985028.000000,10.000000
170.496481,411.931912,866.648005,969214.000000,10.000000
740.603666,847.085635,870.740527,977259.000000,10.000000
282.955963,564.760501,879.144957,969342.000000,10.000000
375.064812,312.392953,897.035167,974458.000000,10.000000
467.653055,166.216048,901.341009,977576.000000,10.000000
607.382458,818.469268,902.648607,969551.000000,10.000000
316.509092,854.612291,906.173877,970456.000000,10.000000
244.964155,282.189766,936.511341,930534.000000,10.000000
148.441316,559.263289,938.697345,980269.000000,10.000000
718.202645,401.303379,953.007970,942785.000000,10.000000
712.808796,618.273452,961.935693,956664.000000,10.000000
208.964212,741.647762,977.277204,973869.000000,10.000000
878.240884,417.331435,988.978455,977112.000000,10.000000
634.751604,273.342700,1008.815203,919734.000000,10.000000
893.136912,605.218699,1015.583157,984808.000000,10.000000
428.106754,272.563696,1020.412268,965860.000000,10.000000
233.681251,616.321906,1035.413773,964540.000000,10.000000
593.519014,735.859231,1046.053325,951188.000000,10.000000
179.524548,386.965388,1054.132446,989594.000000,10.000000
310.725137,498.906268,1055.757628,979730.000000,10.000000
292.730779,240.116874,1059.901828,959828.000000,10.000000
348.541944,869.246404,1076.743837,989067.000000,10.000000
384.200571,677.006608,1100.546939,949793.000000,10.000000
841.646917,736.931643,1115.590383,981921.000000,10.000000
886.289802,445.220205,1126.279143,992433.000000,10.000000
149.824023,556.451853,1132.165765,950893.000000,10.000000
472.955337,209.889222,1139.246685,979104.000000,10.000000
620.603082,172.543576,1139.936317,940834.000000,10.000000
256.208858,802.094134,1157.821121,988718.000000,10.000000
655.919328,308.450472,1157.817702,951243.000000,10.000000
188.310472,368.334953,1194.445502,975834.000000,10.000000
297.712284,236.622239,1199.527784,971511.000000,10.000000
446.216157,513.346973,1204.574952,948716.000000,10.000000
784.484123,538.888949,1209.937777,993253.000000,10.000000
181.858952,693.080444,1220.228552,984787.000000,10.000000
484.613270,905.652678,1237.155019,950560.000000,10.000000
827.419751,759.050234,1252.534277,987896.000000,10.000000
521.506329,159.378865,1262.024242,949273.000000,10.000000
320.856170,855.651580,1271.130768,983264.000000,10.000000
789.594644,273.856891,1285.823265,1002068.000000,10.000000
151.342650,482.953166,1288.600034,977785.000000,10.000000
311.945984,393.654704,1290.045951,960930.000000,10.000000
318.612615,554.813966,1293.046241,958582.000000,10.000000
635.548618,840.038424,1296.696873,991188.000000,10.000000
495.990831,314.726569,1341.678403,947584.000000,10.000000
651.859413,273.705349,1344.996235,982740.000000,10.000000
738.217375,618.511131,1350.125293,961302.000000,10.000000
350.886718,207.099132,1352.502196,961847.000000,10.000000
235.839165,776.187927,1351.572064,981756.000000,10.000000
881.861880,652.908984,1389.857919,985217.000000,10.000000
465.659222,644.671940,1400.132895,970184.000000,10.000000
161.746877,629.602290,1406.854662,981598.000000,10.000000
837.126259,333.496591,1409.413773,989515.000000,10.000000
750.818528,839.507568,1411.071535,965695.000000,10.000000
341.184924,708.087235,1418.077997,967657.000000,10.000000
164.586935,451.174766,1456.188764,1974293.000000,10.000000
258.777489,269.664534,1439.895886,990662.000000,10.000000
565.867531,164.060562,1453.439303,977141.000000,10.000000
369.347840,880.821133,1530.100739,1931466.000000,10.000000
426.105273,172.962799,1464.930082,965497.000000,10.000000
533.345501,882.184876,1473.873495,993863.000000,10.000000
739.578813,227.029366,1482.478814,975473.000000,10.000000
400.565994,421.392081,1489.279711,977650.000000,10.000000
239.012593,783.501163,1492.008378,944067.000000,10.000000
640.567587,531.618843,1494.126555,966286.000000,10.000000
742.307702,663.633376,1522.276439,940071.000000,10.000000
810.734891,781.826131,1553.205173,967150.000000,10.000000
879.357822,663.703379,1629.222746,1943717.000000,10.000000
285.068877,556.540994,1565.119820,963423.000000,10.000000
570.505481,849.060748,1606.442947,945785.000000,10.000000
709.676880,864.356828,1604.582630,971203.000000,10.000000
188.997141,708.123467,1656.593342,948830.000000,10.000000
616.239324,382.917610,1657.936057,958224.000000,10.000000
444.518318,168.813550,1660.767426,975162.000000,10.000000
484.933668,556.442869,1662.577863,928531.000000,10.000000
892.781699,482.793743,1670.778134,978675.000000,10.000000
681.956840,258.933250,1672.246078,986276.000000,10.000000
820.336730,306.211143,1679.897259,971736.000000,10.000000
700.206821,489.757414,1691.506423,957314.000000,10.000000
332.091938,701.197934,1691.076047,953658.000000,10.000000
347.954397,549.102992,1690.839356,912832.000000,10.000000
487.693729,299.548961,1691.896536,963809.000000,10.000000
345.043450,361.768050,1699.009218,947466.000000,10.000000
516.932968,913.313774,1719.002609,967540.000000,10.000000
570.852765,162.447397,1725.209994,979976.000000,10.000000
761.613022,789.993209,1723.950812,926808.000000,10.000000
209.050408,465.871763,1725.942057,961741.000000,10.000000
486.960790,679.854161,1727.804440,945720.000000,10.000000
327.124445,847.453381,1728.830896,952616.000000,10.000000
333.931342,218.075178,1733.302384,968874.000000,10.000000
656.016824,888.625989,1732.524673,985139.000000,10.000000
221.305224,312.275944,1734.398621,920292.000000,10.000000
230.023091,604.521646,1742.159842,971688.000000,10.000000
592.705449,587.595127,1747.199459,927100.000000,10.000000
806.958914,558.718476,1751.798533,954422.000000,10.000000
717.384099,367.920851,1755.690497,971234.000000,10.000000
562.954523,789.221955,1767.599438,970988.000000,10.000000
706.351928,664.170448,1767.897257,965494.000000,10.000000
871.464702,390.274640,1776.714524,960023.000000,10.000000
440.022432,566.849480,1796.113045,975991.000000,10.000000
451.512294,947.790998,205.334252,75808.000000,5.000000
314.348243,182.956312,202.900793,72102.000000,5.000000
287.920245,882.298106,205.592496,76171.000000,5.000000
328.854224,250.984854,205.399287,70711.000000,5.000000
383.320625,882.870435,209.128347,61614.000000,5.000000
519.071262,930.760759,206.422000,72872.000000,5.000000
338.989833,827.596538,211.975613,45640.000000,5.000000
341.469992,696.607081,209.806101,62084.000000,5.000000
490.521035,857.769540,210.202398,66888.000000,5.000000
576.526598,888.993808,208.539274,71867.000000,5.000000
422.898129,204.768561,210.127804,73151.000000,5.000000
445.123267,136.938527,211.327349,71966.000000,5.000000
651.160488,932.384046,208.119434,74853.000000,5.000000
403.603250,729.575855,209.738402,68005.000000,5.000000
402.674017,799.530006,211.900902,54239.000000,5.000000
709.122911,883.397055,210.963926,54942.000000,5.000000
692.673595,815.776868,212.304261,71442.000000,5.000000
540.218515,606.113606,208.758545,39320.000000,5.000000
762.655785,813.674559,214.665521,74465.000000,5.000000
509.192388,216.270563,214.784261,65264.000000,5.000000
531.241050,129.111562,216.026102,76316.000000,5.000000
618.426435,699.815702,213.621518,62312.000000,5.000000
666.839418,747.726090,214.850608,53711.000000,5.000000
733.670531,743.286643,214.826714,52445.000000,5.000000
640.679559,863.240402,216.222589,73090.000000,5.000000
666.337228,488.040769,220.466986,65638.000000,5.000000
705.554534,678.450097,217.010087,70387.000000,5.000000
272.416022,750.523989,210.413277,56110.000000,5.000000
598.738957,509.382109,214.426005,58274.000000,5.000000
735.501080,614.951311,219.337112,70837.000000,5.000000
468.910162,779.952757,218.589859,70783.000000,5.000000
782.800191,665.959057,219.375798,73175.000000,5.000000
158.044508,345.522329,219.119812,72998.000000,5.000000
862.083871,653.694562,222.573090,69893.000000,5.000000
814.263149,603.399485,222.312285,71089.000000,5.000000
641.508222,291.249300,223.164014,68171.000000,5.000000
738.177025,422.344255,224.249891,61867.000000,5.000000
121.341369,439.261242,223.596287,74008.000000,5.000000
376.250047,154.416113,223.822824,74350.000000,5.000000
881.989056,582.718925,226.457696,69533.000000,5.000000
693.014752,244.193202,225.769219,73819.000000,5.000000
735.391651,351.222139,226.288816,69830.000000,5.000000
807.819219,418.520144,228.552555,75406.000000,5.000000
719.964697,179.149141,229.820265,63705.000000,5.000000
755.855044,283.353826,229.502719,75947.000000,5.000000
862.244531,374.614024,231.658936,76015.000000,5.000000
346.767271,763.692852,232.389401,77614.000000,5.000000
778.428770,218.111727,231.434560,73930.000000,5.000000
857.901236,304.542499,234.923234,75554.000000,5.000000
800.781112,341.967646,247.002305,66824.000000,5.000000
336.241447,911.526693,251.075381,63836.000000,5.000000
388.704518,671.839777,252.863940,74908.000000,5.000000
400.155276,935.622727,251.163950,75163.000000,5.000000
440.313613,834.165226,254.210995,76907.000000,5.000000
295.560052,709.552013,259.244844,77241.000000,5.000000
461.425430,900.739787,257.884395,71476.000000,5.000000
770.637949,867.598037,259.129102,75390.000000,5.000000
697.769022,303.269124,262.960259,73401.000000,5.000000
290.565830,242.431342,264.104613,73538.000000,5.000000
368.226814,211.586094,264.995158,74343.000000,5.000000
910.344518,679.009912,267.592573,62853.000000,5.000000
409.544960,766.715493,268.500152,75745.000000,5.000000
464.912371,714.102413,267.644187,72510.000000,5.000000
745.986964,698.591552,270.668462,72800.000000,5.000000
526.971670,953.027728,271.674286,76386.000000,5.000000
672.952267,789.589393,274.324521,74100.000000,5.000000
810.144045,269.615413,272.869911,74303.000000,5.000000
931.206275,574.504573,273.958474,74459.000000,5.000000
539.788825,692.819927,275.840346,75075.000000,5.000000
816.939970,649.225801,276.506227,66966.000000,5.000000
676.819816,698.827692,278.577356,73769.000000,5.000000
188.432800,297.125080,278.844389,75104.000000,5.000000
714.461371,904.359438,279.010806,74775.000000,5.000000
617.492933,490.080958,282.937114,75422.000000,5.000000
878.624862,617.808453,286.116191,74154.000000,5.000000
737.385065,624.291705,287.350315,70705.000000,5.000000
737.935069,765.790107,286.566876,73771.000000,5.000000
357.708294,724.696313,289.643735,71284.000000,5.000000
387.827696,151.403479,293.190156,69627.000000,5.000000
376.457274,859.927547,294.773342,65698.000000,5.000000
896.708880,373.498866,293.045199,77590.000000,5.000000
734.864956,421.465346,295.960479,74998.000000,5.000000
743.449699,352.243943,296.384337,74661.000000,5.000000
716.334478,176.992586,299.224178,74860.000000,5.000000
312.848677,184.558549,297.020401,77252.000000,5.000000
452.726691,385.689788,297.821278,72515.000000,5.000000
542.261348,583.147778,298.526062,75742.000000,5.000000
690.544600,241.885053,297.122958,72903.000000,5.000000
773.199156,216.686125,301.664673,63538.000000,5.000000
844.579498,326.639531,299.775364,73826.000000,5.000000
805.011511,385.158918,300.691979,73667.000000,5.000000
232.410722,247.158570,302.199038,72750.000000,5.000000
325.963009,283.584537,307.255114,73477.000000,5.000000
748.596656,280.780772,306.112887,74393.000000,5.000000
229.620060,578.560278,308.731654,75425.000000,5.000000
646.085006,296.158503,310.131308,75677.000000,5.000000
698.089638,843.911338,310.578564,75760.000000,5.000000
486.421341,662.210981,310.822663,77130.000000,5.000000
438.755356,491.896111,314.902182,74782.000000,5.000000
844.050525,552.440589,315.507427,71965.000000,5.000000
285.285593,536.524284,316.107097,70786.000000,5.000000
288.727322,417.480520,317.556844,65117.000000,5.000000
634.257086,741.489558,315.499920,75080.000000,5.000000
245.749731,647.900196,317.611264,65929.000000,5.000000
361.494449,558.037416,316.812516,72054.000000,5.000000
329.053423,906.430279,322.684964,70868.000000,5.000000
394.587613,931.066912,318.296602,60094.000000,5.000000
401.958723,654.502493,321.104765,63571.000000,5.000000
565.958769,518.716303,321.315767,71936.000000,5.000000
573.381460,653.861068,321.713980,70128.000000,5.000000
389.920829,374.052202,324.146448,71377.000000,5.000000
793.844309,603.184730,322.419088,69458.000000,5.000000
806.133749,450.869762,324.198401,76053.000000,5.000000
758.447857,877.088507,328.295591,74593.000000,5.000000
274.017220,724.221278,327.323987,72009.000000,5.000000
418.884234,242.672361,327.429174,75333.000000,5.000000
315.152248,666.619324,329.146059,70451.000000,5.000000
653.868675,530.965036,327.580100,73246.000000,5.000000
338.395207,494.164375,330.124260,71069.000000,5.000000
571.497259,418.312132,331.091292,68407.000000,5.000000
319.603612,361.071209,332.988859,48112.000000,5.000000
640.410532,809.988200,332.702678,70338.000000,5.000000
916.621835,654.181454,331.244272,71445.000000,5.000000
496.807734,528.734705,331.929191,76134.000000,5.000000
654.865672,459.912987,332.378888,69725.000000,5.000000
829.537269,813.452663,334.064631,73896.000000,5.000000
639.640497,672.836755,333.730134,70005.000000,5.000000
265.303932,303.892981,336.045243,67502.000000,5.000000
743.576079,674.085725,336.125455,74377.000000,5.000000
699.351080,726.396778,339.228057,67093.000000,5.000000
909.991716,586.343030,340.597813,78824.000000,5.000000
691.151322,627.273111,340.742392,74629.000000,5.000000
858.045241,406.839262,341.705576,75595.000000,5.000000
244.443100,465.943176,343.135564,72047.000000,5.000000
787.275715,324.117618,344.212506,74878.000000,5.000000
834.054639,271.932474,343.156690,77363.000000,5.000000
296.007834,598.761379,345.989990,71226.000000,5.000000
726.417637,470.560484,344.507619,70614.000000,5.000000
287.455708,237.853902,345.728535,76312.000000,5.000000
467.258905,435.364490,345.649420,76924.000000,5.000000
599.312225,356.047158,345.764571,74600.000000,5.000000
582.886078,774.078931,349.780673,71277.000000,5.000000
597.726213,575.535335,347.361046,74021.000000,5.000000
669.786294,155.413114,346.861653,74696.000000,5.000000
376.126465,310.819299,349.249945,63298.000000,5.000000
392.653642,439.527638,350.558689,69434.000000,5.000000
476.275948,342.342192,346.923559,66980.000000,5.000000
598.581392,218.370923,352.381031,75978.000000,5.000000
529.599551,468.378707,355.133573,66368.000000,5.000000
599.240359,136.565665,352.754008,69055.000000,5.000000
883.301305,344.243516,354.729671,63922.000000,5.000000
931.258823,506.531624,356.721756,74406.000000,5.000000
460.695738,608.969974,357.607461,55518.000000,5.000000
478.185468,263.756488,356.875431,72514.000000,5.000000
797.020027,511.437312,356.758801,70755.000000,5.000000
919.323359,435.230260,359.454951,76661.000000,5.000000
661.686206,249.308111,361.121683,76190.000000,5.000000
766.278476,802.586689,361.351683,73245.000000,5.000000
338.357296,192.995432,362.553072,77941.000000,5.000000
208.084969,272.646213,362.038497,75486.000000,5.000000
532.874398,612.567374,362.557994,72714.000000,5.000000
603.459180,287.997621,365.094623,67246.000000,5.000000
859.784366,473.039026,364.897597,75642.000000,5.000000
551.437499,704.048523,366.856244,71079.000000,5.000000
448.109193,679.327322,367.401874,73640.000000,5.000000
562.673679,837.832317,369.119656,76394.000000,5.000000
325.666157,438.912114,371.543561,70614.000000,5.000000
332.731754,858.972978,372.706153,72497.000000,5.000000
603.005497,490.623111,373.737034,71127.000000,5.000000
539.573832,333.647040,376.459993,73762.000000,5.000000
231.656665,567.291034,377.746582,69119.000000,5.000000
802.764033,383.212086,378.320264,74451.000000,5.000000
732.117648,532.172028,377.318951,67396.000000,5.000000
267.097085,677.196187,378.055613,72339.000000,5.000000
285.904834,508.003406,380.210903,75741.000000,5.000000
421.596045,513.977672,379.819529,74793.000000,5.000000
745.229713,601.986798,378.661102,66731.000000,5.000000
871.921458,541.534162,378.991048,76634.000000,5.000000
430.892432,386.099709,380.566353,73795.000000,5.000000
617.619852,721.629497,380.655004,74137.000000,5.000000
675.448999,572.717180,379.722295,65303.000000,5.000000
364.068501,922.788798,384.023347,72130.000000,5.000000
624.693849,628.769196,383.501880,66771.000000,5.000000
285.204394,383.888969,386.752324,74880.000000,5.000000
396.677726,835.168260,386.299535,59105.000000,5.000000
681.606499,919.291646,386.467413,72221.000000,5.000000
386.621691,149.677651,387.070033,72195.000000,5.000000
359.271860,378.326078,387.713968,68870.000000,5.000000
263.730045,862.682947,389.314731,74505.000000,5.000000
500.705299,393.498988,390.514759,72158.000000,5.000000
806.730609,569.614838,393.917798,75010.000000,5.000000
318.908891,318.256151,394.880758,75108.000000,5.000000
519.177114,551.468544,394.151674,70988.000000,5.000000
740.875313,884.429495,395.308784,73945.000000,5.000000
355.700870,497.437252,398.479206,76512.000000,5.000000
570.783604,395.018896,396.498381,75043.000000,5.000000
648.646650,833.035591,398.139314,75721.000000,5.000000
680.324209,761.825979,397.097322,69779.000000,5.000000
667.434475,482.584259,401.384625,72117.000000,5.000000
675.515675,690.621064,404.929474,73717.000000,5.000000
472.522810,469.628664,409.730449,60215.000000,5.000000
930.413685,579.657656,408.323878,76464.000000,5.000000
716.997459,819.814809,408.675388,75182.000000,5.000000
271.945820,613.987941,409.859705,72148.000000,5.000000
386.311535,280.016155,410.111432,76136.000000,5.000000
477.134360,130.209136,410.409992,75238.000000,5.000000
239.935551,445.078723,410.452887,73981.000000,5.000000
565.756630,252.847403,412.114437,74923.000000,5.000000
739.070772,725.861076,413.226432,65662.000000,5.000000
788.230137,444.443462,410.296522,70784.000000,5.000000
575.375628,588.879059,412.178908,69505.000000,5.000000
863.401743,604.883803,413.659993,74219.000000,5.000000
593.583116,790.718989,417.052771,67556.000000,5.000000
901.042083,490.789214,416.952763,70242.000000,5.000000
537.807773,652.702049,419.627839,73049.000000,5.000000
826.003983,504.642278,419.992463,65277.000000,5.000000
918.371453,648.748300,418.379318,75272.000000,5.000000
390.813564,440.493972,420.447451,73237.000000,5.000000
605.872579,334.291955,419.583568,73371.000000,5.000000
793.443954,847.583731,421.342847,74733.000000,5.000000
227.990955,513.424584,421.576792,76284.000000,5.000000
469.923710,639.158475,420.256066,70560.000000,5.000000
629.425520,537.590639,422.882886,63306.000000,5.000000
655.538901,284.718602,421.017576,73906.000000,5.000000
615.293107,440.711452,425.180542,75672.000000,5.000000
534.915816,448.593417,424.987708,71427.000000,5.000000
779.528662,779.313506,426.372868,75048.000000,5.000000
731.966831,483.706700,428.233728,74497.000000,5.000000
497.656597,708.924097,430.092534,73357.000000,5.000000
565.100245,511.521680,429.149546,73041.000000,5.000000
471.209835,344.104173,431.052463,63836.000000,5.000000
784.202355,343.336826,432.587899,75496.000000,5.000000
847.339717,792.229391,432.724236,71960.000000,5.000000
303.709985,464.958177,432.871797,75365.000000,5.000000
535.959276,165.056935,433.543621,61438.000000,5.000000
401.330537,344.600207,433.749479,76297.000000,5.000000
776.967964,632.060548,436.624329,68954.000000,5.000000
321.107230,900.741844,436.000416,76872.000000,5.000000
452.334054,847.585962,436.416294,75341.000000,5.000000
394.563661,889.708761,437.129336,74983.000000,5.000000
455.095860,536.033026,436.737007,73941.000000,5.000000
528.911576,806.989238,437.245863,75172.000000,5.000000
324.795306,830.246738,436.907995,68214.000000,5.000000
596.365814,690.714384,438.286457,64254.000000,5.000000
237.452035,668.121471,442.100880,70906.000000,5.000000
297.509311,533.811683,444.368855,69808.000000,5.000000
453.631919,411.021923,443.284089,61625.000000,5.000000
542.581533,352.338042,444.278584,69444.000000,5.000000
705.885468,907.105105,451.766407,79035.000000,5.000000
277.131420,403.324359,454.037750,75179.000000,5.000000
327.694957,354.810648,453.322070,72711.000000,5.000000
749.361126,547.289171,451.945891,71781.000000,5.000000
436.074333,944.111006,454.490223,75996.000000,5.000000
503.394582,582.290356,452.412941,60350.000000,5.000000
394.559349,503.557432,456.476886,73051.000000,5.000000
266.772138,864.095743,459.824148,71890.000000,5.000000
668.454491,597.832474,457.910019,72371.000000,5.000000
429.015239,719.844274,458.208209,70213.000000,5.000000
402.075372,802.530528,459.510294,76209.000000,5.000000
305.025150,674.142422,462.056798,75108.000000,5.000000
549.243382,745.390031,464.066110,72984.000000,5.000000
836.211240,562.076289,465.435827,72671.000000,5.000000
597.592731,283.326299,466.049337,67049.000000,5.000000
748.521916,427.426921,466.335230,75035.000000,5.000000
631.463308,740.871521,467.572634,73981.000000,5.000000
652.200750,818.389598,466.313302,60239.000000,5.000000
698.008088,763.034190,467.819181,75169.000000,5.000000
677.714771,508.968477,469.635174,55103.000000,5.000000
425.750359,148.771213,470.522187,73173.000000,5.000000
483.097316,766.889262,471.018020,72640.000000,5.000000
902.223263,539.540073,471.312298,73353.000000,5.000000
343.456433,421.091760,471.617102,75229.000000,5.000000
504.540482,952.522907,470.380279,74824.000000,5.000000
242.094045,605.744794,473.213792,73188.000000,5.000000
490.534986,485.316616,472.866695,69570.000000,5.000000
685.465050,670.402062,473.450369,74792.000000,5.000000
729.034198,327.008050,473.304989,74537.000000,5.000000
251.091472,477.175675,477.391408,64107.000000,5.000000
508.557236,859.893475,478.437054,72856.000000,5.000000
651.990002,326.304949,478.020171,74514.000000,5.000000
372.689242,680.401419,478.637666,70769.000000,5.000000
756.128455,716.622054,479.599417,76159.000000,5.000000
287.124305,739.283599,479.609125,71936.000000,5.000000
436.887771,652.900652,480.725384,72432.000000,5.000000
594.645054,602.785512,479.636312,64745.000000,5.000000
655.974458,426.622137,482.718112,63621.000000,5.000000
741.351732,842.238261,481.205038,73684.000000,5.000000
610.408799,480.785393,484.126743,65487.000000,5.000000
806.965674,818.246495,483.331378,74172.000000,5.000000
340.013966,784.536096,487.509012,64800.000000,5.000000
576.342798,810.065003,488.139192,76319.000000,5.000000
497.303305,381.737122,488.075976,70101.000000,5.000000
838.919604,495.471482,488.927251,76372.000000,5.000000
552.273857,547.872734,491.579804,63756.000000,5.000000
594.379919,363.507688,490.750974,72647.000000,5.000000
446.034737,583.386307,489.625378,56481.000000,5.000000
367.485647,853.276752,494.174545,59360.000000,5.000000
737.301001,188.871691,492.638396,62209.000000,5.000000
324.874710,490.718251,494.472351,68593.000000,5.000000
374.730739,925.791323,494.608213,75878.000000,5.000000
429.884473,456.443218,492.920533,69828.000000,5.000000
503.690627,641.807211,493.947539,68946.000000,5.000000
526.207697,127.598265,494.174680,72630.000000,5.000000
815.900626,633.926966,493.859353,74335.000000,5.000000
307.502606,612.832897,495.301296,70220.000000,5.000000
430.215578,881.069394,498.054210,73695.000000,5.000000
564.044538,427.261452,498.628180,66976.000000,5.000000
543.534006,310.315393,499.223056,75192.000000,5.000000
311.522276,895.560318,505.152115,74654.000000,5.000000
323.785966,307.187995,504.731095,73353.000000,5.000000
571.914790,694.009696,505.183565,75390.000000,5.000000
271.852714,552.053446,507.234553,73476.000000,5.000000
562.926800,227.530383,507.670365,74631.000000,5.000000
762.500352,375.947015,510.349477,70926.000000,5.000000
390.327689,287.206408,510.596315,72938.000000,5.000000
398.128703,750.671135,514.476132,75414.000000,5.000000
762.612186,492.762169,514.391225,71248.000000,5.000000
499.503838,717.136049,518.232742,73863.000000,5.000000
690.377727,279.286190,516.654452,74800.000000,5.000000
691.088305,367.334150,519.438333,74311.000000,5.000000
724.263081,897.252727,521.805222,66645.000000,5.000000
269.063663,379.777695,520.079069,75428.000000,5.000000
356.009371,366.982678,521.544080,77472.000000,5.000000
372.185370,607.117637,521.790507,74203.000000,5.000000
372.293869,536.694274,521.672461,73121.000000,5.000000
504.117957,807.018219,524.667093,75087.000000,5.000000
635.733744,529.518506,525.386013,66977.000000,5.000000
706.250394,539.858212,523.941120,73624.000000,5.000000
420.368703,816.399970,525.830048,73303.000000,5.000000
712.836422,436.441219,525.402084,70627.000000,5.000000
501.248429,441.409076,526.992715,71928.000000,5.000000
737.338183,763.896254,524.388661,61313.000000,5.000000
806.811053,545.966213,526.434722,72957.000000,5.000000
462.974150,131.457985,526.687926,73771.000000,5.000000
645.818052,611.815281,528.597355,71460.000000,5.000000
370.314370,450.157797,529.776733,75179.000000,5.000000
432.435668,943.496503,528.684102,71061.000000,5.000000
489.569783,902.768418,529.210969,66076.000000,5.000000
549.309350,603.349352,531.568648,75122.000000,5.000000
551.593591,859.005045,533.717663,68783.000000,5.000000
652.584450,799.769840,531.597577,74044.000000,5.000000
757.448641,595.287969,533.153919,72421.000000,5.000000
224.478051,507.536498,535.392491,76017.000000,5.000000
787.165617,854.167559,534.187515,48908.000000,5.000000
538.680193,951.616885,539.272055,64542.000000,5.000000
446.324182,511.714799,537.749003,70957.000000,5.000000
626.305421,235.538481,537.695499,59770.000000,5.000000
658.910316,685.565520,537.244929,73458.000000,5.000000
435.236363,696.585888,539.721484,75511.000000,5.000000
247.233150,615.776508,542.158343,76410.000000,5.000000
553.804439,753.840212,543.016282,72903.000000,5.000000
879.090059,337.285409,541.755313,76739.000000,5.000000
553.007083,168.799217,544.708732,77372.000000,5.000000
234.908380,243.637538,545.458047,74405.000000,5.000000
243.626484,440.311455,544.368848,73895.000000,5.000000
715.931288,830.336478,546.314846,72302.000000,5.000000
458.956674,630.187676,546.513039,74735.000000,5.000000
621.800550,154.010007,547.320337,74946.000000,5.000000
683.115973,189.731013,547.878848,70680.000000,5.000000
546.281415,509.509831,547.758112,74456.000000,5.000000
487.135262,192.848706,549.564288,74788.000000,5.000000
835.534187,436.912419,548.638952,74137.000000,5.000000
606.249266,473.803198,552.460665,75975.000000,5.000000
301.670426,261.279639,551.833361,72354.000000,5.000000
564.298778,382.842120,551.036764,70313.000000,5.000000
456.356084,763.176953,553.778254,73449.000000,5.000000
315.797984,577.634276,553.614506,69752.000000,5.000000
436.593636,425.114045,556.200555,73471.000000,5.000000
778.477259,657.264602,555.906154,75347.000000,5.000000
903.695021,411.945929,555.620065,50656.000000,5.000000
441.325678,272.064184,555.733421,73149.000000,5.000000
598.301661,655.908622,556.852611,75270.000000,5.000000
486.123937,565.572734,556.871148,67946.000000,5.000000
488.652468,377.764647,556.483280,72848.000000,5.000000
307.890870,466.060860,559.085807,76963.000000,5.000000
710.569144,644.707284,560.829016,74475.000000,5.000000
306.263776,340.693098,563.658338,73877.000000,5.000000
591.439680,808.995395,564.664547,74702.000000,5.000000
640.869947,366.956904,567.659221,61421.000000,5.000000
467.426070,846.853587,567.999931,72521.000000,5.000000
803.000830,378.088426,568.123894,73474.000000,5.000000
378.483517,312.483279,574.918368,75534.000000,5.000000
732.922388,355.801455,574.151995,69989.000000,5.000000
387.316046,781.534558,575.717264,70939.000000,5.000000
745.270469,466.882855,576.656369,62410.000000,5.000000
393.482049,573.984264,579.015579,70414.000000,5.000000
481.695249,950.683344,579.240871,75094.000000,5.000000
199.746887,579.588731,581.484257,70190.000000,5.000000
276.677114,524.185387,583.365757,66175.000000,5.000000
689.824684,506.073685,581.374681,69064.000000,5.000000
744.124936,192.599700,582.524871,76575.000000,5.000000
345.091029,522.608197,583.531390,71296.000000,5.000000
487.990938,698.422893,585.341379,72834.000000,5.000000
287.683720,403.160905,586.370057,70327.000000,5.000000
690.785644,410.985589,588.461235,75636.000000,5.000000
275.376458,209.576792,590.572812,75379.000000,5.000000
424.363442,363.739939,591.260334,73302.000000,5.000000
592.461139,203.986705,590.814555,74162.000000,5.000000
745.718733,884.514459,591.664684,76838.000000,5.000000
797.631884,599.710149,590.976402,71999.000000,5.000000
505.816553,794.774776,593.239205,73389.000000,5.000000
539.094146,651.859000,594.527973,73248.000000,5.000000
378.566318,431.163776,596.797635,73155.000000,5.000000
774.947185,784.263123,598.900372,74638.000000,5.000000
526.025585,871.335194,596.404841,68244.000000,5.000000
630.706425,739.795887,599.658483,72254.000000,5.000000
429.817590,664.395669,602.167881,74815.000000,5.000000
660.609605,576.698465,601.397398,68400.000000,5.000000
750.797384,538.732229,602.163417,73548.000000,5.000000
221.289581,641.824913,603.496508,72301.000000,5.000000
535.603912,549.190803,603.918304,68914.000000,5.000000
625.981122,433.869034,605.741601,68491.000000,5.000000
811.992019,466.823726,606.281993,69789.000000,5.000000
441.222929,528.890154,606.151528,69215.000000,5.000000
551.925216,950.333575,605.590693,67541.000000,5.000000
535.823949,476.487540,608.448439,72070.000000,5.000000
255.621863,461.978396,609.749690,73365.000000,5.000000
843.509902,796.671640,610.131973,78213.000000,5.000000
453.605764,598.043464,609.072626,75579.000000,5.000000
354.357903,367.469992,612.127346,76029.000000,5.000000
563.342073,752.962796,612.509451,73271.000000,5.000000
262.645827,586.601129,612.571566,78103.000000,5.000000
605.790246,135.981274,613.424853,76151.000000,5.000000
686.952610,161.543368,613.159074,74594.000000,5.000000
759.394343,407.167541,613.513007,70114.000000,5.000000
439.608791,803.335574,616.209305,77810.000000,5.000000
741.072687,724.954154,614.636580,59983.000000,5.000000
472.124615,408.110655,617.088917,73282.000000,5.000000
720.718295,824.062897,617.199454,75075.000000,5.000000
333.883170,784.068975,620.603087,71968.000000,5.000000
794.039035,848.788888,627.978615,78186.000000,5.000000
847.570787,288.277527,627.561041,73672.000000,5.000000
406.583080,741.589728,630.797908,69800.000000,5.000000
659.294431,685.017479,631.822688,72601.000000,5.000000
293.906636,335.430456,631.178902,65807.000000,5.000000
389.996988,491.280791,629.947575,57110.000000,5.000000
562.436705,416.488263,633.417486,67904.000000,5.000000
786.104290,324.685899,632.746713,74753.000000,5.000000
462.945626,867.383292,635.484710,73380.000000,5.000000
477.483072,747.018194,635.519701,74641.000000,5.000000
640.551567,498.873774,636.395997,70849.000000,5.000000
781.257402,237.905947,636.320850,75085.000000,5.000000
444.457917,941.768042,637.881257,76350.000000,5.000000
355.301974,610.849548,640.149903,72854.000000,5.000000
473.255899,475.663270,639.151608,65854.000000,5.000000
593.093786,819.196028,640.304752,76984.000000,5.000000
315.688728,552.316065,641.930460,75108.000000,5.000000
325.197814,424.179118,642.116092,74398.000000,5.000000
368.814967,290.551750,641.405456,77932.000000,5.000000
436.825570,273.337152,641.571737,75073.000000,5.000000
239.174072,526.407028,643.017061,74791.000000,5.000000
606.373679,353.149718,644.030229,75589.000000,5.000000
549.288789,604.546020,646.386482,76239.000000,5.000000
700.811172,377.718361,649.554303,63624.000000,5.000000
796.293661,519.720980,650.693927,73561.000000,5.000000
449.375810,341.612271,652.472154,71483.000000,5.000000
523.374947,825.544484,654.792155,75128.000000,5.000000
264.216977,393.493611,659.182907,67302.000000,5.000000
741.740690,611.447731,661.399508,69573.000000,5.000000
626.125683,573.580974,663.440489,77019.000000,5.000000
817.527601,759.372051,663.540812,75995.000000,5.000000
385.805989,799.286566,666.594339,74269.000000,5.000000
589.567784,946.450624,666.099043,68940.000000,5.000000
251.381492,637.101239,666.768218,64017.000000,5.000000
573.083961,488.507838,667.170540,66090.000000,5.000000
329.224313,489.182834,670.284793,72421.000000,5.000000
410.378143,580.043862,669.186154,67530.000000,5.000000
733.650731,441.601200,671.643325,75346.000000,5.000000
804.831673,586.231865,671.236345,70981.000000,5.000000
919.180090,495.425839,672.571018,74446.000000,5.000000
304.867047,716.818256,672.707314,70649.000000,5.000000
367.326148,697.060093,670.719890,47460.000000,5.000000
712.156514,507.109602,674.134741,66550.000000,5.000000
381.304196,395.150728,673.997475,70093.000000,5.000000
639.991643,439.459869,674.390487,72151.000000,5.000000
766.015587,377.875877,676.265958,74805.000000,5.000000
536.563074,755.451930,677.357553,71511.000000,5.000000
669.814655,744.190397,678.525950,63352.000000,5.000000
442.768148,427.854194,678.029550,74112.000000,5.000000
611.920130,161.515917,678.502907,76712.000000,5.000000
882.542275,737.560889,677.422746,73330.000000,5.000000
135.591113,401.011201,679.765258,73387.000000,5.000000
744.987569,703.033495,682.935592,60815.000000,5.000000
192.353148,293.537772,681.459298,76458.000000,5.000000
223.918725,449.675772,687.008940,72372.000000,5.000000
580.246232,654.187834,686.464509,73187.000000,5.000000
760.457515,282.229201,686.926808,74380.000000,5.000000
813.812891,693.453226,687.941562,75790.000000,5.000000
825.994001,259.904755,688.165764,61515.000000,5.000000
931.891264,564.541999,686.482672,73812.000000,5.000000
584.292430,224.726460,689.452145,74746.000000,5.000000
369.396033,919.798526,689.969155,68406.000000,5.000000
487.949540,256.230117,691.707384,75505.000000,5.000000
320.520188,362.998571,692.012234,74871.000000,5.000000
439.186088,757.239409,691.685055,67253.000000,5.000000
522.529991,412.485376,691.059118,73988.000000,5.000000
354.335987,161.664695,693.520454,67443.000000,5.000000
662.131188,207.643974,695.281466,75121.000000,5.000000
509.438723,544.233138,697.924549,73094.000000,5.000000
660.412607,349.464903,697.671191,63140.000000,5.000000
419.484404,140.959917,700.280021,78162.000000,5.000000
423.090600,852.628191,699.442780,72903.000000,5.000000
597.993538,865.875383,699.898124,76603.000000,5.000000
770.517922,210.555823,699.980220,70526.000000,5.000000
857.268375,482.476483,702.517805,64082.000000,5.000000
293.414665,435.820876,704.249593,72514.000000,5.000000
368.208838,535.847282,705.716798,75695.000000,5.000000
682.666568,563.577344,704.308853,74453.000000,5.000000
324.006995,658.423769,705.948667,72195.000000,5.000000
794.410536,436.750246,713.337850,55939.000000,5.000000
202.671829,358.393339,709.089596,61733.000000,5.000000
581.228991,313.322102,715.766747,72505.000000,5.000000
702.846087,397.471417,718.338362,71196.000000,5.000000
349.542788,742.841641,719.798467,71363.000000,5.000000
789.794621,505.638516,720.328752,64617.000000,5.000000
669.483796,655.690980,720.197256,74335.000000,5.000000
856.305684,551.038120,720.545100,70200.000000,5.000000
222.528805,658.519321,724.845629,76342.000000,5.000000
506.425218,319.324258,726.685062,74891.000000,5.000000
712.152793,314.045558,726.772854,69735.000000,5.000000
714.662634,175.280609,727.678172,68027.000000,5.000000
615.143738,928.814657,727.768937,77057.000000,5.000000
458.004468,205.110973,728.959817,73414.000000,5.000000
575.993753,387.465930,730.251992,74919.000000,5.000000
768.618411,571.550536,729.769795,75728.000000,5.000000
140.143402,691.375624,730.919623,76763.000000,5.000000
265.125415,378.883536,733.034504,73731.000000,5.000000
447.281103,482.941243,731.668317,67260.000000,5.000000
710.594510,468.247662,732.519934,71109.000000,5.000000
891.763495,608.740341,732.427940,77567.000000,5.000000
478.326565,799.226889,733.245288,73428.000000,5.000000
383.727970,801.584655,736.278685,75282.000000,5.000000
541.667635,259.202727,736.573057,75017.000000,5.000000
706.068014,244.555509,736.629891,70971.000000,5.000000
801.533741,371.499617,736.771492,74317.000000,5.000000
878.657474,333.311863,739.062094,75498.000000,5.000000
929.269583,485.143327,740.592987,77850.000000,5.000000
899.820950,690.957920,740.322044,75381.000000,5.000000
589.313024,742.592201,746.990602,75547.000000,5.000000
635.245993,245.804333,747.136718,73063.000000,5.000000
851.994261,429.538685,748.004409,73711.000000,5.000000
251.939584,456.585148,755.588000,72597.000000,5.000000
640.710283,314.559478,756.296736,71808.000000,5.000000
300.819251,709.116981,756.585840,72559.000000,5.000000
656.098526,148.871122,757.705856,73209.000000,5.000000
478.564831,424.038394,758.804698,75350.000000,5.000000
324.874878,178.797514,762.352220,71674.000000,5.000000
410.579352,541.291639,762.267547,70313.000000,5.000000
563.313348,604.518820,765.410272,72954.000000,5.000000
206.966364,401.179498,766.518920,71828.000000,5.000000
390.512643,154.508176,765.694215,74307.000000,5.000000
841.811057,495.254983,770.217806,76256.000000,5.000000
734.917053,364.558024,770.398708,75253.000000,5.000000
326.600538,644.293384,774.439005,71391.000000,5.000000
784.005756,857.078606,774.575315,76266.000000,5.000000
654.544940,397.908454,780.236282,73810.000000,5.000000
434.255541,778.388528,779.709760,64209.000000,5.000000
534.620884,388.962155,787.096354,68570.000000,5.000000
754.482150,455.377690,786.443553,77312.000000,5.000000
749.880618,690.363986,789.638451,63192.000000,5.000000
683.410717,599.314559,788.592179,75261.000000,5.000000
340.710395,757.245060,789.261541,75969.000000,5.000000
493.344448,255.967795,790.149141,74708.000000,5.000000
568.894813,874.263760,789.229417,75561.000000,5.000000
920.427225,639.147180,791.425667,82783.000000,5.000000
587.221772,287.534836,791.553006,74793.000000,5.000000
393.415906,712.919565,794.483847,67234.000000,5.000000
537.154772,749.763492,794.710602,69541.000000,5.000000
661.065166,738.668397,792.524254,71679.000000,5.000000
733.398482,184.908455,794.524809,79065.000000,5.000000
258.146365,651.838342,794.502121,50217.000000,5.000000
698.553985,302.541464,794.722902,76114.000000,5.000000
492.331389,326.729167,796.065839,67392.000000,5.000000
629.305215,935.060965,796.041647,71697.000000,5.000000
463.293273,567.323890,798.341331,69894.000000,5.000000
606.774314,814.980063,797.783274,77342.000000,5.000000
372.992613,598.449067,799.814238,75403.000000,5.000000
484.272859,852.938177,798.465520,75101.000000,5.000000
920.163404,536.564817,798.707607,63695.000000,5.000000
791.314417,396.565305,801.495037,73746.000000,5.000000
446.377665,133.653819,801.711606,76229.000000,5.000000
724.762436,766.049323,800.648372,73353.000000,5.000000
281.802526,874.409246,800.830125,73154.000000,5.000000
344.336418,523.791431,803.439307,70231.000000,5.000000
559.379731,948.345682,804.524320,79709.000000,5.000000
292.649547,805.191529,805.834201,69530.000000,5.000000
344.330645,232.394023,805.268686,78229.000000,5.000000
286.334945,485.005734,810.260252,76741.000000,5.000000
263.659159,415.701967,811.737875,72908.000000,5.000000
473.886635,949.459056,811.958113,68972.000000,5.000000
603.045791,371.385333,819.456287,73879.000000,5.000000
432.394276,234.108253,828.092613,72571.000000,5.000000
497.908883,513.075651,829.033849,58968.000000,5.000000
712.990605,534.063491,827.942741,75255.000000,5.000000
530.033026,643.736164,829.198126,73125.000000,5.000000
878.576725,679.335851,832.730188,75849.000000,5.000000
308.639244,364.527664,832.057727,77953.000000,5.000000
386.767606,149.762672,835.444431,76194.000000,5.000000
281.344475,219.909878,835.349376,76319.000000,5.000000
238.224401,835.197235,838.632974,75793.000000,5.000000
195.984583,522.128820,839.512073,76409.000000,5.000000
112.315474,523.691579,842.130603,68199.000000,5.000000
381.089332,795.986549,840.480436,51370.000000,5.000000
802.085579,685.832884,840.306312,71992.000000,5.000000
309.203641,659.070255,841.460931,73831.000000,5.000000
528.352355,896.369905,841.756657,76982.000000,5.000000
687.773032,395.649960,841.747986,75460.000000,5.000000
301.586526,737.226725,844.093018,74394.000000,5.000000
718.615607,460.512003,847.651147,65982.000000,5.000000
435.113438,740.908335,846.098789,77205.000000,5.000000
547.628050,300.565735,848.119823,74268.000000,5.000000
499.596601,420.886748,847.805842,63778.000000,5.000000
788.823951,474.181540,850.568070,68657.000000,5.000000
443.586781,825.428949,851.038829,72729.000000,5.000000
649.376794,329.937742,851.842028,72456.000000,5.000000
671.159785,926.621172,850.490715,54930.000000,5.000000
513.745220,822.116023,855.506073,69986.000000,5.000000
503.519627,753.540163,856.942845,77036.000000,5.000000
736.249970,613.257336,857.301145,73981.000000,5.000000
753.561504,374.822215,857.855569,74174.000000,5.000000
427.151425,394.483131,861.152080,56523.000000,5.000000
719.022224,305.271011,863.004941,76495.000000,5.000000
243.960395,670.645597,863.526848,75369.000000,5.000000
609.267318,517.204111,863.843709,72397.000000,5.000000
372.771506,211.451718,865.659250,77617.000000,5.000000
867.290766,764.549658,866.355560,77399.000000,5.000000
621.600362,697.676714,865.733701,68577.000000,5.000000
366.519638,731.906997,866.906086,70245.000000,5.000000
600.599582,133.485695,867.027119,73748.000000,5.000000
759.854408,201.106556,866.390570,70986.000000,5.000000
447.953710,675.201903,867.508413,73342.000000,5.000000
932.892454,543.158041,868.114664,80226.000000,5.000000
381.397645,602.370356,867.845253,58082.000000,5.000000
541.934766,475.401636,867.912161,68216.000000,5.000000
922.046052,638.568022,870.342194,76740.000000,5.000000
318.417553,462.598390,873.183853,76273.000000,5.000000
872.418827,321.845461,873.399273,78142.000000,5.000000
600.619133,440.876680,876.487469,65918.000000,5.000000
427.306459,495.420734,877.748231,74767.000000,5.000000
608.919354,942.136573,880.889985,75081.000000,5.000000
468.085700,946.966122,882.437164,76628.000000,5.000000
586.727001,343.422987,880.173572,58938.000000,5.000000
479.172628,322.313361,883.507377,75370.000000,5.000000
538.750428,241.034142,883.979488,74688.000000,5.000000
443.456097,565.896422,886.548760,74118.000000,5.000000
432.955439,884.337511,887.785611,69971.000000,5.000000
158.039368,719.886111,887.233058,73308.000000,5.000000
256.193358,770.469548,887.147461,74101.000000,5.000000
539.070304,950.805159,887.636515,72300.000000,5.000000
867.773427,524.404435,888.414753,74912.000000,5.000000
518.552392,539.883642,889.436238,68779.000000,5.000000
809.037673,347.276993,889.722016,74695.000000,5.000000
310.516231,185.467566,889.702863,74612.000000,5.000000
846.543960,701.054972,891.834133,71509.000000,5.000000
358.884719,663.325923,892.498421,77914.000000,5.000000
698.376052,536.920300,895.449181,72748.000000,5.000000
281.427083,371.804209,896.543726,74784.000000,5.000000
785.703010,255.799234,901.480801,74430.000000,5.000000
610.057497,600.605797,901.653297,73726.000000,5.000000
282.928641,709.244039,906.156342,74062.000000,5.000000
832.395354,810.023800,906.087368,75211.000000,5.000000
408.676494,806.193108,909.490866,63498.000000,5.000000
859.449462,621.359717,907.683209,74756.000000,5.000000
475.887719,835.508530,912.906435,75498.000000,5.000000
738.811838,715.315961,912.673064,69977.000000,5.000000
418.612502,731.971761,913.830939,74612.000000,5.000000
514.488078,392.250323,911.265687,62615.000000,5.000000
524.291746,887.656310,914.557207,73348.000000,5.000000
197.136751,657.125037,915.769718,66844.000000,5.000000
807.241985,455.472497,918.087588,57702.000000,5.000000
224.220011,487.018208,918.389449,73319.000000,5.000000
681.863104,918.219057,920.563212,76971.000000,5.000000
645.488538,144.542748,919.637453,75466.000000,5.000000
931.306902,496.580560,920.041283,77005.000000,5.000000
367.845516,415.673735,920.430375,71684.000000,5.000000
644.559024,332.361917,923.002488,75147.000000,5.000000
275.480744,436.500212,923.644961,70626.000000,5.000000
396.856817,931.490600,923.317165,78508.000000,5.000000
572.869326,155.810244,925.354937,59002.000000,5.000000
621.270769,486.336803,925.631676,75219.000000,5.000000
365.371204,165.161472,927.346538,74719.000000,5.000000
483.761330,666.682415,926.139737,70189.000000,5.000000
843.720480,286.361316,926.922464,69258.000000,5.000000
341.775083,756.133832,930.338847,71702.000000,5.000000
427.121584,450.014418,932.022595,67139.000000,5.000000
734.845548,300.097920,931.091010,68740.000000,5.000000
582.749475,222.386848,935.075621,73326.000000,5.000000
744.446375,189.066301,937.911503,45007.000000,5.000000
869.023001,759.334384,936.801063,80563.000000,5.000000
132.252577,664.402959,937.493202,73546.000000,5.000000
262.678098,653.662619,941.123348,69835.000000,5.000000
501.104354,257.856958,943.056673,68833.000000,5.000000
332.751997,226.172512,944.354570,78354.000000,5.000000
564.660475,358.736760,947.374413,73435.000000,5.000000
814.976477,676.930754,949.865499,57390.000000,5.000000
677.391210,198.898005,949.922349,75788.000000,5.000000
230.422477,384.404276,948.914923,69831.000000,5.000000
471.190017,540.460347,950.066793,65531.000000,5.000000
551.049902,664.793572,948.867254,69637.000000,5.000000
812.093777,588.979745,949.357446,70156.000000,5.000000
347.684192,491.063717,953.473155,70907.000000,5.000000
466.308500,947.640987,952.499872,70496.000000,5.000000
409.114485,868.398539,956.099031,69564.000000,5.000000
539.949181,950.394904,957.062814,77196.000000,5.000000
778.593978,503.382507,958.982315,77183.000000,5.000000
800.088941,843.321860,958.876485,77602.000000,5.000000
810.725054,340.401458,960.574643,69290.000000,5.000000
846.365167,528.448116,959.308462,73539.000000,5.000000
753.276427,786.539927,960.039275,75188.000000,5.000000
882.180072,694.980861,961.055937,76336.000000,5.000000
299.859936,383.740238,963.232089,75958.000000,5.000000
691.407158,837.421614,965.031865,52503.000000,5.000000
131.554609,412.166887,963.590003,73403.000000,5.000000
194.841892,442.967725,965.148451,77150.000000,5.000000
564.332167,476.088056,965.767697,66310.000000,5.000000
539.337276,570.720617,969.478193,73462.000000,5.000000
744.038359,884.844761,969.683715,69918.000000,5.000000
307.909674,704.253610,971.332456,66902.000000,5.000000
567.094611,886.793525,969.612717,72740.000000,5.000000
346.711190,590.573205,971.816145,69544.000000,5.000000
391.191586,682.490636,976.327914,61565.000000,5.000000
491.134156,407.659896,976.475482,71193.000000,5.000000
472.267852,883.386227,979.043124,73115.000000,5.000000
359.306125,916.279470,981.060769,78445.000000,5.000000
243.625208,843.172583,983.296117,66565.000000,5.000000
234.993971,525.054601,986.617511,66849.000000,5.000000
428.466083,372.465639,984.754400,74255.000000,5.000000
473.487904,735.730636,986.410203,77052.000000,5.000000
772.331617,246.186480,986.946314,77692.000000,5.000000
509.540089,126.272760,988.447097,75308.000000,5.000000
866.715898,311.786992,989.244607,80288.000000,5.000000
930.208312,509.007824,989.735573,77840.000000,5.000000
333.764574,172.660241,989.852465,72681.000000,5.000000
497.198844,801.592459,987.667834,57950.000000,5.000000
578.970636,129.420324,991.113591,75261.000000,5.000000
647.179168,144.736189,990.842844,80137.000000,5.000000
684.633537,916.907495,991.152916,72785.000000,5.000000
356.689805,805.664824,991.206429,75256.000000,5.000000
622.999453,425.440225,989.944374,51217.000000,5.000000
832.638243,775.124755,995.207977,77624.000000,5.000000
257.527736,430.247590,994.854373,70035.000000,5.000000
410.622563,142.226981,996.656492,77544.000000,5.000000
407.816040,757.869680,997.488206,76435.000000,5.000000
720.219312,175.840333,1000.287221,77073.000000,5.000000
737.725248,304.463667,1001.363313,64611.000000,5.000000
564.587574,197.132802,1000.257281,73892.000000,5.000000
463.352531,498.253011,1004.206993,70669.000000,5.000000
422.382260,924.331988,1007.006594,64150.000000,5.000000
142.360353,668.144441,1010.395261,76142.000000,5.000000
734.102892,735.660604,1015.787386,47885.000000,5.000000
330.769382,651.347349,1012.562530,73845.000000,5.000000
622.441882,893.038330,1011.607064,77799.000000,5.000000
469.116561,175.781653,1015.763944,76003.000000,5.000000
291.726396,803.057857,1016.597841,72817.000000,5.000000
270.119706,343.200083,1017.780884,79127.000000,5.000000
490.605282,942.112403,1018.001556,74562.000000,5.000000
570.995393,382.876006,1020.325112,71197.000000,5.000000
567.084016,947.957540,1022.866191,74188.000000,5.000000
886.319844,730.070386,1021.490827,68352.000000,5.000000
806.695442,487.620215,1021.604345,73976.000000,5.000000
512.869053,454.883921,1023.680110,69005.000000,5.000000
180.882859,523.990759,1030.447078,72938.000000,5.000000
384.530383,404.782635,1026.796267,66386.000000,5.000000
737.045423,848.093191,1028.650981,75930.000000,5.000000
795.621425,325.285379,1029.976212,76677.000000,5.000000
430.239946,814.211906,1032.663925,77459.000000,5.000000
517.892250,879.322073,1032.976895,76520.000000,5.000000
685.333078,487.650572,1032.460770,76880.000000,5.000000
785.144557,395.339208,1033.150337,73362.000000,5.000000
112.180856,544.707528,1036.000392,74048.000000,5.000000
507.380550,362.160002,1039.280907,63918.000000,5.000000
352.178307,758.002013,1042.244991,76015.000000,5.000000
333.964017,360.991547,1045.184331,71811.000000,5.000000
520.434078,581.603457,1042.415126,73132.000000,5.000000
587.088575,502.256375,1043.087850,67604.000000,5.000000
818.312685,825.267422,1045.097892,74276.000000,5.000000
379.352250,182.648291,1045.418899,75770.000000,5.000000
749.319577,219.040385,1047.486028,75722.000000,5.000000
284.518060,741.202066,1049.446030,71457.000000,5.000000
671.778176,175.197605,1050.270861,76759.000000,5.000000
119.419783,615.348325,1051.772948,77066.000000,5.000000
413.821395,487.501004,1050.762627,68744.000000,5.000000
250.688788,848.018632,1053.003462,73368.000000,5.000000
726.457100,427.944118,1053.530933,74872.000000,5.000000
850.999433,289.090666,1053.864102,74019.000000,5.000000
769.661816,539.291728,1052.067399,52093.000000,5.000000
499.169801,126.439493,1057.510096,76413.000000,5.000000
695.921708,912.030391,1060.302894,75614.000000,5.000000
747.248962,638.220943,1059.508566,73666.000000,5.000000
569.265192,128.520153,1060.712681,77012.000000,5.000000
579.777455,862.580847,1061.064996,75297.000000,5.000000
525.144602,266.822247,1061.657396,74176.000000,5.000000
430.556113,138.647221,1064.344581,77085.000000,5.000000
563.199731,326.770931,1064.921385,83953.000000,5.000000
621.122074,938.264181,1065.827986,74430.000000,5.000000
200.510918,794.955110,1068.094182,74738.000000,5.000000
549.542027,199.039149,1068.315353,73489.000000,5.000000
144.418032,699.182250,1074.190867,69399.000000,5.000000
448.961004,944.377463,1073.327210,74084.000000,5.000000
198.561325,284.988117,1076.240089,78092.000000,5.000000
808.448461,239.231144,1078.934303,69714.000000,5.000000
523.468976,932.044364,1078.783369,78262.000000,5.000000
717.342432,734.580845,1078.904435,75948.000000,5.000000
209.520876,484.943502,1080.474746,75613.000000,5.000000
222.719084,730.379857,1081.456595,70982.000000,5.000000
649.506175,411.450835,1083.325438,73040.000000,5.000000
845.532595,535.219615,1085.657559,76270.000000,5.000000
471.690394,879.432103,1086.303777,76859.000000,5.000000
729.958953,289.892724,1087.274885,58177.000000,5.000000
268.918347,339.494581,1087.761669,73163.000000,5.000000
691.289290,232.149740,1087.590202,73995.000000,5.000000
759.938907,875.242322,1088.827536,75181.000000,5.000000
381.976470,339.814800,1090.465458,70421.000000,5.000000
469.195857,466.976770,1091.036066,69566.000000,5.000000
279.242122,689.609911,1095.977931,73496.000000,5.000000
449.293983,793.213913,1097.367591,75984.000000,5.000000
275.249551,410.743575,1096.566333,59066.000000,5.000000
885.804082,342.934889,1100.228701,77022.000000,5.000000
729.311646,361.035846,1100.503720,77694.000000,5.000000
746.673912,808.164556,1102.176014,75403.000000,5.000000
482.326876,383.796398,1103.210450,74184.000000,5.000000
568.817249,529.391383,1107.171536,50112.000000,5.000000
630.240252,881.122493,1105.515488,75833.000000,5.000000
850.278374,634.636653,1107.146991,74188.000000,5.000000
370.993595,154.834761,1109.611261,77754.000000,5.000000
479.574256,592.488241,1109.921279,70883.000000,5.000000
121.061841,451.254733,1113.666537,74368.000000,5.000000
698.417573,553.951557,1114.481944,77287.000000,5.000000
719.567591,463.976626,1114.382474,73116.000000,5.000000
749.624541,682.758288,1113.879343,75172.000000,5.000000
810.682993,834.278717,1115.588349,72683.000000,5.000000
929.633776,603.302007,1115.090402,76071.000000,5.000000
782.046753,620.552574,1115.728925,71375.000000,5.000000
809.471966,338.434962,1118.576246,72804.000000,5.000000
376.135893,573.979882,1118.033723,70931.000000,5.000000
400.101779,476.521347,1118.739551,75654.000000,5.000000
527.913098,123.526711,1121.139869,61529.000000,5.000000
577.772159,946.204912,1119.134748,71133.000000,5.000000
357.485190,397.241108,1122.735175,67928.000000,5.000000
698.184125,877.914955,1123.179777,72679.000000,5.000000
842.783947,277.725787,1124.622496,78129.000000,5.000000
171.719244,739.473595,1125.239361,60273.000000,5.000000
377.005936,248.457804,1123.677727,72780.000000,5.000000
554.015565,646.832618,1126.232793,72021.000000,5.000000
551.598934,468.565990,1130.534696,73913.000000,5.000000
227.745079,658.433076,1129.835324,65134.000000,5.000000
135.431978,660.309044,1132.577410,75520.000000,5.000000
761.009843,200.853460,1134.899289,74669.000000,5.000000
934.152613,538.003244,1138.091627,78001.000000,5.000000
552.826689,816.576346,1141.071245,69984.000000,5.000000
558.840659,344.023935,1140.241479,70942.000000,5.000000
346.543208,308.662197,1141.581371,76225.000000,5.000000
700.552943,618.661912,1141.842048,76270.000000,5.000000
865.813995,575.365686,1142.322400,75729.000000,5.000000
783.293215,454.491767,1145.057816,67957.000000,5.000000
913.366130,664.115887,1146.932408,67730.000000,5.000000
512.663122,949.928941,1145.322454,74389.000000,5.000000
572.994496,882.310268,1149.006257,59771.000000,5.000000
225.921426,453.726209,1146.448969,74210.000000,5.000000
423.351256,870.032552,1149.729138,72070.000000,5.000000
624.683773,409.163773,1148.627469,72002.000000,5.000000
644.750980,502.193348,1149.869799,71167.000000,5.000000
433.440706,939.930724,1152.720261,76289.000000,5.000000
554.574750,275.372665,1153.995089,75953.000000,5.000000
280.943577,331.323835,1156.679623,75483.000000,5.000000
264.636714,542.642013,1158.837862,58882.000000,5.000000
757.751507,876.609660,1159.609685,79318.000000,5.000000
798.275357,388.607175,1165.996354,74318.000000,5.000000
675.217561,798.723358,1168.998158,75473.000000,5.000000
749.745335,273.166579,1170.345590,40143.000000,5.000000
635.510332,934.585073,1174.622684,76652.000000,5.000000
291.199298,606.465108,1176.526300,71807.000000,5.000000
280.486465,701.166721,1178.072482,76433.000000,5.000000
328.586584,901.516114,1176.751814,74968.000000,5.000000
435.525069,387.448759,1179.086689,75154.000000,5.000000
364.645493,156.815077,1179.970368,67866.000000,5.000000
404.208079,324.662858,1178.959105,75707.000000,5.000000
596.037558,660.234906,1183.199094,70424.000000,5.000000
439.464212,755.365024,1183.658028,65330.000000,5.000000
479.786477,648.496406,1183.840352,70386.000000,5.000000
700.085135,909.541235,1185.320118,79908.000000,5.000000
929.164764,609.614766,1185.305818,77013.000000,5.000000
117.985203,472.593021,1187.684259,77380.000000,5.000000
542.851355,572.106619,1186.930593,69575.000000,5.000000
567.581078,947.388912,1188.446881,73109.000000,5.000000
292.659980,394.753626,1186.954777,75625.000000,5.000000
320.716598,470.524683,1187.351455,72032.000000,5.000000
821.274418,252.798373,1187.649959,77331.000000,5.000000
869.487315,315.405618,1189.766622,77531.000000,5.000000
614.892027,728.455305,1188.664840,70814.000000,5.000000
223.373251,599.876429,1192.438538,77259.000000,5.000000
600.463756,534.239704,1193.615278,74108.000000,5.000000
744.264730,351.354993,1194.954941,69331.000000,5.000000
710.467501,170.355925,1192.784398,66618.000000,5.000000
413.732288,817.578604,1195.587403,71491.000000,5.000000
205.508497,496.416320,1198.978034,76028.000000,5.000000
899.103637,706.684754,1199.783298,77752.000000,5.000000
433.312935,135.236943,1200.789636,71034.000000,5.000000
339.635122,344.138500,1201.476293,76390.000000,5.000000
765.288293,212.491102,1203.238414,78049.000000,5.000000
514.705012,432.292044,1203.350558,70308.000000,5.000000
388.556570,924.336220,1203.845296,74704.000000,5.000000
361.544594,660.351104,1206.173664,73642.000000,5.000000
713.921233,413.405864,1206.608570,71083.000000,5.000000
906.041279,376.679922,1204.846589,52884.000000,5.000000
930.871301,534.889148,1209.382996,80630.000000,5.000000
547.575684,765.904183,1210.930220,76813.000000,5.000000
579.355642,406.990208,1210.981429,71080.000000,5.000000
490.016547,316.460061,1212.050269,62007.000000,5.000000
583.931423,883.092039,1214.664078,73523.000000,5.000000
791.437974,851.782719,1216.334178,76178.000000,5.000000
850.056791,660.894593,1217.607298,75118.000000,5.000000
928.325261,465.660637,1221.151774,74242.000000,5.000000
399.580613,202.153472,1224.644395,74144.000000,5.000000
728.210129,654.056175,1223.399045,54633.000000,5.000000
834.911612,373.260281,1223.715841,77228.000000,5.000000
604.895436,469.402103,1230.683200,75906.000000,5.000000
112.566049,565.678255,1233.869586,56405.000000,5.000000
206.858998,274.380185,1236.442410,76176.000000,5.000000
562.742881,274.167863,1236.260424,68377.000000,5.000000
623.518931,136.354985,1240.717748,60166.000000,5.000000
612.013030,209.941765,1238.702151,75367.000000,5.000000
659.799755,926.041854,1240.104845,78249.000000,5.000000
670.258410,591.200101,1239.777136,67126.000000,5.000000
239.546060,451.719755,1240.017620,74913.000000,5.000000
405.586599,399.561463,1242.136518,69383.000000,5.000000
919.150809,653.391814,1241.227375,75347.000000,5.000000
219.576666,549.535005,1243.112642,71048.000000,5.000000
737.226710,808.653850,1246.673505,65070.000000,5.000000
418.591249,312.727827,1245.830626,71168.000000,5.000000
412.905243,636.155707,1248.738970,63035.000000,5.000000
691.659730,268.714619,1247.001152,70306.000000,5.000000
680.742117,199.176872,1249.512940,71447.000000,5.000000
723.743376,898.442404,1250.827909,77366.000000,5.000000
593.773613,943.639170,1253.483076,75839.000000,5.000000
874.714009,434.480936,1251.821906,72282.000000,5.000000
350.126417,163.984475,1256.176823,72530.000000,5.000000
887.672256,571.330572,1254.850921,73887.000000,5.000000
221.269394,817.741703,1255.122058,75874.000000,5.000000
309.483418,740.524877,1251.926876,54729.000000,5.000000
240.506476,613.998430,1260.128501,71338.000000,5.000000
484.173477,702.142577,1259.835953,75405.000000,5.000000
510.248671,802.743296,1259.535230,68464.000000,5.000000
639.037979,382.285684,1260.189492,76700.000000,5.000000
379.593590,256.078449,1264.065546,73079.000000,5.000000
416.857821,149.679693,1270.261983,71600.000000,5.000000
768.993622,415.389248,1270.207010,68992.000000,5.000000
416.865692,775.954713,1273.711142,74746.000000,5.000000
596.282257,648.563233,1276.835450,70319.000000,5.000000
878.393110,331.460496,1277.255671,76841.000000,5.000000
438.642135,220.247636,1279.106522,72558.000000,5.000000
272.792975,295.946775,1283.543691,76411.000000,5.000000
181.185438,588.737274,1286.516574,76597.000000,5.000000
261.698883,698.023480,1286.027752,78408.000000,5.000000
672.812810,703.550434,1287.595307,73898.000000,5.000000
729.325815,360.998079,1287.813331,71335.000000,5.000000
934.988961,535.321825,1290.355992,75277.000000,5.000000
836.420499,392.563077,1291.810800,75867.000000,5.000000
902.185994,698.127014,1291.998538,71126.000000,5.000000
521.572183,563.739293,1292.444997,74041.000000,5.000000
536.812563,442.122926,1293.400132,75940.000000,5.000000
735.426549,183.221640,1291.388235,74648.000000,5.000000
639.424804,557.350750,1294.349911,72650.000000,5.000000
928.439452,611.150153,1295.682514,75956.000000,5.000000
172.071778,330.451312,1296.602866,76765.000000,5.000000
262.927732,219.439562,1296.615940,76285.000000,5.000000
330.446817,694.182029,1298.826745,73285.000000,5.000000
206.380467,392.772926,1300.736527,71457.000000,5.000000
402.626690,931.730318,1299.917083,77354.000000,5.000000
212.651639,267.445102,1305.925808,77434.000000,5.000000
549.672828,949.545813,1307.008066,74881.000000,5.000000
614.884467,137.663605,1309.546975,76636.000000,5.000000
900.979976,467.961535,1310.582949,70766.000000,5.000000
832.444576,483.245663,1309.335434,75058.000000,5.000000
117.693660,604.207297,1310.897668,74796.000000,5.000000
682.202595,404.124509,1312.369365,61048.000000,5.000000
849.631049,590.203783,1311.286999,72847.000000,5.000000
135.177623,669.986179,1316.563812,61501.000000,5.000000
252.488822,475.586556,1316.206598,72595.000000,5.000000
904.473384,381.703050,1317.164415,75218.000000,5.000000
802.886829,839.401261,1317.924172,77847.000000,5.000000
719.561857,488.387522,1322.796027,73250.000000,5.000000
203.988511,677.910767,1322.823405,76418.000000,5.000000
603.811393,503.455093,1324.411876,70713.000000,5.000000
141.414486,384.917439,1328.235467,76707.000000,5.000000
458.743285,766.420626,1329.440512,75730.000000,5.000000
400.560932,359.359904,1331.405307,63653.000000,5.000000
463.901901,945.784143,1332.013239,72437.000000,5.000000
879.063564,530.176101,1331.602310,74020.000000,5.000000
405.970836,866.179080,1334.936152,58326.000000,5.000000
462.979218,462.926555,1338.317549,75689.000000,5.000000
492.557733,878.181346,1338.665384,74333.000000,5.000000
712.001645,903.321022,1340.097451,72344.000000,5.000000
339.968149,779.118815,1340.753133,75571.000000,5.000000
583.115734,195.004710,1340.484543,60717.000000,5.000000
609.609203,940.255105,1342.104387,78803.000000,5.000000
878.839795,747.166112,1342.692674,75672.000000,5.000000
229.585520,573.525437,1344.794454,67873.000000,5.000000
305.272766,304.323926,1345.149593,74903.000000,5.000000
428.272590,135.497203,1348.072660,77057.000000,5.000000
535.426251,779.629173,1349.058787,74625.000000,5.000000
933.748150,570.034459,1351.191708,72579.000000,5.000000
560.347939,126.960888,1353.803578,79925.000000,5.000000
809.333230,737.122146,1355.048817,77391.000000,5.000000
739.683609,747.367910,1358.824188,78106.000000,5.000000
487.992167,196.648481,1358.514406,76599.000000,5.000000
199.623481,310.096010,1364.967752,59973.000000,5.000000
554.607955,900.835135,1360.973162,76050.000000,5.000000
756.812475,440.772959,1361.826512,72097.000000,5.000000
336.469561,904.383057,1363.572072,76597.000000,5.000000
791.245932,501.567234,1363.381206,74419.000000,5.000000
932.208196,498.862617,1365.886650,77768.000000,5.000000
452.420543,827.640561,1364.763351,74021.000000,5.000000
829.071153,441.529575,1365.973047,69231.000000,5.000000
116.836330,541.138318,1369.742348,72695.000000,5.000000
256.699102,349.077981,1368.827180,77468.000000,5.000000
407.914543,933.413645,1369.909693,74634.000000,5.000000
254.301898,671.936674,1371.161471,76082.000000,5.000000
320.870646,836.105239,1375.379964,70991.000000,5.000000
841.779997,798.811570,1374.198967,76299.000000,5.000000
692.666505,366.604040,1374.158602,74154.000000,5.000000
634.335714,148.949789,1376.049485,72952.000000,5.000000
493.192847,125.481812,1374.138026,75189.000000,5.000000
194.410034,517.941575,1377.392401,73667.000000,5.000000
379.023631,490.388193,1381.316491,75326.000000,5.000000
656.688775,904.167903,1381.555404,77783.000000,5.000000
386.583445,811.041986,1382.268196,76787.000000,5.000000
587.323001,628.786839,1380.515056,64294.000000,5.000000
913.893774,428.930503,1380.941679,76507.000000,5.000000
240.439869,464.616059,1381.111966,63528.000000,5.000000
308.076216,440.786003,1383.950131,77202.000000,5.000000
636.987880,452.720581,1386.945791,73678.000000,5.000000
539.329222,481.990267,1390.657232,72638.000000,5.000000
498.499919,948.836520,1391.760239,74174.000000,5.000000
375.917492,382.441605,1393.862075,74381.000000,5.000000
334.477516,579.470326,1395.635569,74121.000000,5.000000
602.377334,861.574317,1394.905754,77499.000000,5.000000
455.786375,889.615417,1397.502250,78212.000000,5.000000
260.867494,529.385777,1397.818319,75974.000000,5.000000
346.689313,319.460011,1404.943917,70431.000000,5.000000
585.622303,944.635764,1407.381714,76670.000000,5.000000
415.695940,266.331834,1410.301477,65816.000000,5.000000
695.144097,161.364889,1407.930599,69106.000000,5.000000
263.391940,859.527538,1411.962675,65237.000000,5.000000
162.458672,733.776102,1416.981045,78978.000000,5.000000
874.949560,753.645496,1416.101599,76507.000000,5.000000
286.032609,385.626950,1422.013898,75837.000000,5.000000
934.099769,567.334165,1421.532757,76136.000000,5.000000
605.186950,716.670570,1422.188714,75400.000000,5.000000
731.725486,338.940543,1428.895343,75752.000000,5.000000
482.157756,254.805659,1427.801199,71750.000000,5.000000
666.691633,779.840008,1430.986613,71710.000000,5.000000
932.366154,497.559733,1435.504725,73226.000000,5.000000
452.332313,943.217301,1443.398671,70888.000000,5.000000
260.601521,644.290561,1444.192448,77309.000000,5.000000
685.833884,915.917130,1444.502132,77157.000000,5.000000
606.731289,810.548421,1444.583650,75278.000000,5.000000
920.903284,429.866111,1450.930989,78901.000000,5.000000
792.840449,566.837014,1450.230960,75117.000000,5.000000
821.525836,480.771031,1450.832469,73831.000000,5.000000
316.445305,182.975879,1450.413477,76159.000000,5.000000
400.841539,321.505210,1450.059732,75337.000000,5.000000
839.448566,802.318695,1452.420652,76807.000000,5.000000
236.087523,565.494932,1453.014662,73798.000000,5.000000
253.327601,486.446147,1453.248791,76932.000000,5.000000
306.109137,566.371390,1458.078237,69353.000000,5.000000
550.964306,313.644663,1464.460359,58778.000000,5.000000
656.062476,688.238388,1462.050707,71627.000000,5.000000
606.032189,261.169705,1466.501812,71483.000000,5.000000
663.835175,853.603719,1469.260919,76196.000000,5.000000
823.785374,710.733050,1470.433737,72242.000000,5.000000
369.792619,531.993659,1468.668436,73488.000000,5.000000
668.519662,150.273577,1471.050122,76494.000000,5.000000
335.831066,338.737725,1471.265357,67494.000000,5.000000
894.325568,717.955225,1472.815840,78638.000000,5.000000
743.842740,759.073656,1476.050190,67544.000000,5.000000
827.300608,622.589566,1475.048107,78970.000000,5.000000
928.667818,613.888483,1476.641641,76401.000000,5.000000
500.144185,782.117885,1476.394552,76388.000000,5.000000
430.197116,789.488305,1477.180172,74007.000000,5.000000
148.506418,704.598933,1479.688175,66919.000000,5.000000
212.763486,683.037847,1483.644903,72186.000000,5.000000
495.854801,511.051357,1483.089141,69553.000000,5.000000
622.635843,938.039565,1483.683899,74435.000000,5.000000
898.771386,372.833982,1484.634483,77865.000000,5.000000
553.091268,735.271671,1485.488183,68929.000000,5.000000
934.090032,545.259000,1488.923006,69031.000000,5.000000
298.533192,446.161583,1488.937833,74686.000000,5.000000
346.180625,240.520511,1490.984982,73910.000000,5.000000
390.227205,596.801671,1491.617391,74316.000000,5.000000
411.739258,271.650830,1499.085926,75542.000000,5.000000
487.328054,251.467862,1499.075797,75768.000000,5.000000
339.701531,643.800706,1501.961009,73093.000000,5.000000
871.165638,571.938995,1501.732900,75043.000000,5.000000
229.810606,442.310421,1502.681162,70092.000000,5.000000
930.165600,475.992224,1505.064554,76262.000000,5.000000
125.859392,641.352419,1505.620025,77442.000000,5.000000
175.445949,320.278620,1504.942616,66151.000000,5.000000
404.286483,732.176475,1506.648057,74549.000000,5.000000
752.085172,880.857606,1509.445939,75600.000000,5.000000
721.525252,818.677373,1510.814373,73540.000000,5.000000
856.144710,292.807372,1509.884779,75316.000000,5.000000
610.514807,319.219321,1510.765779,69665.000000,5.000000
271.686221,657.499433,1513.104153,75840.000000,5.000000
443.806007,935.661306,1513.654053,72384.000000,5.000000
213.855142,617.261521,1512.467949,77814.000000,5.000000
234.896138,361.257926,1513.919843,75514.000000,5.000000
690.590303,913.985466,1514.454329,76581.000000,5.000000
341.001727,790.233451,1514.047062,74688.000000,5.000000
303.077019,381.810065,1515.718053,74436.000000,5.000000
523.189103,451.955094,1517.039246,70147.000000,5.000000
312.506833,714.558600,1520.268345,73618.000000,5.000000
508.597792,672.856016,1520.956759,74536.000000,5.000000
522.340996,356.024282,1521.585326,64945.000000,5.000000
654.275724,805.069187,1522.552911,75202.000000,5.000000
626.852407,878.751453,1522.610701,76589.000000,5.000000
499.152648,124.466115,1524.239950,75520.000000,5.000000
284.572601,871.418270,1525.534271,78215.000000,5.000000
145.409323,376.921661,1528.945844,77037.000000,5.000000
316.971514,179.428429,1528.430434,74318.000000,5.000000
465.357596,824.894352,1528.438149,66466.000000,5.000000
633.530202,138.294390,1530.618576,76154.000000,5.000000
465.884485,756.430116,1531.095668,70839.000000,5.000000
592.084547,691.798552,1529.041618,71676.000000,5.000000
260.606033,219.688814,1533.870730,71610.000000,5.000000
212.216885,268.913934,1535.381589,78498.000000,5.000000
846.936453,398.796865,1534.724399,76353.000000,5.000000
810.640466,585.351875,1537.150802,76385.000000,5.000000
913.267978,416.552403,1536.212011,59643.000000,5.000000
438.021167,582.593143,1541.770002,74692.000000,5.000000
887.363124,343.266722,1547.063662,77519.000000,5.000000
406.071198,789.603633,1546.594169,77446.000000,5.000000
573.303559,946.015933,1548.240536,66277.000000,5.000000
528.340143,184.337767,1550.417770,74498.000000,5.000000
695.693874,163.263881,1551.012124,65901.000000,5.000000
492.316667,537.380821,1550.124489,56302.000000,5.000000
501.702717,949.080621,1550.687782,74794.000000,5.000000
568.758533,126.285623,1553.355047,76818.000000,5.000000
375.060227,151.415890,1553.214696,72144.000000,5.000000
621.183411,751.343951,1555.137101,77607.000000,5.000000
934.091117,564.870990,1554.701967,71227.000000,5.000000
167.437867,739.230687,1556.919850,75596.000000,5.000000
705.463287,770.898764,1559.715861,65767.000000,5.000000
227.432287,702.957260,1558.826777,74661.000000,5.000000
117.852308,597.354766,1560.037346,76876.000000,5.000000
470.694261,887.547713,1561.306168,72297.000000,5.000000
773.960999,458.563258,1557.191236,73485.000000,5.000000
461.168690,199.963312,1560.306218,74385.000000,5.000000
810.702950,239.031471,1561.030133,74735.000000,5.000000
126.191851,437.589196,1561.817204,76528.000000,5.000000
361.005134,222.028556,1562.323366,76551.000000,5.000000
440.739640,132.660326,1562.533150,77074.000000,5.000000
623.227420,198.791184,1563.371983,71436.000000,5.000000
639.878885,931.283761,1563.373659,57499.000000,5.000000
136.664203,675.274799,1566.533032,75215.000000,5.000000
387.060545,534.031636,1567.296517,62681.000000,5.000000
244.225672,445.873869,1572.235270,69499.000000,5.000000
168.933118,329.463701,1574.010266,77151.000000,5.000000
205.518108,389.926809,1572.234343,68451.000000,5.000000
305.557453,804.290259,1572.290043,74182.000000,5.000000
370.006737,290.952261,1573.545579,74070.000000,5.000000
687.571042,226.430578,1573.077640,69114.000000,5.000000
932.345324,490.499722,1573.650755,71918.000000,5.000000
238.988626,324.445780,1573.947896,71569.000000,5.000000
247.352318,842.616056,1578.441380,70479.000000,5.000000
793.698813,332.785957,1578.636107,76723.000000,5.000000
854.875929,289.970524,1580.028892,75247.000000,5.000000
173.575556,558.844614,1577.634946,71847.000000,5.000000
274.780858,383.368816,1579.323136,71716.000000,5.000000
555.195166,260.286756,1580.004934,76002.000000,5.000000
751.565379,191.570467,1580.476235,73510.000000,5.000000
184.336802,482.881815,1580.565061,73224.000000,5.000000
407.138367,669.964973,1581.064315,74570.000000,5.000000
848.481433,452.536301,1580.833647,74943.000000,5.000000
437.276581,311.742978,1582.815804,71527.000000,5.000000
115.252060,503.242105,1584.751594,79358.000000,5.000000
552.882899,562.919787,1584.750131,68804.000000,5.000000
316.820224,730.903581,1587.789264,73419.000000,5.000000
206.861643,787.363239,1596.004788,57648.000000,5.000000
511.376942,124.091943,1593.451574,70881.000000,5.000000
573.127534,716.898563,1592.785759,68703.000000,5.000000
291.246478,197.034119,1593.530086,78725.000000,5.000000
419.274694,245.468732,1593.471377,74836.000000,5.000000
673.970200,703.122054,1592.973957,71075.000000,5.000000
324.467941,338.131890,1597.232030,74706.000000,5.000000
234.322857,244.916723,1597.387862,78809.000000,5.000000
487.805234,250.804716,1598.144043,67563.000000,5.000000
620.334407,135.017550,1599.568306,72651.000000,5.000000
849.981014,370.271713,1599.031371,74369.000000,5.000000
828.531220,526.595919,1599.461267,72134.000000,5.000000
335.896215,407.647682,1602.397896,73479.000000,5.000000
613.089188,294.535768,1600.992701,76591.000000,5.000000
759.517506,273.202664,1601.798242,73945.000000,5.000000
310.200625,264.720372,1602.841159,74288.000000,5.000000
390.677002,359.925781,1603.456634,75601.000000,5.000000
456.965381,944.124532,1604.959388,73427.000000,5.000000
695.874569,430.766276,1604.241572,74160.000000,5.000000
709.433042,548.076572,1605.569270,75249.000000,5.000000
794.874448,413.018546,1605.638725,74893.000000,5.000000
276.647328,675.951230,1605.571206,71806.000000,5.000000
912.317019,400.737738,1607.356448,77049.000000,5.000000
141.870181,385.961694,1606.465862,76645.000000,5.000000
207.877084,617.027131,1607.185835,74270.000000,5.000000
544.935625,324.228637,1607.475323,74625.000000,5.000000
401.917417,428.515211,1608.834820,73005.000000,5.000000
751.822901,604.545502,1608.835526,75404.000000,5.000000
388.601188,767.347370,1609.702706,63644.000000,5.000000
474.320348,363.187794,1609.941745,70620.000000,5.000000
537.008001,949.479416,1610.198473,73869.000000,5.000000
448.723772,812.854451,1610.560431,72223.000000,5.000000
578.866286,477.669547,1612.124658,67689.000000,5.000000
732.031403,336.466137,1611.989109,72350.000000,5.000000
382.057780,611.944842,1614.650724,72447.000000,5.000000
623.006529,532.150849,1616.004910,75360.000000,5.000000
348.199687,163.693599,1616.303140,74817.000000,5.000000
902.104925,573.117608,1616.208154,74272.000000,5.000000
537.634779,202.486353,1618.182535,59134.000000,5.000000
749.705129,706.563940,1618.808491,72357.000000,5.000000
494.714842,459.028494,1620.613798,72998.000000,5.000000
678.954424,167.956682,1618.713014,70871.000000,5.000000
125.301817,631.078452,1624.182451,64549.000000,5.000000
643.478707,760.542751,1621.240411,75683.000000,5.000000
113.653414,561.863602,1622.331289,73872.000000,5.000000
323.258960,471.788811,1625.729933,69142.000000,5.000000
407.738587,496.469870,1624.909925,71607.000000,5.000000
514.914209,759.411820,1625.611755,74064.000000,5.000000
834.976229,591.938471,1629.101905,69918.000000,5.000000
876.870415,740.635750,1626.211461,76884.000000,5.000000
237.304755,486.648603,1627.148988,72724.000000,5.000000
472.224766,877.081321,1629.885819,76475.000000,5.000000
191.323239,431.071312,1627.500612,74363.000000,5.000000
123.334681,449.090223,1631.344774,76189.000000,5.000000
263.099435,775.613766,1631.398668,55091.000000,5.000000
799.813891,652.646733,1630.959910,74881.000000,5.000000
788.783513,477.444285,1630.861179,71704.000000,5.000000
189.017586,297.255121,1631.827538,72103.000000,5.000000
228.467192,361.419763,1633.044454,74616.000000,5.000000
604.425547,195.754820,1634.966815,59756.000000,5.000000
362.437985,229.244739,1630.959951,62299.000000,5.000000
712.437263,764.834580,1634.924689,75952.000000,5.000000
524.943523,650.178395,1635.664785,75092.000000,5.000000
176.104129,523.764994,1637.452673,76415.000000,5.000000
259.299726,297.113029,1638.132283,77334.000000,5.000000
397.147185,295.282745,1638.132916,71835.000000,5.000000
271.325849,425.351859,1637.709748,64668.000000,5.000000
271.818146,862.933387,1636.597964,50876.000000,5.000000
332.109712,792.570351,1639.437088,76218.000000,5.000000
805.329063,837.990795,1640.774416,73764.000000,5.000000
673.353247,657.329515,1644.516706,45045.000000,5.000000
773.574134,544.270328,1639.970908,66582.000000,5.000000
425.659607,695.483097,1643.608192,73656.000000,5.000000
583.425952,581.623096,1644.225967,69320.000000,5.000000
657.022408,585.371358,1645.789038,75644.000000,5.000000
575.492148,258.394689,1647.866143,64509.000000,5.000000
740.545492,397.449326,1647.923145,74881.000000,5.000000
810.252710,734.704686,1648.268021,74453.000000,5.000000
608.340893,646.817137,1648.101609,70151.000000,5.000000
277.163776,621.170565,1648.747561,70108.000000,5.000000
263.439991,214.327481,1652.822627,60883.000000,5.000000
512.997963,398.905396,1654.650615,69236.000000,5.000000
167.320767,590.240021,1658.665463,76685.000000,5.000000
437.497712,396.117635,1655.735216,45675.000000,5.000000
564.873564,702.257279,1660.808343,72400.000000,5.000000
451.274074,758.365127,1663.781140,72101.000000,5.000000
490.573104,815.465121,1666.407659,56194.000000,5.000000
399.499422,805.288775,1666.098930,67492.000000,5.000000
113.762957,510.298093,1665.432439,60508.000000,5.000000
428.622353,938.230606,1668.030234,73823.000000,5.000000
850.068850,790.301903,1668.200040,74365.000000,5.000000
153.873395,357.878047,1669.308950,74381.000000,5.000000
581.540437,517.072012,1670.254520,72780.000000,5.000000
591.906796,765.953626,1668.480647,74589.000000,5.000000
634.492526,704.636569,1674.176196,49638.000000,5.000000
545.483155,457.632392,1669.907934,67202.000000,5.000000
739.781088,632.246714,1672.339266,44278.000000,5.000000
708.314984,707.070452,1674.263231,65832.000000,5.000000
410.270564,633.433502,1674.644896,71303.000000,5.000000
664.545100,800.263339,1674.830718,73658.000000,5.000000
389.606224,453.695543,1675.146350,68384.000000,5.000000
933.901928,581.893036,1678.167236,76138.000000,5.000000
431.049429,865.005562,1684.030855,65629.000000,5.000000
772.638159,688.436062,1685.948980,73618.000000,5.000000
475.995598,450.877492,1684.471787,64510.000000,5.000000
125.957788,634.526899,1691.831931,62754.000000,5.000000
444.219242,803.244738,1717.504833,71697.000000,5.000000
601.380566,465.645990,1716.645752,50459.000000,5.000000
535.913154,411.229323,1721.766719,61638.000000,5.000000
428.461907,491.970249,1720.965469,66115.000000,5.000000
431.319653,421.466221,1729.006689,42008.000000,5.000000
521.170310,485.439559,1730.202336,60795.000000,5.000000
586.474454,943.125609,1791.771525,73124.000000,5.000000
