145.598405,560.752669,493.678386,1.000100,891266.117703
161.078171,422.990378,486.892008,1.000100,769891.981502
227.301519,301.776917,476.211368,1.000100,570133.007601
216.242236,765.651816,456.057782,1.000100,44828.482400
237.436979,667.243229,455.899805,1.000100,15361.536000
219.733333,556.066667,451.266667,1.000100,15.001500
241.087050,604.741000,471.594123,1.000100,72115.210800
225.000000,549.500000,451.000000,1.000100, 2.000200
250.101370,476.136427,474.907608,1.000100,65499.549300
266.046369,863.117894,463.928256,1.000100,50211.020600
275.835216,402.426350,461.007473,1.000100,41355.135100
296.092228,533.542120,456.570543,1.000100,18401.840000
286.136227,738.291998,476.950219,1.000100,73891.388400
334.088041,209.634024,479.668219,1.000100,627382.732001
304.028877,673.345386,464.978351,1.000100,57144.713900
303.244348,463.871014,452.833333,1.000100,3450.345000
320.011034,899.055736,453.901118,1.000100,7069.706900
326.821407,353.912112,460.613910,1.000100,38336.833300
325.161432,825.075509,454.484133,1.000100,6145.614500
342.446746,420.087117,470.493108,1.000100,72415.240800
372.863105,596.700265,458.271372,1.000100,89317.930900
348.563734,737.726212,451.324057,1.000100,1114.111400
346.743590,309.410256,451.179487,1.000100,39.003900
358.000000,284.875000,451.000000,1.000100,16.001600
371.699734,679.434753,476.015226,1.000100,72646.263900
365.202703,133.658784,452.783784,1.000100,296.029600
393.363221,502.313475,462.193924,1.000100,44671.466700
370.000000,372.678571,454.833333,1.000100,84.008400
393.230476,888.605145,454.433499,1.000100,8669.866900
400.942754,801.473706,463.550578,1.000100,53249.324400
379.511236,302.870787,452.494382,1.000100,178.017800
400.145824,343.720447,453.180968,1.000100,4382.438200
389.694045,268.981520,454.451745,1.000100,487.048700
402.749661,417.252374,460.748982,1.000100,1474.147400
424.576746,147.570046,469.592779,1.000100,69860.985400
427.522626,718.902298,462.899488,1.000100,46257.625300
408.958763,297.360825,452.113402,1.000100,97.009700
470.147669,242.996261,476.397678,1.000100,563776.372001
434.998107,943.157893,461.234604,1.000100,42254.225000
410.444444,386.111111,451.333333,1.000100,18.001800
435.877187,651.918698,478.030263,1.000100,74421.441400
453.788399,410.510893,455.956498,1.000100,14552.455100
450.814993,846.692645,453.888543,1.000100,7070.707000
437.302885,319.971154,453.257212,1.000100,416.041600
454.500142,535.236040,453.768661,1.000100,7020.702000
471.318687,344.816162,452.245455,1.000100,1980.198000
482.224534,765.968045,470.337932,1.000100,68508.850200
470.962963,136.703704,452.659259,1.000100,135.013500
489.520205,484.320019,471.249252,1.000100,68527.852100
482.827586,107.871581,454.004756,1.000100,841.084100
501.965527,579.661819,460.867716,1.000100,27647.764500
503.532461,951.498450,469.742173,1.000100,70337.033000
496.545918,707.523469,451.793878,1.000100,980.098000
507.546433,858.895752,475.906718,1.000100,74512.450500
496.363636,130.045455,452.272727,1.000100,22.002200
503.500000,525.000000,451.000000,1.000100, 4.000400
507.797940,426.170672,464.632173,1.000100,2039.203900
527.443595,805.414408,454.436298,1.000100,8634.863400
533.430428,161.100158,452.682726,1.000100,3155.315500
541.917738,351.973802,456.829950,1.000100,18819.881800
548.232576,744.312937,465.953053,1.000100,59263.925800
526.000000,402.000000,452.000000,1.000100, 3.000300
532.891407,621.987724,456.510859,1.000100,1059.105900
539.954128,483.229358,452.880734,1.000100,109.010900
598.087164,907.394444,473.621085,1.000100,502345.229501
551.798206,583.022422,454.140508,1.000100,669.066900
555.245498,108.331754,455.477725,1.000100,1055.105500
564.059382,511.128266,451.323040,1.000100,421.042100
561.717391,461.068841,460.514493,1.000100,828.082800
571.219469,647.826549,453.592920,1.000100,565.056500
594.410666,687.760771,454.699207,1.000100,9957.995700
596.508996,282.379890,466.924261,1.000100,57756.775100
577.000000,553.611111,451.000000,1.000100,18.001800
636.158496,181.561517,471.402365,1.000100,435966.592301
593.634522,601.789091,477.024553,1.000100,66352.634600
590.312500,110.187500,451.000000,1.000100,16.001600
592.000000,769.000000,451.000000,1.000100, 3.000300
609.404898,479.777905,481.362144,1.000100,67297.729100
630.452624,739.831310,467.949594,1.000100,65831.582500
630.906769,660.872286,456.240102,1.000100,783.078300
627.285714,573.714286,453.571429,1.000100, 7.000700
651.199104,817.753110,467.098347,1.000100,52259.225400
650.991203,325.303540,475.443620,1.000100,76399.639200
667.619978,596.767283,462.778291,1.000100,47246.724200
655.000337,425.610459,480.007258,1.000100,65311.530500
653.253731,368.860697,454.579602,1.000100,402.040200
676.682560,508.400090,469.316188,1.000100,51136.113100
684.454881,669.386300,471.978710,1.000100,73235.322800
674.516129,709.322581,451.322581,1.000100,31.003100
697.079003,762.030919,468.128813,1.000100,67181.717500
679.238095,253.333333,451.333333,1.000100,21.002100
704.821577,905.829790,460.305057,1.000100,37868.786500
690.000000,305.000000,451.520000,1.000100,25.002500
701.355721,813.504975,457.076700,1.000100,2412.241200
708.095238,710.642857,451.595238,1.000100,42.004200
728.060077,326.003436,471.626842,1.000100,73646.363900
754.122068,242.228031,455.994839,1.000100,43406.340200
719.112745,585.308824,452.137255,1.000100,204.020400
731.124294,482.864407,451.299435,1.000100,354.035400
748.339842,546.384264,459.961210,1.000100,34625.462200
747.514986,426.453197,467.134015,1.000100,65066.506000
740.345934,841.249509,478.456851,1.000100,75848.584100
734.872340,797.496454,452.283688,1.000100,141.014100
733.930140,639.242315,464.221158,1.000100,2505.250500
744.012121,754.430303,451.951515,1.000100,165.016500
742.567901,368.506173,452.493827,1.000100,81.008100
755.138224,715.616369,476.893608,1.000100,78387.838000
747.181287,597.315789,453.093567,1.000100,171.017100
756.185185,677.851852,451.592593,1.000100,27.002700
775.459398,630.676326,453.740668,1.000100,6108.610800
783.048232,342.750950,452.878106,1.000100,3421.342100
787.886364,677.204545,451.159091,1.000100,44.004400
793.000000,471.000000,451.000000,1.000100, 1.000100
796.903704,502.546667,456.854815,1.000100,675.067500
796.200000,531.533333,451.000000,1.000100,15.001500
799.921533,715.500000,453.974453,1.000100,548.054800
805.966847,817.243163,480.737813,1.000100,75808.580100
797.381471,436.247956,457.378747,1.000100,367.036700
803.855000,601.080000,454.935000,1.000100,400.040000
869.987863,398.036796,475.648597,1.000100,539320.926701
835.201607,561.152849,466.564130,1.000100,61740.173400
813.089855,681.930435,460.446377,1.000100,345.034500
815.733333,463.233333,451.000000,1.000100,30.003000
813.500000,660.000000,451.000000,1.000100, 2.000200
817.000000,660.000000,451.000000,1.000100, 1.000100
832.231760,613.454936,452.060086,1.000100,233.023300
846.613243,791.806998,452.532355,1.000100,2658.265800
843.835920,642.413525,453.065410,1.000100,902.090200
842.091816,671.568862,455.337325,1.000100,501.050100
855.419048,603.704762,457.650794,1.000100,315.031500
873.173006,680.608589,454.971166,1.000100,1630.163000
901.347219,538.577173,470.491448,1.000100,69694.968800
886.620833,769.154167,451.925000,1.000100,240.024000
886.941904,653.301607,455.615575,1.000100,809.080900
897.500000,610.000000,451.000000,1.000100, 4.000400
898.221154,694.253205,459.455128,1.000100,312.031200
905.444444,630.444444,452.000000,1.000100, 9.000900
916.707025,468.041854,454.696562,1.000100,669.066900
923.815385,608.263462,455.800000,1.000100,520.052000
929.776243,679.295580,452.715470,1.000100,362.036200
941.604336,442.124661,452.872629,1.000100,369.036900
945.100000,473.633333,451.533333,1.000100,30.003000
951.790000,541.826667,453.820000,1.000100,300.030000
949.718254,593.424603,458.333333,1.000100,504.050400
954.111111,572.000000,451.000000,1.000100, 9.000900
771.972637,379.139303,460.310945,1.000100,402.040200
528.000000,401.000000,454.000000,1.000100, 1.000100
905.000000,632.000000,455.000000,1.000100, 1.000100
354.253012,530.879518,460.084337,1.000100,83.008300
542.523659,194.936909,463.779180,1.000100,317.031700
593.759358,769.529412,461.812834,1.000100,187.018700
419.526050,547.252101,463.764706,1.000100,595.059500
549.500000,662.500000,458.750000,1.000100, 4.000400
618.000000,783.000000,458.000000,1.000100, 1.000100
617.923077,787.961538,460.615385,1.000100,26.002600
772.867725,588.000000,461.497354,1.000100,189.018900
877.000000,487.000000,458.000000,1.000100, 1.000100
904.040268,632.785235,464.167785,1.000100,149.014900
436.791429,346.111429,463.257143,1.000100,350.035000
339.013966,783.536096,485.509012,1.000100,64806.480000
563.074324,141.891892,465.150000,1.000100,740.074000
575.343018,809.065182,486.131687,1.000100,76347.634000
674.297959,280.302041,465.183673,1.000100,245.024500
765.000000,499.000000,460.000000,1.000100, 1.000100
178.615167,694.836516,521.305901,1.000100,984170.407203
496.303305,380.737122,486.075976,1.000100,70108.010100
762.168675,479.180723,465.072289,1.000100,83.008300
837.919604,494.471482,486.927251,1.000100,76379.637200
551.273857,546.872734,489.579804,1.000100,63762.375600
641.305732,264.910828,464.343949,1.000100,157.015700
712.290419,370.673653,466.248503,1.000100,334.033400
767.500000,499.000000,462.500000,1.000100, 4.000400
846.817510,729.304112,523.609382,1.000100,992103.200403
901.797844,587.636119,467.012129,1.000100,742.074200
314.899225,568.488372,467.930233,1.000100,129.012900
377.335338,758.666165,468.082707,1.000100,665.066500
501.757790,161.885269,468.349858,1.000100,706.070600
593.379919,362.507688,488.750974,1.000100,72654.264700
587.277778,526.555556,464.888889,1.000100,18.001800
637.000000,383.000000,463.333333,1.000100, 3.000300
774.127907,665.406977,467.065891,1.000100,258.025800
910.181818,654.818182,466.181818,1.000100,11.001100
939.111111,639.814815,463.666667,1.000100,27.002700
950.929260,516.266881,468.998928,1.000100,933.093300
334.627907,543.395349,465.860465,1.000100,43.004300
445.034737,582.386307,487.625378,1.000100,56486.648100
636.000000,380.000000,464.000000,1.000100, 1.000100
759.490942,769.625000,468.496377,1.000100,552.055200
366.485647,852.276752,492.174545,1.000100,59365.936000
488.281481,538.803704,470.718519,1.000100,810.081000
645.855140,639.113707,469.214953,1.000100,642.064200
700.369684,250.978190,469.898582,1.000100,917.091700
709.258359,473.887538,468.528875,1.000100,329.032900
736.301001,187.871691,490.638396,1.000100,62215.220900
879.142523,603.219626,468.665888,1.000100,428.042800
323.874710,489.718251,492.472351,1.000100,68599.859300
420.699746,308.727735,470.165394,1.000100,393.039300
520.962769,701.888307,472.531704,1.000100,1719.171900
579.420428,115.961995,473.839905,1.000100,2105.210500
605.007335,430.514670,471.716381,1.000100,818.081800
704.568627,222.274510,471.333333,1.000100,51.005100
902.514451,488.393064,469.427746,1.000100,173.017300
373.730739,924.791323,492.608213,1.000100,75885.587800
428.884473,455.443218,490.920533,1.000100,69834.982800
452.197802,370.120879,470.725275,1.000100,91.009100
502.690627,640.807211,491.947539,1.000100,68952.894600
525.207697,126.598265,492.174680,1.000100,72637.263000
733.461538,668.390110,469.686813,1.000100,182.018200
789.143114,769.423353,474.146707,1.000100,1670.167000
814.900626,632.926966,491.859353,1.000100,74342.433500
916.464706,715.535294,470.258824,1.000100,170.017000
540.333333,389.657210,473.323877,1.000100,423.042300
557.612245,172.857143,472.326531,1.000100,49.004900
945.503257,619.249186,472.684039,1.000100,614.061400
263.545455,695.848485,470.469697,1.000100,66.006600
298.325800,441.158192,474.214689,1.000100,531.053100
306.502606,611.832897,493.301296,1.000100,70227.022000
545.977925,602.331126,473.216336,1.000100,453.045300
735.191157,473.481144,475.205462,1.000100,769.076900
759.941176,607.725490,472.032680,1.000100,153.015300
418.555556,364.355556,473.133333,1.000100,45.004500
461.399491,820.048346,475.659033,1.000100,393.039300
531.692308,450.461538,472.076923,1.000100,26.002600
781.824373,458.985663,473.430108,1.000100,279.027900
792.111111,544.115226,474.316872,1.000100,243.024300
429.215578,880.069394,496.054210,1.000100,73702.369500
558.948718,635.435897,473.820513,1.000100,39.003900
563.044538,426.261452,496.628180,1.000100,66982.697600
791.000000,400.000000,471.000000,1.000100, 1.000100
792.730337,482.026217,474.838951,1.000100,267.026700
236.693904,384.517510,476.913100,1.000100,771.077100
425.200000,364.100000,473.200000,1.000100,10.001000
431.519149,765.182979,474.987234,1.000100,235.023500
479.069307,435.673267,476.366337,1.000100,101.010100
548.510714,970.575000,475.617857,1.000100,280.028000
726.285714,277.109890,475.615385,1.000100,91.009100
924.184615,692.323077,475.553846,1.000100,65.006500
948.115901,557.621501,478.706607,1.000100,1786.178600
390.931677,365.689441,476.515528,1.000100,161.016100
416.932331,334.909774,477.733835,1.000100,665.066500
542.534006,309.315393,497.223056,1.000100,75199.519200
671.681818,258.409091,477.090909,1.000100,22.002200
703.465909,147.582386,478.244318,1.000100,352.035200
861.914439,626.470588,476.443850,1.000100,187.018700
376.272727,142.727273,475.181818,1.000100,11.001100
449.284722,324.187500,478.555556,1.000100,288.028800
740.386256,786.514218,479.424171,1.000100,422.042200
419.909320,396.541562,479.337531,1.000100,397.039700
431.304478,833.432836,479.325373,1.000100,335.033500
502.649254,332.600746,479.300373,1.000100,536.053600
696.526882,393.911290,478.814516,1.000100,372.037200
888.000000,666.666667,477.500000,1.000100, 6.000600
518.000000,179.200000,476.400000,1.000100, 5.000500
533.053388,786.299795,480.215606,1.000100,487.048700
538.994949,502.838384,480.217172,1.000100,198.019800
679.125000,719.750000,476.250000,1.000100, 8.000800
791.421897,275.893449,536.362502,1.000100,978761.866403
932.000000,576.000000,476.500000,1.000100, 2.000200
310.522276,894.560318,503.152115,1.000100,74661.465400
475.451613,159.838710,477.193548,1.000100,31.003100
615.325000,668.800000,479.675000,1.000100,40.004000
767.497967,630.823171,481.587398,1.000100,492.049200
322.785966,306.187995,502.731095,1.000100,73360.335300
570.914790,693.009696,503.183565,1.000100,75397.539000
671.000000,720.000000,478.000000,1.000100, 1.000100
924.667845,633.226148,481.416961,1.000100,283.028300
935.108108,663.421304,482.825119,1.000100,629.062900
436.578947,538.684211,481.052632,1.000100,19.001900
633.714286,545.000000,480.571429,1.000100, 7.000700
712.551546,629.634021,483.639175,1.000100,194.019400
793.062327,516.135734,484.193906,1.000100,722.072200
270.852714,551.053446,505.234553,1.000100,73483.347600
263.666667,645.300000,481.033333,1.000100,30.003000
561.926800,226.530383,505.670365,1.000100,74638.463100
722.243968,388.888740,485.183646,1.000100,746.074600
721.571429,244.952381,481.666667,1.000100,21.002100
851.619266,601.454128,484.892202,1.000100,436.043600
929.000000,691.000000,480.000000,1.000100, 1.000100
517.366279,904.401163,484.040698,1.000100,172.017200
623.958333,782.375000,482.208333,1.000100,24.002400
655.016949,775.915254,484.674576,1.000100,295.029500
883.875000,638.750000,482.500000,1.000100, 8.000800
335.857143,569.994805,485.792208,1.000100,385.038500
383.324723,469.302583,485.605166,1.000100,271.027100
388.065064,428.050919,487.169731,1.000100,707.070700
449.962121,389.579545,485.378788,1.000100,264.026400
635.806452,576.981567,487.797235,1.000100,217.021700
252.882979,667.989362,488.563830,1.000100,94.009400
440.000000,529.000000,483.000000,1.000100, 1.000100
638.899160,664.023109,487.644958,1.000100,476.047600
761.500352,374.947015,508.349477,1.000100,70933.092600
896.716216,615.094595,486.405405,1.000100,74.007400
273.865672,434.656716,485.746269,1.000100,67.006700
389.327689,286.206408,508.596315,1.000100,72945.293800
458.889978,965.523965,490.107298,1.000100,1836.183600
950.840855,589.375297,488.555819,1.000100,421.042100
620.125000,784.250000,487.250000,1.000100, 8.000800
648.190476,279.857143,486.428571,1.000100,21.002100
655.120209,705.036585,490.048780,1.000100,574.057400
684.542222,462.915556,488.440000,1.000100,225.022500
925.336283,607.141593,490.101770,1.000100,226.022600
412.723958,186.734375,490.838542,1.000100,192.019200
544.057190,357.856209,491.658497,1.000100,612.061200
626.674603,253.791667,490.162698,1.000100,504.050400
717.598575,500.990499,489.890736,1.000100,421.042100
397.128703,749.671135,512.476132,1.000100,75421.541400
414.377953,528.503937,491.393701,1.000100,127.012700
761.612186,491.762169,512.391225,1.000100,71255.124800
763.588235,785.352941,490.352941,1.000100,17.001700
258.411573,809.154038,545.634428,1.000100,916997.690603
606.563910,410.541353,492.586466,1.000100,133.013300
682.944000,569.385600,492.761600,1.000100,625.062500
651.750000,248.635870,492.744565,1.000100,184.018400
733.643243,650.405405,492.794595,1.000100,185.018500
498.503838,716.136049,516.232742,1.000100,73870.386300
689.377727,278.286190,514.654452,1.000100,74807.480000
686.351275,136.813031,494.311615,1.000100,353.035300
739.644000,562.276000,496.812000,1.000100,250.025000
907.230955,586.237001,495.626360,1.000100,827.082700
467.000000,517.000000,491.000000,1.000100, 1.000100
489.470175,564.740351,496.326316,1.000100,855.085500
607.716028,317.008711,496.254355,1.000100,574.057400
678.571429,629.714286,492.857143,1.000100, 7.000700
685.466667,237.933333,493.666667,1.000100,15.001500
717.370787,474.932584,494.314607,1.000100,178.017800
878.153846,598.329670,495.659341,1.000100,91.009100
522.704156,767.041565,495.843521,1.000100,409.040900
589.000000,763.000000,492.000000,1.000100, 1.000100
690.088305,366.334150,517.438333,1.000100,74318.431100
723.263081,896.252727,519.805222,1.000100,66651.664500
809.500000,586.500000,492.500000,1.000100, 2.000200
268.063663,378.777695,518.079069,1.000100,75435.542800
296.771429,419.742857,496.057143,1.000100,35.003500
355.009371,365.982678,519.544080,1.000100,77479.747200
373.062356,490.006928,497.424942,1.000100,433.043300
778.744382,447.679775,497.966292,1.000100,712.071200
811.000000,584.500000,493.000000,1.000100, 2.000200
862.493827,538.899471,497.317460,1.000100,567.056700
864.976143,649.737575,496.532803,1.000100,503.050300
371.185370,606.117637,519.790507,1.000100,74210.420300
371.293869,535.694274,519.672461,1.000100,73128.312100
434.953179,309.105202,500.718497,1.000100,1730.173000
450.297297,364.195946,499.364865,1.000100,148.014800
457.865517,172.051724,499.493103,1.000100,290.029000
490.905785,594.872727,498.601653,1.000100,605.060500
944.191304,627.852174,499.226087,1.000100,805.080500
407.405858,411.127615,500.018828,1.000100,478.047800
431.444444,345.222222,497.444444,1.000100, 9.000900
516.597222,580.909722,502.770833,1.000100,144.014400
391.656716,127.940299,499.873134,1.000100,134.013400
437.313480,407.586207,500.623824,1.000100,638.063800
515.775753,513.561807,503.393819,1.000100,1262.126200
690.281026,597.623590,502.741026,1.000100,1950.195000
695.019608,159.828431,499.245098,1.000100,204.020400
878.107872,622.183673,499.830904,1.000100,343.034300
262.241259,689.171329,504.142774,1.000100,1716.171600
290.102564,696.692308,500.977564,1.000100,312.031200
295.562500,448.166667,501.278646,1.000100,384.038400
429.458333,382.060185,502.703704,1.000100,216.021600
503.117957,806.018219,522.667093,1.000100,75094.508700
634.733744,528.518506,523.386013,1.000100,66983.697700
705.250394,538.858212,521.941120,1.000100,73631.362400
380.136882,406.733840,503.836502,1.000100,263.026300
419.368703,815.399970,523.830048,1.000100,73310.330300
467.000000,339.333333,499.111111,1.000100, 9.000900
527.587413,488.248252,501.349650,1.000100,286.028600
571.456107,968.101145,503.242366,1.000100,524.052400
613.268750,436.062500,501.612500,1.000100,320.032000
691.683250,208.688226,503.145937,1.000100,603.060300
711.836422,435.441219,523.402084,1.000100,70634.062700
777.022079,676.271389,505.149494,1.000100,2174.217400
834.689970,590.483283,502.264438,1.000100,329.032900
414.227273,502.090909,499.772727,1.000100,22.002200
470.938144,547.030928,503.467354,1.000100,291.029100
500.248429,440.409076,524.992715,1.000100,71935.192800
554.000000,496.600000,499.000000,1.000100, 5.000500
661.000000,727.000000,499.000000,1.000100, 1.000100
663.750000,726.125000,500.625000,1.000100, 8.000800
736.338183,762.896254,522.388661,1.000100,61319.131300
805.811053,544.966213,524.434722,1.000100,72964.295700
926.420091,683.607306,503.986301,1.000100,219.021900
461.974150,130.457985,524.687926,1.000100,73778.377100
716.913793,610.922414,503.112069,1.000100,116.011600
857.295844,575.039120,505.475550,1.000100,818.081800
886.604010,566.651629,504.932331,1.000100,399.039900
644.818052,610.815281,526.597355,1.000100,71467.146000
664.471698,758.716981,503.377358,1.000100,53.005300
669.000000,730.666667,501.666667,1.000100, 3.000300
825.750000,450.500000,502.250000,1.000100, 8.000800
322.251969,443.976378,506.899606,1.000100,508.050800
369.314370,449.157797,527.776733,1.000100,75186.517900
401.000000,383.000000,502.000000,1.000100, 3.000300
417.417012,117.286307,505.653527,1.000100,482.048200
431.435668,942.496503,526.684102,1.000100,71068.106100
507.860395,545.532625,507.814871,1.000100,659.065900
612.592972,720.002928,507.197657,1.000100,683.068300
686.793056,714.345833,507.304167,1.000100,720.072000
211.730769,618.269231,507.500000,1.000100,52.005200
465.208997,315.642215,509.262284,1.000100,1445.144500
488.569783,901.768418,527.210969,1.000100,66082.607600
581.500000,743.500000,504.250000,1.000100, 4.000400
750.577465,639.000000,507.535211,1.000100,71.007100
927.083333,555.416667,504.916667,1.000100,12.001200
937.277322,653.633880,508.587432,1.000100,732.073200
485.823529,522.591696,509.467128,1.000100,289.028900
548.309350,602.349352,529.568648,1.000100,75129.512200
594.961111,263.344444,508.781944,1.000100,720.072000
611.563863,754.504673,509.093458,1.000100,642.064200
550.593591,858.005045,531.717663,1.000100,68789.878300
618.619643,572.967857,509.151786,1.000100,560.056000
642.916667,364.333333,508.000000,1.000100,24.002400
651.584450,798.769840,529.597577,1.000100,74051.404400
709.259406,641.382178,510.435644,1.000100,505.050500
716.250000,724.375000,505.875000,1.000100, 8.000800
769.765517,423.190345,509.990345,1.000100,725.072500
273.682680,500.925518,514.723226,1.000100,2269.226900
411.774194,356.951613,511.322581,1.000100,62.006200
571.551724,471.837931,509.503448,1.000100,290.029000
756.448641,594.287969,531.153919,1.000100,72428.242100
225.729412,573.847059,511.694118,1.000100,85.008500
372.755102,807.018367,512.242857,1.000100,490.049000
391.000000,643.000000,507.000000,1.000100, 1.000100
396.488593,178.883080,511.960076,1.000100,1052.105200
639.770781,755.846348,512.108312,1.000100,397.039700
223.478051,506.536498,533.392491,1.000100,76024.601700
281.041667,468.711310,512.869048,1.000100,336.033600
535.189300,374.921811,511.551440,1.000100,243.024300
786.165617,853.167559,532.187515,1.000100,48912.890800
282.275862,424.838196,513.697613,1.000100,377.037700
324.163121,848.914894,513.776596,1.000100,564.056400
416.750000,625.428571,512.178571,1.000100,28.002800
522.500000,351.500000,509.250000,1.000100, 4.000400
529.200000,266.800000,509.800000,1.000100, 5.000500
537.680193,950.616885,537.272055,1.000100,64548.454200
588.477124,185.631373,514.368627,1.000100,765.076500
750.901235,665.728395,510.925926,1.000100,81.008100
889.562500,651.375000,511.187500,1.000100,32.003200
898.230032,605.536741,512.306709,1.000100,313.031300
445.324182,510.714799,535.749003,1.000100,70964.095700
588.272237,320.159030,515.231806,1.000100,371.037100
625.305421,234.538481,535.695499,1.000100,59775.977000
638.000000,364.000000,510.000000,1.000100, 1.000100
639.765152,724.965909,515.679924,1.000100,528.052800
677.857868,645.394247,514.101523,1.000100,591.059100
896.343536,517.429951,558.813784,1.000100,708930.886002
469.116505,404.553398,516.815534,1.000100,103.010300
589.664407,772.147458,516.227119,1.000100,590.059000
657.910316,684.565520,535.244929,1.000100,73465.345800
949.560453,588.362720,516.248111,1.000100,794.079400
207.000000,617.000000,512.000000,1.000100, 1.000100
331.030912,687.605541,560.244411,1.000100,671615.154802
434.236363,695.585888,537.721484,1.000100,75518.551100
432.000000,176.000000,513.111111,1.000100, 9.000900
688.480000,747.200000,514.080000,1.000100,25.002500
692.000000,740.000000,512.000000,1.000100, 1.000100
711.857567,322.249258,517.234421,1.000100,674.067400
827.144262,844.681967,515.868852,1.000100,305.030500
429.655755,201.714889,519.417107,1.000100,947.094700
507.236915,488.942149,517.140496,1.000100,363.036300
527.142857,351.928571,515.071429,1.000100,14.001400
640.103586,482.147410,515.952191,1.000100,251.025100
674.333333,467.294118,518.823529,1.000100,51.005100
246.233150,614.776508,540.158343,1.000100,76417.641000
595.111111,561.000000,515.333333,1.000100, 9.000900
624.512987,339.538961,518.775974,1.000100,308.030800
698.838710,666.589443,517.703812,1.000100,341.034100
925.425926,608.222222,515.518519,1.000100,54.005400
395.309524,337.476190,520.304762,1.000100,210.021000
449.200445,383.576837,519.040089,1.000100,449.044900
552.804439,752.840212,541.016282,1.000100,72910.290300
596.798817,401.195266,517.627219,1.000100,169.016900
691.582938,622.575829,519.386256,1.000100,422.042200
878.090059,336.285409,539.755313,1.000100,76746.673900
925.320000,582.020000,517.900000,1.000100,50.005000
452.608127,346.554881,522.891639,1.000100,2141.214100
908.547368,671.147368,517.810526,1.000100,95.009500
335.180778,931.594966,521.045767,1.000100,437.043700
398.349650,397.094406,520.800699,1.000100,286.028600
526.737931,672.788793,524.745690,1.000100,1160.116000
552.007083,167.799217,542.708732,1.000100,77379.737200
233.908380,242.637538,543.458047,1.000100,74412.440500
242.626484,439.311455,542.368848,1.000100,73902.389500
277.200000,333.000000,518.600000,1.000100, 5.000500
524.500000,404.000000,518.500000,1.000100, 2.000200
596.890792,586.963597,522.400428,1.000100,467.046700
653.304065,399.642276,522.653659,1.000100,615.061500
714.931288,829.336478,544.314846,1.000100,72309.230200
671.000000,325.000000,519.500000,1.000100, 2.000200
805.363636,592.363636,520.181818,1.000100,11.001100
845.375000,819.125000,520.000000,1.000100,16.001600
857.375000,638.625000,521.625000,1.000100, 8.000800
876.044304,588.215190,522.759494,1.000100,158.015800
951.356764,561.708223,524.546419,1.000100,754.075400
278.000000,329.000000,520.000000,1.000100, 1.000100
457.956674,629.187676,544.513039,1.000100,74742.473500
519.837553,240.033755,524.803797,1.000100,474.047400
620.800550,153.010007,545.320337,1.000100,74953.494600
682.115973,188.731013,545.878848,1.000100,70687.068000
756.397590,546.786145,523.234940,1.000100,332.033200
499.913934,603.647541,525.413934,1.000100,244.024400
545.281415,508.509831,545.758112,1.000100,74463.445600
735.038071,335.741117,526.637056,1.000100,394.039400
278.610360,304.180180,527.441441,1.000100,444.044400
407.151685,483.286517,524.775281,1.000100,178.017800
486.135262,191.848706,547.564288,1.000100,74795.478800
761.755725,444.893130,524.297710,1.000100,131.013100
834.534187,435.912419,546.638952,1.000100,74144.413700
941.888889,635.666667,522.888889,1.000100,18.001800
603.816000,429.122667,527.754667,1.000100,375.037500
640.604969,897.217108,565.198392,1.000100,566383.632701
706.925770,714.647059,528.246499,1.000100,714.071400
715.621359,483.618123,527.506472,1.000100,618.061800
261.793846,279.615385,529.732308,1.000100,325.032500
505.238281,151.791016,528.283203,1.000100,512.051200
605.249266,472.803198,550.460665,1.000100,75982.597500
883.000000,623.000000,524.333333,1.000100, 3.000300
925.410853,690.748062,529.186047,1.000100,258.025800
300.670426,260.279639,549.833361,1.000100,72361.235400
357.061983,826.200413,529.349174,1.000100,484.048400
409.663212,644.616580,531.642487,1.000100,193.019300
551.188277,802.214920,530.728242,1.000100,563.056300
563.298778,381.842120,549.036764,1.000100,70320.031300
915.000000,644.000000,525.000000,1.000100, 5.000500
269.564103,891.342657,531.369464,1.000100,858.085800
455.356084,762.176953,551.778254,1.000100,73456.344900
503.500000,524.000000,526.000000,1.000100, 2.000200
593.375000,738.000000,527.125000,1.000100, 8.000800
611.454545,698.727273,526.818182,1.000100,11.001100
642.282353,280.062745,529.137255,1.000100,255.025500
661.027586,745.862069,529.751724,1.000100,290.029000
668.000000,324.500000,526.750000,1.000100, 4.000400
685.211073,584.069204,529.968858,1.000100,289.028900
749.000000,716.181818,527.454545,1.000100,11.001100
199.030020,343.572401,567.180480,1.000100,525666.561401
599.681818,341.159091,532.395455,1.000100,660.066000
616.000000,211.000000,527.000000,1.000100, 1.000100
783.730769,455.346154,529.961538,1.000100,26.002600
915.000000,649.000000,527.000000,1.000100, 1.000100
314.797984,576.634276,551.614506,1.000100,69758.975200
369.709975,883.014124,567.653652,1.000100,489302.925401
435.593636,424.114045,554.200555,1.000100,73478.347100
438.506634,225.875754,533.652593,1.000100,829.082900
572.243902,900.097561,529.731707,1.000100,82.008200
607.000000,700.000000,528.000000,1.000100, 1.000100
777.477259,656.264602,553.906154,1.000100,75354.534700
902.695021,410.945929,553.620065,1.000100,50661.065600
440.325678,271.064184,553.733421,1.000100,73156.314900
597.301661,654.908622,554.852611,1.000100,75277.527000
755.666667,720.333333,529.000000,1.000100, 3.000300
825.261446,484.986747,535.928916,1.000100,1660.166000
485.123937,564.572734,554.871148,1.000100,67952.794600
487.652468,376.764647,554.483280,1.000100,72855.284800
791.333333,453.481481,531.296296,1.000100,27.002700
934.857143,669.809524,531.571429,1.000100,21.002100
306.891901,465.060703,557.109294,1.000100,77038.703100
459.000000,467.000000,531.000000,1.000100, 1.000100
525.862573,216.119883,534.807018,1.000100,342.034200
551.130435,457.086957,532.565217,1.000100,23.002300
704.333333,605.888889,531.888889,1.000100, 9.000900
759.586563,417.558140,534.586563,1.000100,387.038700
874.773810,649.778912,536.329932,1.000100,588.058800
496.561674,245.379956,538.368943,1.000100,908.090800
647.423077,461.076923,535.000000,1.000100,26.002600
352.196141,290.321543,537.250804,1.000100,311.031100
402.558140,361.654070,536.005814,1.000100,344.034400
436.600000,560.250000,535.050000,1.000100,20.002000
563.571429,335.285714,534.142857,1.000100, 7.000700
709.571757,643.702918,559.136142,1.000100,75296.528900
379.225770,193.719445,569.890348,1.000100,444342.429801
444.250000,563.500000,534.750000,1.000100, 4.000400
518.400000,647.234130,543.091468,1.000100,1465.146500
614.625850,569.557823,537.775510,1.000100,147.014700
656.626866,302.017413,538.883085,1.000100,402.040200
416.500000,552.300000,535.800000,1.000100,10.001000
609.000000,777.000000,535.000000,1.000100, 1.000100
417.194748,311.708972,539.958425,1.000100,457.045700
594.824111,309.679842,540.571146,1.000100,506.050600
611.000000,777.000000,536.500000,1.000100, 2.000200
619.666667,575.333333,536.666667,1.000100, 3.000300
305.254279,339.704076,562.308181,1.000100,75719.571200
579.909091,257.181818,540.012987,1.000100,77.007700
590.441487,807.992005,563.378892,1.000100,76802.679500
613.000000,775.500000,537.000000,1.000100, 2.000200
574.292208,435.896104,541.681818,1.000100,154.015400
639.834791,365.945775,566.173317,1.000100,62781.277500
649.493113,326.468320,542.680441,1.000100,363.036300
656.283333,492.533333,542.816667,1.000100,60.006000
952.000000,601.000000,540.000000,1.000100, 3.000300
532.638869,292.546182,572.047749,1.000100,393450.341100
535.447140,902.558059,544.689775,1.000100,577.057700
772.776860,705.578512,544.611570,1.000100,121.012100
466.422927,845.874081,566.547715,1.000100,74261.425400
587.506173,711.287037,548.993386,1.000100,2268.226800
593.000000,559.000000,541.000000,1.000100, 1.000100
594.584158,281.787129,544.470297,1.000100,202.020200
678.005376,462.673835,546.164875,1.000100,558.055800
397.860082,504.041152,546.740741,1.000100,243.024300
735.086372,708.414587,546.378119,1.000100,521.052100
801.997737,377.097026,566.638278,1.000100,75131.512400
950.333333,601.333333,543.666667,1.000100, 3.000300
504.139405,617.334572,548.626394,1.000100,538.053800
708.121154,733.375000,549.150000,1.000100,520.052000
151.255458,478.785730,574.399835,1.000100,324156.412400
403.500000,622.500000,547.142857,1.000100,14.001400
714.490975,393.108303,548.682310,1.000100,277.027700
741.500000,395.969325,548.717791,1.000100,326.032600
947.666667,605.000000,545.000000,1.000100, 3.000300
378.930081,266.217886,551.143089,1.000100,615.061500
478.500000,478.500000,546.000000,1.000100, 2.000200
578.787500,233.491071,550.860714,1.000100,560.056000
640.330739,568.599222,548.926070,1.000100,257.025700
718.666667,320.750000,548.000000,1.000100,12.001200
746.923077,534.153846,548.615385,1.000100,13.001300
764.552239,550.829851,550.053731,1.000100,335.033500
377.459329,311.477975,571.763068,1.000100,71766.175900
524.668783,684.457143,553.120635,1.000100,945.094500
568.496774,917.996774,550.696774,1.000100,310.031000
701.375000,781.750000,547.750000,1.000100, 8.000800
731.884561,354.780743,571.069048,1.000100,66786.678000
349.582834,266.192615,553.727545,1.000100,1002.100200
711.000000,695.600000,549.600000,1.000100, 5.000500
759.347826,735.673913,552.913043,1.000100,46.004600
386.297266,780.573747,572.550613,1.000100,67222.721600
523.681319,409.200000,553.364835,1.000100,455.045500
532.065476,463.839286,552.214286,1.000100,168.016800
601.417722,602.392405,552.088608,1.000100,79.007900
252.725304,287.146143,554.392422,1.000100,739.073900
585.673913,581.445652,553.260870,1.000100,92.009200
591.933333,423.533333,552.300000,1.000100,30.003000
667.036364,546.302857,558.000519,1.000100,1925.192500
744.215043,466.035328,572.798572,1.000100,57296.729100
539.581003,815.383113,558.369393,1.000100,1895.189500
551.200000,706.200000,551.000000,1.000100, 5.000500
693.395445,711.146998,554.923395,1.000100,483.048300
802.000000,466.000000,551.000000,1.000100, 1.000100
918.229651,702.968023,556.563953,1.000100,344.034400
252.419649,722.478451,559.925493,1.000100,2738.273800
392.399588,572.856549,574.335233,1.000100,61602.159600
480.711263,949.792769,574.408052,1.000100,65228.522200
782.177489,490.562771,555.441558,1.000100,231.023100
334.000000,294.000000,553.000000,1.000100, 1.000100
407.734043,527.989362,557.319149,1.000100,94.009400
411.593824,737.950119,560.634798,1.000100,1684.168400
514.702240,838.021080,558.719368,1.000100,759.075900
539.180000,559.380000,557.320000,1.000100,50.005000
635.481595,415.822086,557.190184,1.000100,326.032600
198.599704,578.695302,576.249775,1.000100,58814.880900
395.682785,476.928433,558.168279,1.000100,517.051700
482.250000,477.375000,554.875000,1.000100,16.001600
684.066225,744.864238,559.692053,1.000100,604.060400
275.896476,522.901367,577.033006,1.000100,51935.193000
333.000000,295.500000,555.500000,1.000100, 4.000400
557.910448,896.082090,558.638060,1.000100,268.026800
683.366337,341.970297,559.316832,1.000100,101.010100
688.323618,504.569658,576.080107,1.000100,58914.890900
733.030769,557.361538,559.515385,1.000100,130.013000
599.588115,327.692623,560.282787,1.000100,488.048800
625.536585,774.603659,560.634146,1.000100,164.016400
743.181333,191.536625,576.331356,1.000100,61043.103700
454.963325,468.738386,562.339853,1.000100,409.040900
473.350000,239.550000,558.000000,1.000100,20.002000
497.800000,735.200000,558.400000,1.000100, 5.000500
617.848837,556.325581,560.151163,1.000100,86.008600
690.935855,565.266447,561.504934,1.000100,608.060800
344.269786,521.502759,577.324406,1.000100,55827.582200
487.026794,697.421518,577.997650,1.000100,53189.318400
501.000000,735.000000,558.000000,1.000100, 1.000100
531.889034,441.673629,563.077023,1.000100,766.076600
557.810025,457.790842,564.659035,1.000100,1616.161600
619.391254,700.341772,564.395857,1.000100,1738.173800
638.050967,195.237258,563.119508,1.000100,569.056900
651.657895,437.552632,565.631579,1.000100,76.007600
655.200000,762.600000,558.600000,1.000100, 5.000500
675.309736,277.935399,579.392002,1.000100,183484.346600
760.663836,822.003497,565.985514,1.000100,2002.200200
286.754865,402.425968,577.895092,1.000100,48618.861400
403.000000,951.666667,560.333333,1.000100, 6.000600
568.755556,548.471111,564.768889,1.000100,225.022500
738.991304,420.626087,563.939130,1.000100,115.011500
274.833333,299.899306,563.531250,1.000100,288.028800
406.000000,954.000000,561.000000,1.000100, 1.000100
595.659004,545.735632,564.601533,1.000100,261.026100
686.014706,367.202206,563.985294,1.000100,272.027200
483.139665,423.487151,567.579888,1.000100,895.089500
559.679739,689.300654,565.732026,1.000100,153.015300
613.490000,306.190000,562.500000,1.000100,100.010000
689.925599,409.861530,579.509677,1.000100,48780.877600
386.750000,619.863636,566.090909,1.000100,44.004400
472.545455,453.472727,567.145455,1.000100,55.005500
554.714286,427.714286,563.714286,1.000100, 7.000700
610.111111,523.444444,564.666667,1.000100, 9.000900
649.166667,642.333333,564.250000,1.000100,12.001200
662.000000,444.000000,563.000000,1.000100, 1.000100
671.239071,820.797814,568.316940,1.000100,732.073200
707.106628,758.256484,566.144092,1.000100,347.034700
753.582463,709.108559,567.484342,1.000100,479.047900
274.495507,208.685531,580.510370,1.000100,44072.406800
367.744690,476.859225,571.741774,1.000100,2401.240100
423.467757,362.156564,580.471087,1.000100,40850.084600
494.864865,648.000000,566.027027,1.000100,37.003700
591.512224,203.016423,580.671698,1.000100,42870.286600
651.540541,472.567568,566.918919,1.000100,37.003700
728.744206,787.963759,571.547408,1.000100,2373.237300
744.640223,883.379909,580.861969,1.000100,42422.241800
796.805082,598.693461,580.344279,1.000100,41206.120200
528.567237,582.951100,569.586797,1.000100,409.040900
556.333333,431.666667,565.666667,1.000100, 3.000300
711.666667,547.333333,565.000000,1.000100, 3.000300
411.137394,504.154391,570.402266,1.000100,706.070600
454.962963,221.259259,567.444444,1.000100,27.002700
504.681115,793.703634,581.752268,1.000100,37261.725800
563.032787,581.262295,569.950820,1.000100,61.006100
623.000000,579.000000,566.000000,1.000100, 1.000100
718.457944,703.962617,569.158879,1.000100,107.010700
786.250000,528.000000,568.125000,1.000100, 8.000800
790.000000,529.000000,566.000000,1.000100, 1.000100
506.534091,452.978535,572.199495,1.000100,792.079200
538.137827,650.681978,582.160634,1.000100,34510.450700
790.766513,199.070661,571.966206,1.000100,651.065100
500.000000,654.000000,568.000000,1.000100, 9.000900
585.463479,599.042497,573.273572,1.000100,753.075300
690.107325,686.925043,571.950596,1.000100,587.058700
882.995282,645.155941,582.781809,1.000100,97937.792800
911.741935,726.677419,571.635484,1.000100,310.031000
378.063079,429.509095,583.094173,1.000100,29140.913800
632.836565,607.965374,573.400277,1.000100,722.072200
777.631443,729.162371,573.074742,1.000100,388.038800
260.124795,268.213465,575.134647,1.000100,609.060900
491.265845,489.813380,574.841549,1.000100,568.056800
592.370840,760.076070,574.874802,1.000100,631.063100
638.316623,813.048813,574.591029,1.000100,758.075800
657.402920,622.287591,575.402920,1.000100,685.068500
692.642857,799.119048,572.214286,1.000100,42.004200
701.660714,588.321429,572.857143,1.000100,112.011200
495.857079,623.078362,579.170971,1.000100,2246.224600
495.007987,902.998403,575.942492,1.000100,626.062600
509.622093,514.709302,576.680233,1.000100,344.034400
583.000000,737.000000,571.500000,1.000100, 2.000200
586.749020,515.776471,574.298039,1.000100,255.025500
588.872340,349.787234,576.207447,1.000100,188.018800
739.500000,762.750000,571.750000,1.000100, 4.000400
773.907826,783.367849,583.902699,1.000100,25942.594000
210.626689,426.540541,576.991554,1.000100,592.059200
432.820734,488.503240,576.280778,1.000100,463.046300
525.833310,870.367808,583.541398,1.000100,28264.826200
536.904070,701.168605,575.619186,1.000100,344.034400
585.875000,437.312500,572.781250,1.000100,32.003200
630.699038,738.864157,584.362845,1.000100,24015.401300
723.114519,573.505112,576.349693,1.000100,489.048900
522.728101,740.390886,580.333165,1.000100,1975.197500
556.824257,608.836634,577.284653,1.000100,404.040400
561.421053,712.684211,574.789474,1.000100,19.001900
678.757576,771.515152,574.242424,1.000100,33.003300
938.646142,442.334199,581.946217,1.000100,2696.269600
428.932133,663.392318,585.258784,1.000100,19554.955300
454.545455,894.136364,575.772727,1.000100,22.002200
671.654174,666.776831,578.759796,1.000100,587.058700
327.588068,291.343750,579.676136,1.000100,352.035200
413.633970,710.814013,583.637792,1.000100,2355.235500
463.247619,495.009524,576.895238,1.000100,105.010500
659.037010,575.207474,585.271495,1.000100,19401.940000
749.823751,537.117800,585.433933,1.000100,18838.883700
649.234694,696.790249,583.112245,1.000100,882.088200
816.115385,673.861360,584.126565,1.000100,2236.223600
220.402108,640.730859,585.860806,1.000100,16223.622200
409.268169,471.085503,584.900894,1.000100,2573.257300
533.414736,547.876616,586.234712,1.000100,14849.484800
729.000000,603.000000,577.000000,1.000100, 1.000100
527.840365,376.044470,584.332953,1.000100,877.087700
529.833333,402.863636,582.568182,1.000100,132.013200
626.708911,434.473864,586.595334,1.000100,11403.140200
811.863219,464.783438,586.800254,1.000100,10229.022800
440.002315,527.395535,586.883423,1.000100,12096.209500
631.483254,632.559809,584.294258,1.000100,418.041800
751.000000,616.500000,579.500000,1.000100, 2.000200
486.560976,744.670732,584.512195,1.000100,82.008200
551.532292,949.629828,586.651201,1.000100,12868.286700
886.125000,773.531250,582.468750,1.000100,32.003200
237.683919,418.020333,585.482440,1.000100,541.054100
535.075176,475.223099,587.715934,1.000100,8234.823400
622.493333,503.037778,586.313333,1.000100,450.045000
638.702806,479.409439,586.908163,1.000100,784.078400
254.945457,461.498206,588.022391,1.000100,6967.696700
391.571429,519.095238,584.047619,1.000100,21.002100
404.478652,273.406742,586.555056,1.000100,445.044500
476.211510,647.072496,587.696562,1.000100,1338.133800
573.969620,413.374684,586.610127,1.000100,395.039500
612.827907,561.153488,588.004651,1.000100,430.043000
760.104225,688.363380,587.047887,1.000100,710.071000
842.389946,795.690751,587.924933,1.000100,7460.746000
262.427935,734.194651,587.508172,1.000100,673.067300
452.745091,597.344789,587.923087,1.000100,7944.794400
579.821569,545.925490,587.711765,1.000100,510.051000
478.058824,469.924099,588.140417,1.000100,527.052700
579.373514,624.497453,588.161290,1.000100,589.058900
642.892919,521.227979,588.417962,1.000100,579.057900
679.716117,739.232601,588.439560,1.000100,546.054600
343.123989,473.964960,588.579515,1.000100,371.037100
353.830661,366.068966,588.766528,1.000100,4553.455300
459.816547,450.442446,588.820144,1.000100,278.027800
540.423828,430.070313,588.535156,1.000100,512.051200
562.266013,752.179068,589.049877,1.000100,3669.366900
678.118280,703.956989,589.612903,1.000100,93.009300
698.103175,205.757937,588.630952,1.000100,252.025200
724.406897,678.970690,588.805172,1.000100,580.058000
751.000000,582.000000,585.000000,1.000100, 1.000100
262.333333,585.803167,589.007793,1.000100,3978.397800
507.728894,162.564175,589.296493,1.000100,8469.846900
548.385000,817.725000,589.700000,1.000100,200.020000
605.045981,135.167344,589.265249,1.000100,3197.319700
609.750567,589.018141,588.956916,1.000100,441.044100
653.628352,204.153257,589.498084,1.000100,261.026100
685.981714,160.654250,589.359296,1.000100,2953.295300
742.863636,655.515152,589.378788,1.000100,132.013200
446.265734,917.181818,589.709790,1.000100,286.028600
515.715789,918.568421,589.726316,1.000100,285.028500
536.109589,598.045662,589.744292,1.000100,219.021900
652.778195,651.293233,589.624060,1.000100,266.026600
757.711727,407.556930,589.642217,1.000100,2345.234500
797.173913,742.347826,589.619565,1.000100,92.009200
438.040230,803.051724,590.096880,1.000100,1218.121800
688.904762,611.904762,590.142857,1.000100,21.002100
738.606975,723.718981,589.793427,1.000100,1491.149100
788.052632,684.565789,590.039474,1.000100,228.022800
864.559672,390.809672,590.207098,1.000100,2564.256400
929.227723,394.544554,590.148515,1.000100,101.010100
278.721088,257.482993,590.346939,1.000100,147.014700
298.588235,299.294118,589.941176,1.000100,17.001700
673.833333,634.066667,590.333333,1.000100,60.006000
700.500000,458.000000,590.305556,1.000100,36.003600
469.097701,408.859195,590.678161,1.000100,348.034800
466.000000,246.000000,590.000000,1.000100, 1.000100
487.800000,538.000000,590.600000,1.000100, 5.000500
719.570552,822.591002,590.576687,1.000100,489.048900
910.333333,439.805556,590.861111,1.000100,36.003600
295.000000,299.000000,591.000000,1.000100, 1.000100
328.000000,606.000000,591.000000,1.000100, 1.000100
447.000000,470.500000,591.000000,1.000100, 2.000200
580.000000,456.000000,591.000000,1.000100, 1.000100
593.000000,682.000000,591.000000,1.000100, 1.000100
632.200000,787.133333,590.933333,1.000100,15.001500
764.923077,634.076923,591.000000,1.000100,13.001300
798.000000,486.000000,591.000000,1.000100, 1.000100
