118.064577,472.145594,1204.405795,1.000000,8455.000000
111.657754,566.975485,1234.627062,1.000000,36427.000000
110.000000,520.500000,1201.000000,1.000000, 2.000000
111.000000,523.000000,1201.500000,1.000000, 2.000000
128.620690,427.051724,1202.724138,1.000000,116.000000
188.588485,367.969308,1219.970807,1.000000,373481.000000
143.928571,601.000000,1202.000000,1.000000,14.000000
156.117424,444.962121,1204.159091,1.000000,264.000000
205.520123,496.622760,1209.049574,1.000000,27232.000000
199.687500,544.187500,1201.000000,1.000000,16.000000
223.289503,592.493453,1206.678873,1.000000,9012.000000
252.000000,481.000000,1201.000000,1.000000, 1.000000
263.776596,572.031915,1201.755319,1.000000,94.000000
271.615385,352.192308,1201.230769,1.000000,26.000000
290.270165,394.529640,1204.422093,1.000000,6174.000000
276.875000,519.089286,1201.553571,1.000000,56.000000
281.649425,492.201149,1203.666667,1.000000,174.000000
294.896825,437.515873,1211.432540,1.000000,252.000000
181.600000,593.600000,1213.500000,1.000000,10.000000
301.000000,521.000000,1214.000000,1.000000, 1.000000
239.538554,451.707595,1240.007294,1.000000,58956.000000
219.563325,549.409280,1243.140791,1.000000,55302.000000
272.275862,369.000000,1222.448276,1.000000,29.000000
292.731707,590.378049,1222.457317,1.000000,164.000000
264.220779,340.707792,1223.701299,1.000000,154.000000
151.321636,482.986658,1288.498390,1.000000,882876.000000
287.918919,494.274538,1237.314367,1.000000,703.000000
283.590565,393.115844,1291.219425,1.000000,320715.000000
286.360366,553.887785,1292.995994,1.000000,248389.000000
239.689400,597.449839,1259.255992,1.000000,8094.000000
246.961538,405.153846,1242.307692,1.000000,26.000000
230.214286,505.714286,1243.357143,1.000000,14.000000
174.000000,309.500000,1255.000000,1.000000, 2.000000
234.011236,392.415730,1261.101124,1.000000,89.000000
273.438330,307.658480,1283.308370,1.000000,22353.000000
181.220703,586.044233,1286.532096,1.000000,52156.000000
227.574468,303.968085,1268.255319,1.000000,188.000000
140.412698,565.714286,1272.772487,1.000000,189.000000
172.104145,329.574266,1296.568881,1.000000,62586.000000
207.455673,392.703193,1301.021671,1.000000,52327.000000
237.481865,572.025907,1282.989637,1.000000,193.000000
226.366492,438.513089,1286.041885,1.000000,382.000000
219.798165,321.215596,1289.110092,1.000000,218.000000
117.240516,593.483000,1309.828239,1.000000,23882.000000
252.493749,475.384547,1316.266293,1.000000,56235.000000
91.731707,567.487805,1296.975610,1.000000,41.000000
208.000000,545.500000,1295.000000,1.000000, 2.000000
141.575758,564.515152,1299.848485,1.000000,33.000000
227.315068,591.438356,1299.863014,1.000000,73.000000
243.857143,522.571429,1300.142857,1.000000, 7.000000
251.435897,600.179487,1304.025641,1.000000,39.000000
141.418540,384.914871,1328.232531,1.000000,60508.000000
234.920213,311.180851,1310.574468,1.000000,188.000000
193.932203,551.097458,1317.199153,1.000000,236.000000
264.880952,329.523810,1316.119048,1.000000,42.000000
229.977169,575.394348,1344.880059,1.000000,49933.000000
293.652615,311.047744,1345.282531,1.000000,14494.000000
299.704545,481.083333,1326.757576,1.000000,132.000000
92.149758,527.067633,1328.879227,1.000000,207.000000
110.000000,423.000000,1328.000000,1.000000, 1.000000
214.388889,431.000000,1329.111111,1.000000,18.000000
195.868996,355.737991,1332.410480,1.000000,229.000000
181.666667,570.809524,1332.952381,1.000000,126.000000
187.621622,422.261261,1334.657658,1.000000,111.000000
156.934483,307.510345,1337.468966,1.000000,290.000000
141.555556,335.777778,1337.533333,1.000000,45.000000
213.734043,458.484043,1340.393617,1.000000,188.000000
201.016442,316.160486,1364.962980,1.000000,29741.000000
298.039063,457.500000,1340.460938,1.000000,128.000000
100.492958,442.845070,1341.901408,1.000000,71.000000
169.725490,349.666667,1343.137255,1.000000,51.000000
212.965812,486.760684,1345.068376,1.000000,117.000000
212.257143,374.921429,1347.992857,1.000000,140.000000
256.716076,349.046848,1368.841322,1.000000,61048.000000
115.849129,540.436345,1369.822742,1.000000,51693.000000
274.500000,444.218391,1347.977011,1.000000,174.000000
286.000000,502.000000,1347.000000,1.000000, 1.000000
93.937500,500.250000,1349.500000,1.000000,16.000000
260.633333,537.533333,1349.800000,1.000000,30.000000
95.992218,473.887160,1352.217899,1.000000,257.000000
272.942857,598.300000,1352.328571,1.000000,70.000000
160.967375,590.632740,1407.183784,1.000000,152614.000000
178.000000,301.000000,1353.000000,1.000000, 1.000000
194.407853,517.938845,1377.392171,1.000000,57967.000000
240.620656,464.666501,1380.165027,1.000000,46156.000000
124.666667,456.733333,1362.888889,1.000000,45.000000
295.028188,441.016664,1384.317589,1.000000,18483.000000
145.945946,438.124324,1366.275676,1.000000,185.000000
121.314394,491.515152,1367.034091,1.000000,264.000000
178.035132,389.314507,1427.387523,1.000000,889216.000000
298.618812,553.683168,1375.420792,1.000000,202.000000
123.930233,426.186047,1375.465116,1.000000,43.000000
260.867959,529.383476,1397.825948,1.000000,59936.000000
130.167832,449.720280,1387.762238,1.000000,143.000000
237.632653,599.081633,1389.530612,1.000000,98.000000
259.326756,310.874285,1439.221591,1.000000,133381.000000
160.054054,548.094595,1392.513514,1.000000,74.000000
237.734694,572.510204,1391.836735,1.000000,49.000000
122.937063,504.363636,1402.125874,1.000000,143.000000
284.488048,385.667300,1421.983678,1.000000,55263.000000
97.015444,493.359073,1403.629344,1.000000,259.000000
231.000000,451.000000,1401.000000,1.000000, 1.000000
92.186722,519.518672,1406.813278,1.000000,241.000000
98.176724,465.099138,1406.857759,1.000000,232.000000
261.106383,576.361702,1406.255319,1.000000,47.000000
90.975610,552.024390,1407.780488,1.000000,41.000000
187.786517,306.432584,1411.676966,1.000000,356.000000
182.365385,487.192308,1411.653846,1.000000,52.000000
123.886667,458.086667,1415.506667,1.000000,150.000000
219.244658,497.989316,1416.949786,1.000000,936.000000
150.000000,472.000000,1414.000000,1.000000, 1.000000
250.366667,349.766667,1416.566667,1.000000,30.000000
203.245283,469.584906,1417.584906,1.000000,53.000000
159.270270,306.445946,1423.033784,1.000000,148.000000
151.038911,512.781702,1484.872061,1.000000,896304.000000
236.100824,565.486488,1453.032781,1.000000,58022.000000
253.333487,486.453912,1453.246432,1.000000,60743.000000
255.175000,420.150000,1433.675000,1.000000,40.000000
294.896024,566.000898,1457.440355,1.000000,18937.000000
253.900000,353.466667,1439.933333,1.000000,30.000000
108.666667,580.666667,1449.666667,1.000000, 6.000000
96.107143,600.464286,1451.714286,1.000000,28.000000
285.321528,351.012116,1462.142591,1.000000,1073.000000
257.857143,409.142857,1459.857143,1.000000, 7.000000
272.222222,601.000000,1461.333333,1.000000, 9.000000
299.500000,518.166667,1461.666667,1.000000,12.000000
291.209205,446.169248,1488.995105,1.000000,34937.000000
201.754386,595.456140,1471.114035,1.000000,114.000000
282.666667,379.541667,1470.125000,1.000000,24.000000
106.081726,438.036731,1476.322314,1.000000,1089.000000
301.000000,495.600000,1474.866667,1.000000,15.000000
215.040816,331.795918,1475.897959,1.000000,49.000000
235.957627,524.673729,1480.521186,1.000000,236.000000
176.148936,594.534954,1482.617021,1.000000,329.000000
229.357993,442.202535,1502.732809,1.000000,51596.000000
113.767588,406.482412,1486.476131,1.000000,796.000000
175.657901,320.882484,1504.955067,1.000000,49474.000000
287.933333,333.183333,1486.433333,1.000000,60.000000
286.010417,520.375000,1487.833333,1.000000,96.000000
205.027027,574.918919,1489.013514,1.000000,74.000000
234.898416,361.255236,1513.920671,1.000000,59537.000000
281.785714,492.660714,1492.535714,1.000000,56.000000
261.196721,513.081967,1494.344262,1.000000,61.000000
293.104388,381.799523,1515.722454,1.000000,26392.000000
98.140845,599.915493,1497.126761,1.000000,71.000000
213.837879,598.423923,1511.934173,1.000000,5317.000000
232.853061,547.236735,1498.134694,1.000000,245.000000
267.857143,325.142857,1500.571429,1.000000, 7.000000
207.571429,400.071429,1506.238095,1.000000,126.000000
145.380398,376.899784,1528.957109,1.000000,60689.000000
235.815789,518.684211,1507.750000,1.000000,76.000000
96.664286,573.942857,1511.783929,1.000000,1120.000000
271.292032,553.994250,1564.809962,1.000000,581358.000000
174.435897,587.282051,1515.012821,1.000000,78.000000
217.750000,570.250000,1514.375000,1.000000, 8.000000
290.893750,334.868750,1516.137500,1.000000,160.000000
270.073171,423.073171,1520.097561,1.000000,41.000000
247.250000,497.925000,1520.375000,1.000000,40.000000
187.007092,446.843972,1523.822695,1.000000,141.000000
169.636364,422.220779,1533.738636,1.000000,616.000000
271.131498,319.851172,1534.519878,1.000000,981.000000
232.323529,405.823529,1534.399160,1.000000,238.000000
260.168675,399.036145,1532.710843,1.000000,166.000000
203.648402,462.310502,1539.593607,1.000000,219.000000
117.963642,590.408709,1560.018719,1.000000,37983.000000
275.068027,349.659864,1540.000000,1.000000,147.000000
126.088761,437.554914,1561.837155,1.000000,60094.000000
293.530516,453.169014,1541.957746,1.000000,213.000000
93.913580,524.185185,1545.209877,1.000000,81.000000
276.070423,476.112676,1547.845070,1.000000,71.000000
243.901492,445.694122,1572.691114,1.000000,52534.000000
168.906167,328.588314,1573.992355,1.000000,63048.000000
205.858443,390.343978,1572.153822,1.000000,50227.000000
239.269582,323.950253,1573.792329,1.000000,56888.000000
173.553278,558.839979,1577.639429,1.000000,56355.000000
276.052325,383.201594,1578.828369,1.000000,56837.000000
184.303666,482.885527,1580.539187,1.000000,57481.000000
293.068966,321.862069,1559.482759,1.000000,29.000000
295.636452,431.522417,1563.883041,1.000000,1026.000000
115.249554,503.241513,1584.743280,1.000000,62800.000000
282.882353,474.470588,1584.617647,1.000000,34.000000
141.867207,385.958012,1606.460179,1.000000,60470.000000
209.025478,525.025478,1593.417834,1.000000,785.000000
207.410491,598.570150,1607.693797,1.000000,4804.000000
301.000000,337.171875,1597.375000,1.000000,64.000000
113.478397,561.675850,1622.371554,1.000000,57168.000000
237.648332,486.572399,1626.809681,1.000000,55470.000000
191.315137,431.043975,1627.505666,1.000000,58511.000000
275.134423,342.387829,1613.607629,1.000000,1101.000000
123.336970,449.090330,1631.354185,1.000000,60124.000000
188.924158,308.015186,1632.468625,1.000000,22916.000000
228.623392,361.096746,1633.277069,1.000000,55506.000000
176.108626,523.755790,1637.457964,1.000000,60317.000000
259.069713,308.356282,1637.687304,1.000000,24228.000000
271.587065,424.856622,1638.501074,1.000000,46109.000000
300.752613,471.885017,1624.909408,1.000000,287.000000
167.269546,586.891375,1658.640811,1.000000,50099.000000
275.348018,599.945374,1649.129515,1.000000,1135.000000
114.283525,511.208439,1664.742792,1.000000,41379.000000
153.873936,357.872705,1669.628011,1.000000,59319.000000
296.947920,548.600265,1683.818205,1.000000,19643.000000
296.532667,362.301612,1686.990810,1.000000,19913.000000
209.174068,465.008922,1689.247733,1.000000,178539.000000
221.525467,323.069462,1692.144512,1.000000,71032.000000
230.855767,587.964326,1695.015814,1.000000,26686.000000
