145.578635,507.767531,377.368803,1.000000,515579.000000
159.252582,643.351587,387.021625,1.000000,755930.000000
185.915199,374.463863,374.233673,1.000000,454768.000000
217.039638,765.975936,407.031651,1.000000,930974.000000
208.114394,272.653824,366.779711,1.000000,57774.000000
231.656189,567.315293,377.139859,1.000000,71007.000000
244.253419,467.376092,358.736338,1.000000,16597.000000
267.043390,302.950815,356.445358,1.000000,7421.000000
267.085986,677.199016,377.416683,1.000000,74361.000000
261.000000,630.272727,353.545455,1.000000,11.000000
287.539810,237.974335,359.467262,1.000000,23612.000000
277.728278,821.631912,353.248025,1.000000,633.000000
275.494186,350.459302,353.755814,1.000000,172.000000
295.919777,598.855804,359.460893,1.000000,22400.000000
285.916002,508.016111,379.524700,1.000000,77835.000000
273.833333,724.166667,353.000000,1.000000, 6.000000
285.203885,383.886564,386.641133,1.000000,75170.000000
305.888889,281.666667,353.222222,1.000000,36.000000
315.070028,665.269841,353.868347,1.000000,1071.000000
323.143537,354.680045,355.282313,1.000000,4410.000000
351.011210,739.618759,397.409164,1.000000,876247.000000
325.660809,438.901321,372.466119,1.000000,67826.000000
332.713087,858.987304,373.250702,1.000000,70889.000000
338.330665,193.112829,367.253890,1.000000,60215.000000
338.740413,493.752212,353.768928,1.000000,1017.000000
333.752747,290.664835,355.148352,1.000000,182.000000
374.797201,310.447955,360.447027,1.000000,26938.000000
374.473618,600.649230,413.871364,1.000000,970657.000000
357.722892,237.497992,354.369478,1.000000,249.000000
364.065947,922.775289,383.440828,1.000000,73650.000000
391.707123,439.275502,361.482137,1.000000,31713.000000
382.459459,262.837838,353.162162,1.000000,37.000000
390.186170,183.244681,353.824468,1.000000,188.000000
410.860814,957.036759,363.641328,1.000000,2802.000000
421.622804,513.971008,379.113382,1.000000,76952.000000
419.295082,243.106557,353.000000,1.000000,122.000000
477.503025,778.961888,374.286003,1.000000,450485.000000
430.879630,386.089730,379.859955,1.000000,75883.000000
448.088146,679.342984,369.905081,1.000000,65108.000000
488.645201,916.876091,382.344776,1.000000,636913.000000
460.802087,608.391156,365.283417,1.000000,35753.000000
467.010533,435.477834,359.441455,1.000000,23640.000000
492.565646,168.224318,360.439045,1.000000,86966.000000
475.581045,341.090045,360.581929,1.000000,22611.000000
477.874925,263.878546,364.213836,1.000000,45301.000000
496.847614,528.620740,354.249270,1.000000,2054.000000
484.000000,627.000000,353.000000,1.000000, 1.000000
502.832000,304.024000,353.904000,1.000000,125.000000
530.065637,469.045457,363.023743,1.000000,38454.000000
532.969124,612.484853,367.016082,1.000000,56710.000000
539.572161,333.639972,376.192898,1.000000,74708.000000
551.629020,704.479500,369.275593,1.000000,63122.000000
538.289116,108.034014,354.197279,1.000000,294.000000
535.989349,519.846154,359.847337,1.000000,845.000000
562.671016,837.870008,370.970404,1.000000,70043.000000
548.868085,217.261702,355.927660,1.000000,470.000000
557.077519,293.503876,359.891473,1.000000,258.000000
583.312135,774.030048,361.188839,1.000000,30285.000000
571.746946,419.055846,353.829843,1.000000,1146.000000
561.371859,546.798995,358.761307,1.000000,398.000000
568.000000,261.714286,353.142857,1.000000, 7.000000
613.512994,907.275871,358.655787,1.000000,51564.000000
598.776806,218.127979,362.338794,1.000000,37725.000000
597.283559,575.453114,360.210986,1.000000,25850.000000
599.472760,137.639321,362.483477,1.000000,34618.000000
599.283342,356.210715,359.439696,1.000000,22884.000000
603.425502,288.100340,368.152724,1.000000,57116.000000
603.035014,490.603969,374.048647,1.000000,70343.000000
592.601770,685.566372,353.805310,1.000000,113.000000
617.632247,721.632784,379.934434,1.000000,76274.000000
611.185185,838.370370,353.296296,1.000000,27.000000
615.323077,401.476923,353.492308,1.000000,65.000000
624.713058,628.758762,383.033561,1.000000,67937.000000
639.575486,673.377877,354.845740,1.000000,3345.000000
640.285265,809.033170,354.641061,1.000000,2864.000000
630.692661,768.420489,358.039755,1.000000,654.000000
653.858696,458.930587,355.718154,1.000000,5244.000000
661.717120,249.238603,366.296100,1.000000,56508.000000
695.799726,376.878728,392.728922,1.000000,847028.000000
669.954588,155.364313,360.088201,1.000000,25544.000000
653.440945,531.937008,353.094488,1.000000,127.000000
662.394737,201.338346,355.436090,1.000000,266.000000
663.698413,762.198413,353.730159,1.000000,126.000000
675.422962,572.714025,378.944784,1.000000,67408.000000
691.451309,627.735688,357.625432,1.000000,13904.000000
673.963824,879.380706,358.800172,1.000000,1161.000000
679.900169,827.500846,356.057530,1.000000,591.000000
698.960017,727.947561,357.104617,1.000000,11480.000000
688.490566,850.622642,355.547170,1.000000,53.000000
727.345296,469.911928,359.697224,1.000000,19450.000000
711.616667,829.550000,356.950000,1.000000,60.000000
715.714286,152.857143,353.612245,1.000000,98.000000
719.277900,180.891045,360.025584,1.000000,2267.000000
732.127182,532.189549,376.778623,1.000000,69027.000000
755.402309,244.964877,407.518104,1.000000,946267.000000
743.288636,674.127941,356.126070,1.000000,7480.000000
745.226432,601.970155,377.996124,1.000000,68621.000000
766.179022,802.490569,366.468217,1.000000,54714.000000
757.735099,876.645695,353.281457,1.000000,302.000000
764.663366,442.636139,359.625000,1.000000,808.000000
787.096577,323.849085,359.003786,1.000000,20336.000000
768.398340,634.448133,354.062241,1.000000,241.000000
770.842105,465.789474,353.263158,1.000000,19.000000
796.907533,511.340021,364.184253,1.000000,44059.000000
835.174893,700.951710,389.595417,1.000000,806378.000000
802.766273,383.202101,377.781410,1.000000,76170.000000
833.572529,271.409365,358.723257,1.000000,19220.000000
829.942178,813.050650,355.216047,1.000000,4462.000000
857.706102,406.753640,358.032409,1.000000,15798.000000
859.841923,473.091012,368.225062,1.000000,63387.000000
883.637321,344.756357,363.734565,1.000000,34645.000000
871.928790,541.521438,378.316030,1.000000,78809.000000
875.093567,294.830409,353.912281,1.000000,171.000000
909.994741,586.562414,357.951949,1.000000,15213.000000
919.333522,435.131691,365.860553,1.000000,52866.000000
915.812500,653.962891,354.112630,1.000000,1536.000000
906.000000,333.000000,353.000000,1.000000, 1.000000
931.289128,506.607572,364.323887,1.000000,46118.000000
952.018028,568.324496,358.879109,1.000000,943.000000
681.605522,919.292601,386.440568,1.000000,72293.000000
363.257182,263.570451,366.618331,1.000000,731.000000
429.498824,144.538824,363.423529,1.000000,425.000000
454.351351,479.405405,364.189189,1.000000,37.000000
396.677774,835.169414,386.279539,1.000000,59151.000000
431.106996,201.020576,365.930041,1.000000,243.000000
332.212766,239.574468,364.382979,1.000000,47.000000
386.621669,149.677600,387.069671,1.000000,72196.000000
359.271860,378.326078,387.713968,1.000000,68870.000000
512.171512,229.975291,367.552326,1.000000,688.000000
538.000000,263.800000,363.200000,1.000000, 5.000000
621.933702,535.812155,367.049724,1.000000,362.000000
703.154930,680.338028,368.323944,1.000000,71.000000
843.990991,317.048048,371.516517,1.000000,666.000000
263.730045,862.682947,389.314731,1.000000,74505.000000
747.252336,170.350467,368.876947,1.000000,642.000000
831.363636,436.454545,365.681818,1.000000,22.000000
408.067797,219.857345,370.107345,1.000000,708.000000
712.812500,797.187500,366.125000,1.000000,16.000000
811.548507,467.723881,367.481343,1.000000,268.000000
165.563910,293.756892,369.601504,1.000000,399.000000
431.753302,463.139989,372.583201,1.000000,1893.000000
500.705299,393.498988,390.514759,1.000000,72158.000000
838.772500,352.302500,369.927500,1.000000,400.000000
290.578838,280.327801,372.811203,1.000000,964.000000
315.740458,265.877863,370.519084,1.000000,131.000000
493.973615,107.179420,370.786280,1.000000,379.000000
258.396055,269.792109,374.796156,1.000000,1977.000000
257.160714,341.232143,372.339286,1.000000,56.000000
426.439394,121.954545,372.606061,1.000000,66.000000
564.884817,109.020942,372.488656,1.000000,573.000000
788.545455,424.727273,368.272727,1.000000,11.000000
806.730609,569.614838,393.917798,1.000000,75010.000000
318.908891,318.256151,394.880758,1.000000,75108.000000
519.177114,551.468544,394.151674,1.000000,70988.000000
740.875313,884.429495,395.308784,1.000000,73945.000000
384.674033,203.571823,373.475138,1.000000,362.000000
644.270270,123.675676,375.825826,1.000000,333.000000
761.440476,649.688776,374.549320,1.000000,588.000000
473.325000,221.075000,375.897727,1.000000,440.000000
545.943074,186.390892,375.275142,1.000000,527.000000
355.700870,497.437252,398.479206,1.000000,76512.000000
431.263158,433.736842,375.684211,1.000000,190.000000
530.341463,211.609756,373.317073,1.000000,41.000000
570.783604,395.018896,396.498381,1.000000,75043.000000
572.276824,184.959227,376.420601,1.000000,466.000000
607.180195,859.547078,378.136364,1.000000,616.000000
648.646650,833.035591,398.139314,1.000000,75721.000000
652.606299,877.942257,376.902887,1.000000,381.000000
680.324209,761.825979,397.097322,1.000000,69779.000000
853.115584,374.210390,378.214286,1.000000,770.000000
349.792899,283.192308,377.890533,1.000000,338.000000
695.109333,873.134667,379.610667,1.000000,750.000000
817.650000,302.416667,376.916667,1.000000,60.000000
694.462069,181.728276,379.726897,1.000000,725.000000
721.561798,698.651685,376.168539,1.000000,89.000000
667.434475,482.584259,401.384625,1.000000,72117.000000
699.182927,654.276423,381.937669,1.000000,738.000000
528.200000,210.600000,380.600000,1.000000,10.000000
553.262206,792.128391,383.792043,1.000000,553.000000
947.571429,467.302521,380.252101,1.000000,119.000000
452.590909,198.818182,384.204545,1.000000,44.000000
721.240000,160.640000,380.760000,1.000000,25.000000
559.658098,212.151671,384.560411,1.000000,389.000000
675.515675,690.621064,404.929474,1.000000,73717.000000
813.000000,334.500000,380.500000,1.000000, 2.000000
472.522810,469.628664,409.730449,1.000000,60215.000000
563.979324,138.358548,388.971256,1.000000,1983.000000
674.500000,626.000000,382.000000,1.000000, 2.000000
753.000000,681.000000,383.000000,1.000000, 1.000000
930.413685,579.657656,408.323878,1.000000,76464.000000
580.412073,162.685039,388.023622,1.000000,381.000000
705.111111,624.851852,386.518519,1.000000,27.000000
716.997459,819.814809,408.675388,1.000000,75182.000000
749.058824,684.882353,387.352941,1.000000,17.000000
271.945820,613.987941,409.859705,1.000000,72148.000000
386.311535,280.016155,410.111432,1.000000,76136.000000
439.142857,146.904762,387.857143,1.000000,42.000000
477.134360,130.209136,410.409992,1.000000,75238.000000
239.935551,445.078723,410.452887,1.000000,73981.000000
517.654896,840.052970,390.821830,1.000000,623.000000
577.224561,747.442105,390.650877,1.000000,570.000000
565.756630,252.847403,412.114437,1.000000,74923.000000
624.651899,574.357595,391.332278,1.000000,316.000000
636.422099,182.380440,447.893405,1.000000,979449.000000
707.433962,460.113208,390.264151,1.000000,53.000000
739.070772,725.861076,413.226432,1.000000,65662.000000
788.230137,444.443462,410.296522,1.000000,70784.000000
575.375628,588.879059,412.178908,1.000000,69505.000000
863.401743,604.883803,413.659993,1.000000,74219.000000
947.000000,466.000000,388.000000,1.000000, 1.000000
430.536000,719.408000,391.504000,1.000000,125.000000
622.423601,117.786687,394.119516,1.000000,661.000000
766.061404,496.807018,394.289474,1.000000,114.000000
413.750000,934.750000,392.000000,1.000000, 4.000000
423.392523,959.383178,395.289720,1.000000,107.000000
915.439904,721.050481,394.963942,1.000000,416.000000
593.583116,790.718989,417.052771,1.000000,67556.000000
591.400000,109.800000,395.600000,1.000000,10.000000
705.000000,623.000000,393.333333,1.000000, 3.000000
737.163090,647.031474,398.597997,1.000000,699.000000
778.318841,528.666667,394.623188,1.000000,69.000000
901.042083,490.789214,416.952763,1.000000,70242.000000
537.807773,652.702049,419.627839,1.000000,73049.000000
599.390968,908.836811,453.590008,1.000000,975157.000000
826.003983,504.642278,419.992463,1.000000,65277.000000
918.371453,648.748300,418.379318,1.000000,75272.000000
390.813564,440.493972,420.447451,1.000000,73237.000000
545.365660,771.069952,399.640700,1.000000,629.000000
566.630137,111.226027,400.664384,1.000000,146.000000
605.872579,334.291955,419.583568,1.000000,73371.000000
760.127711,662.930120,400.737349,1.000000,415.000000
793.443954,847.583731,421.342847,1.000000,74733.000000
933.027933,409.006983,399.621508,1.000000,716.000000
227.990955,513.424584,421.576792,1.000000,76284.000000
469.923710,639.158475,420.256066,1.000000,70560.000000
507.673913,506.695652,400.456522,1.000000,46.000000
629.425520,537.590639,422.882886,1.000000,63306.000000
655.538901,284.718602,421.017576,1.000000,73906.000000
870.963970,398.979360,456.970072,1.000000,974510.000000
455.344828,715.965517,400.689655,1.000000,87.000000
541.383363,124.115732,403.777577,1.000000,553.000000
470.900631,243.504671,459.287149,1.000000,963475.000000
507.870629,616.618881,402.276224,1.000000,286.000000
570.712766,300.287234,402.287234,1.000000,94.000000
615.293107,440.711452,425.180542,1.000000,75672.000000
228.928854,302.216859,459.301085,1.000000,976108.000000
534.915816,448.593417,424.987708,1.000000,71427.000000
735.573529,161.953431,404.835784,1.000000,408.000000
779.528662,779.313506,426.372868,1.000000,75048.000000
903.377079,744.432532,404.439926,1.000000,541.000000
530.946844,218.498339,406.754153,1.000000,301.000000
575.165000,719.786667,406.035000,1.000000,600.000000
760.270903,563.244147,404.220736,1.000000,299.000000
924.834116,450.283255,405.902973,1.000000,639.000000
731.966831,483.706700,428.233728,1.000000,74497.000000
711.597938,652.680412,406.993814,1.000000,485.000000
950.500000,514.500000,404.500000,1.000000, 2.000000
431.000000,113.000000,405.000000,1.000000, 1.000000
497.656597,708.924097,430.092534,1.000000,73357.000000
565.100245,511.521680,429.149546,1.000000,73041.000000
663.423402,610.429433,410.179735,1.000000,829.000000
700.296875,516.873438,410.709375,1.000000,640.000000
335.156388,210.209881,466.568806,1.000000,933763.000000
345.121795,151.782051,409.413462,1.000000,312.000000
433.285714,115.857143,406.000000,1.000000, 7.000000
471.209835,344.104173,431.052463,1.000000,63836.000000
720.384615,677.846154,407.846154,1.000000,13.000000
784.202355,343.336826,432.587899,1.000000,75496.000000
847.339717,792.229391,432.724236,1.000000,71960.000000
303.709985,464.958177,432.871797,1.000000,75365.000000
431.444444,749.116466,412.755020,1.000000,747.000000
535.959276,165.056935,433.543621,1.000000,61438.000000
641.627151,786.588910,411.965583,1.000000,523.000000
728.222222,566.777778,408.777778,1.000000,27.000000
401.330537,344.600207,433.749479,1.000000,76297.000000
428.685345,807.150862,414.732759,1.000000,232.000000
781.649446,492.317343,412.132841,1.000000,271.000000
244.792453,398.094340,411.754717,1.000000,53.000000
519.594306,107.580071,412.562278,1.000000,281.000000
615.202247,384.617978,414.966292,1.000000,89.000000
776.967964,632.060548,436.624329,1.000000,68954.000000
241.000000,390.000000,411.000000,1.000000, 1.000000
321.107230,900.741844,436.000416,1.000000,76872.000000
358.207407,861.533333,414.555556,1.000000,135.000000
452.334054,847.585962,436.416294,1.000000,75341.000000
609.375000,283.125000,411.875000,1.000000, 8.000000
633.730159,667.948413,413.750000,1.000000,252.000000
703.973154,546.713087,416.273490,1.000000,596.000000
243.500000,390.000000,412.500000,1.000000, 2.000000
394.563661,889.708761,437.129336,1.000000,74983.000000
455.095860,536.033026,436.737007,1.000000,73941.000000
528.911576,806.989238,437.245863,1.000000,75172.000000
945.827586,466.711207,415.004310,1.000000,232.000000
324.795306,830.246738,436.907995,1.000000,68214.000000
567.311475,131.256831,417.338798,1.000000,366.000000
596.365814,690.714384,438.286457,1.000000,64254.000000
842.394410,549.805901,417.958075,1.000000,644.000000
327.027027,273.635135,415.283784,1.000000,74.000000
409.308943,120.631436,418.487805,1.000000,369.000000
420.833333,476.235294,416.715686,1.000000,102.000000
549.558891,724.949192,418.856813,1.000000,433.000000
704.000000,589.500000,414.000000,1.000000, 2.000000
777.555556,394.333333,415.555556,1.000000, 9.000000
768.069114,585.630670,420.043197,1.000000,463.000000
237.452035,668.121471,442.100880,1.000000,70906.000000
421.333333,780.190476,417.714286,1.000000,21.000000
907.452381,717.526786,419.562500,1.000000,336.000000
393.500000,841.000000,417.000000,1.000000, 2.000000
250.936785,565.428922,430.524510,1.000000,9792.000000
297.509311,533.811683,444.368855,1.000000,69808.000000
453.631919,411.021923,443.284089,1.000000,61625.000000
515.784699,757.612040,426.070652,1.000000,2392.000000
162.314688,424.128203,479.318525,1.000000,957183.000000
461.381597,743.464141,423.760487,1.000000,739.000000
542.581533,352.338042,444.278584,1.000000,69444.000000
609.291667,492.875000,419.958333,1.000000,24.000000
767.327586,512.120690,422.741379,1.000000,58.000000
516.293103,498.844828,424.086207,1.000000,58.000000
587.000000,737.000000,420.000000,1.000000, 1.000000
737.636364,657.904959,423.409091,1.000000,242.000000
950.206004,492.840580,425.579710,1.000000,966.000000
553.762821,106.709402,425.425214,1.000000,468.000000
923.824338,696.404318,427.147203,1.000000,1019.000000
942.075000,432.625000,426.275000,1.000000,40.000000
361.533333,139.101149,426.586207,1.000000,435.000000
658.000000,645.000000,422.000000,1.000000, 1.000000
609.544018,645.539503,428.216704,1.000000,443.000000
679.250000,529.500000,426.083333,1.000000,12.000000
825.020970,632.175623,429.650066,1.000000,763.000000
478.846154,800.884615,429.307692,1.000000,26.000000
608.500000,486.000000,426.000000,1.000000, 2.000000
705.885468,907.105105,451.766407,1.000000,79035.000000
772.000000,516.000000,426.000000,1.000000, 1.000000
871.192308,530.980769,428.576923,1.000000,52.000000
898.221359,751.656311,431.652427,1.000000,515.000000
339.509804,290.019608,431.431373,1.000000,51.000000
429.535714,117.000000,430.964286,1.000000,28.000000
667.000000,440.000000,427.000000,1.000000, 3.000000
692.000000,725.750000,428.000000,1.000000, 4.000000
745.256494,852.422078,431.181818,1.000000,308.000000
277.131420,403.324359,454.037750,1.000000,75179.000000
327.694957,354.810648,453.322070,1.000000,72711.000000
749.361126,547.289171,451.945891,1.000000,71781.000000
436.074333,944.111006,454.490223,1.000000,75996.000000
503.394582,582.290356,452.412941,1.000000,60350.000000
545.931193,699.027523,432.720183,1.000000,436.000000
546.612756,556.455581,433.904328,1.000000,439.000000
708.723647,568.279202,434.172365,1.000000,702.000000
709.779751,650.092362,435.472469,1.000000,563.000000
146.769528,561.838983,491.134498,1.000000,977851.000000
732.732143,591.410714,432.571429,1.000000,56.000000
388.824074,129.206790,436.429012,1.000000,324.000000
585.311978,630.362117,436.562674,1.000000,718.000000
770.753804,697.402490,436.254495,1.000000,723.000000
868.818182,645.000000,433.772727,1.000000,22.000000
394.559349,503.557432,456.476886,1.000000,73051.000000
555.497762,209.869219,439.073098,1.000000,2011.000000
932.939394,461.009324,436.191142,1.000000,429.000000
954.673469,514.693878,435.428571,1.000000,49.000000
266.772138,864.095743,459.824148,1.000000,71890.000000
361.418689,388.245146,438.628641,1.000000,824.000000
503.346471,407.895967,440.192026,1.000000,2182.000000
635.505602,780.718487,438.417367,1.000000,714.000000
668.454491,597.832474,457.910019,1.000000,72371.000000
753.681462,905.259791,438.010444,1.000000,766.000000
779.493627,731.719583,438.482039,1.000000,863.000000
429.015239,719.844274,458.208209,1.000000,70213.000000
777.336585,494.063415,437.053659,1.000000,205.000000
790.356618,584.411765,438.264706,1.000000,272.000000
344.807692,523.653846,440.277778,1.000000,468.000000
402.075372,802.530528,459.510294,1.000000,76209.000000
508.338290,107.330855,440.847584,1.000000,807.000000
710.363636,685.818182,438.181818,1.000000,11.000000
760.248649,389.129730,438.994595,1.000000,370.000000
305.025150,674.142422,462.056798,1.000000,75108.000000
444.125000,892.375000,437.500000,1.000000, 8.000000
554.541667,406.091667,439.791667,1.000000,240.000000
576.576555,466.504785,439.729665,1.000000,418.000000
632.711538,371.730769,437.019231,1.000000,52.000000
776.069645,889.793693,441.678055,1.000000,761.000000
525.762857,541.032857,442.438571,1.000000,700.000000
534.636971,114.973274,440.964365,1.000000,449.000000
729.171355,624.877238,440.782609,1.000000,391.000000
871.206897,753.172414,439.103448,1.000000,58.000000
947.180556,618.750000,440.263889,1.000000,72.000000
886.553506,727.771218,443.110701,1.000000,271.000000
549.243382,745.390031,464.066110,1.000000,72984.000000
570.946328,128.423729,443.687853,1.000000,708.000000
697.673684,544.804211,443.473684,1.000000,475.000000
786.333333,409.000000,440.000000,1.000000, 3.000000
836.211240,562.076289,465.435827,1.000000,72671.000000
597.592731,283.326299,466.049337,1.000000,67049.000000
728.515755,668.215589,446.089552,1.000000,603.000000
748.521916,427.426921,466.335230,1.000000,75035.000000
631.463308,740.871521,467.572634,1.000000,73981.000000
652.200750,818.389598,466.313302,1.000000,60239.000000
698.008088,763.034190,467.819181,1.000000,75169.000000
736.085044,798.489736,449.303519,1.000000,682.000000
560.840000,620.313333,447.416667,1.000000,600.000000
677.714771,508.968477,469.635174,1.000000,55103.000000
844.760083,643.405821,451.144283,1.000000,2405.000000
897.929577,604.380282,445.704225,1.000000,71.000000
951.000000,610.000000,443.000000,1.000000, 1.000000
348.272381,310.718095,448.857143,1.000000,525.000000
425.750359,148.771213,470.522187,1.000000,73173.000000
815.000000,752.900000,445.800000,1.000000,20.000000
483.097316,766.889262,471.018020,1.000000,72640.000000
490.500000,447.833333,446.333333,1.000000, 6.000000
666.070093,551.331776,448.943925,1.000000,214.000000
687.271186,437.288136,448.305085,1.000000,236.000000
887.917184,769.944099,450.409938,1.000000,966.000000
902.223263,539.540073,471.312298,1.000000,73353.000000
343.456433,421.091760,471.617102,1.000000,75229.000000
345.000000,499.000000,446.000000,1.000000, 1.000000
358.908745,285.942966,449.619772,1.000000,263.000000
410.336406,298.313364,451.105991,1.000000,217.000000
504.540482,952.522907,470.380279,1.000000,74824.000000
591.302053,111.310850,449.609971,1.000000,341.000000
675.000000,708.000000,446.000000,1.000000, 1.000000
800.189904,530.891827,449.826923,1.000000,416.000000
818.863636,759.000000,447.090909,1.000000,22.000000
459.000000,112.500000,447.500000,1.000000, 2.000000
578.520833,554.708333,451.406250,1.000000,96.000000
589.500000,404.000000,447.500000,1.000000, 2.000000
833.082335,614.305389,451.444611,1.000000,668.000000
242.094045,605.744794,473.213792,1.000000,73188.000000
490.534986,485.316616,472.866695,1.000000,69570.000000
499.202128,131.010638,451.265957,1.000000,94.000000
676.848485,708.878788,451.484848,1.000000,33.000000
685.465050,670.402062,473.450369,1.000000,74792.000000
720.130252,586.289916,452.046218,1.000000,476.000000
874.211917,681.727535,455.585776,1.000000,2081.000000
896.000000,581.000000,448.000000,1.000000, 1.000000
366.314655,134.590517,453.390086,1.000000,464.000000
483.700701,108.860861,455.174174,1.000000,999.000000
729.034198,327.008050,473.304989,1.000000,74537.000000
747.545455,367.909091,450.340909,1.000000,44.000000
818.555556,660.888889,450.444444,1.000000, 9.000000
377.000000,300.157895,453.210526,1.000000,19.000000
438.371257,320.766467,454.540918,1.000000,501.000000
572.075000,648.737500,455.050000,1.000000,640.000000
747.503906,598.437500,453.761719,1.000000,256.000000
930.734893,679.853801,453.668616,1.000000,513.000000
942.409449,444.893701,454.488189,1.000000,254.000000
952.725849,542.668407,454.827676,1.000000,383.000000
552.822285,584.022567,455.820874,1.000000,709.000000
690.916667,303.694444,452.472222,1.000000,36.000000
702.339950,814.475600,458.983457,1.000000,2418.000000
251.091472,477.175675,477.391408,1.000000,64107.000000
556.193146,109.397715,457.803738,1.000000,963.000000
616.000000,636.000000,452.000000,1.000000, 1.000000
740.714286,752.857143,453.142857,1.000000, 7.000000
800.889320,716.464078,456.099029,1.000000,515.000000
508.557236,859.893475,478.437054,1.000000,72856.000000
533.828447,622.899023,459.210641,1.000000,921.000000
651.990002,326.304949,478.020171,1.000000,74514.000000
744.500000,760.500000,453.500000,1.000000, 2.000000
887.926694,654.236515,458.094053,1.000000,723.000000
917.716094,468.994575,457.307414,1.000000,553.000000
945.866667,475.000000,454.066667,1.000000,15.000000
372.689242,680.401419,478.637666,1.000000,70769.000000
392.717949,270.476923,458.000000,1.000000,195.000000
527.000000,403.000000,454.500000,1.000000, 2.000000
631.838655,661.909244,459.413445,1.000000,595.000000
654.226994,369.868098,457.266871,1.000000,326.000000
756.128455,716.622054,479.599417,1.000000,76159.000000
804.763699,602.386986,458.075342,1.000000,292.000000
287.124305,739.283599,479.609125,1.000000,71936.000000
436.887771,652.900652,480.725384,1.000000,72432.000000
541.454545,485.181818,456.757576,1.000000,33.000000
594.645054,602.785512,479.636312,1.000000,64745.000000
843.123944,672.264789,458.580282,1.000000,355.000000
529.000000,402.000000,456.000000,1.000000, 1.000000
655.974458,426.622137,482.718112,1.000000,63621.000000
741.351732,842.238261,481.205038,1.000000,73684.000000
744.000000,373.000000,456.000000,1.000000, 1.000000
797.702857,503.407619,460.114286,1.000000,525.000000
924.938202,609.348315,459.233146,1.000000,356.000000
403.664352,418.263117,463.741512,1.000000,1296.000000
610.408799,480.785393,484.126743,1.000000,65487.000000
627.500000,575.000000,457.500000,1.000000, 2.000000
814.157895,682.854489,462.934985,1.000000,323.000000
856.383142,604.701149,460.540230,1.000000,261.000000
562.775401,462.034759,463.211230,1.000000,748.000000
744.000000,368.500000,458.000000,1.000000, 2.000000
773.015504,380.170543,462.524548,1.000000,387.000000
797.873418,436.767932,460.924051,1.000000,237.000000
806.965674,818.246495,483.331378,1.000000,74172.000000
950.995037,594.255583,461.456576,1.000000,403.000000
467.666667,139.666667,460.000000,1.000000, 3.000000
508.785166,427.136061,467.027110,1.000000,1955.000000
594.755435,770.538043,463.907609,1.000000,184.000000
734.935511,640.273229,466.829868,1.000000,2357.000000
899.194946,695.083032,461.953069,1.000000,277.000000
355.108108,531.891892,462.445946,1.000000,74.000000
373.000000,369.333333,460.000000,1.000000, 3.000000
543.504823,195.903537,465.897106,1.000000,311.000000
619.000000,784.000000,460.000000,1.000000, 1.000000
618.923077,788.961538,462.615385,1.000000,26.000000
773.867725,589.000000,463.497354,1.000000,189.000000
878.000000,488.000000,460.000000,1.000000, 1.000000
905.040268,633.785235,466.167785,1.000000,149.000000
420.532884,548.251265,465.784148,1.000000,593.000000
437.791429,347.111429,465.257143,1.000000,350.000000
549.500000,662.500000,461.500000,1.000000, 2.000000
340.013966,784.536096,487.509012,1.000000,64800.000000
564.074324,142.891892,467.150000,1.000000,740.000000
576.342798,810.065003,488.139192,1.000000,76319.000000
675.297959,281.302041,467.183673,1.000000,245.000000
766.000000,500.000000,462.000000,1.000000, 1.000000
179.614960,695.836079,523.299831,1.000000,983976.000000
497.303305,381.737122,488.075976,1.000000,70101.000000
763.168675,480.180723,467.072289,1.000000,83.000000
838.919604,495.471482,488.927251,1.000000,76372.000000
552.273857,547.872734,491.579804,1.000000,63756.000000
642.305732,265.910828,466.343949,1.000000,157.000000
713.290419,371.673653,468.248503,1.000000,334.000000
768.500000,500.000000,464.500000,1.000000, 4.000000
847.827469,730.294644,525.361007,1.000000,988177.000000
902.797844,588.636119,469.012129,1.000000,742.000000
315.899225,569.488372,469.930233,1.000000,129.000000
378.335338,759.666165,470.082707,1.000000,665.000000
502.757790,162.885269,470.349858,1.000000,706.000000
594.379919,363.507688,490.750974,1.000000,72647.000000
588.277778,527.555556,466.888889,1.000000,18.000000
638.000000,384.000000,465.333333,1.000000, 3.000000
775.127907,666.406977,469.065891,1.000000,258.000000
911.181818,655.818182,468.181818,1.000000,11.000000
940.111111,640.814815,465.666667,1.000000,27.000000
951.929260,517.266881,470.998928,1.000000,933.000000
335.627907,544.395349,467.860465,1.000000,43.000000
446.034737,583.386307,489.625378,1.000000,56481.000000
637.000000,381.000000,466.000000,1.000000, 1.000000
760.490942,770.625000,470.496377,1.000000,552.000000
367.485647,853.276752,494.174545,1.000000,59360.000000
489.281481,539.803704,472.718519,1.000000,810.000000
646.855140,640.113707,471.214953,1.000000,642.000000
701.369684,251.978190,471.898582,1.000000,917.000000
710.258359,474.887538,470.528875,1.000000,329.000000
737.301001,188.871691,492.638396,1.000000,62209.000000
880.142523,604.219626,470.665888,1.000000,428.000000
324.874710,490.718251,494.472351,1.000000,68593.000000
421.699746,309.727735,472.165394,1.000000,393.000000
521.962769,702.888307,474.531704,1.000000,1719.000000
580.420428,116.961995,475.839905,1.000000,2105.000000
606.007335,431.514670,473.716381,1.000000,818.000000
705.568627,223.274510,473.333333,1.000000,51.000000
903.514451,489.393064,471.427746,1.000000,173.000000
374.730739,925.791323,494.608213,1.000000,75878.000000
429.884473,456.443218,492.920533,1.000000,69828.000000
453.197802,371.120879,472.725275,1.000000,91.000000
503.690627,641.807211,493.947539,1.000000,68946.000000
526.207697,127.598265,494.174680,1.000000,72630.000000
734.461538,669.390110,471.686813,1.000000,182.000000
790.143114,770.423353,476.146707,1.000000,1670.000000
815.900626,633.926966,493.859353,1.000000,74335.000000
917.464706,716.535294,472.258824,1.000000,170.000000
541.333333,390.657210,475.323877,1.000000,423.000000
558.612245,173.857143,474.326531,1.000000,49.000000
946.503257,620.249186,474.684039,1.000000,614.000000
264.545455,696.848485,472.469697,1.000000,66.000000
299.325800,442.158192,476.214689,1.000000,531.000000
307.502606,612.832897,495.301296,1.000000,70220.000000
546.977925,603.331126,475.216336,1.000000,453.000000
736.191157,474.481144,477.205462,1.000000,769.000000
760.941176,608.725490,474.032680,1.000000,153.000000
419.555556,365.355556,475.133333,1.000000,45.000000
462.399491,821.048346,477.659033,1.000000,393.000000
532.692308,451.461538,474.076923,1.000000,26.000000
782.824373,459.985663,475.430108,1.000000,279.000000
793.111111,545.115226,476.316872,1.000000,243.000000
430.215578,881.069394,498.054210,1.000000,73695.000000
559.948718,636.435897,475.820513,1.000000,39.000000
564.044538,427.261452,498.628180,1.000000,66976.000000
792.000000,401.000000,473.000000,1.000000, 1.000000
793.730337,483.026217,476.838951,1.000000,267.000000
237.693904,385.517510,478.913100,1.000000,771.000000
426.200000,365.100000,475.200000,1.000000,10.000000
432.519149,766.182979,476.987234,1.000000,235.000000
480.069307,436.673267,478.366337,1.000000,101.000000
549.510714,971.575000,477.617857,1.000000,280.000000
727.285714,278.109890,477.615385,1.000000,91.000000
925.184615,693.323077,477.553846,1.000000,65.000000
949.115901,558.621501,480.706607,1.000000,1786.000000
391.931677,366.689441,478.515528,1.000000,161.000000
417.932331,335.909774,479.733835,1.000000,665.000000
543.534006,310.315393,499.223056,1.000000,75192.000000
672.681818,259.409091,479.090909,1.000000,22.000000
704.465909,148.582386,480.244318,1.000000,352.000000
862.914439,627.470588,478.443850,1.000000,187.000000
377.272727,143.727273,477.181818,1.000000,11.000000
450.284722,325.187500,480.555556,1.000000,288.000000
741.386256,787.514218,481.424171,1.000000,422.000000
420.909320,397.541562,481.337531,1.000000,397.000000
432.304478,834.432836,481.325373,1.000000,335.000000
503.649254,333.600746,481.300373,1.000000,536.000000
697.526882,394.911290,480.814516,1.000000,372.000000
889.000000,667.666667,479.500000,1.000000, 6.000000
519.000000,180.200000,478.400000,1.000000, 5.000000
534.053388,787.299795,482.215606,1.000000,487.000000
539.994949,503.838384,482.217172,1.000000,198.000000
680.125000,720.750000,478.250000,1.000000, 8.000000
792.427597,276.896222,538.706013,1.000000,984178.000000
933.000000,577.000000,478.500000,1.000000, 2.000000
311.522276,895.560318,505.152115,1.000000,74654.000000
476.451613,160.838710,479.193548,1.000000,31.000000
616.325000,669.800000,481.675000,1.000000,40.000000
768.497967,631.823171,483.587398,1.000000,492.000000
323.785966,307.187995,504.731095,1.000000,73353.000000
571.914790,694.009696,505.183565,1.000000,75390.000000
672.000000,721.000000,480.000000,1.000000, 1.000000
925.667845,634.226148,483.416961,1.000000,283.000000
936.108108,664.421304,484.825119,1.000000,629.000000
437.578947,539.684211,483.052632,1.000000,19.000000
634.714286,546.000000,482.571429,1.000000, 7.000000
713.551546,630.634021,485.639175,1.000000,194.000000
794.062327,517.135734,486.193906,1.000000,722.000000
271.852714,552.053446,507.234553,1.000000,73476.000000
264.666667,646.300000,483.033333,1.000000,30.000000
562.926800,227.530383,507.670365,1.000000,74631.000000
723.243968,389.888740,487.183646,1.000000,746.000000
722.571429,245.952381,483.666667,1.000000,21.000000
852.619266,602.454128,486.892202,1.000000,436.000000
930.000000,692.000000,482.000000,1.000000, 1.000000
518.366279,905.401163,486.040698,1.000000,172.000000
624.958333,783.375000,484.208333,1.000000,24.000000
656.016949,776.915254,486.674576,1.000000,295.000000
884.875000,639.750000,484.500000,1.000000, 8.000000
336.857143,570.994805,487.792208,1.000000,385.000000
384.324723,470.302583,487.605166,1.000000,271.000000
389.065064,429.050919,489.169731,1.000000,707.000000
450.962121,390.579545,487.378788,1.000000,264.000000
636.806452,577.981567,489.797235,1.000000,217.000000
253.882979,668.989362,490.563830,1.000000,94.000000
441.000000,530.000000,485.000000,1.000000, 1.000000
639.899160,665.023109,489.644958,1.000000,476.000000
762.500352,375.947015,510.349477,1.000000,70926.000000
897.716216,616.094595,488.405405,1.000000,74.000000
274.865672,435.656716,487.746269,1.000000,67.000000
390.327689,287.206408,510.596315,1.000000,72938.000000
459.889978,966.523965,492.107298,1.000000,1836.000000
951.840855,590.375297,490.555819,1.000000,421.000000
621.125000,785.250000,489.250000,1.000000, 8.000000
649.190476,280.857143,488.428571,1.000000,21.000000
656.120209,706.036585,492.048780,1.000000,574.000000
685.542222,463.915556,490.440000,1.000000,225.000000
926.336283,608.141593,492.101770,1.000000,226.000000
413.723958,187.734375,492.838542,1.000000,192.000000
545.057190,358.856209,493.658497,1.000000,612.000000
627.674603,254.791667,492.162698,1.000000,504.000000
718.598575,501.990499,491.890736,1.000000,421.000000
398.128703,750.671135,514.476132,1.000000,75414.000000
415.377953,529.503937,493.393701,1.000000,127.000000
762.612186,492.762169,514.391225,1.000000,71248.000000
764.588235,786.352941,492.352941,1.000000,17.000000
259.365496,810.122229,551.000380,1.000000,979440.000000
607.563910,411.541353,494.586466,1.000000,133.000000
683.944000,570.385600,494.761600,1.000000,625.000000
652.750000,249.635870,494.744565,1.000000,184.000000
734.643243,651.405405,494.794595,1.000000,185.000000
499.503838,717.136049,518.232742,1.000000,73863.000000
690.377727,279.286190,516.654452,1.000000,74800.000000
687.351275,137.813031,496.311615,1.000000,353.000000
740.644000,563.276000,498.812000,1.000000,250.000000
908.230955,587.237001,497.626360,1.000000,827.000000
468.000000,518.000000,493.000000,1.000000, 1.000000
490.470175,565.740351,498.326316,1.000000,855.000000
608.716028,318.008711,498.254355,1.000000,574.000000
679.571429,630.714286,494.857143,1.000000, 7.000000
686.466667,238.933333,495.666667,1.000000,15.000000
718.370787,475.932584,496.314607,1.000000,178.000000
879.153846,599.329670,497.659341,1.000000,91.000000
523.704156,768.041565,497.843521,1.000000,409.000000
590.000000,764.000000,494.000000,1.000000, 1.000000
691.088305,367.334150,519.438333,1.000000,74311.000000
724.263081,897.252727,521.805222,1.000000,66645.000000
810.500000,587.500000,494.500000,1.000000, 2.000000
269.063663,379.777695,520.079069,1.000000,75428.000000
297.771429,420.742857,498.057143,1.000000,35.000000
356.009371,366.982678,521.544080,1.000000,77472.000000
374.062356,491.006928,499.424942,1.000000,433.000000
779.744382,448.679775,499.966292,1.000000,712.000000
812.000000,585.500000,495.000000,1.000000, 2.000000
863.493827,539.899471,499.317460,1.000000,567.000000
865.976143,650.737575,498.532803,1.000000,503.000000
372.185370,607.117637,521.790507,1.000000,74203.000000
372.293869,536.694274,521.672461,1.000000,73121.000000
435.953179,310.105202,502.718497,1.000000,1730.000000
451.297297,365.195946,501.364865,1.000000,148.000000
458.865517,173.051724,501.493103,1.000000,290.000000
491.905785,595.872727,500.601653,1.000000,605.000000
945.191304,628.852174,501.226087,1.000000,805.000000
408.405858,412.127615,502.018828,1.000000,478.000000
432.444444,346.222222,499.444444,1.000000, 9.000000
517.597222,581.909722,504.770833,1.000000,144.000000
392.656716,128.940299,501.873134,1.000000,134.000000
438.313480,408.586207,502.623824,1.000000,638.000000
516.775753,514.561807,505.393819,1.000000,1262.000000
691.281026,598.623590,504.741026,1.000000,1950.000000
696.019608,160.828431,501.245098,1.000000,204.000000
879.107872,623.183673,501.830904,1.000000,343.000000
263.241259,690.171329,506.142774,1.000000,1716.000000
291.102564,697.692308,502.977564,1.000000,312.000000
296.562500,449.166667,503.278646,1.000000,384.000000
430.458333,383.060185,504.703704,1.000000,216.000000
504.117957,807.018219,524.667093,1.000000,75087.000000
635.733744,529.518506,525.386013,1.000000,66977.000000
706.250394,539.858212,523.941120,1.000000,73624.000000
381.136882,407.733840,505.836502,1.000000,263.000000
420.368703,816.399970,525.830048,1.000000,73303.000000
468.000000,340.333333,501.111111,1.000000, 9.000000
528.587413,489.248252,503.349650,1.000000,286.000000
572.456107,969.101145,505.242366,1.000000,524.000000
614.268750,437.062500,503.612500,1.000000,320.000000
692.683250,209.688226,505.145937,1.000000,603.000000
712.836422,436.441219,525.402084,1.000000,70627.000000
778.022079,677.271389,507.149494,1.000000,2174.000000
835.689970,591.483283,504.264438,1.000000,329.000000
415.227273,503.090909,501.772727,1.000000,22.000000
471.938144,548.030928,505.467354,1.000000,291.000000
501.248429,441.409076,526.992715,1.000000,71928.000000
555.000000,497.600000,501.000000,1.000000, 5.000000
662.000000,728.000000,501.000000,1.000000, 1.000000
664.750000,727.125000,502.625000,1.000000, 8.000000
737.338183,763.896254,524.388661,1.000000,61313.000000
806.811053,545.966213,526.434722,1.000000,72957.000000
927.420091,684.607306,505.986301,1.000000,219.000000
462.974150,131.457985,526.687926,1.000000,73771.000000
717.913793,611.922414,505.112069,1.000000,116.000000
858.295844,576.039120,507.475550,1.000000,818.000000
887.604010,567.651629,506.932331,1.000000,399.000000
645.818052,611.815281,528.597355,1.000000,71460.000000
665.471698,759.716981,505.377358,1.000000,53.000000
670.000000,731.666667,503.666667,1.000000, 3.000000
826.750000,451.500000,504.250000,1.000000, 8.000000
323.251969,444.976378,508.899606,1.000000,508.000000
370.314370,450.157797,529.776733,1.000000,75179.000000
402.000000,384.000000,504.000000,1.000000, 3.000000
418.417012,118.286307,507.653527,1.000000,482.000000
432.435668,943.496503,528.684102,1.000000,71061.000000
508.860395,546.532625,509.814871,1.000000,659.000000
613.592972,721.002928,509.197657,1.000000,683.000000
687.793056,715.345833,509.304167,1.000000,720.000000
212.730769,619.269231,509.500000,1.000000,52.000000
466.208997,316.642215,511.262284,1.000000,1445.000000
489.569783,902.768418,529.210969,1.000000,66076.000000
582.500000,744.500000,506.250000,1.000000, 4.000000
751.577465,640.000000,509.535211,1.000000,71.000000
928.083333,556.416667,506.916667,1.000000,12.000000
938.277322,654.633880,510.587432,1.000000,732.000000
486.823529,523.591696,511.467128,1.000000,289.000000
549.309350,603.349352,531.568648,1.000000,75122.000000
595.961111,264.344444,510.781944,1.000000,720.000000
612.563863,755.504673,511.093458,1.000000,642.000000
551.593591,859.005045,533.717663,1.000000,68783.000000
619.619643,573.967857,511.151786,1.000000,560.000000
643.916667,365.333333,510.000000,1.000000,24.000000
652.584450,799.769840,531.597577,1.000000,74044.000000
710.259406,642.382178,512.435644,1.000000,505.000000
717.250000,725.375000,507.875000,1.000000, 8.000000
770.765517,424.190345,511.990345,1.000000,725.000000
274.682680,501.925518,516.723226,1.000000,2269.000000
412.774194,357.951613,513.322581,1.000000,62.000000
572.551724,472.837931,511.503448,1.000000,290.000000
757.448641,595.287969,533.153919,1.000000,72421.000000
226.729412,574.847059,513.694118,1.000000,85.000000
373.755102,808.018367,514.242857,1.000000,490.000000
392.000000,644.000000,509.000000,1.000000, 1.000000
397.488593,179.883080,513.960076,1.000000,1052.000000
640.770781,756.846348,514.108312,1.000000,397.000000
224.478051,507.536498,535.392491,1.000000,76017.000000
282.041667,469.711310,514.869048,1.000000,336.000000
536.189300,375.921811,513.551440,1.000000,243.000000
787.165617,854.167559,534.187515,1.000000,48908.000000
283.275862,425.838196,515.697613,1.000000,377.000000
325.163121,849.914894,515.776596,1.000000,564.000000
417.750000,626.428571,514.178571,1.000000,28.000000
523.500000,352.500000,511.250000,1.000000, 4.000000
530.200000,267.800000,511.800000,1.000000, 5.000000
538.680193,951.616885,539.272055,1.000000,64542.000000
589.477124,186.631373,516.368627,1.000000,765.000000
751.901235,666.728395,512.925926,1.000000,81.000000
890.562500,652.375000,513.187500,1.000000,32.000000
899.230032,606.536741,514.306709,1.000000,313.000000
446.324182,511.714799,537.749003,1.000000,70957.000000
589.272237,321.159030,517.231806,1.000000,371.000000
626.305421,235.538481,537.695499,1.000000,59770.000000
639.000000,365.000000,512.000000,1.000000, 1.000000
640.765152,725.965909,517.679924,1.000000,528.000000
678.857868,646.394247,516.101523,1.000000,591.000000
897.354739,518.275265,572.802245,1.000000,951159.000000
470.116505,405.553398,518.815534,1.000000,103.000000
590.664407,773.147458,518.227119,1.000000,590.000000
658.910316,685.565520,537.244929,1.000000,73458.000000
950.560453,589.362720,518.248111,1.000000,794.000000
208.000000,618.000000,514.000000,1.000000, 1.000000
331.906490,688.995806,575.797408,1.000000,944555.000000
435.236363,696.585888,539.721484,1.000000,75511.000000
433.000000,177.000000,515.111111,1.000000, 9.000000
689.480000,748.200000,516.080000,1.000000,25.000000
693.000000,741.000000,514.000000,1.000000, 1.000000
712.857567,323.249258,519.234421,1.000000,674.000000
828.144262,845.681967,517.868852,1.000000,305.000000
430.655755,202.714889,521.417107,1.000000,947.000000
508.236915,489.942149,519.140496,1.000000,363.000000
528.142857,352.928571,517.071429,1.000000,14.000000
641.103586,483.147410,517.952191,1.000000,251.000000
675.333333,468.294118,520.823529,1.000000,51.000000
247.233150,615.776508,542.158343,1.000000,76410.000000
596.111111,562.000000,517.333333,1.000000, 9.000000
625.512987,340.538961,520.775974,1.000000,308.000000
699.838710,667.589443,519.703812,1.000000,341.000000
926.425926,609.222222,517.518519,1.000000,54.000000
396.309524,338.476190,522.304762,1.000000,210.000000
450.200445,384.576837,521.040089,1.000000,449.000000
553.804439,753.840212,543.016282,1.000000,72903.000000
597.798817,402.195266,519.627219,1.000000,169.000000
692.582938,623.575829,521.386256,1.000000,422.000000
879.090059,337.285409,541.755313,1.000000,76739.000000
926.320000,583.020000,519.900000,1.000000,50.000000
453.608127,347.554881,524.891639,1.000000,2141.000000
909.547368,672.147368,519.810526,1.000000,95.000000
336.180778,932.594966,523.045767,1.000000,437.000000
399.349650,398.094406,522.800699,1.000000,286.000000
527.737931,673.788793,526.745690,1.000000,1160.000000
553.007083,168.799217,544.708732,1.000000,77372.000000
234.908380,243.637538,545.458047,1.000000,74405.000000
243.626484,440.311455,544.368848,1.000000,73895.000000
278.200000,334.000000,520.600000,1.000000, 5.000000
525.500000,405.000000,520.500000,1.000000, 2.000000
597.890792,587.963597,524.400428,1.000000,467.000000
654.304065,400.642276,524.653659,1.000000,615.000000
715.931288,830.336478,546.314846,1.000000,72302.000000
672.000000,326.000000,521.500000,1.000000, 2.000000
806.363636,593.363636,522.181818,1.000000,11.000000
846.375000,820.125000,522.000000,1.000000,16.000000
858.375000,639.625000,523.625000,1.000000, 8.000000
877.044304,589.215190,524.759494,1.000000,158.000000
952.356764,562.708223,526.546419,1.000000,754.000000
279.000000,330.000000,522.000000,1.000000, 1.000000
458.956674,630.187676,546.513039,1.000000,74735.000000
520.837553,241.033755,526.803797,1.000000,474.000000
621.800550,154.010007,547.320337,1.000000,74946.000000
683.115973,189.731013,547.878848,1.000000,70680.000000
757.397590,547.786145,525.234940,1.000000,332.000000
500.913934,604.647541,527.413934,1.000000,244.000000
546.281415,509.509831,547.758112,1.000000,74456.000000
736.038071,336.741117,528.637056,1.000000,394.000000
279.610360,305.180180,529.441441,1.000000,444.000000
408.151685,484.286517,526.775281,1.000000,178.000000
487.135262,192.848706,549.564288,1.000000,74788.000000
762.755725,445.893130,526.297710,1.000000,131.000000
835.534187,436.912419,548.638952,1.000000,74137.000000
942.888889,636.666667,524.888889,1.000000,18.000000
604.816000,430.122667,529.754667,1.000000,375.000000
641.083291,897.499905,586.782167,1.000000,975265.000000
707.925770,715.647059,530.246499,1.000000,714.000000
716.621359,484.618123,529.506472,1.000000,618.000000
262.793846,280.615385,531.732308,1.000000,325.000000
506.238281,152.791016,530.283203,1.000000,512.000000
606.249266,473.803198,552.460665,1.000000,75975.000000
884.000000,624.000000,526.333333,1.000000, 3.000000
926.410853,691.748062,531.186047,1.000000,258.000000
301.670426,261.279639,551.833361,1.000000,72354.000000
358.061983,827.200413,531.349174,1.000000,484.000000
410.663212,645.616580,533.642487,1.000000,193.000000
552.188277,803.214920,532.728242,1.000000,563.000000
564.298778,382.842120,551.036764,1.000000,70313.000000
916.000000,645.000000,527.000000,1.000000, 5.000000
270.564103,892.342657,533.369464,1.000000,858.000000
456.356084,763.176953,553.778254,1.000000,73449.000000
504.500000,525.000000,528.000000,1.000000, 2.000000
594.375000,739.000000,529.125000,1.000000, 8.000000
612.454545,699.727273,528.818182,1.000000,11.000000
643.282353,281.062745,531.137255,1.000000,255.000000
662.027586,746.862069,531.751724,1.000000,290.000000
669.000000,325.500000,528.750000,1.000000, 4.000000
686.211073,585.069204,531.968858,1.000000,289.000000
750.000000,717.181818,529.454545,1.000000,11.000000
199.496792,344.984264,590.552357,1.000000,982022.000000
600.681818,342.159091,534.395455,1.000000,660.000000
617.000000,212.000000,529.000000,1.000000, 1.000000
784.730769,456.346154,531.961538,1.000000,26.000000
916.000000,650.000000,529.000000,1.000000, 1.000000
315.797984,577.634276,553.614506,1.000000,69752.000000
370.194470,884.231831,591.528398,1.000000,930633.000000
436.593636,425.114045,556.200555,1.000000,73471.000000
439.506634,226.875754,535.652593,1.000000,829.000000
573.243902,901.097561,531.731707,1.000000,82.000000
608.000000,701.000000,530.000000,1.000000, 1.000000
778.477259,657.264602,555.906154,1.000000,75347.000000
903.695021,411.945929,555.620065,1.000000,50656.000000
441.325678,272.064184,555.733421,1.000000,73149.000000
598.301661,655.908622,556.852611,1.000000,75270.000000
756.666667,721.333333,531.000000,1.000000, 3.000000
826.261446,485.986747,537.928916,1.000000,1660.000000
486.123937,565.572734,556.871148,1.000000,67946.000000
488.652468,377.764647,556.483280,1.000000,72848.000000
792.333333,454.481481,533.296296,1.000000,27.000000
935.857143,670.809524,533.571429,1.000000,21.000000
307.890870,466.060860,559.085807,1.000000,76963.000000
460.000000,468.000000,533.000000,1.000000, 1.000000
526.862573,217.119883,536.807018,1.000000,342.000000
552.130435,458.086957,534.565217,1.000000,23.000000
705.333333,606.888889,533.888889,1.000000, 9.000000
760.586563,418.558140,536.586563,1.000000,387.000000
875.773810,650.778912,538.329932,1.000000,588.000000
497.561674,246.379956,540.368943,1.000000,908.000000
648.423077,462.076923,537.000000,1.000000,26.000000
353.196141,291.321543,539.250804,1.000000,311.000000
403.558140,362.654070,538.005814,1.000000,344.000000
437.600000,561.250000,537.050000,1.000000,20.000000
564.571429,336.285714,536.142857,1.000000, 7.000000
710.569144,644.707284,560.829016,1.000000,74475.000000
380.447010,194.873524,597.099743,1.000000,976311.000000
445.250000,564.500000,536.750000,1.000000, 4.000000
519.400000,648.234130,545.091468,1.000000,1465.000000
615.625850,570.557823,539.775510,1.000000,147.000000
657.626866,303.017413,540.883085,1.000000,402.000000
417.500000,553.300000,537.800000,1.000000,10.000000
610.000000,778.000000,537.000000,1.000000, 1.000000
418.194748,312.708972,541.958425,1.000000,457.000000
595.824111,310.679842,542.571146,1.000000,506.000000
612.000000,778.000000,538.500000,1.000000, 2.000000
620.666667,576.333333,538.666667,1.000000, 3.000000
306.263776,340.693098,563.658338,1.000000,73877.000000
580.909091,258.181818,542.012987,1.000000,77.000000
591.439680,808.995395,564.664547,1.000000,74702.000000
614.000000,776.500000,539.000000,1.000000, 2.000000
575.292208,436.896104,543.681818,1.000000,154.000000
640.869947,366.956904,567.659221,1.000000,61421.000000
650.493113,327.468320,544.680441,1.000000,363.000000
657.283333,493.533333,544.816667,1.000000,60.000000
953.000000,602.000000,542.000000,1.000000, 3.000000
532.904348,293.344623,601.730534,1.000000,982759.000000
536.447140,903.558059,546.689775,1.000000,577.000000
773.776860,706.578512,546.611570,1.000000,121.000000
467.426070,846.853587,567.999931,1.000000,72521.000000
588.506173,712.287037,550.993386,1.000000,2268.000000
594.000000,560.000000,543.000000,1.000000, 1.000000
595.584158,282.787129,546.470297,1.000000,202.000000
679.005376,463.673835,548.164875,1.000000,558.000000
398.860082,505.041152,548.740741,1.000000,243.000000
736.086372,709.414587,548.378119,1.000000,521.000000
803.000830,378.088426,568.123894,1.000000,73474.000000
951.333333,602.333333,545.666667,1.000000, 3.000000
505.139405,618.334572,550.626394,1.000000,538.000000
709.121154,734.375000,551.150000,1.000000,520.000000
151.786347,478.661095,608.454347,1.000000,1005577.000000
404.500000,623.500000,549.142857,1.000000,14.000000
715.490975,394.108303,550.682310,1.000000,277.000000
742.500000,396.969325,550.717791,1.000000,326.000000
948.666667,606.000000,547.000000,1.000000, 3.000000
379.930081,267.217886,553.143089,1.000000,615.000000
479.500000,479.500000,548.000000,1.000000, 2.000000
579.787500,234.491071,552.860714,1.000000,560.000000
641.330739,569.599222,550.926070,1.000000,257.000000
719.666667,321.750000,550.000000,1.000000,12.000000
747.923077,535.153846,550.615385,1.000000,13.000000
765.552239,551.829851,552.053731,1.000000,335.000000
378.483517,312.483279,574.918368,1.000000,75534.000000
525.668783,685.457143,555.120635,1.000000,945.000000
569.496774,918.996774,552.696774,1.000000,310.000000
702.375000,782.750000,549.750000,1.000000, 8.000000
732.922388,355.801455,574.151995,1.000000,69989.000000
350.582834,267.192615,555.727545,1.000000,1002.000000
712.000000,696.600000,551.600000,1.000000, 5.000000
760.347826,736.673913,554.913043,1.000000,46.000000
387.316046,781.534558,575.717264,1.000000,70939.000000
524.681319,410.200000,555.364835,1.000000,455.000000
533.065476,464.839286,554.214286,1.000000,168.000000
602.417722,603.392405,554.088608,1.000000,79.000000
253.725304,288.146143,556.392422,1.000000,739.000000
586.673913,582.445652,555.260870,1.000000,92.000000
592.933333,424.533333,554.300000,1.000000,30.000000
668.036364,547.302857,560.000519,1.000000,1925.000000
745.270469,466.882855,576.656369,1.000000,62410.000000
540.581003,816.383113,560.369393,1.000000,1895.000000
552.200000,707.200000,553.000000,1.000000, 5.000000
694.395445,712.146998,556.923395,1.000000,483.000000
803.000000,467.000000,553.000000,1.000000, 1.000000
919.229651,703.968023,558.563953,1.000000,344.000000
253.419649,723.478451,561.925493,1.000000,2738.000000
393.482049,573.984264,579.015579,1.000000,70414.000000
481.695249,950.683344,579.240871,1.000000,75094.000000
783.177489,491.562771,557.441558,1.000000,231.000000
335.000000,295.000000,555.000000,1.000000, 1.000000
408.734043,528.989362,559.319149,1.000000,94.000000
412.593824,738.950119,562.634798,1.000000,1684.000000
515.702240,839.021080,560.719368,1.000000,759.000000
540.180000,560.380000,559.320000,1.000000,50.000000
636.481595,416.822086,559.190184,1.000000,326.000000
199.746887,579.588731,581.484257,1.000000,70190.000000
396.682785,477.928433,560.168279,1.000000,517.000000
483.250000,478.375000,556.875000,1.000000,16.000000
685.066225,745.864238,561.692053,1.000000,604.000000
276.677114,524.185387,583.365757,1.000000,66175.000000
334.000000,296.500000,557.500000,1.000000, 4.000000
558.910448,897.082090,560.638060,1.000000,268.000000
684.366337,342.970297,561.316832,1.000000,101.000000
689.824684,506.073685,581.374681,1.000000,69064.000000
734.030769,558.361538,561.515385,1.000000,130.000000
600.588115,328.692623,562.282787,1.000000,488.000000
626.536585,775.603659,562.634146,1.000000,164.000000
744.124936,192.599700,582.524871,1.000000,76575.000000
455.963325,469.738386,564.339853,1.000000,409.000000
474.350000,240.550000,560.000000,1.000000,20.000000
498.800000,736.200000,560.400000,1.000000, 5.000000
618.848837,557.325581,562.151163,1.000000,86.000000
691.935855,566.266447,563.504934,1.000000,608.000000
345.091029,522.608197,583.531390,1.000000,71296.000000
487.990938,698.422893,585.341379,1.000000,72834.000000
502.000000,736.000000,560.000000,1.000000, 1.000000
532.889034,442.673629,565.077023,1.000000,766.000000
558.810025,458.790842,566.659035,1.000000,1616.000000
620.391254,701.341772,566.395857,1.000000,1738.000000
639.050967,196.237258,565.119508,1.000000,569.000000
652.657895,438.552632,567.631579,1.000000,76.000000
656.200000,763.600000,560.600000,1.000000, 5.000000
676.479149,279.466553,619.718553,1.000000,938639.000000
761.663836,823.003497,567.985514,1.000000,2002.000000
287.683720,403.160905,586.370057,1.000000,70327.000000
404.000000,952.666667,562.333333,1.000000, 6.000000
569.755556,549.471111,566.768889,1.000000,225.000000
739.991304,421.626087,565.939130,1.000000,115.000000
275.833333,300.899306,565.531250,1.000000,288.000000
407.000000,955.000000,563.000000,1.000000, 1.000000
596.659004,546.735632,566.601533,1.000000,261.000000
687.014706,368.202206,565.985294,1.000000,272.000000
484.139665,424.487151,569.579888,1.000000,895.000000
560.679739,690.300654,567.732026,1.000000,153.000000
614.490000,307.190000,564.500000,1.000000,100.000000
690.785644,410.985589,588.461235,1.000000,75636.000000
387.750000,620.863636,568.090909,1.000000,44.000000
473.545455,454.472727,569.145455,1.000000,55.000000
555.714286,428.714286,565.714286,1.000000, 7.000000
611.111111,524.444444,566.666667,1.000000, 9.000000
650.166667,643.333333,566.250000,1.000000,12.000000
663.000000,445.000000,565.000000,1.000000, 1.000000
672.239071,821.797814,570.316940,1.000000,732.000000
708.106628,759.256484,568.144092,1.000000,347.000000
754.582463,710.108559,569.484342,1.000000,479.000000
275.376458,209.576792,590.572812,1.000000,75379.000000
368.744690,477.859225,573.741774,1.000000,2401.000000
424.363442,363.739939,591.260334,1.000000,73302.000000
495.864865,649.000000,568.027027,1.000000,37.000000
592.461139,203.986705,590.814555,1.000000,74162.000000
652.540541,473.567568,568.918919,1.000000,37.000000
729.744206,788.963759,573.547408,1.000000,2373.000000
745.718733,884.514459,591.664684,1.000000,76838.000000
797.631884,599.710149,590.976402,1.000000,71999.000000
529.567237,583.951100,571.586797,1.000000,409.000000
557.333333,432.666667,567.666667,1.000000, 3.000000
712.666667,548.333333,567.000000,1.000000, 3.000000
412.137394,505.154391,572.402266,1.000000,706.000000
455.962963,222.259259,569.444444,1.000000,27.000000
505.816553,794.774776,593.239205,1.000000,73389.000000
564.032787,582.262295,571.950820,1.000000,61.000000
624.000000,580.000000,568.000000,1.000000, 1.000000
719.457944,704.962617,571.158879,1.000000,107.000000
787.250000,529.000000,570.125000,1.000000, 8.000000
791.000000,530.000000,568.000000,1.000000, 1.000000
507.534091,453.978535,574.199495,1.000000,792.000000
539.094146,651.859000,594.527973,1.000000,73248.000000
791.766513,200.070661,573.966206,1.000000,651.000000
501.000000,655.000000,570.000000,1.000000, 9.000000
586.463479,600.042497,575.273572,1.000000,753.000000
691.107325,687.925043,573.950596,1.000000,587.000000
884.221375,643.529305,631.681098,1.000000,984171.000000
912.741935,727.677419,573.635484,1.000000,310.000000
378.566318,431.163776,596.797635,1.000000,73155.000000
633.836565,608.965374,575.400277,1.000000,722.000000
778.631443,730.162371,575.074742,1.000000,388.000000
261.124795,269.213465,577.134647,1.000000,609.000000
492.265845,490.813380,576.841549,1.000000,568.000000
593.370840,761.076070,576.874802,1.000000,631.000000
639.316623,814.048813,576.591029,1.000000,758.000000
658.402920,623.287591,577.402920,1.000000,685.000000
693.642857,800.119048,574.214286,1.000000,42.000000
702.660714,589.321429,574.857143,1.000000,112.000000
496.863854,624.061361,580.488015,1.000000,2086.000000
496.007987,903.998403,577.942492,1.000000,626.000000
510.622093,515.709302,578.680233,1.000000,344.000000
584.000000,738.000000,573.500000,1.000000, 2.000000
587.749020,516.776471,576.298039,1.000000,255.000000
589.872340,350.787234,578.207447,1.000000,188.000000
740.500000,763.750000,573.750000,1.000000, 4.000000
774.947185,784.263123,598.900372,1.000000,74638.000000
211.626689,427.540541,578.991554,1.000000,592.000000
433.820734,489.503240,578.280778,1.000000,463.000000
526.025585,871.335194,596.404841,1.000000,68244.000000
537.904070,702.168605,577.619186,1.000000,344.000000
586.875000,438.312500,574.781250,1.000000,32.000000
630.706425,739.795887,599.658483,1.000000,72254.000000
724.114519,574.505112,578.349693,1.000000,489.000000
523.746094,741.359933,581.515067,1.000000,1792.000000
557.824257,609.836634,579.284653,1.000000,404.000000
562.421053,713.684211,576.789474,1.000000,19.000000
679.757576,772.515152,576.242424,1.000000,33.000000
939.601998,443.320150,582.994588,1.000000,2402.000000
429.817590,664.395669,602.167881,1.000000,74815.000000
455.545455,895.136364,577.772727,1.000000,22.000000
672.649485,667.778351,580.714777,1.000000,582.000000
328.601719,292.358166,581.633238,1.000000,349.000000
414.638034,711.807074,585.099219,1.000000,2177.000000
464.247619,496.009524,578.895238,1.000000,105.000000
660.609605,576.698465,601.397398,1.000000,68400.000000
750.797384,538.732229,602.163417,1.000000,73548.000000
650.234519,697.790514,584.125165,1.000000,759.000000
817.042254,674.913984,585.381288,1.000000,1988.000000
221.289581,641.824913,603.496508,1.000000,72301.000000
410.245291,472.111022,586.778357,1.000000,2495.000000
535.603912,549.190803,603.918304,1.000000,68914.000000
730.000000,604.000000,579.000000,1.000000, 1.000000
528.781641,377.069541,585.197497,1.000000,719.000000
530.750000,403.700000,584.233333,1.000000,120.000000
625.981122,433.869034,605.741601,1.000000,68491.000000
811.992019,466.823726,606.281993,1.000000,69789.000000
441.222929,528.890154,606.151528,1.000000,69215.000000
632.334262,633.685237,585.403900,1.000000,359.000000
752.000000,617.500000,581.500000,1.000000, 2.000000
487.476923,745.584615,585.061538,1.000000,65.000000
551.925216,950.333575,605.590693,1.000000,67541.000000
887.064516,774.483871,584.354839,1.000000,31.000000
238.697044,419.068966,586.238916,1.000000,406.000000
535.823949,476.487540,608.448439,1.000000,72070.000000
623.497283,504.059783,587.470109,1.000000,368.000000
639.597163,480.401418,588.551773,1.000000,705.000000
255.621863,461.978396,609.749690,1.000000,73365.000000
392.550000,520.100000,585.950000,1.000000,20.000000
405.481586,274.365439,587.643059,1.000000,353.000000
477.141147,647.850662,590.511657,1.000000,1587.000000
574.929260,414.424437,587.691318,1.000000,311.000000
615.321429,565.107143,585.321429,1.000000,28.000000
761.048896,689.350158,588.648265,1.000000,634.000000
843.509902,796.671640,610.131973,1.000000,78213.000000
263.456456,735.214715,589.567568,1.000000,666.000000
453.605764,598.043464,609.072626,1.000000,75579.000000
580.811861,546.967280,589.629857,1.000000,489.000000
478.984544,471.020093,591.013910,1.000000,647.000000
580.377219,625.482249,590.764793,1.000000,676.000000
643.884511,522.286685,591.347826,1.000000,736.000000
682.608696,738.907609,588.885870,1.000000,184.000000
344.163842,475.002825,590.528249,1.000000,354.000000
354.357903,367.469992,612.127346,1.000000,76029.000000
460.899083,451.197248,592.424312,1.000000,436.000000
541.497791,431.020619,591.603829,1.000000,679.000000
563.342073,752.962796,612.509451,1.000000,73271.000000
679.600000,703.400000,587.600000,1.000000, 5.000000
699.112500,206.695833,590.600000,1.000000,240.000000
725.387856,679.861214,591.980173,1.000000,807.000000
262.645827,586.601129,612.571566,1.000000,78103.000000
508.846334,162.497338,645.697995,1.000000,942995.000000
552.666667,821.000000,588.666667,1.000000, 6.000000
605.790246,135.981274,613.424853,1.000000,76151.000000
610.754919,590.026834,591.701252,1.000000,559.000000
654.349398,205.048193,591.000000,1.000000,166.000000
686.952610,161.543368,613.159074,1.000000,74594.000000
447.188119,918.157001,594.185290,1.000000,707.000000
516.895954,919.394990,593.210019,1.000000,519.000000
536.995772,599.033827,593.767442,1.000000,473.000000
653.519263,652.527638,593.951424,1.000000,597.000000
741.833333,654.750000,591.333333,1.000000,24.000000
759.394343,407.167541,613.513007,1.000000,70114.000000
439.608791,803.335574,616.209305,1.000000,77810.000000
679.466667,710.400000,592.800000,1.000000,15.000000
741.072687,724.954154,614.636580,1.000000,59983.000000
790.938511,685.113269,593.511327,1.000000,309.000000
800.769231,738.846154,593.692308,1.000000,13.000000
866.446300,390.639822,647.962145,1.000000,888790.000000
928.821429,391.477679,595.977679,1.000000,224.000000
279.059155,258.371831,595.470423,1.000000,355.000000
487.000000,749.000000,591.500000,1.000000, 2.000000
675.639344,636.569672,595.401639,1.000000,244.000000
701.526316,459.000000,591.684211,1.000000,19.000000
472.124615,408.110655,617.088917,1.000000,73282.000000
489.500000,539.000000,592.500000,1.000000, 2.000000
549.061224,815.469388,592.836735,1.000000,49.000000
720.718295,824.062897,617.199454,1.000000,75075.000000
911.468610,440.835202,598.255605,1.000000,892.000000
594.427386,683.078838,598.437068,1.000000,723.000000
766.927966,634.881356,596.042373,1.000000,236.000000
325.311688,605.701299,597.051948,1.000000,77.000000
473.616343,357.424746,601.555402,1.000000,2166.000000
493.340426,448.833777,599.228723,1.000000,752.000000
549.875000,387.584135,598.310096,1.000000,416.000000
602.066667,534.600000,596.600000,1.000000,15.000000
329.050157,565.351097,597.799373,1.000000,319.000000
562.133846,590.672308,600.416923,1.000000,650.000000
704.579606,553.255814,599.731664,1.000000,559.000000
702.000000,752.666667,595.333333,1.000000, 3.000000
817.285714,758.986175,597.668203,1.000000,217.000000
201.789274,736.489148,651.462948,1.000000,880946.000000
333.883170,784.068975,620.603087,1.000000,71968.000000
610.540541,639.951351,598.967568,1.000000,185.000000
616.424870,666.300518,600.215026,1.000000,386.000000
705.000000,753.000000,596.000000,1.000000, 1.000000
746.400000,317.000000,596.800000,1.000000, 5.000000
827.742593,698.270370,600.774074,1.000000,540.000000
448.000000,756.000000,597.000000,1.000000, 1.000000
505.921626,375.320755,601.850508,1.000000,689.000000
599.162162,503.791506,601.436293,1.000000,259.000000
608.500000,533.000000,597.000000,1.000000, 2.000000
688.919431,659.734597,600.398104,1.000000,211.000000
698.500000,752.000000,597.500000,1.000000, 2.000000
841.520000,251.880000,600.200000,1.000000,25.000000
937.569767,419.007752,601.428295,1.000000,516.000000
321.649452,483.964006,603.223787,1.000000,639.000000
446.933333,759.466667,601.666667,1.000000,15.000000
515.692833,432.706485,602.894198,1.000000,293.000000
575.212766,522.893617,600.404255,1.000000,47.000000
606.500000,535.500000,598.000000,1.000000, 2.000000
649.000000,801.555556,600.333333,1.000000, 9.000000
707.000000,753.000000,598.000000,1.000000, 1.000000
715.714286,924.857143,600.571429,1.000000,14.000000
428.636364,436.454545,601.363636,1.000000,11.000000
485.381762,560.757342,605.129830,1.000000,647.000000
565.881696,800.473214,604.566964,1.000000,448.000000
576.000000,515.000000,600.000000,1.000000, 1.000000
586.461255,655.125461,605.182657,1.000000,542.000000
590.500000,389.500000,600.000000,1.000000, 2.000000
613.633735,387.491566,607.759036,1.000000,415.000000
845.000000,251.000000,600.000000,1.000000, 1.000000
221.503311,429.498896,604.991170,1.000000,453.000000
631.600439,177.671789,606.400659,1.000000,911.000000
579.602865,569.657552,606.889323,1.000000,768.000000
794.039035,848.788888,627.978615,1.000000,78186.000000
567.918033,370.803279,605.311475,1.000000,61.000000
572.009447,851.951417,607.981107,1.000000,741.000000
572.500000,515.250000,603.750000,1.000000, 4.000000
608.000000,474.000000,603.000000,1.000000, 1.000000
624.883721,609.883721,609.011628,1.000000,86.000000
701.465473,634.163683,607.498721,1.000000,391.000000
847.570787,288.277527,627.561041,1.000000,73672.000000
300.608392,614.286713,609.370629,1.000000,143.000000
307.125000,586.375000,605.625000,1.000000, 8.000000
355.073529,563.205882,606.250000,1.000000,68.000000
581.833605,707.783034,608.445351,1.000000,613.000000
650.129310,392.341954,607.278736,1.000000,348.000000
844.202299,748.749425,608.006897,1.000000,435.000000
271.828235,638.585412,611.917647,1.000000,2125.000000
383.994444,536.572222,609.855556,1.000000,180.000000
406.583080,741.589728,630.797908,1.000000,69800.000000
443.000000,754.000000,605.000000,1.000000, 1.000000
602.710000,781.620000,607.250000,1.000000,100.000000
244.889803,413.876645,610.442434,1.000000,608.000000
659.294431,685.017479,631.822688,1.000000,72601.000000
667.846154,368.182692,609.711538,1.000000,104.000000
690.615385,727.538462,607.692308,1.000000,13.000000
717.125000,652.875000,608.937500,1.000000,16.000000
747.868966,675.768966,609.579310,1.000000,290.000000
945.830389,458.342756,611.386926,1.000000,566.000000
293.906636,335.430456,631.178902,1.000000,65807.000000
389.996988,491.280791,629.947575,1.000000,57110.000000
387.272831,638.549087,611.973744,1.000000,876.000000
625.780952,541.481633,611.848980,1.000000,735.000000
671.935484,756.790323,611.258065,1.000000,62.000000
704.255319,675.657210,611.468085,1.000000,423.000000
718.476236,609.250951,613.939639,1.000000,2104.000000
562.436705,416.488263,633.417486,1.000000,67904.000000
669.818966,824.280172,612.935345,1.000000,232.000000
720.000000,926.000000,608.000000,1.000000, 1.000000
507.543860,592.748823,616.278990,1.000000,2337.000000
718.441975,482.869136,613.432099,1.000000,405.000000
786.104290,324.685899,632.746713,1.000000,74753.000000
462.945626,867.383292,635.484710,1.000000,73380.000000
477.483072,747.018194,635.519701,1.000000,74641.000000
506.545455,969.606061,611.787879,1.000000,33.000000
640.551567,498.873774,636.395997,1.000000,70849.000000
629.647383,789.284665,617.688246,1.000000,2178.000000
809.825503,681.496644,615.065772,1.000000,745.000000
864.500000,728.250000,610.500000,1.000000, 4.000000
151.356563,604.277494,660.296937,1.000000,714452.000000
299.000000,489.666667,612.166667,1.000000, 6.000000
309.650155,513.325077,614.681115,1.000000,323.000000
781.257402,237.905947,636.320850,1.000000,75085.000000
387.168675,808.951807,615.590361,1.000000,83.000000
651.170274,624.189033,613.831169,1.000000,693.000000
783.909353,702.930935,618.535252,1.000000,695.000000
792.938326,555.643172,615.709251,1.000000,227.000000
444.457917,941.768042,637.881257,1.000000,76350.000000
495.188830,661.707447,616.457447,1.000000,376.000000
513.909091,972.363636,613.272727,1.000000,11.000000
762.836066,281.540984,616.639344,1.000000,61.000000
786.585590,640.864120,620.177950,1.000000,2068.000000
830.000000,723.000000,613.000000,1.000000, 1.000000
414.769231,621.615385,617.000000,1.000000,13.000000
609.435115,697.610687,617.904580,1.000000,262.000000
704.784148,533.047218,619.139966,1.000000,593.000000
744.000000,494.000000,614.000000,1.000000, 1.000000
784.959732,741.630872,618.067114,1.000000,298.000000
864.000000,718.000000,614.000000,1.000000, 1.000000
355.301974,610.849548,640.149903,1.000000,72854.000000
473.255899,475.663270,639.151608,1.000000,65854.000000
593.093786,819.196028,640.304752,1.000000,76984.000000
674.833333,534.166667,615.333333,1.000000, 6.000000
742.833333,490.041667,616.125000,1.000000,24.000000
763.445783,617.795181,618.297189,1.000000,249.000000
812.652174,710.100334,619.010033,1.000000,299.000000
833.000000,720.000000,615.000000,1.000000, 1.000000
315.688728,552.316065,641.930460,1.000000,75108.000000
470.644444,644.400000,618.155556,1.000000,45.000000
561.389731,902.183374,622.938875,1.000000,2045.000000
736.931034,223.184350,620.799735,1.000000,754.000000
812.500000,744.000000,616.000000,1.000000, 2.000000
883.327273,774.527273,617.945455,1.000000,55.000000
325.197814,424.179118,642.116092,1.000000,74398.000000
368.814967,290.551750,641.405456,1.000000,77932.000000
392.000000,803.000000,617.000000,1.000000, 1.000000
436.825570,273.337152,641.571737,1.000000,75073.000000
239.174072,526.407028,643.017061,1.000000,74791.000000
397.913856,393.062899,625.620328,1.000000,2194.000000
606.373679,353.149718,644.030229,1.000000,75589.000000
711.213889,871.005556,622.230556,1.000000,360.000000
727.466942,348.026860,622.237603,1.000000,484.000000
800.424000,279.418000,622.122000,1.000000,500.000000
918.491379,453.931034,620.288793,1.000000,232.000000
381.088561,780.675277,622.752768,1.000000,271.000000
398.582938,954.612559,624.656398,1.000000,844.000000
602.215504,672.075969,623.407752,1.000000,645.000000
712.731707,208.243902,621.707317,1.000000,41.000000
453.227147,230.146814,625.024931,1.000000,361.000000
559.124498,706.056225,624.562249,1.000000,498.000000
676.424528,637.971698,624.528302,1.000000,106.000000
686.197674,614.604651,623.662791,1.000000,86.000000
691.000000,608.000000,620.000000,1.000000, 1.000000
810.000000,735.000000,620.000000,1.000000, 1.000000
364.859127,542.488095,625.244048,1.000000,504.000000
398.534709,693.898687,625.868668,1.000000,533.000000
504.694836,442.877934,625.016432,1.000000,426.000000
549.288789,604.546020,646.386482,1.000000,76239.000000
560.936585,513.473171,625.170732,1.000000,205.000000
622.414397,215.597276,626.449416,1.000000,514.000000
642.071429,816.553571,625.267857,1.000000,56.000000
650.730159,130.380952,625.777778,1.000000,63.000000
734.873838,917.065073,627.130146,1.000000,753.000000
533.558824,704.441176,625.058824,1.000000,34.000000
609.466667,591.000000,623.666667,1.000000,15.000000
699.842353,471.844706,628.298824,1.000000,425.000000
729.543478,178.171196,627.828804,1.000000,368.000000
733.275058,775.445221,628.722611,1.000000,429.000000
495.210526,369.526316,629.026316,1.000000,38.000000
615.601399,184.146853,628.650350,1.000000,143.000000
660.571429,401.857143,624.571429,1.000000, 7.000000
696.466825,557.327014,627.751185,1.000000,422.000000
700.811172,377.718361,649.554303,1.000000,63624.000000
391.092409,668.052805,629.227723,1.000000,303.000000
853.107807,469.297398,630.576208,1.000000,269.000000
854.283582,564.611940,626.164179,1.000000,67.000000
585.238606,231.863271,630.904826,1.000000,746.000000
712.806250,424.181250,630.268750,1.000000,160.000000
796.293661,519.720980,650.693927,1.000000,73561.000000
449.375810,341.612271,652.472154,1.000000,71483.000000
545.460292,683.246353,632.051864,1.000000,617.000000
763.941748,474.883495,631.286408,1.000000,412.000000
287.084973,244.366886,668.179474,1.000000,546270.000000
391.000000,571.666667,628.333333,1.000000, 3.000000
430.098969,389.505155,632.498969,1.000000,485.000000
557.413110,853.414634,632.669207,1.000000,656.000000
605.074074,768.351852,631.740741,1.000000,54.000000
837.303965,501.026432,632.986784,1.000000,227.000000
271.438095,690.000000,632.990476,1.000000,105.000000
475.727273,558.848485,631.787879,1.000000,33.000000
491.197115,701.716346,632.706731,1.000000,208.000000
523.374947,825.544484,654.792155,1.000000,75128.000000
520.497462,768.715736,632.939086,1.000000,197.000000
638.272727,394.318182,629.590909,1.000000,22.000000
768.500000,895.500000,629.000000,1.000000, 2.000000
805.640152,620.712121,632.571970,1.000000,264.000000
819.341981,558.349057,633.603774,1.000000,424.000000
439.889455,701.290372,637.160978,1.000000,1963.000000
524.543189,733.518272,635.117940,1.000000,602.000000
560.525959,365.817156,634.083521,1.000000,443.000000
622.030303,617.787879,633.493506,1.000000,231.000000
712.500000,900.500000,631.375000,1.000000, 8.000000
746.936813,863.967033,635.233516,1.000000,364.000000
589.454545,572.090909,632.363636,1.000000,11.000000
646.336264,608.448352,635.342857,1.000000,455.000000
674.975524,839.559441,636.069930,1.000000,286.000000
693.449153,587.902542,634.351695,1.000000,236.000000
735.194444,681.958333,636.321759,1.000000,432.000000
465.740741,687.592593,632.259259,1.000000,27.000000
491.707113,615.251046,637.196653,1.000000,239.000000
633.000000,396.000000,632.000000,1.000000, 1.000000
641.230769,638.047009,636.081197,1.000000,234.000000
656.666667,363.500000,632.833333,1.000000, 6.000000
745.686667,201.206667,636.828000,1.000000,750.000000
775.425926,562.485185,636.381481,1.000000,270.000000
806.000000,659.869565,634.869565,1.000000,23.000000
264.216353,393.492920,659.212301,1.000000,67376.000000
512.000000,630.000000,633.000000,1.000000, 1.000000
572.881024,109.188253,637.179217,1.000000,664.000000
617.778689,655.204918,636.491803,1.000000,122.000000
705.697329,661.875371,636.738872,1.000000,337.000000
718.071429,545.483516,637.475275,1.000000,364.000000
728.740385,477.506410,638.173077,1.000000,624.000000
763.913462,810.786538,637.440385,1.000000,520.000000
838.933566,836.083916,636.762238,1.000000,286.000000
302.774040,603.021207,642.082998,1.000000,2735.000000
513.750000,631.250000,635.000000,1.000000, 4.000000
571.153846,877.606838,637.264957,1.000000,117.000000
669.397849,769.763441,638.284946,1.000000,186.000000
792.500000,430.375000,634.875000,1.000000, 8.000000
280.485915,488.894366,638.591549,1.000000,284.000000
531.326284,514.154079,638.087613,1.000000,331.000000
756.014388,765.593525,638.755396,1.000000,278.000000
802.600000,694.923077,639.561538,1.000000,260.000000
527.217460,663.261905,640.844444,1.000000,630.000000
657.466667,544.118841,640.489855,1.000000,345.000000
695.614458,719.120482,639.987952,1.000000,83.000000
741.732549,611.440035,661.737802,1.000000,70424.000000
255.259301,309.111612,642.496054,1.000000,887.000000
329.643006,742.855950,641.308977,1.000000,479.000000
377.857143,949.969697,640.831169,1.000000,231.000000
579.984305,668.199552,640.067265,1.000000,446.000000
646.774194,759.129032,640.451613,1.000000,31.000000
654.213483,798.337079,638.724719,1.000000,178.000000
694.289773,199.551136,641.630682,1.000000,176.000000
207.166667,421.833333,638.166667,1.000000, 6.000000
278.646766,434.169154,640.776119,1.000000,201.000000
474.600000,243.520000,640.080000,1.000000,25.000000
626.131119,573.577971,664.109880,1.000000,78959.000000
624.666667,654.333333,638.333333,1.000000, 3.000000
709.000000,690.000000,638.000000,1.000000, 1.000000
716.922807,572.614035,643.014035,1.000000,285.000000
881.610922,559.020478,641.317406,1.000000,293.000000
490.652174,651.391304,643.485822,1.000000,529.000000
495.714286,558.000000,640.285714,1.000000, 7.000000
543.255014,885.764088,646.112225,1.000000,2094.000000
595.322222,253.633333,642.444444,1.000000,90.000000
605.000000,748.000000,639.000000,1.000000, 1.000000
690.500000,725.500000,639.500000,1.000000, 2.000000
741.909627,565.243615,644.115914,1.000000,509.000000
748.092593,508.518519,643.064815,1.000000,108.000000
768.666667,445.666667,639.666667,1.000000, 3.000000
800.018519,801.907407,641.500000,1.000000,54.000000
817.544568,759.366322,664.205275,1.000000,77915.000000
889.944444,309.507937,644.365079,1.000000,126.000000
363.379009,563.399417,643.518950,1.000000,343.000000
373.157379,442.635756,647.165849,1.000000,2243.000000
410.000000,647.333333,640.666667,1.000000, 3.000000
457.571429,658.476190,642.857143,1.000000,21.000000
468.950742,630.526409,646.931157,1.000000,1685.000000
473.104938,527.895062,643.061728,1.000000,162.000000
561.165025,227.209360,644.366995,1.000000,406.000000
587.533333,694.933333,640.600000,1.000000,15.000000
885.793750,773.868750,641.781250,1.000000,160.000000
289.324281,836.297625,673.773324,1.000000,394100.000000
287.444201,676.015317,645.474836,1.000000,457.000000
385.810320,799.269147,667.284592,1.000000,76397.000000
589.568004,946.453364,666.822708,1.000000,70996.000000
600.760000,608.680000,642.720000,1.000000,25.000000
615.193959,704.133545,645.861685,1.000000,629.000000
682.057447,934.531915,648.312766,1.000000,470.000000
694.801829,773.250000,644.975610,1.000000,328.000000
719.764505,212.247440,644.941980,1.000000,586.000000
717.736842,759.894737,642.789474,1.000000,38.000000
744.514851,348.273267,644.976238,1.000000,505.000000
773.875000,454.000000,642.000000,1.000000, 8.000000
777.297175,189.650847,646.764972,1.000000,885.000000
862.978082,539.184932,645.810959,1.000000,730.000000
906.666667,567.000000,641.000000,1.000000, 3.000000
251.396787,637.042898,667.540697,1.000000,66111.000000
440.834983,641.653465,646.930693,1.000000,303.000000
473.000000,238.000000,642.000000,1.000000, 1.000000
573.087948,488.492341,667.903894,1.000000,68154.000000
682.293594,534.185053,646.829181,1.000000,562.000000
691.000000,934.000000,642.000000,1.000000, 1.000000
772.171642,745.151741,644.751244,1.000000,402.000000
859.721612,511.586081,646.377289,1.000000,273.000000
228.728261,480.429348,648.250000,1.000000,184.000000
506.605839,509.124088,648.206204,1.000000,548.000000
633.641711,957.267380,646.069519,1.000000,187.000000
668.318182,628.363636,645.954545,1.000000,22.000000
681.000000,426.000000,643.000000,1.000000, 1.000000
693.000000,933.500000,643.500000,1.000000, 2.000000
723.238636,157.625000,647.210227,1.000000,176.000000
401.000000,644.000000,644.000000,1.000000, 1.000000
560.000000,787.000000,644.000000,1.000000, 1.000000
605.394322,632.589905,648.902208,1.000000,317.000000
607.425532,746.191489,646.489362,1.000000,47.000000
623.983827,780.067385,647.857143,1.000000,371.000000
658.700361,950.022864,648.306859,1.000000,831.000000
910.404762,559.595238,644.500000,1.000000,42.000000
282.632124,457.518135,648.000000,1.000000,193.000000
683.920981,480.907357,648.678474,1.000000,367.000000
687.060274,648.413699,649.334247,1.000000,365.000000
715.826087,788.516068,651.147448,1.000000,529.000000
329.301077,489.218569,670.304147,1.000000,72636.000000
410.415919,580.042066,669.360086,1.000000,68131.000000
402.250000,648.500000,646.000000,1.000000, 4.000000
511.128788,449.361111,649.977273,1.000000,396.000000
525.708087,690.155819,649.873767,1.000000,507.000000
693.143969,609.850195,651.215953,1.000000,514.000000
733.679437,441.614098,671.394964,1.000000,74703.000000
787.672727,474.481818,650.281818,1.000000,110.000000
830.616352,464.518868,649.776730,1.000000,318.000000
429.948889,493.060000,651.364444,1.000000,450.000000
457.000000,664.000000,647.000000,1.000000, 1.000000
473.000000,825.500000,648.500000,1.000000, 4.000000
487.000000,680.000000,647.500000,1.000000, 2.000000
676.125000,561.250000,647.625000,1.000000, 8.000000
804.826238,586.210946,671.102037,1.000000,70729.000000
919.186676,495.419838,672.236753,1.000000,73507.000000
304.864579,716.783815,672.153047,1.000000,69103.000000
367.238323,697.201974,670.244038,1.000000,46714.000000
414.000000,532.571429,648.571429,1.000000, 7.000000
751.493599,484.197724,653.046942,1.000000,703.000000
259.686782,482.974138,652.474138,1.000000,348.000000
527.664723,492.437318,652.746356,1.000000,343.000000
544.243572,713.162382,653.811908,1.000000,739.000000
702.915515,869.356841,677.427738,1.000000,293175.000000
712.095728,507.065345,673.055480,1.000000,63555.000000
731.027211,659.255102,653.649660,1.000000,294.000000
747.160714,791.023810,651.571429,1.000000,168.000000
752.500000,542.000000,649.500000,1.000000, 2.000000
154.892601,311.520286,655.443914,1.000000,838.000000
381.314904,395.115500,673.221339,1.000000,67792.000000
639.987428,439.460827,673.561917,1.000000,69601.000000
424.667956,896.037073,658.145068,1.000000,3102.000000
511.385813,719.266436,656.126298,1.000000,578.000000
531.829341,465.341317,655.380240,1.000000,334.000000
593.102844,114.846445,658.478673,1.000000,2110.000000
736.944099,234.236025,654.832298,1.000000,161.000000
766.002662,377.908895,674.675923,1.000000,69502.000000
857.456464,808.807388,655.517150,1.000000,379.000000
468.785714,699.551020,655.377551,1.000000,98.000000
536.591941,755.487390,675.477428,1.000000,65346.000000
566.600000,902.497436,652.974359,1.000000,195.000000
581.000000,535.500000,652.000000,1.000000, 2.000000
594.934783,890.260870,653.413043,1.000000,46.000000
669.927869,744.479907,675.768629,1.000000,55344.000000
841.933333,559.177778,654.888889,1.000000,45.000000
442.835008,427.820912,675.688915,1.000000,66191.000000
465.396992,790.420551,660.291729,1.000000,1995.000000
475.797101,601.557971,655.673913,1.000000,138.000000
479.000000,546.666667,653.000000,1.000000, 3.000000
555.779221,376.277056,656.878788,1.000000,231.000000
611.921245,161.471078,676.080811,1.000000,68097.000000
695.900000,551.000000,655.900000,1.000000,10.000000
713.541109,733.795411,657.051625,1.000000,523.000000
723.570526,337.414737,657.787368,1.000000,475.000000
785.230769,627.500000,653.038462,1.000000,26.000000
882.808784,737.153690,675.703923,1.000000,68033.000000
399.729977,845.038902,658.402746,1.000000,437.000000
811.522293,452.127389,658.267516,1.000000,157.000000
135.260721,401.402149,677.265348,1.000000,65058.000000
151.083499,359.831014,658.912525,1.000000,503.000000
232.920442,310.779006,660.166851,1.000000,905.000000
657.000000,817.000000,655.000000,1.000000, 1.000000
773.438045,881.683930,662.337851,1.000000,2066.000000
782.812500,673.875000,654.812500,1.000000,32.000000
140.075916,333.829843,660.023560,1.000000,382.000000
214.058194,402.558194,663.582868,1.000000,2148.000000
575.000000,745.000000,656.000000,1.000000, 1.000000
579.357143,740.785714,659.142857,1.000000,28.000000
601.037567,724.150268,661.028623,1.000000,559.000000
660.000000,818.000000,656.000000,1.000000, 1.000000
745.005549,703.401045,679.233980,1.000000,49017.000000
738.725000,745.125000,659.180000,1.000000,200.000000
740.608696,313.782609,657.869565,1.000000,23.000000
773.927900,650.081505,660.115987,1.000000,319.000000
192.362248,293.269178,677.889704,1.000000,63393.000000
399.384702,453.803712,663.488189,1.000000,1778.000000
424.136364,704.681818,659.068182,1.000000,44.000000
424.371429,234.228571,660.885714,1.000000,35.000000
636.324074,935.041667,662.217593,1.000000,216.000000
694.734940,584.066265,660.530120,1.000000,166.000000
802.625000,649.625000,658.000000,1.000000,16.000000
186.333333,421.000000,658.333333,1.000000, 3.000000
506.342841,915.045581,680.718999,1.000000,196266.000000
508.948718,574.487179,662.615385,1.000000,39.000000
532.500000,555.000000,658.000000,1.000000, 2.000000
545.334862,675.766055,661.073394,1.000000,218.000000
562.645570,876.468354,661.240506,1.000000,79.000000
595.824176,440.395604,661.472527,1.000000,91.000000
634.000000,626.333333,658.333333,1.000000, 3.000000
789.448980,806.204082,661.551020,1.000000,49.000000
253.545455,339.636364,659.272727,1.000000,11.000000
398.659474,249.900000,666.060526,1.000000,1900.000000
501.500000,625.333333,659.500000,1.000000, 6.000000
529.023256,519.398671,663.036545,1.000000,301.000000
578.937063,567.090909,662.566434,1.000000,286.000000
605.759036,526.554217,661.939759,1.000000,83.000000
747.809117,768.686610,662.649573,1.000000,351.000000
807.500000,642.500000,659.250000,1.000000, 8.000000
837.833333,833.666667,661.979167,1.000000,96.000000
187.000000,419.000000,660.000000,1.000000, 1.000000
544.481250,237.934375,664.306250,1.000000,320.000000
582.243956,266.030769,663.837363,1.000000,455.000000
632.000000,859.000000,660.000000,1.000000, 1.000000
422.200000,175.000000,662.200000,1.000000, 5.000000
426.000000,177.000000,661.000000,1.000000, 1.000000
525.934010,351.101523,665.553299,1.000000,197.000000
608.014331,260.786624,666.324841,1.000000,628.000000
742.333333,318.666667,661.000000,1.000000, 3.000000
813.614379,476.769608,666.165033,1.000000,612.000000
224.223891,449.727524,680.686691,1.000000,49274.000000
497.833333,338.000000,662.833333,1.000000, 6.000000
500.083333,782.000000,665.305556,1.000000,144.000000
501.795620,690.124088,664.218978,1.000000,137.000000
580.478872,654.174837,681.017373,1.000000,52323.000000
587.560311,391.844358,664.964981,1.000000,257.000000
624.666667,662.500000,663.805556,1.000000,36.000000
662.542056,537.360748,665.938318,1.000000,535.000000
760.566882,282.298398,680.155575,1.000000,50111.000000
813.667035,693.468320,681.083000,1.000000,49795.000000
827.495763,259.645218,681.516330,1.000000,41183.000000
847.210317,526.197279,669.082200,1.000000,1764.000000
931.844827,564.290261,680.156484,1.000000,51085.000000
219.663978,371.448925,667.145161,1.000000,372.000000
363.500000,242.375000,664.875000,1.000000, 8.000000
431.280702,824.175439,664.228070,1.000000,57.000000
584.240480,224.890112,681.805145,1.000000,45983.000000
625.849829,687.880546,666.399317,1.000000,293.000000
316.989011,595.148352,667.291209,1.000000,364.000000
546.243590,447.346154,667.009615,1.000000,312.000000
598.917431,314.165138,666.880734,1.000000,109.000000
352.011696,567.008772,669.871345,1.000000,342.000000
368.560976,847.000000,666.195122,1.000000,41.000000
369.282726,921.262240,682.787686,1.000000,43544.000000
423.393829,511.228675,670.446461,1.000000,551.000000
483.849741,576.056995,669.331606,1.000000,193.000000
590.583333,614.083333,665.750000,1.000000,12.000000
600.163793,759.307471,668.821839,1.000000,348.000000
859.432000,309.192000,667.728000,1.000000,125.000000
179.096447,365.558376,671.243655,1.000000,197.000000
420.000000,175.000000,666.000000,1.000000, 1.000000
435.992343,536.892802,670.532925,1.000000,653.000000
454.146586,659.445150,683.641705,1.000000,131322.000000
487.649813,256.085831,682.632190,1.000000,41535.000000
508.230769,478.846154,667.461538,1.000000,26.000000
560.699839,798.309791,670.343499,1.000000,623.000000
696.676259,784.227338,670.736691,1.000000,695.000000
767.130435,795.956522,671.956522,1.000000,23.000000
830.778061,308.316327,673.497449,1.000000,2352.000000
320.614273,363.047036,683.151185,1.000000,40692.000000
328.272727,321.545455,668.818182,1.000000,11.000000
395.672222,882.133333,671.283333,1.000000,180.000000
438.937729,757.328158,682.755965,1.000000,36839.000000
469.070234,521.338748,673.616818,1.000000,2093.000000
522.639589,412.583739,682.767186,1.000000,42274.000000
577.666667,327.333333,667.666667,1.000000, 3.000000
609.098039,786.058824,668.176471,1.000000,51.000000
629.977401,767.344633,670.468927,1.000000,177.000000
770.900474,833.744076,672.995261,1.000000,422.000000
821.311815,851.891596,672.602923,1.000000,821.000000
576.114458,294.331325,672.463855,1.000000,166.000000
684.839827,634.453102,672.424242,1.000000,693.000000
685.000000,424.428571,671.785714,1.000000,14.000000
864.328947,280.197368,671.894737,1.000000,76.000000
354.108532,160.858548,683.819581,1.000000,32746.000000
351.523364,650.925234,669.289720,1.000000,107.000000
553.383381,562.058546,676.824835,1.000000,2118.000000
721.938115,770.987342,674.282700,1.000000,711.000000
269.008403,328.382353,674.894958,1.000000,238.000000
486.436893,366.650485,671.291262,1.000000,103.000000
494.882813,503.101563,672.445313,1.000000,128.000000
732.000000,802.000000,670.000000,1.000000, 1.000000
767.120690,759.068966,674.224138,1.000000,58.000000
802.064000,872.016000,673.536000,1.000000,125.000000
922.068075,704.908451,675.300469,1.000000,426.000000
400.074074,221.144621,675.403880,1.000000,567.000000
516.000000,474.000000,671.000000,1.000000, 1.000000
569.781818,724.036364,675.436364,1.000000,55.000000
662.139942,207.792444,684.454198,1.000000,33721.000000
703.793258,337.370787,675.525843,1.000000,445.000000
469.077895,723.738947,676.061053,1.000000,475.000000
653.407692,664.092308,675.638462,1.000000,260.000000
681.280702,689.646199,675.926901,1.000000,342.000000
765.475248,486.722772,675.386139,1.000000,101.000000
874.000000,280.000000,672.000000,1.000000, 1.000000
401.427729,179.740413,677.637168,1.000000,339.000000
459.000000,386.000000,673.000000,1.000000, 1.000000
497.516129,450.354839,673.274194,1.000000,62.000000
509.429045,544.226474,685.670252,1.000000,27151.000000
541.135678,368.841709,677.175879,1.000000,398.000000
659.770262,349.283508,686.134322,1.000000,24084.000000
419.381534,140.596749,686.235750,1.000000,24543.000000
423.059088,852.363307,686.330143,1.000000,24032.000000
567.500000,363.000000,674.000000,1.000000, 2.000000
598.001671,865.670728,686.338481,1.000000,24542.000000
789.041860,633.300000,679.025581,1.000000,430.000000
807.464646,326.562290,678.575758,1.000000,297.000000
939.255385,422.781538,677.292308,1.000000,325.000000
389.482759,619.344828,678.758621,1.000000,29.000000
441.556686,242.617733,679.604651,1.000000,688.000000
458.000000,384.500000,675.000000,1.000000, 2.000000
457.357143,591.035714,677.214286,1.000000,28.000000
462.000000,591.000000,675.000000,1.000000, 1.000000
528.166205,498.307479,678.324100,1.000000,361.000000
622.122628,512.851095,679.868613,1.000000,685.000000
770.528182,210.967893,686.534489,1.000000,22674.000000
133.883721,350.930233,678.567442,1.000000,215.000000
243.663755,327.742358,679.139738,1.000000,229.000000
378.040816,483.775510,679.591837,1.000000,49.000000
409.981481,532.419753,680.660494,1.000000,486.000000
513.587658,617.467041,681.612903,1.000000,713.000000
552.230216,857.805755,679.482014,1.000000,278.000000
618.666667,487.000000,676.333333,1.000000, 3.000000
887.000000,310.000000,676.000000,1.000000, 1.000000
150.415184,319.092527,682.945433,1.000000,843.000000
237.350000,358.350000,680.075000,1.000000,40.000000
271.750121,561.191235,687.394192,1.000000,51617.000000
459.500000,382.500000,677.500000,1.000000, 2.000000
551.000000,697.833333,679.333333,1.000000, 6.000000
580.003405,780.514188,682.479001,1.000000,881.000000
779.275862,325.344828,682.586207,1.000000,29.000000
854.384763,484.391057,687.571050,1.000000,15095.000000
376.930514,648.734139,681.833837,1.000000,331.000000
464.500000,380.000000,678.000000,1.000000, 2.000000
512.859310,297.340690,683.423448,1.000000,725.000000
593.616034,421.717300,684.172996,1.000000,237.000000
617.478682,811.063953,683.327519,1.000000,516.000000
625.586207,242.413793,681.241379,1.000000,58.000000
691.598870,466.587571,682.197740,1.000000,354.000000
751.241379,543.258621,682.000000,1.000000,58.000000
801.500000,832.500000,678.500000,1.000000, 2.000000
294.328921,435.968269,688.141133,1.000000,15411.000000
363.849372,590.942469,685.309623,1.000000,956.000000
467.051724,843.172414,681.896552,1.000000,58.000000
615.658163,621.658163,685.183673,1.000000,196.000000
648.937500,700.531250,679.812500,1.000000,32.000000
707.054217,665.497992,686.098394,1.000000,498.000000
827.500000,539.250000,679.500000,1.000000, 4.000000
367.944117,536.062813,688.453848,1.000000,13564.000000
587.410169,741.911864,683.979661,1.000000,295.000000
672.234104,797.760116,683.708092,1.000000,346.000000
682.680866,563.312565,688.060224,1.000000,15376.000000
719.747939,744.190813,685.584217,1.000000,849.000000
760.392593,517.659259,686.014815,1.000000,540.000000
324.340463,658.396170,688.810661,1.000000,12063.000000
458.176871,492.758503,685.418367,1.000000,294.000000
479.828173,788.962848,686.467492,1.000000,646.000000
641.054054,531.700000,685.037838,1.000000,370.000000
727.119114,351.171745,686.473684,1.000000,361.000000
860.934866,778.252874,686.885057,1.000000,261.000000
432.911585,215.995427,687.762195,1.000000,656.000000
474.171171,467.270270,688.706081,1.000000,1776.000000
555.560669,289.046025,685.146444,1.000000,239.000000
579.100000,584.500000,682.850000,1.000000,20.000000
614.000000,290.000000,682.000000,1.000000, 1.000000
643.369697,618.436364,687.945455,1.000000,165.000000
776.575510,548.246939,688.867347,1.000000,490.000000
810.944444,645.638889,686.444444,1.000000,396.000000
944.659247,615.518836,688.640839,1.000000,2336.000000
272.459459,355.594595,689.306306,1.000000,111.000000
404.817661,293.571277,689.748672,1.000000,21641.000000
492.733234,595.517139,687.976155,1.000000,671.000000
512.393659,363.853369,688.623514,1.000000,757.000000
575.341584,126.450495,689.316832,1.000000,202.000000
587.636916,809.892532,689.064967,1.000000,1647.000000
775.066085,662.785536,688.405237,1.000000,802.000000
790.464286,808.151786,688.892857,1.000000,112.000000
334.419118,413.507353,689.205882,1.000000,136.000000
342.000000,307.000000,684.000000,1.000000, 1.000000
381.994709,238.468254,688.510582,1.000000,378.000000
509.652174,794.347826,684.608696,1.000000,23.000000
596.117783,450.771363,688.782910,1.000000,433.000000
644.666667,809.500000,684.666667,1.000000,12.000000
752.322540,773.717310,689.241594,1.000000,803.000000
793.956631,445.487455,689.935842,1.000000,2790.000000
527.628651,643.140473,689.648122,1.000000,719.000000
597.018779,394.488263,689.070423,1.000000,426.000000
632.329640,643.278393,689.396122,1.000000,722.000000
708.630769,635.037247,690.116599,1.000000,1235.000000
149.551377,487.813794,691.582948,1.000000,4973.000000
202.592794,359.003770,690.762044,1.000000,4774.000000
252.820034,677.455008,690.307301,1.000000,589.000000
557.341920,107.587822,690.348946,1.000000,427.000000
570.261307,413.721106,690.070352,1.000000,398.000000
827.782435,625.592814,690.447106,1.000000,501.000000
442.703308,517.678762,690.792956,1.000000,937.000000
445.715569,370.281437,690.529940,1.000000,334.000000
487.562044,736.944039,690.625304,1.000000,411.000000
889.923567,538.547771,691.305732,1.000000,157.000000
911.110465,697.447674,691.366279,1.000000,172.000000
228.300236,396.643026,691.186761,1.000000,423.000000
277.409692,755.317181,691.303965,1.000000,227.000000
512.000000,797.000000,688.000000,1.000000, 1.000000
593.671533,716.593674,691.192214,1.000000,411.000000
785.087819,851.504249,691.260623,1.000000,353.000000
896.222997,457.299652,690.777003,1.000000,287.000000
494.039301,834.008734,691.882096,1.000000,229.000000
531.655172,465.241379,691.000000,1.000000,29.000000
631.753846,673.053846,691.784615,1.000000,130.000000
799.565789,419.434211,692.052632,1.000000,76.000000
808.951613,302.677419,691.612903,1.000000,62.000000
829.770115,832.747126,692.097701,1.000000,174.000000
849.918919,594.440878,691.516892,1.000000,592.000000
333.352941,583.205882,692.205882,1.000000,34.000000
501.588235,483.505882,692.082353,1.000000,85.000000
566.407563,607.588235,691.907563,1.000000,238.000000
639.361111,266.883333,692.116667,1.000000,180.000000
646.446541,299.371069,692.119497,1.000000,159.000000
850.861905,318.880952,692.033333,1.000000,210.000000
940.758123,646.342960,691.949458,1.000000,277.000000
390.032258,203.741935,691.983871,1.000000,62.000000
581.053763,313.231780,692.326165,1.000000,837.000000
577.677966,563.652542,692.533898,1.000000,118.000000
691.500000,466.750000,692.250000,1.000000, 4.000000
933.598039,675.872549,692.431373,1.000000,102.000000
155.213115,359.885246,692.754098,1.000000,61.000000
203.378947,247.042105,692.652632,1.000000,95.000000
398.625000,440.875000,692.875000,1.000000, 8.000000
453.250000,109.500000,692.750000,1.000000, 4.000000
529.333333,242.333333,692.666667,1.000000, 3.000000
547.217391,590.956522,692.739130,1.000000,23.000000
604.892473,770.311828,692.655914,1.000000,93.000000
868.440000,690.920000,692.800000,1.000000,25.000000
235.500000,310.500000,693.000000,1.000000, 4.000000
285.875000,329.750000,693.000000,1.000000, 8.000000
331.000000,614.000000,693.000000,1.000000, 1.000000
382.000000,462.000000,693.000000,1.000000, 1.000000
395.333333,733.533333,693.000000,1.000000,45.000000
418.800000,502.400000,693.000000,1.000000, 5.000000
461.000000,115.000000,693.000000,1.000000, 3.000000
534.000000,245.000000,693.000000,1.000000, 1.000000
542.111111,341.111111,693.000000,1.000000, 9.000000
702.964286,398.488095,692.994048,1.000000,168.000000
812.444444,859.666667,693.000000,1.000000, 9.000000
878.000000,470.000000,693.000000,1.000000, 1.000000
