257.000000,200.363636,161.000000,1.000000,11.000000
273.093750,859.906250,161.187500,1.000000,32.000000
327.714286,919.571429,161.000000,1.000000, 7.000000
364.843448,536.896014,167.795432,1.000000,24388.000000
372.933333,865.666667,161.000000,1.000000,30.000000
523.896694,149.540369,162.832168,1.000000,6292.000000
476.816785,690.930483,207.966588,1.000000,158235.000000
465.023256,113.953488,161.558140,1.000000,43.000000
566.198301,388.314266,172.441466,1.000000,28129.000000
586.000000,168.000000,161.000000,1.000000, 1.000000
647.997019,137.688525,161.828614,1.000000,671.000000
683.528799,546.495155,174.570301,1.000000,31685.000000
669.000000,134.000000,161.000000,1.000000, 1.000000
674.000000,137.000000,161.000000,1.000000, 1.000000
675.000000,139.500000,161.000000,1.000000, 2.000000
695.421369,915.374150,161.817927,1.000000,2499.000000
743.688663,873.329949,161.416244,1.000000,591.000000
772.690909,832.654545,161.109091,1.000000,55.000000
795.303644,768.777328,163.026316,1.000000,494.000000
833.176471,703.494118,161.741176,1.000000,170.000000
834.000000,686.000000,161.000000,1.000000, 1.000000
867.358691,306.115972,166.110327,1.000000,7795.000000
862.277978,661.518051,164.110108,1.000000,554.000000
879.207809,624.557935,166.743073,1.000000,794.000000
881.047619,599.714286,162.238095,1.000000,21.000000
946.726908,542.441767,162.553643,1.000000,1743.000000
615.879135,161.790076,169.431298,1.000000,786.000000
868.000000,653.000000,168.000000,1.000000, 1.000000
120.108108,371.243243,173.540541,1.000000,37.000000
133.583333,344.875000,172.375000,1.000000,24.000000
163.781053,295.545263,176.404211,1.000000,475.000000
90.329618,492.562102,177.184713,1.000000,628.000000
181.292818,271.806630,177.250000,1.000000,724.000000
200.402778,251.229167,174.479167,1.000000,144.000000
87.950000,576.146154,177.196154,1.000000,260.000000
90.017094,552.991453,178.367521,1.000000,117.000000
116.370990,545.271967,178.638773,1.000000,717.000000
152.050360,443.779376,177.964029,1.000000,417.000000
173.367347,391.914286,180.387755,1.000000,245.000000
175.361345,321.574230,177.705882,1.000000,357.000000
187.645455,353.611364,179.504545,1.000000,440.000000
179.941652,452.011670,183.010772,1.000000,2228.000000
213.650350,283.293706,179.325175,1.000000,286.000000
220.000000,229.000000,174.000000,1.000000, 1.000000
615.251852,137.148148,174.933333,1.000000,135.000000
725.256983,193.888268,176.877095,1.000000,179.000000
94.882353,607.254902,178.333333,1.000000,51.000000
108.114525,664.539106,179.357542,1.000000,358.000000
205.608696,433.565217,179.495652,1.000000,460.000000
220.600000,226.000000,175.800000,1.000000, 5.000000
248.719149,233.957447,180.239716,1.000000,705.000000
596.000000,131.200000,175.000000,1.000000, 5.000000
599.000000,126.000000,175.000000,1.000000, 1.000000
612.000000,135.000000,175.000000,1.000000, 1.000000
871.333333,476.000000,175.833333,1.000000, 6.000000
933.522310,654.931759,178.803150,1.000000,381.000000
127.959459,721.571622,183.116216,1.000000,740.000000
140.785714,647.035714,178.857143,1.000000,28.000000
148.653110,699.437799,180.789474,1.000000,418.000000
161.770701,724.163057,182.453503,1.000000,785.000000
168.637224,525.851735,181.886435,1.000000,317.000000
169.871622,751.405405,180.304054,1.000000,148.000000
200.048387,324.580645,180.370968,1.000000,62.000000
257.306011,263.122951,181.598361,1.000000,366.000000
275.675036,217.583214,182.670014,1.000000,1394.000000
451.512294,947.790998,205.334252,1.000000,75808.000000
720.398936,162.590426,181.037234,1.000000,188.000000
912.309091,364.242424,180.909091,1.000000,165.000000
140.449367,675.164557,181.246835,1.000000,158.000000
190.176471,773.411765,178.676471,1.000000,34.000000
197.333333,533.000000,177.333333,1.000000, 3.000000
208.377261,702.612403,183.338501,1.000000,774.000000
206.668919,587.787162,182.567568,1.000000,296.000000
222.000000,306.708333,179.791667,1.000000,24.000000
238.788450,482.631059,239.962406,1.000000,977634.000000
274.324858,345.420749,240.144800,1.000000,970795.000000
314.348243,182.956312,202.900793,1.000000,72102.000000
752.416667,201.000000,180.583333,1.000000,12.000000
754.000000,202.000000,177.000000,1.000000, 1.000000
779.266832,205.656931,180.583168,1.000000,2020.000000
875.898064,338.982616,183.519557,1.000000,2531.000000
933.250000,674.750000,177.583333,1.000000,12.000000
93.000000,549.000000,178.000000,1.000000, 1.000000
176.181102,806.751969,181.547244,1.000000,254.000000
180.136095,699.455621,183.094675,1.000000,169.000000
193.940035,825.880071,182.375661,1.000000,567.000000
199.733840,676.463878,181.110266,1.000000,263.000000
203.370529,649.968526,183.047210,1.000000,699.000000
208.913580,800.395062,181.518519,1.000000,81.000000
229.734375,820.718750,179.859375,1.000000,64.000000
235.892598,602.089985,183.539913,1.000000,689.000000
382.700000,927.036364,182.751515,1.000000,330.000000
912.500000,708.500000,178.000000,1.000000, 2.000000
936.000000,671.000000,178.000000,1.000000, 1.000000
181.111111,421.888889,182.777778,1.000000,18.000000
234.414414,867.225225,181.346847,1.000000,222.000000
238.476190,794.190476,179.952381,1.000000,21.000000
246.561240,685.251163,184.162791,1.000000,645.000000
251.723549,544.081911,182.699659,1.000000,293.000000
257.469444,848.993056,183.590278,1.000000,720.000000
287.920245,882.298106,205.592496,1.000000,76171.000000
285.000000,253.355140,183.411215,1.000000,214.000000
306.594595,293.821622,182.464865,1.000000,185.000000
328.854224,250.984854,205.399287,1.000000,70711.000000
383.320625,882.870435,209.128347,1.000000,61614.000000
409.243647,929.748879,184.381166,1.000000,669.000000
519.071262,930.760759,206.422000,1.000000,72872.000000
548.975410,975.500000,183.131148,1.000000,122.000000
840.702041,303.869388,182.522449,1.000000,245.000000
921.914286,677.942857,179.200000,1.000000,35.000000
141.459459,502.351351,181.675676,1.000000,37.000000
277.600000,705.800000,181.200000,1.000000, 5.000000
283.454407,837.518237,185.044073,1.000000,658.000000
338.989833,827.596538,211.975613,1.000000,45640.000000
408.500000,956.000000,180.666667,1.000000, 6.000000
427.845638,907.657718,185.602685,1.000000,745.000000
427.950820,878.789866,185.834575,1.000000,671.000000
479.011062,913.719027,184.743363,1.000000,452.000000
802.500000,229.000000,180.000000,1.000000, 2.000000
133.750000,424.416667,181.611111,1.000000,36.000000
306.959488,605.893420,241.934216,1.000000,959532.000000
327.212909,398.804694,190.796312,1.000000,1193.000000
328.809302,311.795349,185.934884,1.000000,215.000000
330.634615,902.000000,184.538462,1.000000,52.000000
340.526667,371.733333,184.800000,1.000000,150.000000
341.469992,696.607081,209.806101,1.000000,62084.000000
343.358025,740.024691,184.773663,1.000000,243.000000
360.105666,788.401225,186.623277,1.000000,653.000000
445.687332,855.053908,187.181941,1.000000,742.000000
490.521035,857.769540,210.202398,1.000000,66888.000000
851.225287,277.394636,186.210728,1.000000,1305.000000
295.060606,511.404040,185.252525,1.000000,99.000000
363.089404,386.086093,185.496689,1.000000,302.000000
374.958231,443.655553,244.956492,1.000000,968704.000000
379.222073,672.835801,187.532974,1.000000,743.000000
444.977218,814.200240,187.502398,1.000000,834.000000
473.534130,817.406143,185.259386,1.000000,586.000000
500.742200,813.366174,188.362890,1.000000,609.000000
512.200000,976.200000,184.400000,1.000000,10.000000
525.000000,885.000000,182.000000,1.000000, 1.000000
576.526598,888.993808,208.539274,1.000000,71867.000000
612.005682,913.034091,186.467803,1.000000,528.000000
944.000000,593.000000,182.666667,1.000000, 3.000000
147.004627,589.309794,244.135600,1.000000,947455.000000
140.000000,741.000000,183.000000,1.000000, 1.000000
225.000000,315.000000,183.000000,1.000000, 1.000000
370.536723,591.214689,188.303202,1.000000,531.000000
400.901099,246.494505,186.351648,1.000000,91.000000
404.250000,685.916667,184.000000,1.000000,24.000000
422.898129,204.768561,210.127804,1.000000,73151.000000
440.179612,753.393204,188.493528,1.000000,618.000000
445.123267,136.938527,211.327349,1.000000,71966.000000
540.204819,861.250000,187.930723,1.000000,332.000000
651.160488,932.384046,208.119434,1.000000,74853.000000
931.222222,577.777778,183.833333,1.000000,18.000000
137.500000,396.500000,184.000000,1.000000, 2.000000
261.806452,820.322581,185.483871,1.000000,31.000000
408.644449,305.925023,244.785769,1.000000,952344.000000
403.603250,729.575855,209.738402,1.000000,68005.000000
415.000000,802.095238,185.571429,1.000000,21.000000
576.331288,968.423313,187.503067,1.000000,163.000000
744.928571,910.071429,184.071429,1.000000,14.000000
179.111111,482.888889,185.222222,1.000000, 9.000000
402.674017,799.530006,211.900902,1.000000,54239.000000
465.720430,740.251920,188.731183,1.000000,651.000000
493.721154,666.923077,193.692308,1.000000,104.000000
509.121875,772.581250,188.541667,1.000000,960.000000
570.931790,788.318349,245.659481,1.000000,959671.000000
709.122911,883.397055,210.963926,1.000000,54942.000000
752.022388,884.626866,189.400498,1.000000,402.000000
933.000000,585.000000,185.000000,1.000000, 3.000000
448.989071,503.653005,189.666667,1.000000,366.000000
453.743161,259.123100,191.094225,1.000000,658.000000
554.279753,707.370943,191.272025,1.000000,647.000000
692.673595,815.776868,212.304261,1.000000,71442.000000
808.792297,864.045392,191.548831,1.000000,727.000000
156.275923,416.636204,192.899824,1.000000,569.000000
407.230061,539.033742,191.852761,1.000000,326.000000
459.115450,478.524618,191.804754,1.000000,589.000000
485.469841,550.171429,190.476190,1.000000,315.000000
489.402799,138.130638,191.867807,1.000000,643.000000
491.787305,172.137849,195.083847,1.000000,2111.000000
492.000000,111.000000,187.000000,1.000000, 1.000000
622.871734,744.596200,191.802850,1.000000,421.000000
829.241803,844.864754,191.890710,1.000000,732.000000
836.444285,815.785270,196.270206,1.000000,2091.000000
476.905996,283.520325,194.671240,1.000000,1968.000000
540.218515,606.113606,208.758545,1.000000,39320.000000
728.500000,784.000000,188.000000,1.000000, 2.000000
749.941176,858.284314,192.372549,1.000000,102.000000
762.655785,813.674559,214.665521,1.000000,74465.000000
349.833333,211.750000,190.125000,1.000000,24.000000
370.000000,616.000000,189.500000,1.000000, 4.000000
430.152542,409.906780,192.834746,1.000000,236.000000
509.192388,216.270563,214.784261,1.000000,65264.000000
515.820040,456.695393,251.109845,1.000000,968608.000000
531.241050,129.111562,216.026102,1.000000,76316.000000
575.000000,688.000000,189.000000,1.000000, 1.000000
618.426435,699.815702,213.621518,1.000000,62312.000000
666.839418,747.726090,214.850608,1.000000,53711.000000
725.500000,783.000000,189.000000,1.000000, 2.000000
730.000000,786.000000,189.000000,1.000000, 1.000000
733.670531,743.286643,214.826714,1.000000,52445.000000
392.000000,574.083333,193.754630,1.000000,216.000000
725.431579,787.789474,194.526316,1.000000,95.000000
801.733333,834.971111,194.168889,1.000000,450.000000
543.582661,247.816532,199.076613,1.000000,496.000000
567.428571,685.285714,192.000000,1.000000, 7.000000
640.679559,863.240402,216.222589,1.000000,73090.000000
686.264368,547.471264,192.735632,1.000000,87.000000
835.579894,750.128945,251.936120,1.000000,919972.000000
486.000000,517.000000,192.000000,1.000000, 1.000000
574.400300,119.844078,197.331334,1.000000,667.000000
579.879310,464.336207,193.327586,1.000000,116.000000
578.761905,720.333333,194.916667,1.000000,84.000000
635.958977,603.459854,253.311730,1.000000,983792.000000
666.337228,488.040769,220.466986,1.000000,65638.000000
705.554534,678.450097,217.010087,1.000000,70387.000000
897.570577,756.147117,196.178926,1.000000,503.000000
909.218154,727.138917,200.400702,1.000000,1994.000000
272.416022,750.523989,210.413277,1.000000,56110.000000
479.500000,254.000000,193.500000,1.000000, 2.000000
598.738957,509.382109,214.426005,1.000000,58274.000000
609.395894,465.331378,196.173021,1.000000,341.000000
735.501080,614.951311,219.337112,1.000000,70837.000000
897.852459,700.508197,196.767213,1.000000,305.000000
103.072061,480.542351,200.044248,1.000000,791.000000
199.689112,269.054441,198.763610,1.000000,698.000000
468.910162,779.952757,218.589859,1.000000,70783.000000
638.714286,453.571429,195.000000,1.000000, 7.000000
719.675889,566.770751,195.003953,1.000000,253.000000
782.800191,665.959057,219.375798,1.000000,73175.000000
870.800000,695.000000,194.800000,1.000000, 5.000000
882.333333,719.333333,194.333333,1.000000, 3.000000
106.451724,528.103448,200.120690,1.000000,290.000000
158.044508,345.522329,219.119812,1.000000,72998.000000
164.014484,504.351385,201.046599,1.000000,1588.000000
373.390501,648.184697,200.266491,1.000000,379.000000
619.578142,176.325143,257.272745,1.000000,977211.000000
862.083871,653.694562,222.573090,1.000000,69893.000000
903.468750,670.406250,197.593750,1.000000,32.000000
924.618203,695.336879,201.046099,1.000000,846.000000
154.159560,389.906465,201.342503,1.000000,727.000000
175.984848,287.787879,199.136364,1.000000,66.000000
480.714286,252.428571,196.571429,1.000000, 7.000000
641.607282,391.270100,256.098997,1.000000,955810.000000
713.753623,481.217391,201.923913,1.000000,276.000000
759.488019,519.963768,258.710389,1.000000,953727.000000
910.310811,647.466216,201.751689,1.000000,592.000000
940.172264,636.962465,205.444093,1.000000,2531.000000
234.833333,842.333333,197.000000,1.000000, 6.000000
444.674846,579.564539,258.289344,1.000000,945225.000000
681.025000,445.182692,201.559615,1.000000,520.000000
814.263149,603.399485,222.312285,1.000000,71089.000000
895.218354,623.740506,202.724684,1.000000,632.000000
641.508222,291.249300,223.164014,1.000000,68171.000000
738.177025,422.344255,224.249891,1.000000,61867.000000
841.796748,568.051491,202.544715,1.000000,369.000000
936.184615,670.307692,201.815385,1.000000,65.000000
121.341369,439.261242,223.596287,1.000000,74008.000000
376.250047,154.416113,223.822824,1.000000,74350.000000
881.989056,582.718925,226.457696,1.000000,69533.000000
948.902655,607.900885,203.854867,1.000000,565.000000
693.014752,244.193202,225.769219,1.000000,73819.000000
735.391651,351.222139,226.288816,1.000000,69830.000000
847.703931,539.159705,205.885749,1.000000,814.000000
891.122991,474.593824,264.806930,1.000000,962135.000000
924.190476,554.952381,203.571429,1.000000,21.000000
771.833525,391.415614,206.637199,1.000000,871.000000
807.819219,418.520144,228.552555,1.000000,75406.000000
910.394584,535.419729,206.497099,1.000000,517.000000
374.107143,243.357143,203.000000,1.000000,28.000000
719.964697,179.149141,229.820265,1.000000,63705.000000
805.150000,474.300000,203.450000,1.000000,20.000000
920.759259,616.574074,204.907407,1.000000,54.000000
931.372881,519.641243,206.330508,1.000000,354.000000
189.909553,720.060000,263.235789,1.000000,962247.000000
777.296392,365.056701,209.038660,1.000000,388.000000
755.855044,283.353826,229.502719,1.000000,75947.000000
822.450980,530.333333,206.607843,1.000000,51.000000
762.072210,900.940919,209.584245,1.000000,457.000000
862.244531,374.614024,231.658936,1.000000,76015.000000
871.000000,696.000000,205.000000,1.000000, 1.000000
346.767271,763.692852,232.389401,1.000000,77614.000000
455.786885,238.963115,209.549180,1.000000,244.000000
495.257669,973.343558,209.276074,1.000000,163.000000
778.428770,218.111727,231.434560,1.000000,73930.000000
835.000000,459.000000,206.000000,1.000000, 1.000000
916.000000,612.000000,206.000000,1.000000, 1.000000
919.761905,408.234336,211.479950,1.000000,798.000000
937.454545,432.654545,209.618182,1.000000,55.000000
857.901236,304.542499,234.923234,1.000000,75554.000000
949.962963,561.796296,209.203704,1.000000,54.000000
909.592814,354.844311,212.074850,1.000000,334.000000
908.500000,377.000000,211.000000,1.000000, 2.000000
488.554126,263.794587,218.566992,1.000000,2254.000000
785.583113,885.089710,216.915567,1.000000,379.000000
489.980796,154.647462,221.263374,1.000000,729.000000
889.740841,694.704206,221.521031,1.000000,737.000000
572.230769,109.461538,223.769231,1.000000,13.000000
543.994811,292.371349,280.227359,1.000000,953193.000000
579.500000,109.000000,220.500000,1.000000, 2.000000
800.781112,341.967646,247.002305,1.000000,66824.000000
803.707317,867.829268,224.414634,1.000000,41.000000
932.989957,656.899570,228.302726,1.000000,697.000000
336.241447,911.526693,251.075381,1.000000,63836.000000
388.704518,671.839777,252.863940,1.000000,74908.000000
400.155276,935.622727,251.163950,1.000000,75163.000000
930.748148,540.288889,230.311111,1.000000,135.000000
440.313613,834.165226,254.210995,1.000000,76907.000000
277.402585,821.841447,291.727242,1.000000,974750.000000
838.307087,832.769685,235.850394,1.000000,508.000000
353.207951,865.724771,236.519878,1.000000,327.000000
295.560052,709.552013,259.244844,1.000000,77241.000000
461.425430,900.739787,257.884395,1.000000,71476.000000
480.278884,974.454183,238.760956,1.000000,251.000000
725.854369,845.378641,235.650485,1.000000,103.000000
724.000000,839.000000,234.000000,1.000000, 1.000000
770.637949,867.598037,259.129102,1.000000,75390.000000
368.312349,806.278450,239.825666,1.000000,413.000000
805.969466,823.893130,238.595420,1.000000,131.000000
471.522887,249.561620,240.632042,1.000000,568.000000
368.187097,717.587097,242.916129,1.000000,155.000000
697.769022,303.269124,262.960259,1.000000,73401.000000
290.565830,242.431342,264.104613,1.000000,73538.000000
852.158824,547.130882,244.269118,1.000000,680.000000
481.000000,937.000000,240.000000,1.000000, 1.000000
368.226814,211.586094,264.995158,1.000000,74343.000000
484.692308,935.692308,241.538462,1.000000,13.000000
648.625000,717.246795,244.612179,1.000000,312.000000
910.344518,679.009912,267.592573,1.000000,62853.000000
326.109589,278.791781,246.145205,1.000000,365.000000
636.797170,517.115566,246.700472,1.000000,424.000000
286.998134,906.272388,247.789179,1.000000,536.000000
409.544960,766.715493,268.500152,1.000000,75745.000000
365.818345,843.167266,249.226619,1.000000,556.000000
438.449612,965.286822,247.356589,1.000000,387.000000
464.912371,714.102413,267.644187,1.000000,72510.000000
745.986964,698.591552,270.668462,1.000000,72800.000000
776.422222,625.955556,249.533333,1.000000,45.000000
526.971670,953.027728,271.674286,1.000000,76386.000000
614.077630,907.180873,307.901172,1.000000,951285.000000
710.808411,641.967290,250.880841,1.000000,428.000000
672.952267,789.589393,274.324521,1.000000,74100.000000
810.144045,269.615413,272.869911,1.000000,74303.000000
931.206275,574.504573,273.958474,1.000000,74459.000000
539.788825,692.819927,275.840346,1.000000,75075.000000
816.939970,649.225801,276.506227,1.000000,66966.000000
341.952978,682.815047,256.677116,1.000000,319.000000
491.150852,166.330189,313.560894,1.000000,982260.000000
676.819816,698.827692,278.577356,1.000000,73769.000000
619.073171,259.000000,257.292683,1.000000,41.000000
188.432800,297.125080,278.844389,1.000000,75104.000000
714.461371,904.359438,279.010806,1.000000,74775.000000
706.400000,440.500000,256.200000,1.000000,20.000000
847.133333,593.057143,257.647619,1.000000,105.000000
766.066052,795.877112,259.917051,1.000000,651.000000
614.000000,264.000000,256.000000,1.000000, 1.000000
617.492933,490.080958,282.937114,1.000000,75422.000000
878.624862,617.808453,286.116191,1.000000,74154.000000
710.118919,664.024324,267.506757,1.000000,740.000000
737.385065,624.291705,287.350315,1.000000,70705.000000
745.501684,313.361953,266.914141,1.000000,594.000000
352.100000,365.140000,269.916000,1.000000,1500.000000
679.936082,491.861856,269.028866,1.000000,485.000000
737.935069,765.790107,286.566876,1.000000,73771.000000
884.421348,558.528090,266.117978,1.000000,178.000000
298.000000,427.500000,264.500000,1.000000, 2.000000
357.708294,724.696313,289.643735,1.000000,71284.000000
677.378251,532.130024,269.106383,1.000000,423.000000
387.827696,151.403479,293.190156,1.000000,69627.000000
297.000000,429.000000,267.000000,1.000000, 1.000000
319.930712,750.492509,271.908240,1.000000,534.000000
376.457274,859.927547,294.773342,1.000000,65698.000000
896.708880,373.498866,293.045199,1.000000,77590.000000
734.864956,421.465346,295.960479,1.000000,74998.000000
743.449699,352.243943,296.384337,1.000000,74661.000000
856.000000,560.666667,270.666667,1.000000, 3.000000
716.334478,176.992586,299.224178,1.000000,74860.000000
312.848677,184.558549,297.020401,1.000000,77252.000000
452.726691,385.689788,297.821278,1.000000,72515.000000
856.000000,267.000000,272.000000,1.000000, 1.000000
954.029762,531.343750,276.748512,1.000000,672.000000
542.261348,583.147778,298.526062,1.000000,75742.000000
690.544600,241.885053,297.122958,1.000000,72903.000000
773.199156,216.686125,301.664673,1.000000,63538.000000
844.579498,326.639531,299.775364,1.000000,73826.000000
378.126761,630.809859,277.577465,1.000000,142.000000
805.011511,385.158918,300.691979,1.000000,73667.000000
232.410722,247.158570,302.199038,1.000000,72750.000000
360.000000,938.250000,279.750000,1.000000, 4.000000
359.769231,946.307692,280.903846,1.000000,52.000000
325.963009,283.584537,307.255114,1.000000,73477.000000
748.596656,280.780772,306.112887,1.000000,74393.000000
229.620060,578.560278,308.731654,1.000000,75425.000000
697.108303,649.830325,287.407942,1.000000,277.000000
355.158289,675.196791,290.247059,1.000000,935.000000
646.085006,296.158503,310.131308,1.000000,75677.000000
698.089638,843.911338,310.578564,1.000000,75760.000000
771.797753,661.213483,287.011236,1.000000,89.000000
268.852632,279.321053,290.631579,1.000000,190.000000
331.184910,234.810761,293.176252,1.000000,1617.000000
486.421341,662.210981,310.822663,1.000000,77130.000000
235.169811,293.274933,292.398922,1.000000,371.000000
886.085000,570.395000,294.012500,1.000000,800.000000
361.881356,251.830508,292.059322,1.000000,118.000000
438.755356,491.896111,314.902182,1.000000,74782.000000
844.050525,552.440589,315.507427,1.000000,71965.000000
186.096132,374.499961,349.798249,1.000000,974028.000000
477.248312,779.081733,349.651221,1.000000,970588.000000
285.285593,536.524284,316.107097,1.000000,70786.000000
288.727322,417.480520,317.556844,1.000000,65117.000000
634.257086,741.489558,315.499920,1.000000,75080.000000
695.913793,340.343103,295.255172,1.000000,580.000000
715.827411,665.705584,295.177665,1.000000,197.000000
790.647059,691.500000,294.058824,1.000000,34.000000
245.749731,647.900196,317.611264,1.000000,65929.000000
361.494449,558.037416,316.812516,1.000000,72054.000000
676.625000,743.750000,292.875000,1.000000, 8.000000
503.694888,717.969649,298.301917,1.000000,626.000000
895.985302,714.557527,300.038520,1.000000,1973.000000
329.053423,906.430279,322.684964,1.000000,70868.000000
394.587613,931.066912,318.296602,1.000000,60094.000000
770.004348,730.565217,298.650000,1.000000,460.000000
145.362037,507.548169,356.112491,1.000000,949133.000000
401.958723,654.502493,321.104765,1.000000,63571.000000
565.958769,518.716303,321.315767,1.000000,71936.000000
573.381460,653.861068,321.713980,1.000000,70128.000000
389.920829,374.052202,324.146448,1.000000,71377.000000
793.844309,603.184730,322.419088,1.000000,69458.000000
806.133749,450.869762,324.198401,1.000000,76053.000000
898.537557,547.641629,305.593665,1.000000,1105.000000
227.463511,318.035503,304.325444,1.000000,507.000000
678.423077,656.721154,301.365385,1.000000,104.000000
758.447857,877.088507,328.295591,1.000000,74593.000000
274.017220,724.221278,327.323987,1.000000,72009.000000
361.077778,188.664815,307.229630,1.000000,540.000000
418.884234,242.672361,327.429174,1.000000,75333.000000
464.491329,318.618497,305.531792,1.000000,173.000000
315.152248,666.619324,329.146059,1.000000,70451.000000
653.868675,530.965036,327.580100,1.000000,73246.000000
428.539683,426.228571,307.755556,1.000000,315.000000
338.395207,494.164375,330.124260,1.000000,71069.000000
571.497259,418.312132,331.091292,1.000000,68407.000000
695.779082,290.452508,310.128068,1.000000,937.000000
728.536164,579.846944,313.712552,1.000000,2143.000000
319.603612,361.071209,332.988859,1.000000,48112.000000
488.391070,917.146202,367.161967,1.000000,942773.000000
640.410532,809.988200,332.702678,1.000000,70338.000000
739.165812,723.473504,311.326496,1.000000,585.000000
916.621835,654.181454,331.244272,1.000000,71445.000000
360.002252,216.126126,312.180180,1.000000,444.000000
399.934347,195.527222,315.330264,1.000000,2498.000000
496.807734,528.734705,331.929191,1.000000,76134.000000
654.865672,459.912987,332.378888,1.000000,69725.000000
777.270463,706.416370,312.120996,1.000000,281.000000
829.537269,813.452663,334.064631,1.000000,73896.000000
156.539033,305.317844,313.786245,1.000000,538.000000
340.360465,148.965116,309.558140,1.000000,86.000000
639.640497,672.836755,333.730134,1.000000,70005.000000
696.350310,933.634190,316.228078,1.000000,2258.000000
187.867521,266.371795,314.329060,1.000000,234.000000
351.161716,242.699670,315.481848,1.000000,606.000000
696.356180,672.334831,315.647191,1.000000,890.000000
265.303932,303.892981,336.045243,1.000000,67502.000000
743.576079,674.085725,336.125455,1.000000,74377.000000
380.368421,272.302632,315.785088,1.000000,228.000000
436.083333,338.125000,316.000000,1.000000,24.000000
418.692308,119.538462,316.282051,1.000000,156.000000
685.368932,322.485437,317.126214,1.000000,206.000000
699.351080,726.396778,339.228057,1.000000,67093.000000
159.224623,643.279287,375.971363,1.000000,980750.000000
909.991716,586.343030,340.597813,1.000000,78824.000000
673.305466,195.530547,320.016077,1.000000,311.000000
691.151322,627.273111,340.742392,1.000000,74629.000000
858.045241,406.839262,341.705576,1.000000,75595.000000
329.313830,225.718085,323.069149,1.000000,188.000000
731.209964,236.761566,321.548043,1.000000,281.000000
934.906250,550.847222,320.281250,1.000000,288.000000
244.443100,465.943176,343.135564,1.000000,72047.000000
686.082707,797.315789,322.834586,1.000000,133.000000
735.298780,917.018293,322.939024,1.000000,164.000000
787.275715,324.117618,344.212506,1.000000,74878.000000
834.054639,271.932474,343.156690,1.000000,77363.000000
296.007834,598.761379,345.989990,1.000000,71226.000000
354.575540,167.133094,322.176259,1.000000,278.000000
726.417637,470.560484,344.507619,1.000000,70614.000000
757.879917,176.169772,323.306418,1.000000,483.000000
287.455708,237.853902,345.728535,1.000000,76312.000000
697.232843,902.257353,324.914216,1.000000,408.000000
835.327171,700.742884,381.117026,1.000000,976601.000000
467.258905,435.364490,345.649420,1.000000,76924.000000
599.312225,356.047158,345.764571,1.000000,74600.000000
420.974409,293.336614,326.112205,1.000000,508.000000
582.886078,774.078931,349.780673,1.000000,71277.000000
597.726213,575.535335,347.361046,1.000000,74021.000000
669.786294,155.413114,346.861653,1.000000,74696.000000
376.126465,310.819299,349.249945,1.000000,63298.000000
392.653642,439.527638,350.558689,1.000000,69434.000000
476.275948,342.342192,346.923559,1.000000,66980.000000
376.151235,179.546296,328.055556,1.000000,324.000000
649.514693,208.488424,331.758237,1.000000,2246.000000
695.569147,376.769250,386.180850,1.000000,974062.000000
732.893151,210.660274,328.073973,1.000000,365.000000
574.604167,184.416667,327.770833,1.000000,144.000000
674.111111,774.333333,328.111111,1.000000, 9.000000
729.573770,321.442623,327.737705,1.000000,61.000000
371.173107,232.536321,332.026275,1.000000,647.000000
554.951220,219.560976,329.365854,1.000000,41.000000
598.581392,218.370923,352.381031,1.000000,75978.000000
736.230769,783.025641,330.487179,1.000000,39.000000
407.335745,168.813314,333.429812,1.000000,691.000000
529.599551,468.378707,355.133573,1.000000,66368.000000
599.240359,136.565665,352.754008,1.000000,69055.000000
702.628829,306.095495,333.400000,1.000000,555.000000
171.000000,288.000000,329.000000,1.000000, 1.000000
173.000000,289.666667,329.666667,1.000000, 3.000000
359.991098,262.232938,334.201780,1.000000,674.000000
835.903226,358.758065,333.580645,1.000000,62.000000
175.500000,287.000000,331.000000,1.000000, 4.000000
709.166667,278.500000,332.166667,1.000000, 6.000000
745.218868,624.993711,336.026415,1.000000,795.000000
883.301305,344.243516,354.729671,1.000000,63922.000000
931.258823,506.531624,356.721756,1.000000,74406.000000
460.695738,608.969974,357.607461,1.000000,55518.000000
478.185468,263.756488,356.875431,1.000000,72514.000000
701.000000,273.000000,332.333333,1.000000, 3.000000
797.020027,511.437312,356.758801,1.000000,70755.000000
919.323359,435.230260,359.454951,1.000000,76661.000000
351.062734,739.716488,394.214143,1.000000,934007.000000
711.635468,224.118227,338.789819,1.000000,609.000000
725.160920,814.854406,339.114943,1.000000,261.000000
731.000000,316.000000,334.000000,1.000000, 1.000000
429.855000,352.445000,337.700000,1.000000,200.000000
661.686206,249.308111,361.121683,1.000000,76190.000000
703.000000,278.000000,335.000000,1.000000, 1.000000
705.000000,279.000000,335.000000,1.000000, 1.000000
766.278476,802.586689,361.351683,1.000000,73245.000000
338.357296,192.995432,362.553072,1.000000,77941.000000
774.240209,187.691906,340.462141,1.000000,383.000000
952.827795,547.241692,340.800604,1.000000,662.000000
208.084969,272.646213,362.038497,1.000000,75486.000000
413.047847,195.607656,342.679426,1.000000,209.000000
552.626712,560.705479,340.065068,1.000000,292.000000
690.039394,679.745455,341.715152,1.000000,330.000000
774.000000,367.000000,337.000000,1.000000, 1.000000
532.874398,612.567374,362.557994,1.000000,72714.000000
698.637232,880.519093,343.585919,1.000000,838.000000
740.682243,167.971963,342.981308,1.000000,107.000000
477.826087,483.956522,339.434783,1.000000,23.000000
686.257576,211.045455,342.272727,1.000000,66.000000
707.318584,198.619469,342.300885,1.000000,113.000000
706.218023,775.226744,345.063953,1.000000,344.000000
775.500000,367.250000,340.000000,1.000000, 4.000000
603.459180,287.997621,365.094623,1.000000,67246.000000
750.280488,426.548780,345.865854,1.000000,82.000000
859.784366,473.039026,364.897597,1.000000,75642.000000
551.437499,704.048523,366.856244,1.000000,71079.000000
546.591054,240.757188,344.543131,1.000000,313.000000
663.125471,850.772898,346.030113,1.000000,797.000000
311.768089,308.031540,346.916512,1.000000,539.000000
448.109193,679.327322,367.401874,1.000000,73640.000000
832.384977,338.262911,347.943662,1.000000,213.000000
562.673679,837.832317,369.119656,1.000000,76394.000000
679.889231,786.203077,346.689231,1.000000,325.000000
217.075460,765.978578,406.586010,1.000000,937962.000000
382.348008,262.746331,349.381551,1.000000,477.000000
420.000000,316.000000,345.500000,1.000000, 2.000000
615.921914,401.486146,349.455919,1.000000,397.000000
664.699374,761.787056,350.321503,1.000000,479.000000
539.208000,107.595200,352.062400,1.000000,625.000000
715.585366,152.743902,350.726829,1.000000,410.000000
305.807547,281.600000,350.373585,1.000000,265.000000
325.666157,438.912114,371.543561,1.000000,70614.000000
392.310976,180.841463,352.091463,1.000000,164.000000
700.000000,804.833333,347.500000,1.000000, 6.000000
755.398843,244.984735,407.341305,1.000000,948843.000000
332.731754,858.972978,372.706153,1.000000,72497.000000
506.350877,304.175439,351.210526,1.000000,57.000000
768.396104,632.977273,353.123377,1.000000,308.000000
603.005497,490.623111,373.737034,1.000000,71127.000000
874.131387,295.620438,353.613139,1.000000,137.000000
539.573832,333.647040,376.459993,1.000000,73762.000000
679.932735,827.515695,355.521674,1.000000,669.000000
772.000000,469.000000,351.000000,1.000000, 1.000000
231.656665,567.291034,377.746582,1.000000,69119.000000
334.612903,289.989247,356.064516,1.000000,93.000000
770.000000,469.000000,352.000000,1.000000, 1.000000
770.777778,466.333333,352.888889,1.000000, 9.000000
802.764033,383.212086,378.320264,1.000000,74451.000000
355.901961,235.568627,355.058824,1.000000,51.000000
630.747899,768.357983,358.485714,1.000000,595.000000
688.368421,850.578947,356.315789,1.000000,38.000000
732.117648,532.172028,377.318951,1.000000,67396.000000
267.097085,677.196187,378.055613,1.000000,72339.000000
285.904834,508.003406,380.210903,1.000000,75741.000000
374.466299,600.621487,414.331958,1.000000,963131.000000
421.596045,513.977672,379.819529,1.000000,74793.000000
662.517766,201.467005,356.116751,1.000000,197.000000
673.864185,879.382294,359.623742,1.000000,994.000000
719.328101,180.843038,360.910380,1.000000,1975.000000
745.229713,601.986798,378.661102,1.000000,66731.000000
871.921458,541.534162,378.991048,1.000000,76634.000000
274.750000,350.500000,355.375000,1.000000, 8.000000
430.892432,386.099709,380.566353,1.000000,73795.000000
711.581395,829.674419,357.883721,1.000000,43.000000
561.352381,546.847619,359.825397,1.000000,315.000000
617.619852,721.629497,380.655004,1.000000,74137.000000
675.448999,572.717180,379.722295,1.000000,65303.000000
764.660150,442.619549,360.732331,1.000000,665.000000
410.837709,956.994829,364.603819,1.000000,2514.000000
557.149321,293.438914,360.642534,1.000000,221.000000
363.309820,263.540802,366.715076,1.000000,723.000000
454.351351,479.405405,364.189189,1.000000,37.000000
535.900000,519.950980,362.019608,1.000000,510.000000
951.567901,568.706173,361.758025,1.000000,405.000000
364.068501,922.788798,384.023347,1.000000,72130.000000
429.510949,144.535280,363.586375,1.000000,411.000000
624.693849,628.769196,383.501880,1.000000,66771.000000
549.296296,216.148148,359.888889,1.000000,27.000000
285.204394,383.888969,386.752324,1.000000,74880.000000
396.677726,835.168260,386.299535,1.000000,59105.000000
431.106996,201.020576,365.930041,1.000000,243.000000
681.606499,919.291646,386.467413,1.000000,72221.000000
332.212766,239.574468,364.382979,1.000000,47.000000
386.621691,149.677651,387.070033,1.000000,72195.000000
359.271860,378.326078,387.713968,1.000000,68870.000000
512.171512,229.975291,367.552326,1.000000,688.000000
538.000000,263.800000,363.200000,1.000000, 5.000000
621.933702,535.812155,367.049724,1.000000,362.000000
703.154930,680.338028,368.323944,1.000000,71.000000
843.990991,317.048048,371.516517,1.000000,666.000000
263.730045,862.682947,389.314731,1.000000,74505.000000
747.252336,170.350467,368.876947,1.000000,642.000000
831.363636,436.454545,365.681818,1.000000,22.000000
408.067797,219.857345,370.107345,1.000000,708.000000
712.812500,797.187500,366.125000,1.000000,16.000000
811.548507,467.723881,367.481343,1.000000,268.000000
165.563910,293.756892,369.601504,1.000000,399.000000
431.753302,463.139989,372.583201,1.000000,1893.000000
500.705299,393.498988,390.514759,1.000000,72158.000000
838.772500,352.302500,369.927500,1.000000,400.000000
290.578838,280.327801,372.811203,1.000000,964.000000
315.740458,265.877863,370.519084,1.000000,131.000000
493.973615,107.179420,370.786280,1.000000,379.000000
258.396055,269.792109,374.796156,1.000000,1977.000000
257.160714,341.232143,372.339286,1.000000,56.000000
426.439394,121.954545,372.606061,1.000000,66.000000
564.884817,109.020942,372.488656,1.000000,573.000000
788.545455,424.727273,368.272727,1.000000,11.000000
806.730609,569.614838,393.917798,1.000000,75010.000000
318.908891,318.256151,394.880758,1.000000,75108.000000
519.177114,551.468544,394.151674,1.000000,70988.000000
740.875313,884.429495,395.308784,1.000000,73945.000000
384.674033,203.571823,373.475138,1.000000,362.000000
644.270270,123.675676,375.825826,1.000000,333.000000
761.440476,649.688776,374.549320,1.000000,588.000000
473.325000,221.075000,375.897727,1.000000,440.000000
545.943074,186.390892,375.275142,1.000000,527.000000
355.700870,497.437252,398.479206,1.000000,76512.000000
431.263158,433.736842,375.684211,1.000000,190.000000
530.341463,211.609756,373.317073,1.000000,41.000000
570.783604,395.018896,396.498381,1.000000,75043.000000
572.276824,184.959227,376.420601,1.000000,466.000000
607.180195,859.547078,378.136364,1.000000,616.000000
648.646650,833.035591,398.139314,1.000000,75721.000000
652.606299,877.942257,376.902887,1.000000,381.000000
680.324209,761.825979,397.097322,1.000000,69779.000000
853.115584,374.210390,378.214286,1.000000,770.000000
349.792899,283.192308,377.890533,1.000000,338.000000
695.109333,873.134667,379.610667,1.000000,750.000000
817.650000,302.416667,376.916667,1.000000,60.000000
694.462069,181.728276,379.726897,1.000000,725.000000
721.561798,698.651685,376.168539,1.000000,89.000000
667.434475,482.584259,401.384625,1.000000,72117.000000
699.182927,654.276423,381.937669,1.000000,738.000000
528.200000,210.600000,380.600000,1.000000,10.000000
553.262206,792.128391,383.792043,1.000000,553.000000
947.571429,467.302521,380.252101,1.000000,119.000000
452.590909,198.818182,384.204545,1.000000,44.000000
721.240000,160.640000,380.760000,1.000000,25.000000
559.658098,212.151671,384.560411,1.000000,389.000000
675.515675,690.621064,404.929474,1.000000,73717.000000
813.000000,334.500000,380.500000,1.000000, 2.000000
472.522810,469.628664,409.730449,1.000000,60215.000000
563.979324,138.358548,388.971256,1.000000,1983.000000
674.500000,626.000000,382.000000,1.000000, 2.000000
753.000000,681.000000,383.000000,1.000000, 1.000000
930.413685,579.657656,408.323878,1.000000,76464.000000
580.412073,162.685039,388.023622,1.000000,381.000000
705.111111,624.851852,386.518519,1.000000,27.000000
716.997459,819.814809,408.675388,1.000000,75182.000000
749.058824,684.882353,387.352941,1.000000,17.000000
271.945820,613.987941,409.859705,1.000000,72148.000000
386.311535,280.016155,410.111432,1.000000,76136.000000
439.142857,146.904762,387.857143,1.000000,42.000000
477.134360,130.209136,410.409992,1.000000,75238.000000
239.935551,445.078723,410.452887,1.000000,73981.000000
517.654896,840.052970,390.821830,1.000000,623.000000
577.224561,747.442105,390.650877,1.000000,570.000000
565.756630,252.847403,412.114437,1.000000,74923.000000
624.651899,574.357595,391.332278,1.000000,316.000000
636.422099,182.380440,447.893405,1.000000,979449.000000
707.433962,460.113208,390.264151,1.000000,53.000000
739.070772,725.861076,413.226432,1.000000,65662.000000
788.230137,444.443462,410.296522,1.000000,70784.000000
575.375628,588.879059,412.178908,1.000000,69505.000000
863.401743,604.883803,413.659993,1.000000,74219.000000
947.000000,466.000000,388.000000,1.000000, 1.000000
430.536000,719.408000,391.504000,1.000000,125.000000
622.423601,117.786687,394.119516,1.000000,661.000000
766.061404,496.807018,394.289474,1.000000,114.000000
413.750000,934.750000,392.000000,1.000000, 4.000000
423.392523,959.383178,395.289720,1.000000,107.000000
915.439904,721.050481,394.963942,1.000000,416.000000
593.583116,790.718989,417.052771,1.000000,67556.000000
591.400000,109.800000,395.600000,1.000000,10.000000
705.000000,623.000000,393.333333,1.000000, 3.000000
737.163090,647.031474,398.597997,1.000000,699.000000
778.318841,528.666667,394.623188,1.000000,69.000000
901.042083,490.789214,416.952763,1.000000,70242.000000
537.807773,652.702049,419.627839,1.000000,73049.000000
599.390968,908.836811,453.590008,1.000000,975157.000000
826.003983,504.642278,419.992463,1.000000,65277.000000
918.371453,648.748300,418.379318,1.000000,75272.000000
390.813564,440.493972,420.447451,1.000000,73237.000000
545.365660,771.069952,399.640700,1.000000,629.000000
566.630137,111.226027,400.664384,1.000000,146.000000
605.872579,334.291955,419.583568,1.000000,73371.000000
760.127711,662.930120,400.737349,1.000000,415.000000
793.443954,847.583731,421.342847,1.000000,74733.000000
933.027933,409.006983,399.621508,1.000000,716.000000
227.990955,513.424584,421.576792,1.000000,76284.000000
469.923710,639.158475,420.256066,1.000000,70560.000000
507.673913,506.695652,400.456522,1.000000,46.000000
629.425520,537.590639,422.882886,1.000000,63306.000000
655.538901,284.718602,421.017576,1.000000,73906.000000
870.963970,398.979360,456.970072,1.000000,974510.000000
455.344828,715.965517,400.689655,1.000000,87.000000
541.383363,124.115732,403.777577,1.000000,553.000000
470.900631,243.504671,459.287149,1.000000,963475.000000
507.870629,616.618881,402.276224,1.000000,286.000000
570.712766,300.287234,402.287234,1.000000,94.000000
615.293107,440.711452,425.180542,1.000000,75672.000000
228.928854,302.216859,459.301085,1.000000,976108.000000
534.915816,448.593417,424.987708,1.000000,71427.000000
735.573529,161.953431,404.835784,1.000000,408.000000
779.528662,779.313506,426.372868,1.000000,75048.000000
903.377079,744.432532,404.439926,1.000000,541.000000
530.946844,218.498339,406.754153,1.000000,301.000000
575.165000,719.786667,406.035000,1.000000,600.000000
760.270903,563.244147,404.220736,1.000000,299.000000
924.834116,450.283255,405.902973,1.000000,639.000000
731.966831,483.706700,428.233728,1.000000,74497.000000
711.597938,652.680412,406.993814,1.000000,485.000000
950.500000,514.500000,404.500000,1.000000, 2.000000
431.000000,113.000000,405.000000,1.000000, 1.000000
497.656597,708.924097,430.092534,1.000000,73357.000000
565.100245,511.521680,429.149546,1.000000,73041.000000
663.423402,610.429433,410.179735,1.000000,829.000000
700.296875,516.873438,410.709375,1.000000,640.000000
335.156388,210.209881,466.568806,1.000000,933763.000000
345.121795,151.782051,409.413462,1.000000,312.000000
433.285714,115.857143,406.000000,1.000000, 7.000000
471.209835,344.104173,431.052463,1.000000,63836.000000
720.384615,677.846154,407.846154,1.000000,13.000000
784.202355,343.336826,432.587899,1.000000,75496.000000
847.339717,792.229391,432.724236,1.000000,71960.000000
303.709985,464.958177,432.871797,1.000000,75365.000000
431.444444,749.116466,412.755020,1.000000,747.000000
535.959276,165.056935,433.543621,1.000000,61438.000000
641.627151,786.588910,411.965583,1.000000,523.000000
728.222222,566.777778,408.777778,1.000000,27.000000
401.330537,344.600207,433.749479,1.000000,76297.000000
428.685345,807.150862,414.732759,1.000000,232.000000
781.649446,492.317343,412.132841,1.000000,271.000000
244.792453,398.094340,411.754717,1.000000,53.000000
519.594306,107.580071,412.562278,1.000000,281.000000
615.202247,384.617978,414.966292,1.000000,89.000000
776.967964,632.060548,436.624329,1.000000,68954.000000
241.000000,390.000000,411.000000,1.000000, 1.000000
321.107230,900.741844,436.000416,1.000000,76872.000000
358.207407,861.533333,414.555556,1.000000,135.000000
452.334054,847.585962,436.416294,1.000000,75341.000000
609.375000,283.125000,411.875000,1.000000, 8.000000
633.730159,667.948413,413.750000,1.000000,252.000000
703.973154,546.713087,416.273490,1.000000,596.000000
243.500000,390.000000,412.500000,1.000000, 2.000000
394.563661,889.708761,437.129336,1.000000,74983.000000
455.095860,536.033026,436.737007,1.000000,73941.000000
528.911576,806.989238,437.245863,1.000000,75172.000000
945.827586,466.711207,415.004310,1.000000,232.000000
324.795306,830.246738,436.907995,1.000000,68214.000000
567.311475,131.256831,417.338798,1.000000,366.000000
596.365814,690.714384,438.286457,1.000000,64254.000000
842.394410,549.805901,417.958075,1.000000,644.000000
327.027027,273.635135,415.283784,1.000000,74.000000
409.308943,120.631436,418.487805,1.000000,369.000000
420.833333,476.235294,416.715686,1.000000,102.000000
549.558891,724.949192,418.856813,1.000000,433.000000
704.000000,589.500000,414.000000,1.000000, 2.000000
777.555556,394.333333,415.555556,1.000000, 9.000000
768.069114,585.630670,420.043197,1.000000,463.000000
237.452035,668.121471,442.100880,1.000000,70906.000000
421.333333,780.190476,417.714286,1.000000,21.000000
907.452381,717.526786,419.562500,1.000000,336.000000
393.500000,841.000000,417.000000,1.000000, 2.000000
250.936785,565.428922,430.524510,1.000000,9792.000000
297.509311,533.811683,444.368855,1.000000,69808.000000
453.631919,411.021923,443.284089,1.000000,61625.000000
515.784699,757.612040,426.070652,1.000000,2392.000000
162.314688,424.128203,479.318525,1.000000,957183.000000
461.381597,743.464141,423.760487,1.000000,739.000000
542.581533,352.338042,444.278584,1.000000,69444.000000
609.291667,492.875000,419.958333,1.000000,24.000000
767.327586,512.120690,422.741379,1.000000,58.000000
516.293103,498.844828,424.086207,1.000000,58.000000
587.000000,737.000000,420.000000,1.000000, 1.000000
737.636364,657.904959,423.409091,1.000000,242.000000
950.206004,492.840580,425.579710,1.000000,966.000000
553.762821,106.709402,425.425214,1.000000,468.000000
923.824338,696.404318,427.147203,1.000000,1019.000000
942.075000,432.625000,426.275000,1.000000,40.000000
361.533333,139.101149,426.586207,1.000000,435.000000
658.000000,645.000000,422.000000,1.000000, 1.000000
609.544018,645.539503,428.216704,1.000000,443.000000
679.250000,529.500000,426.083333,1.000000,12.000000
825.020970,632.175623,429.650066,1.000000,763.000000
478.846154,800.884615,429.307692,1.000000,26.000000
608.500000,486.000000,426.000000,1.000000, 2.000000
705.885468,907.105105,451.766407,1.000000,79035.000000
772.000000,516.000000,426.000000,1.000000, 1.000000
871.192308,530.980769,428.576923,1.000000,52.000000
898.221359,751.656311,431.652427,1.000000,515.000000
339.509804,290.019608,431.431373,1.000000,51.000000
429.535714,117.000000,430.964286,1.000000,28.000000
667.000000,440.000000,427.000000,1.000000, 3.000000
692.000000,725.750000,428.000000,1.000000, 4.000000
745.256494,852.422078,431.181818,1.000000,308.000000
277.131420,403.324359,454.037750,1.000000,75179.000000
327.694957,354.810648,453.322070,1.000000,72711.000000
749.361126,547.289171,451.945891,1.000000,71781.000000
436.074333,944.111006,454.490223,1.000000,75996.000000
503.394582,582.290356,452.412941,1.000000,60350.000000
545.931193,699.027523,432.720183,1.000000,436.000000
546.612756,556.455581,433.904328,1.000000,439.000000
708.723647,568.279202,434.172365,1.000000,702.000000
709.779751,650.092362,435.472469,1.000000,563.000000
146.769496,561.838954,491.135511,1.000000,977867.000000
732.732143,591.410714,432.571429,1.000000,56.000000
388.824074,129.206790,436.429012,1.000000,324.000000
585.311978,630.362117,436.562674,1.000000,718.000000
770.753804,697.402490,436.254495,1.000000,723.000000
868.818182,645.000000,433.772727,1.000000,22.000000
394.559349,503.557432,456.476886,1.000000,73051.000000
555.497762,209.869219,439.073098,1.000000,2011.000000
932.939394,461.009324,436.191142,1.000000,429.000000
954.673469,514.693878,435.428571,1.000000,49.000000
266.772138,864.095743,459.824148,1.000000,71890.000000
361.418689,388.245146,438.628641,1.000000,824.000000
503.346471,407.895967,440.192026,1.000000,2182.000000
635.505602,780.718487,438.417367,1.000000,714.000000
668.454491,597.832474,457.910019,1.000000,72371.000000
753.681462,905.259791,438.010444,1.000000,766.000000
779.493627,731.719583,438.482039,1.000000,863.000000
429.015239,719.844274,458.208209,1.000000,70213.000000
777.336585,494.063415,437.053659,1.000000,205.000000
790.356618,584.411765,438.264706,1.000000,272.000000
344.807692,523.653846,440.277778,1.000000,468.000000
402.075372,802.530528,459.510294,1.000000,76209.000000
508.338290,107.330855,440.847584,1.000000,807.000000
710.363636,685.818182,438.181818,1.000000,11.000000
760.248649,389.129730,438.994595,1.000000,370.000000
305.025150,674.142422,462.056798,1.000000,75108.000000
444.125000,892.375000,437.500000,1.000000, 8.000000
554.541667,406.091667,439.791667,1.000000,240.000000
576.576555,466.504785,439.729665,1.000000,418.000000
632.711538,371.730769,437.019231,1.000000,52.000000
776.069645,889.793693,441.678055,1.000000,761.000000
525.762857,541.032857,442.438571,1.000000,700.000000
534.636971,114.973274,440.964365,1.000000,449.000000
729.171355,624.877238,440.782609,1.000000,391.000000
871.206897,753.172414,439.103448,1.000000,58.000000
947.180556,618.750000,440.263889,1.000000,72.000000
886.553506,727.771218,443.110701,1.000000,271.000000
549.243382,745.390031,464.066110,1.000000,72984.000000
570.946328,128.423729,443.687853,1.000000,708.000000
697.673684,544.804211,443.473684,1.000000,475.000000
786.333333,409.000000,440.000000,1.000000, 3.000000
836.211240,562.076289,465.435827,1.000000,72671.000000
597.592731,283.326299,466.049337,1.000000,67049.000000
728.515755,668.215589,446.089552,1.000000,603.000000
748.521916,427.426921,466.335230,1.000000,75035.000000
631.463308,740.871521,467.572634,1.000000,73981.000000
652.200750,818.389598,466.313302,1.000000,60239.000000
698.008088,763.034190,467.819181,1.000000,75169.000000
736.085044,798.489736,449.303519,1.000000,682.000000
560.840000,620.313333,447.416667,1.000000,600.000000
677.714771,508.968477,469.635174,1.000000,55103.000000
844.760083,643.405821,451.144283,1.000000,2405.000000
897.929577,604.380282,445.704225,1.000000,71.000000
951.000000,610.000000,443.000000,1.000000, 1.000000
348.272381,310.718095,448.857143,1.000000,525.000000
425.750359,148.771213,470.522187,1.000000,73173.000000
815.000000,752.900000,445.800000,1.000000,20.000000
483.097316,766.889262,471.018020,1.000000,72640.000000
490.500000,447.833333,446.333333,1.000000, 6.000000
666.070093,551.331776,448.943925,1.000000,214.000000
687.271186,437.288136,448.305085,1.000000,236.000000
887.917184,769.944099,450.409938,1.000000,966.000000
902.223263,539.540073,471.312298,1.000000,73353.000000
343.456433,421.091760,471.617102,1.000000,75229.000000
345.000000,499.000000,446.000000,1.000000, 1.000000
358.908745,285.942966,449.619772,1.000000,263.000000
410.336406,298.313364,451.105991,1.000000,217.000000
504.540482,952.522907,470.380279,1.000000,74824.000000
591.302053,111.310850,449.609971,1.000000,341.000000
675.000000,708.000000,446.000000,1.000000, 1.000000
800.189904,530.891827,449.826923,1.000000,416.000000
818.863636,759.000000,447.090909,1.000000,22.000000
459.000000,112.500000,447.500000,1.000000, 2.000000
578.520833,554.708333,451.406250,1.000000,96.000000
589.500000,404.000000,447.500000,1.000000, 2.000000
833.082335,614.305389,451.444611,1.000000,668.000000
242.094045,605.744794,473.213792,1.000000,73188.000000
490.534986,485.316616,472.866695,1.000000,69570.000000
499.202128,131.010638,451.265957,1.000000,94.000000
676.848485,708.878788,451.484848,1.000000,33.000000
685.465050,670.402062,473.450369,1.000000,74792.000000
720.130252,586.289916,452.046218,1.000000,476.000000
874.211917,681.727535,455.585776,1.000000,2081.000000
896.000000,581.000000,448.000000,1.000000, 1.000000
366.314655,134.590517,453.390086,1.000000,464.000000
483.700701,108.860861,455.174174,1.000000,999.000000
729.034198,327.008050,473.304989,1.000000,74537.000000
747.545455,367.909091,450.340909,1.000000,44.000000
818.555556,660.888889,450.444444,1.000000, 9.000000
377.000000,300.157895,453.210526,1.000000,19.000000
438.371257,320.766467,454.540918,1.000000,501.000000
572.075000,648.737500,455.050000,1.000000,640.000000
747.503906,598.437500,453.761719,1.000000,256.000000
930.734893,679.853801,453.668616,1.000000,513.000000
942.409449,444.893701,454.488189,1.000000,254.000000
952.725849,542.668407,454.827676,1.000000,383.000000
552.822285,584.022567,455.820874,1.000000,709.000000
690.916667,303.694444,452.472222,1.000000,36.000000
702.339950,814.475600,458.983457,1.000000,2418.000000
251.091472,477.175675,477.391408,1.000000,64107.000000
556.193146,109.397715,457.803738,1.000000,963.000000
616.000000,636.000000,452.000000,1.000000, 1.000000
740.714286,752.857143,453.142857,1.000000, 7.000000
800.889320,716.464078,456.099029,1.000000,515.000000
508.557236,859.893475,478.437054,1.000000,72856.000000
533.828447,622.899023,459.210641,1.000000,921.000000
651.990002,326.304949,478.020171,1.000000,74514.000000
744.500000,760.500000,453.500000,1.000000, 2.000000
887.926694,654.236515,458.094053,1.000000,723.000000
917.716094,468.994575,457.307414,1.000000,553.000000
945.866667,475.000000,454.066667,1.000000,15.000000
372.689242,680.401419,478.637666,1.000000,70769.000000
392.717949,270.476923,458.000000,1.000000,195.000000
527.000000,403.000000,454.500000,1.000000, 2.000000
631.838655,661.909244,459.413445,1.000000,595.000000
654.226994,369.868098,457.266871,1.000000,326.000000
756.128455,716.622054,479.599417,1.000000,76159.000000
804.763699,602.386986,458.075342,1.000000,292.000000
287.124305,739.283599,479.609125,1.000000,71936.000000
436.887771,652.900652,480.725384,1.000000,72432.000000
541.454545,485.181818,456.757576,1.000000,33.000000
594.645054,602.785512,479.636312,1.000000,64745.000000
843.123944,672.264789,458.580282,1.000000,355.000000
529.000000,402.000000,456.000000,1.000000, 1.000000
655.974458,426.622137,482.718112,1.000000,63621.000000
741.351732,842.238261,481.205038,1.000000,73684.000000
744.000000,373.000000,456.000000,1.000000, 1.000000
797.702857,503.407619,460.114286,1.000000,525.000000
924.938202,609.348315,459.233146,1.000000,356.000000
403.664352,418.263117,463.741512,1.000000,1296.000000
610.408799,480.785393,484.126743,1.000000,65487.000000
627.500000,575.000000,457.500000,1.000000, 2.000000
814.157895,682.854489,462.934985,1.000000,323.000000
856.383142,604.701149,460.540230,1.000000,261.000000
562.775401,462.034759,463.211230,1.000000,748.000000
744.000000,368.500000,458.000000,1.000000, 2.000000
773.015504,380.170543,462.524548,1.000000,387.000000
797.873418,436.767932,460.924051,1.000000,237.000000
806.965674,818.246495,483.331378,1.000000,74172.000000
950.995037,594.255583,461.456576,1.000000,403.000000
467.666667,139.666667,460.000000,1.000000, 3.000000
508.785166,427.136061,467.027110,1.000000,1955.000000
594.755435,770.538043,463.907609,1.000000,184.000000
734.935511,640.273229,466.829868,1.000000,2357.000000
899.194946,695.083032,461.953069,1.000000,277.000000
355.108108,531.891892,462.445946,1.000000,74.000000
373.000000,369.333333,460.000000,1.000000, 3.000000
543.504823,195.903537,465.897106,1.000000,311.000000
619.000000,784.000000,460.000000,1.000000, 1.000000
618.923077,788.961538,462.615385,1.000000,26.000000
773.867725,589.000000,463.497354,1.000000,189.000000
878.000000,488.000000,460.000000,1.000000, 1.000000
905.040268,633.785235,466.167785,1.000000,149.000000
420.532884,548.251265,465.784148,1.000000,593.000000
437.791429,347.111429,465.257143,1.000000,350.000000
549.500000,662.500000,461.500000,1.000000, 2.000000
340.013966,784.536096,487.509012,1.000000,64800.000000
564.074324,142.891892,467.150000,1.000000,740.000000
576.342798,810.065003,488.139192,1.000000,76319.000000
675.297959,281.302041,467.183673,1.000000,245.000000
766.000000,500.000000,462.000000,1.000000, 1.000000
179.606304,695.868615,518.711410,1.000000,895552.000000
497.303305,381.737122,488.075976,1.000000,70101.000000
763.168675,480.180723,467.072289,1.000000,83.000000
838.919604,495.471482,488.927251,1.000000,76372.000000
552.273857,547.872734,491.579804,1.000000,63756.000000
642.305732,265.910828,466.343949,1.000000,157.000000
713.290419,371.673653,468.248503,1.000000,334.000000
768.500000,500.000000,464.500000,1.000000, 4.000000
848.113070,730.125598,519.679138,1.000000,877975.000000
902.797844,588.636119,469.012129,1.000000,742.000000
315.899225,569.488372,469.930233,1.000000,129.000000
378.335338,759.666165,470.082707,1.000000,665.000000
502.757790,162.885269,470.349858,1.000000,706.000000
594.379919,363.507688,490.750974,1.000000,72647.000000
588.277778,527.555556,466.888889,1.000000,18.000000
638.000000,384.000000,465.333333,1.000000, 3.000000
775.127907,666.406977,469.065891,1.000000,258.000000
911.181818,655.818182,468.181818,1.000000,11.000000
940.111111,640.814815,465.666667,1.000000,27.000000
951.929260,517.266881,470.998928,1.000000,933.000000
335.627907,544.395349,467.860465,1.000000,43.000000
446.034737,583.386307,489.625378,1.000000,56481.000000
637.000000,381.000000,466.000000,1.000000, 1.000000
760.490942,770.625000,470.496377,1.000000,552.000000
367.485647,853.276752,494.174545,1.000000,59360.000000
489.281481,539.803704,472.718519,1.000000,810.000000
646.855140,640.113707,471.214953,1.000000,642.000000
701.369684,251.978190,471.898582,1.000000,917.000000
710.258359,474.887538,470.528875,1.000000,329.000000
737.301001,188.871691,492.638396,1.000000,62209.000000
880.142523,604.219626,470.665888,1.000000,428.000000
324.874710,490.718251,494.472351,1.000000,68593.000000
421.699746,309.727735,472.165394,1.000000,393.000000
521.962769,702.888307,474.531704,1.000000,1719.000000
580.420428,116.961995,475.839905,1.000000,2105.000000
606.007335,431.514670,473.716381,1.000000,818.000000
705.568627,223.274510,473.333333,1.000000,51.000000
903.514451,489.393064,471.427746,1.000000,173.000000
374.730739,925.791323,494.608213,1.000000,75878.000000
429.884473,456.443218,492.920533,1.000000,69828.000000
453.197802,371.120879,472.725275,1.000000,91.000000
503.690627,641.807211,493.947539,1.000000,68946.000000
526.207697,127.598265,494.174680,1.000000,72630.000000
734.461538,669.390110,471.686813,1.000000,182.000000
790.143114,770.423353,476.146707,1.000000,1670.000000
815.900626,633.926966,493.859353,1.000000,74335.000000
917.464706,716.535294,472.258824,1.000000,170.000000
541.333333,390.657210,475.323877,1.000000,423.000000
558.612245,173.857143,474.326531,1.000000,49.000000
946.503257,620.249186,474.684039,1.000000,614.000000
264.545455,696.848485,472.469697,1.000000,66.000000
299.325800,442.158192,476.214689,1.000000,531.000000
307.502606,612.832897,495.301296,1.000000,70220.000000
546.977925,603.331126,475.216336,1.000000,453.000000
736.191157,474.481144,477.205462,1.000000,769.000000
760.941176,608.725490,474.032680,1.000000,153.000000
419.555556,365.355556,475.133333,1.000000,45.000000
462.399491,821.048346,477.659033,1.000000,393.000000
532.692308,451.461538,474.076923,1.000000,26.000000
782.824373,459.985663,475.430108,1.000000,279.000000
793.111111,545.115226,476.316872,1.000000,243.000000
430.215578,881.069394,498.054210,1.000000,73695.000000
559.948718,636.435897,475.820513,1.000000,39.000000
564.044538,427.261452,498.628180,1.000000,66976.000000
792.000000,401.000000,473.000000,1.000000, 1.000000
793.730337,483.026217,476.838951,1.000000,267.000000
237.693904,385.517510,478.913100,1.000000,771.000000
426.200000,365.100000,475.200000,1.000000,10.000000
432.519149,766.182979,476.987234,1.000000,235.000000
480.069307,436.673267,478.366337,1.000000,101.000000
549.510714,971.575000,477.617857,1.000000,280.000000
727.285714,278.109890,477.615385,1.000000,91.000000
925.184615,693.323077,477.553846,1.000000,65.000000
949.115901,558.621501,480.706607,1.000000,1786.000000
391.931677,366.689441,478.515528,1.000000,161.000000
417.932331,335.909774,479.733835,1.000000,665.000000
543.534006,310.315393,499.223056,1.000000,75192.000000
672.681818,259.409091,479.090909,1.000000,22.000000
704.465909,148.582386,480.244318,1.000000,352.000000
862.914439,627.470588,478.443850,1.000000,187.000000
377.272727,143.727273,477.181818,1.000000,11.000000
450.284722,325.187500,480.555556,1.000000,288.000000
741.386256,787.514218,481.424171,1.000000,422.000000
420.909320,397.541562,481.337531,1.000000,397.000000
432.304478,834.432836,481.325373,1.000000,335.000000
503.649254,333.600746,481.300373,1.000000,536.000000
697.526882,394.911290,480.814516,1.000000,372.000000
889.000000,667.666667,479.500000,1.000000, 6.000000
519.000000,180.200000,478.400000,1.000000, 5.000000
534.053388,787.299795,482.215606,1.000000,487.000000
539.994949,503.838384,482.217172,1.000000,198.000000
680.125000,720.750000,478.250000,1.000000, 8.000000
792.642190,276.661949,527.418805,1.000000,752685.000000
933.000000,577.000000,478.500000,1.000000, 2.000000
311.522276,895.560318,505.152115,1.000000,74654.000000
476.451613,160.838710,479.193548,1.000000,31.000000
616.325000,669.800000,481.675000,1.000000,40.000000
768.497967,631.823171,483.587398,1.000000,492.000000
323.785966,307.187995,504.731095,1.000000,73353.000000
571.914790,694.009696,505.183565,1.000000,75390.000000
672.000000,721.000000,480.000000,1.000000, 1.000000
925.667845,634.226148,483.416961,1.000000,283.000000
936.108108,664.421304,484.825119,1.000000,629.000000
437.578947,539.684211,483.052632,1.000000,19.000000
634.714286,546.000000,482.571429,1.000000, 7.000000
713.551546,630.634021,485.639175,1.000000,194.000000
794.062327,517.135734,486.193906,1.000000,722.000000
271.852714,552.053446,507.234553,1.000000,73476.000000
264.666667,646.300000,483.033333,1.000000,30.000000
562.926800,227.530383,507.670365,1.000000,74631.000000
723.243968,389.888740,487.183646,1.000000,746.000000
722.571429,245.952381,483.666667,1.000000,21.000000
852.619266,602.454128,486.892202,1.000000,436.000000
930.000000,692.000000,482.000000,1.000000, 1.000000
518.366279,905.401163,486.040698,1.000000,172.000000
624.958333,783.375000,484.208333,1.000000,24.000000
656.016949,776.915254,486.674576,1.000000,295.000000
884.875000,639.750000,484.500000,1.000000, 8.000000
336.857143,570.994805,487.792208,1.000000,385.000000
384.324723,470.302583,487.605166,1.000000,271.000000
389.065064,429.050919,489.169731,1.000000,707.000000
450.962121,390.579545,487.378788,1.000000,264.000000
636.806452,577.981567,489.797235,1.000000,217.000000
253.882979,668.989362,490.563830,1.000000,94.000000
441.000000,530.000000,485.000000,1.000000, 1.000000
639.899160,665.023109,489.644958,1.000000,476.000000
762.500352,375.947015,510.349477,1.000000,70926.000000
897.716216,616.094595,488.405405,1.000000,74.000000
274.865672,435.656716,487.746269,1.000000,67.000000
390.327689,287.206408,510.596315,1.000000,72938.000000
459.889978,966.523965,492.107298,1.000000,1836.000000
951.840855,590.375297,490.555819,1.000000,421.000000
621.125000,785.250000,489.250000,1.000000, 8.000000
649.190476,280.857143,488.428571,1.000000,21.000000
656.120209,706.036585,492.048780,1.000000,574.000000
685.542222,463.915556,490.440000,1.000000,225.000000
926.336283,608.141593,492.101770,1.000000,226.000000
413.723958,187.734375,492.838542,1.000000,192.000000
545.057190,358.856209,493.658497,1.000000,612.000000
627.674603,254.791667,492.162698,1.000000,504.000000
718.598575,501.990499,491.890736,1.000000,421.000000
398.128703,750.671135,514.476132,1.000000,75414.000000
415.377953,529.503937,493.393701,1.000000,127.000000
762.612186,492.762169,514.391225,1.000000,71248.000000
764.588235,786.352941,492.352941,1.000000,17.000000
259.561337,810.413721,533.543095,1.000000,613362.000000
607.563910,411.541353,494.586466,1.000000,133.000000
683.944000,570.385600,494.761600,1.000000,625.000000
652.750000,249.635870,494.744565,1.000000,184.000000
734.643243,651.405405,494.794595,1.000000,185.000000
499.503838,717.136049,518.232742,1.000000,73863.000000
690.377727,279.286190,516.654452,1.000000,74800.000000
687.351275,137.813031,496.311615,1.000000,353.000000
740.644000,563.276000,498.812000,1.000000,250.000000
908.230955,587.237001,497.626360,1.000000,827.000000
468.000000,518.000000,493.000000,1.000000, 1.000000
490.470175,565.740351,498.326316,1.000000,855.000000
608.716028,318.008711,498.254355,1.000000,574.000000
679.571429,630.714286,494.857143,1.000000, 7.000000
686.466667,238.933333,495.666667,1.000000,15.000000
718.370787,475.932584,496.314607,1.000000,178.000000
879.153846,599.329670,497.659341,1.000000,91.000000
523.704156,768.041565,497.843521,1.000000,409.000000
590.000000,764.000000,494.000000,1.000000, 1.000000
691.088305,367.334150,519.438333,1.000000,74311.000000
724.263081,897.252727,521.805222,1.000000,66645.000000
810.500000,587.500000,494.500000,1.000000, 2.000000
269.063663,379.777695,520.079069,1.000000,75428.000000
297.771429,420.742857,498.057143,1.000000,35.000000
356.009371,366.982678,521.544080,1.000000,77472.000000
374.062356,491.006928,499.424942,1.000000,433.000000
779.744382,448.679775,499.966292,1.000000,712.000000
812.000000,585.500000,495.000000,1.000000, 2.000000
863.493827,539.899471,499.317460,1.000000,567.000000
865.976143,650.737575,498.532803,1.000000,503.000000
372.185370,607.117637,521.790507,1.000000,74203.000000
372.293869,536.694274,521.672461,1.000000,73121.000000
435.953179,310.105202,502.718497,1.000000,1730.000000
451.297297,365.195946,501.364865,1.000000,148.000000
458.865517,173.051724,501.493103,1.000000,290.000000
491.905785,595.872727,500.601653,1.000000,605.000000
945.191304,628.852174,501.226087,1.000000,805.000000
408.405858,412.127615,502.018828,1.000000,478.000000
432.444444,346.222222,499.444444,1.000000, 9.000000
517.597222,581.909722,504.770833,1.000000,144.000000
392.656716,128.940299,501.873134,1.000000,134.000000
438.313480,408.586207,502.623824,1.000000,638.000000
516.775753,514.561807,505.393819,1.000000,1262.000000
691.281026,598.623590,504.741026,1.000000,1950.000000
696.019608,160.828431,501.245098,1.000000,204.000000
879.107872,623.183673,501.830904,1.000000,343.000000
263.241259,690.171329,506.142774,1.000000,1716.000000
291.102564,697.692308,502.977564,1.000000,312.000000
296.562500,449.166667,503.278646,1.000000,384.000000
430.458333,383.060185,504.703704,1.000000,216.000000
504.117957,807.018219,524.667093,1.000000,75087.000000
635.733744,529.518506,525.386013,1.000000,66977.000000
706.250394,539.858212,523.941120,1.000000,73624.000000
381.136882,407.733840,505.836502,1.000000,263.000000
420.368703,816.399970,525.830048,1.000000,73303.000000
468.000000,340.333333,501.111111,1.000000, 9.000000
528.587413,489.248252,503.349650,1.000000,286.000000
572.456107,969.101145,505.242366,1.000000,524.000000
614.268750,437.062500,503.612500,1.000000,320.000000
692.683250,209.688226,505.145937,1.000000,603.000000
712.836422,436.441219,525.402084,1.000000,70627.000000
778.022079,677.271389,507.149494,1.000000,2174.000000
835.689970,591.483283,504.264438,1.000000,329.000000
415.227273,503.090909,501.772727,1.000000,22.000000
471.938144,548.030928,505.467354,1.000000,291.000000
501.248443,441.409221,526.998513,1.000000,71944.000000
555.000000,497.600000,501.000000,1.000000, 5.000000
662.000000,728.000000,501.000000,1.000000, 1.000000
664.750000,727.125000,502.625000,1.000000, 8.000000
737.337054,763.898925,524.416311,1.000000,61370.000000
806.810777,545.966214,526.446087,1.000000,72988.000000
927.420091,684.607306,505.986301,1.000000,219.000000
462.974160,131.458380,526.697963,1.000000,73799.000000
717.913793,611.922414,505.112069,1.000000,116.000000
858.295844,576.039120,507.475550,1.000000,818.000000
887.604010,567.651629,506.932331,1.000000,399.000000
645.821375,611.820794,528.922952,1.000000,72280.000000
665.471698,759.716981,505.377358,1.000000,53.000000
670.000000,731.666667,503.666667,1.000000, 3.000000
826.750000,451.500000,504.250000,1.000000, 8.000000
323.251969,444.976378,508.899606,1.000000,508.000000
370.315043,450.167742,530.230020,1.000000,76415.000000
402.000000,384.000000,504.000000,1.000000, 3.000000
418.417012,118.286307,507.653527,1.000000,482.000000
432.442692,943.500411,528.989294,1.000000,71831.000000
508.860395,546.532625,509.814871,1.000000,659.000000
613.592972,721.002928,509.197657,1.000000,683.000000
687.793056,715.345833,509.304167,1.000000,720.000000
212.730769,619.269231,509.500000,1.000000,52.000000
466.208997,316.642215,511.262284,1.000000,1445.000000
489.551976,902.768240,529.767483,1.000000,67367.000000
582.500000,744.500000,506.250000,1.000000, 4.000000
751.577465,640.000000,509.535211,1.000000,71.000000
928.083333,556.416667,506.916667,1.000000,12.000000
938.277322,654.633880,510.587432,1.000000,732.000000
486.823529,523.591696,511.467128,1.000000,289.000000
549.309954,603.354300,532.253840,1.000000,77076.000000
595.961111,264.344444,510.781944,1.000000,720.000000
612.563863,755.504673,511.093458,1.000000,642.000000
551.588598,859.004050,534.467777,1.000000,70865.000000
619.619643,573.967857,511.151786,1.000000,560.000000
643.916667,365.333333,510.000000,1.000000,24.000000
652.582619,799.767313,532.255661,1.000000,75909.000000
710.259406,642.382178,512.435644,1.000000,505.000000
717.250000,725.375000,507.875000,1.000000, 8.000000
770.765517,424.190345,511.990345,1.000000,725.000000
274.682680,501.925518,516.723226,1.000000,2269.000000
412.774194,357.951613,513.322581,1.000000,62.000000
572.551724,472.837931,511.503448,1.000000,290.000000
757.426172,595.283882,533.892535,1.000000,74545.000000
226.729412,574.847059,513.694118,1.000000,85.000000
373.755102,808.018367,514.242857,1.000000,490.000000
392.000000,644.000000,509.000000,1.000000, 1.000000
397.488593,179.883080,513.960076,1.000000,1052.000000
640.770781,756.846348,514.108312,1.000000,397.000000
224.487522,507.542346,535.998974,1.000000,77976.000000
282.041667,469.711310,514.869048,1.000000,336.000000
536.189300,375.921811,513.551440,1.000000,243.000000
787.108068,854.216812,534.856898,1.000000,50237.000000
283.275862,425.838196,515.697613,1.000000,377.000000
325.163121,849.914894,515.776596,1.000000,564.000000
417.750000,626.428571,514.178571,1.000000,28.000000
523.500000,352.500000,511.250000,1.000000, 4.000000
530.200000,267.800000,511.800000,1.000000, 5.000000
538.665376,951.621615,539.580629,1.000000,65584.000000
589.477124,186.631373,516.368627,1.000000,765.000000
751.901235,666.728395,512.925926,1.000000,81.000000
890.562500,652.375000,513.187500,1.000000,32.000000
899.230032,606.536741,514.306709,1.000000,313.000000
446.334224,511.718655,538.136452,1.000000,72260.000000
589.272237,321.159030,517.231806,1.000000,371.000000
626.381355,235.399907,537.825070,1.000000,60264.000000
639.000000,365.000000,512.000000,1.000000, 1.000000
640.765152,725.965909,517.679924,1.000000,528.000000
678.857868,646.394247,516.101523,1.000000,591.000000
897.414858,518.725358,543.435139,1.000000,344966.000000
470.116505,405.553398,518.815534,1.000000,103.000000
590.664407,773.147458,518.227119,1.000000,590.000000
658.899335,685.563186,537.655394,1.000000,74842.000000
950.560453,589.362720,518.248111,1.000000,794.000000
208.000000,618.000000,514.000000,1.000000, 1.000000
332.477764,688.334868,544.309355,1.000000,307763.000000
435.239311,696.577451,539.505023,1.000000,74957.000000
433.000000,177.000000,515.111111,1.000000, 9.000000
689.480000,748.200000,516.080000,1.000000,25.000000
693.000000,741.000000,514.000000,1.000000, 1.000000
712.857567,323.249258,519.234421,1.000000,674.000000
828.144262,845.681967,517.868852,1.000000,305.000000
430.655755,202.714889,521.417107,1.000000,947.000000
508.236915,489.942149,519.140496,1.000000,363.000000
528.142857,352.928571,517.071429,1.000000,14.000000
641.103586,483.147410,517.952191,1.000000,251.000000
675.333333,468.294118,520.823529,1.000000,51.000000
247.261902,615.762466,541.305806,1.000000,73661.000000
596.111111,562.000000,517.333333,1.000000, 9.000000
625.512987,340.538961,520.775974,1.000000,308.000000
699.838710,667.589443,519.703812,1.000000,341.000000
926.425926,609.222222,517.518519,1.000000,54.000000
396.309524,338.476190,522.304762,1.000000,210.000000
450.200445,384.576837,521.040089,1.000000,449.000000
553.730664,753.772988,541.863542,1.000000,69274.000000
597.798817,402.195266,519.627219,1.000000,169.000000
692.582938,623.575829,521.386256,1.000000,422.000000
879.075064,337.266336,541.083872,1.000000,74590.000000
926.320000,583.020000,519.900000,1.000000,50.000000
453.608127,347.554881,524.891639,1.000000,2141.000000
909.547368,672.147368,519.810526,1.000000,95.000000
336.180778,932.594966,523.045767,1.000000,437.000000
399.349650,398.094406,522.800699,1.000000,286.000000
527.737931,673.788793,526.745690,1.000000,1160.000000
553.033856,168.712449,542.921752,1.000000,71184.000000
234.959943,243.707570,543.364538,1.000000,67329.000000
243.568800,440.339176,542.827473,1.000000,68743.000000
278.200000,334.000000,520.600000,1.000000, 5.000000
525.500000,405.000000,520.500000,1.000000, 2.000000
597.890792,587.963597,524.400428,1.000000,467.000000
654.304065,400.642276,524.653659,1.000000,615.000000
716.360385,830.546213,543.442106,1.000000,63435.000000
672.000000,326.000000,521.500000,1.000000, 2.000000
806.363636,593.363636,522.181818,1.000000,11.000000
846.375000,820.125000,522.000000,1.000000,16.000000
858.375000,639.625000,523.625000,1.000000, 8.000000
877.044304,589.215190,524.759494,1.000000,158.000000
952.356764,562.708223,526.546419,1.000000,754.000000
279.000000,330.000000,522.000000,1.000000, 1.000000
458.913939,630.216990,544.196191,1.000000,66639.000000
520.837553,241.033755,526.803797,1.000000,474.000000
621.803247,153.987481,544.610819,1.000000,65422.000000
682.801308,189.449346,544.897042,1.000000,61180.000000
757.397590,547.786145,525.234940,1.000000,332.000000
500.913934,604.647541,527.413934,1.000000,244.000000
546.151777,509.480281,544.805012,1.000000,64127.000000
736.038071,336.741117,528.637056,1.000000,394.000000
279.610360,305.180180,529.441441,1.000000,444.000000
408.151685,484.286517,526.775281,1.000000,178.000000
487.064012,192.833186,545.784259,1.000000,61254.000000
762.755725,445.893130,526.297710,1.000000,131.000000
835.549564,437.005423,545.348204,1.000000,62515.000000
942.888889,636.666667,524.888889,1.000000,18.000000
604.816000,430.122667,529.754667,1.000000,375.000000
642.010662,898.749090,548.369379,1.000000,205867.000000
707.925770,715.647059,530.246499,1.000000,714.000000
716.621359,484.618123,529.506472,1.000000,618.000000
262.793846,280.615385,531.732308,1.000000,325.000000
506.238281,152.791016,530.283203,1.000000,512.000000
606.179816,473.600246,547.348775,1.000000,56925.000000
884.000000,624.000000,526.333333,1.000000, 3.000000
926.410853,691.748062,531.186047,1.000000,258.000000
301.814667,261.235082,547.275985,1.000000,55840.000000
358.061983,827.200413,531.349174,1.000000,484.000000
410.663212,645.616580,533.642487,1.000000,193.000000
552.188277,803.214920,532.728242,1.000000,563.000000
564.503185,382.833886,546.931691,1.000000,56991.000000
916.000000,645.000000,527.000000,1.000000, 5.000000
270.564103,892.342657,533.369464,1.000000,858.000000
456.492981,763.189803,548.257378,1.000000,52860.000000
504.500000,525.000000,528.000000,1.000000, 2.000000
594.375000,739.000000,529.125000,1.000000, 8.000000
612.454545,699.727273,528.818182,1.000000,11.000000
643.282353,281.062745,531.137255,1.000000,255.000000
662.027586,746.862069,531.751724,1.000000,290.000000
669.000000,325.500000,528.750000,1.000000, 4.000000
686.211073,585.069204,531.968858,1.000000,289.000000
750.000000,717.181818,529.454545,1.000000,11.000000
200.183500,343.819010,550.106692,1.000000,169319.000000
600.681818,342.159091,534.395455,1.000000,660.000000
617.000000,212.000000,529.000000,1.000000, 1.000000
784.730769,456.346154,531.961538,1.000000,26.000000
916.000000,650.000000,529.000000,1.000000, 1.000000
316.431842,577.688062,548.411907,1.000000,51366.000000
370.568922,884.044232,550.490674,1.000000,151135.000000
436.792416,424.915418,549.330732,1.000000,47918.000000
439.506634,226.875754,535.652593,1.000000,829.000000
573.243902,901.097561,531.731707,1.000000,82.000000
608.000000,701.000000,530.000000,1.000000, 1.000000
778.336332,657.469203,549.089085,1.000000,49582.000000
902.945342,412.426349,547.932499,1.000000,33170.000000
441.256399,271.993761,549.060352,1.000000,48565.000000
598.451058,655.689479,549.698855,1.000000,47781.000000
756.666667,721.333333,531.000000,1.000000, 3.000000
826.261446,485.986747,537.928916,1.000000,1660.000000
486.283416,565.407914,550.142053,1.000000,43519.000000
488.729523,377.790507,549.561537,1.000000,46980.000000
792.333333,454.481481,533.296296,1.000000,27.000000
935.857143,670.809524,533.571429,1.000000,21.000000
307.766599,466.042522,550.634789,1.000000,43813.000000
460.000000,468.000000,533.000000,1.000000, 1.000000
526.862573,217.119883,536.807018,1.000000,342.000000
552.130435,458.086957,534.565217,1.000000,23.000000
705.333333,606.888889,533.888889,1.000000, 9.000000
760.586563,418.558140,536.586563,1.000000,387.000000
875.773810,650.778912,538.329932,1.000000,588.000000
497.561674,246.379956,540.368943,1.000000,908.000000
648.423077,462.076923,537.000000,1.000000,26.000000
353.196141,291.321543,539.250804,1.000000,311.000000
403.558140,362.654070,538.005814,1.000000,344.000000
437.600000,561.250000,537.050000,1.000000,20.000000
564.571429,336.285714,536.142857,1.000000, 7.000000
710.475239,644.875301,551.407432,1.000000,38669.000000
379.841589,194.917471,552.327016,1.000000,113294.000000
445.250000,564.500000,536.750000,1.000000, 4.000000
519.400000,648.234130,545.091468,1.000000,1465.000000
615.625850,570.557823,539.775510,1.000000,147.000000
657.626866,303.017413,540.883085,1.000000,402.000000
417.500000,553.300000,537.800000,1.000000,10.000000
610.000000,778.000000,537.000000,1.000000, 1.000000
418.194748,312.708972,541.958425,1.000000,457.000000
595.824111,310.679842,542.571146,1.000000,506.000000
612.000000,778.000000,538.500000,1.000000, 2.000000
620.666667,576.333333,538.666667,1.000000, 3.000000
306.276334,340.533109,552.759540,1.000000,32363.000000
580.909091,258.181818,542.012987,1.000000,77.000000
591.322862,809.140625,553.144253,1.000000,30592.000000
614.000000,776.500000,539.000000,1.000000, 2.000000
575.292208,436.896104,543.681818,1.000000,154.000000
643.353868,366.376982,553.663215,1.000000,18733.000000
650.493113,327.468320,544.680441,1.000000,363.000000
657.283333,493.533333,544.816667,1.000000,60.000000
953.000000,602.000000,542.000000,1.000000, 3.000000
533.700852,293.157566,554.358352,1.000000,76768.000000
536.447140,903.558059,546.689775,1.000000,577.000000
773.776860,706.578512,546.611570,1.000000,121.000000
466.906176,847.709983,554.586083,1.000000,23640.000000
588.524571,712.283151,551.976989,1.000000,2564.000000
594.000000,560.000000,543.000000,1.000000, 1.000000
595.584158,282.787129,546.470297,1.000000,202.000000
679.005376,463.673835,548.164875,1.000000,558.000000
398.861789,505.024390,548.792683,1.000000,246.000000
736.087954,709.416826,548.399618,1.000000,523.000000
802.886613,378.259926,554.475765,1.000000,23045.000000
951.333333,602.333333,545.666667,1.000000, 3.000000
505.174216,618.344948,551.045296,1.000000,574.000000
709.112875,734.398589,551.668430,1.000000,567.000000
152.887828,480.990829,556.158051,1.000000,41980.000000
404.500000,623.500000,549.142857,1.000000,14.000000
715.479167,394.100694,550.843750,1.000000,288.000000
742.480826,396.982301,550.890855,1.000000,339.000000
948.666667,606.000000,547.000000,1.000000, 3.000000
379.970000,267.275714,553.927143,1.000000,700.000000
479.500000,479.500000,548.000000,1.000000, 2.000000
579.801471,234.476471,553.972059,1.000000,680.000000
641.330739,569.599222,550.926070,1.000000,257.000000
719.666667,321.750000,550.000000,1.000000,12.000000
747.923077,535.153846,550.615385,1.000000,13.000000
765.590426,551.795213,552.614362,1.000000,376.000000
378.180183,312.479638,556.961734,1.000000,11394.000000
525.616424,685.468815,555.168399,1.000000,962.000000
569.571038,918.934426,553.535519,1.000000,366.000000
702.375000,782.750000,549.750000,1.000000, 8.000000
733.212998,356.566106,556.784942,1.000000,11648.000000
350.565574,267.224044,556.127505,1.000000,1098.000000
712.000000,696.600000,551.600000,1.000000, 5.000000
760.149254,734.268657,558.388060,1.000000,134.000000
386.083206,782.114764,557.346728,1.000000,9855.000000
524.692845,410.171030,556.331588,1.000000,573.000000
532.990741,465.013889,555.259259,1.000000,216.000000
602.863388,604.945355,557.147541,1.000000,183.000000
253.611239,288.347477,556.971330,1.000000,872.000000
587.922374,581.730594,557.474886,1.000000,219.000000
592.933333,424.533333,554.300000,1.000000,30.000000
668.051571,547.211120,557.864625,1.000000,1241.000000
746.305852,468.249111,557.990156,1.000000,7314.000000
540.482847,816.312178,558.216123,1.000000,1166.000000
552.166667,707.000000,553.166667,1.000000, 6.000000
694.394881,712.135283,557.336380,1.000000,547.000000
803.000000,467.000000,553.000000,1.000000, 1.000000
918.917949,705.187179,558.256410,1.000000,390.000000
253.400000,723.767717,558.376378,1.000000,1270.000000
393.460261,573.969355,558.616251,1.000000,5058.000000
481.514656,951.469710,558.396163,1.000000,5629.000000
783.102190,491.565693,557.930657,1.000000,274.000000
335.000000,295.000000,555.000000,1.000000, 1.000000
409.034091,529.318182,558.954545,1.000000,88.000000
412.331025,738.274238,558.937673,1.000000,722.000000
507.664596,476.391304,559.279503,1.000000,161.000000
515.772727,838.926407,559.023810,1.000000,462.000000
540.150943,560.245283,559.301887,1.000000,53.000000
635.223618,416.402010,558.731156,1.000000,398.000000
748.000000,530.500000,555.500000,1.000000, 2.000000
198.138829,577.038684,559.450470,1.000000,2766.000000
396.801090,478.038147,559.098093,1.000000,367.000000
482.750000,478.460526,559.092105,1.000000,76.000000
684.345588,745.352941,559.613971,1.000000,272.000000
275.622642,523.408805,559.858491,1.000000,1590.000000
332.500000,297.462963,559.851852,1.000000,54.000000
558.829545,897.028409,559.596591,1.000000,176.000000
681.573460,342.279621,559.739336,1.000000,211.000000
688.566133,505.893822,559.666819,1.000000,2185.000000
733.560606,558.878788,560.151515,1.000000,66.000000
436.147059,585.470588,560.147059,1.000000,34.000000
477.765625,243.070313,559.945313,1.000000,128.000000
600.902857,328.691429,560.217143,1.000000,175.000000
625.000000,773.597633,560.005917,1.000000,169.000000
744.410048,192.140670,559.700000,1.000000,2090.000000
457.266667,468.866667,560.533333,1.000000,45.000000
500.400000,736.000000,560.500000,1.000000,10.000000
613.888889,307.444444,560.222222,1.000000, 9.000000
617.607143,556.964286,560.535714,1.000000,28.000000
691.942149,566.876033,560.421488,1.000000,121.000000
344.653722,522.078749,560.302050,1.000000,927.000000
487.969900,698.431438,560.752508,1.000000,299.000000
520.000000,721.000000,560.500000,1.000000, 2.000000
532.534247,442.739726,560.643836,1.000000,73.000000
558.653846,459.307692,560.756410,1.000000,78.000000
619.769841,701.293651,560.626984,1.000000,126.000000
638.400000,196.244444,560.755556,1.000000,45.000000
648.666667,434.333333,560.666667,1.000000, 3.000000
656.600000,763.600000,560.400000,1.000000, 5.000000
674.780622,278.720293,560.619744,1.000000,1094.000000
769.750000,761.500000,560.750000,1.000000, 4.000000
287.230216,405.258993,561.000000,1.000000,139.000000
620.882353,584.588235,561.000000,1.000000,17.000000
761.914286,822.571429,561.000000,1.000000,35.000000
