98.144737,609.868421,1201.671053,1.000000,76.000000
118.083269,472.170591,1204.773447,1.000000,10364.000000
105.164835,639.461538,1201.406593,1.000000,91.000000
112.158546,566.284417,1233.723127,1.000000,46794.000000
110.820000,521.140000,1201.780000,1.000000,50.000000
128.628125,427.134375,1203.690625,1.000000,320.000000
181.351038,673.770434,1233.475066,1.000000,411995.000000
188.674990,368.082863,1220.390576,1.000000,394010.000000
142.855172,602.496552,1202.593103,1.000000,145.000000
156.092784,444.985567,1204.505155,1.000000,485.000000
205.531780,496.622654,1209.425793,1.000000,30900.000000
199.562500,544.343750,1201.343750,1.000000,64.000000
223.228729,599.816730,1206.892266,1.000000,18852.000000
298.307754,242.694857,1222.931976,1.000000,403241.000000
238.000000,538.000000,1201.000000,1.000000, 1.000000
251.571429,481.333333,1201.523810,1.000000,21.000000
257.982558,629.331395,1206.145349,1.000000,172.000000
263.796954,571.994924,1202.101523,1.000000,197.000000
271.691489,352.202128,1201.563830,1.000000,94.000000
280.813187,697.043956,1201.557692,1.000000,364.000000
292.692198,394.500823,1204.582794,1.000000,9113.000000
276.750000,519.169118,1201.919118,1.000000,136.000000
281.567839,492.050251,1204.266332,1.000000,398.000000
289.219178,551.301370,1204.301370,1.000000,73.000000
290.214286,605.571429,1201.000000,1.000000,14.000000
321.651041,470.239416,1204.889371,1.000000,10133.000000
314.874126,642.671329,1201.685315,1.000000,143.000000
339.730517,344.146287,1210.249611,1.000000,36032.000000
322.666667,426.500000,1202.000000,1.000000, 6.000000
361.690992,660.505980,1212.538020,1.000000,43727.000000
345.247706,548.770642,1202.871560,1.000000,109.000000
353.085294,434.555882,1203.085294,1.000000,340.000000
364.600000,612.200000,1201.600000,1.000000, 5.000000
371.715000,557.615000,1201.785000,1.000000,200.000000
382.521277,418.446809,1203.563830,1.000000,188.000000
384.971154,364.096154,1203.817308,1.000000,104.000000
391.078919,210.823518,1224.053932,1.000000,20971.000000
386.000000,391.000000,1201.000000,1.000000,21.000000
396.207779,512.321970,1216.152832,1.000000,23732.000000
398.128205,324.650641,1201.618590,1.000000,312.000000
398.125893,696.195536,1211.964286,1.000000,1120.000000
296.000000,665.000000,1202.500000,1.000000, 2.000000
293.686916,437.623832,1211.334112,1.000000,428.000000
297.142857,664.214286,1209.428571,1.000000,28.000000
130.017241,629.643678,1211.281609,1.000000,174.000000
366.000000,611.000000,1206.000000,1.000000, 1.000000
320.369369,424.936937,1211.513514,1.000000,111.000000
364.000000,608.000000,1209.000000,1.000000, 1.000000
378.970000,441.850000,1212.560000,1.000000,100.000000
388.482759,575.402299,1212.241379,1.000000,87.000000
181.812500,593.390625,1213.625000,1.000000,64.000000
338.635000,527.385000,1214.850000,1.000000,200.000000
206.864976,274.373481,1236.442761,1.000000,67899.000000
318.738255,598.523490,1215.926174,1.000000,149.000000
391.725816,278.402374,1218.952522,1.000000,1685.000000
358.802260,457.610169,1216.000000,1.000000,177.000000
256.944444,414.305556,1218.638889,1.000000,36.000000
239.542046,451.712268,1240.013077,1.000000,66760.000000
362.418919,579.810811,1217.594595,1.000000,74.000000
400.780488,251.170732,1218.731707,1.000000,41.000000
103.250471,623.683616,1222.071563,1.000000,531.000000
315.702290,687.106870,1219.526718,1.000000,131.000000
394.372540,399.836569,1240.931547,1.000000,22921.000000
272.000000,368.972222,1222.569444,1.000000,144.000000
384.468750,337.468750,1222.197917,1.000000,288.000000
219.564603,549.473595,1243.123870,1.000000,62961.000000
283.300275,618.559229,1223.027548,1.000000,363.000000
292.226708,590.164596,1222.478261,1.000000,322.000000
264.238938,340.716814,1223.648968,1.000000,339.000000
366.000000,578.000000,1223.000000,1.000000, 1.000000
265.720000,564.020000,1225.220000,1.000000,50.000000
368.960000,492.280000,1225.480000,1.000000,25.000000
377.666667,553.000000,1224.888889,1.000000, 9.000000
164.410828,295.834395,1228.570064,1.000000,314.000000
146.035714,609.946429,1228.732143,1.000000,56.000000
369.345946,371.454054,1228.643243,1.000000,185.000000
396.477155,634.491315,1248.100848,1.000000,12147.000000
392.522388,453.686567,1229.283582,1.000000,134.000000
271.205882,519.705882,1229.382353,1.000000,34.000000
172.830861,609.029674,1232.958457,1.000000,337.000000
398.886774,312.350556,1246.186403,1.000000,4045.000000
151.334764,482.969902,1288.555312,1.000000,930255.000000
199.765363,613.189944,1233.262570,1.000000,179.000000
284.912879,654.575758,1233.530303,1.000000,264.000000
311.924991,393.658335,1290.039982,1.000000,915008.000000
341.166667,300.333333,1231.000000,1.000000, 6.000000
287.805918,494.264578,1237.359443,1.000000,1149.000000
338.010479,692.959581,1235.760479,1.000000,668.000000
318.608683,554.813500,1293.047894,1.000000,912991.000000
401.000000,586.000000,1234.500000,1.000000,16.000000
311.643750,613.431250,1236.412500,1.000000,160.000000
325.594937,654.835443,1237.658228,1.000000,79.000000
121.401235,610.055556,1238.172840,1.000000,162.000000
240.533329,613.937618,1260.232739,1.000000,62903.000000
229.683824,505.220588,1242.955882,1.000000,136.000000
246.953271,405.205607,1242.289720,1.000000,107.000000
379.803073,256.085235,1264.061362,1.000000,65806.000000
376.384615,594.461538,1243.461538,1.000000,13.000000
394.100694,353.177083,1244.756944,1.000000,288.000000
394.728682,562.341085,1244.682171,1.000000,129.000000
308.456522,696.328804,1248.116848,1.000000,368.000000
342.664251,327.734300,1247.611111,1.000000,414.000000
120.583333,640.416667,1247.250000,1.000000,12.000000
289.080630,625.848007,1252.765524,1.000000,1079.000000
109.236641,661.725191,1250.534351,1.000000,262.000000
301.634078,666.840782,1250.740223,1.000000,358.000000
346.271739,668.826087,1252.347826,1.000000,92.000000
337.211382,288.504065,1253.715447,1.000000,246.000000
365.699346,692.928105,1251.823529,1.000000,153.000000
173.553571,309.821429,1254.303571,1.000000,56.000000
395.024664,468.930493,1254.547085,1.000000,446.000000
253.967742,514.709677,1254.741935,1.000000,31.000000
331.323009,474.477876,1261.130531,1.000000,1356.000000
385.125000,493.163462,1258.413462,1.000000,104.000000
273.822016,653.871337,1262.013581,1.000000,1399.000000
234.004310,392.482759,1261.107759,1.000000,232.000000
272.796219,295.945763,1283.542369,1.000000,68127.000000
385.000000,440.400000,1259.800000,1.000000, 5.000000
395.896455,585.804164,1265.262802,1.000000,1777.000000
181.179783,588.737203,1286.519579,1.000000,68338.000000
324.136364,657.343434,1264.277778,1.000000,198.000000
363.341463,459.536585,1263.756098,1.000000,41.000000
261.606002,690.270671,1286.403605,1.000000,42051.000000
401.000000,544.000000,1262.000000,1.000000, 1.000000
227.574405,304.705357,1268.276786,1.000000,336.000000
391.000000,520.000000,1264.000000,1.000000, 1.000000
138.376754,637.138277,1268.859719,1.000000,499.000000
317.420485,278.355795,1271.301887,1.000000,371.000000
331.831658,314.351759,1270.778894,1.000000,398.000000
89.300000,542.400000,1271.400000,1.000000,10.000000
140.435644,565.633663,1272.789604,1.000000,404.000000
172.073559,330.446921,1296.591890,1.000000,68408.000000
262.921116,220.133143,1296.607807,1.000000,66072.000000
373.868217,635.496124,1274.658915,1.000000,129.000000
330.433628,689.023381,1299.127320,1.000000,46277.000000
206.904256,392.756029,1300.876537,1.000000,61581.000000
306.954315,636.994924,1278.629442,1.000000,197.000000
345.500000,632.500000,1277.500000,1.000000,20.000000
360.961538,659.346154,1277.807692,1.000000,26.000000
385.870307,348.813993,1282.837884,1.000000,1172.000000
364.809524,485.962585,1281.469388,1.000000,294.000000
385.295455,664.454545,1281.000000,1.000000,44.000000
388.059259,473.370370,1280.511111,1.000000,135.000000
390.546269,424.797015,1282.200000,1.000000,335.000000
237.478261,571.992754,1282.987923,1.000000,414.000000
280.843658,629.489676,1282.817109,1.000000,339.000000
212.643297,267.445665,1305.923323,1.000000,69108.000000
384.000000,607.979592,1283.061224,1.000000,49.000000
226.350755,438.466899,1286.588850,1.000000,861.000000
336.844706,264.338824,1286.032941,1.000000,425.000000
346.164384,469.041096,1285.041096,1.000000,73.000000
219.779221,321.233766,1289.036797,1.000000,462.000000
263.500000,648.375000,1288.906250,1.000000,32.000000
117.700086,604.242704,1310.854266,1.000000,66299.000000
376.452632,696.115789,1289.831579,1.000000,95.000000
135.202383,670.534778,1317.006488,1.000000,53641.000000
387.330269,503.589109,1294.870580,1.000000,1414.000000
328.756219,643.967662,1294.781095,1.000000,402.000000
252.491274,475.492567,1316.248855,1.000000,64174.000000
349.971670,226.165474,1352.914335,1.000000,523576.000000
361.451852,625.222222,1294.422222,1.000000,135.000000
128.000000,686.000000,1293.000000,1.000000, 1.000000
207.965517,546.402299,1294.517241,1.000000,87.000000
357.000000,325.500000,1293.000000,1.000000, 2.000000
91.653333,567.393333,1297.000000,1.000000,150.000000
333.670455,313.780303,1298.443182,1.000000,264.000000
398.568862,536.634731,1298.299401,1.000000,167.000000
181.000000,400.000000,1296.000000,1.000000, 1.000000
141.358333,564.533333,1299.800000,1.000000,120.000000
227.353535,591.287879,1299.893939,1.000000,198.000000
203.981174,678.321468,1322.825847,1.000000,69531.000000
243.389610,522.844156,1300.662338,1.000000,77.000000
364.111111,289.666667,1298.777778,1.000000, 9.000000
236.500000,640.500000,1299.000000,1.000000, 2.000000
91.281250,544.812500,1301.156250,1.000000,32.000000
232.000000,639.545455,1302.545455,1.000000,11.000000
399.937143,476.262857,1304.000000,1.000000,175.000000
251.431953,600.786982,1303.946746,1.000000,169.000000
263.518033,623.740984,1304.770492,1.000000,305.000000
298.437653,636.787286,1305.046455,1.000000,409.000000
309.275362,264.198068,1306.480676,1.000000,414.000000
141.411549,384.915094,1328.233404,1.000000,68405.000000
236.000000,645.666667,1305.000000,1.000000, 3.000000
234.824873,311.401015,1310.532995,1.000000,394.000000
392.270421,360.406230,1331.343508,1.000000,33385.000000
350.169096,463.650146,1314.460641,1.000000,343.000000
370.000000,674.857143,1312.285714,1.000000, 7.000000
193.917339,551.108871,1317.239919,1.000000,496.000000
264.858156,329.652482,1316.184397,1.000000,141.000000
324.000000,478.000000,1313.000000,1.000000, 1.000000
326.000000,477.000000,1313.000000,1.000000, 1.000000
372.256466,445.965517,1318.185345,1.000000,464.000000
396.511905,653.686508,1316.972222,1.000000,252.000000
398.359043,554.513298,1318.013298,1.000000,376.000000
214.000000,527.000000,1315.000000,1.000000, 1.000000
237.443966,618.538793,1317.875000,1.000000,232.000000
260.103858,263.308605,1318.071217,1.000000,337.000000
390.806701,521.231959,1319.894330,1.000000,388.000000
217.000000,527.000000,1317.000000,1.000000, 1.000000
287.121718,254.673031,1320.942721,1.000000,419.000000
363.943182,629.454545,1319.056818,1.000000,88.000000
171.007143,288.300000,1320.407143,1.000000,140.000000
275.089247,642.779810,1325.454279,1.000000,1367.000000
392.833333,701.000000,1320.333333,1.000000, 6.000000
229.794031,573.920026,1344.821568,1.000000,57669.000000
386.310345,316.862069,1321.448276,1.000000,29.000000
199.000000,619.000000,1321.000000,1.000000, 1.000000
305.270876,304.318861,1345.146472,1.000000,66750.000000
390.873199,492.391931,1324.763689,1.000000,347.000000
299.907186,480.829341,1326.763473,1.000000,334.000000
92.189542,527.050109,1328.823529,1.000000,459.000000
109.365385,422.682692,1328.028846,1.000000,104.000000
245.965517,530.655172,1324.862069,1.000000,29.000000
224.237500,224.890000,1329.707500,1.000000,400.000000
310.320175,651.048246,1328.219298,1.000000,228.000000
213.993377,431.192053,1329.589404,1.000000,151.000000
373.087533,607.392573,1331.307692,1.000000,377.000000
195.887473,355.715499,1332.320594,1.000000,471.000000
181.740741,570.841751,1332.905724,1.000000,297.000000
341.485175,625.830189,1333.296496,1.000000,371.000000
372.695431,695.626904,1333.035533,1.000000,394.000000
187.669118,422.382353,1334.613971,1.000000,272.000000
337.087379,485.970874,1335.097087,1.000000,103.000000
248.535714,244.017857,1333.267857,1.000000,56.000000
388.211921,635.125828,1335.403974,1.000000,302.000000
389.600000,672.060000,1335.662500,1.000000,400.000000
156.760417,308.800000,1337.504167,1.000000,480.000000
237.821429,641.660714,1335.517857,1.000000,56.000000
141.663317,335.849246,1337.251256,1.000000,199.000000
364.203125,497.531250,1337.171875,1.000000,64.000000
365.277778,467.513889,1338.125000,1.000000,72.000000
104.898383,641.764434,1339.921478,1.000000,433.000000
213.778325,458.519704,1340.408867,1.000000,406.000000
244.042339,205.580645,1340.028226,1.000000,496.000000
273.385027,238.815508,1340.080214,1.000000,374.000000
199.949183,310.370371,1365.600676,1.000000,48527.000000
264.000000,283.166667,1337.833333,1.000000, 6.000000
296.841121,457.439252,1340.453271,1.000000,214.000000
100.433962,442.886792,1341.759434,1.000000,212.000000
169.731132,349.023585,1343.028302,1.000000,212.000000
282.000000,617.000000,1339.833333,1.000000, 6.000000
283.250000,617.875000,1342.750000,1.000000, 8.000000
212.958478,486.608997,1345.062284,1.000000,289.000000
398.140969,697.251101,1344.466960,1.000000,227.000000
401.000000,535.153846,1343.615385,1.000000,13.000000
212.142061,375.077994,1347.896936,1.000000,359.000000
285.553398,501.242718,1346.611650,1.000000,103.000000
370.119107,443.325062,1346.461538,1.000000,403.000000
116.425958,540.852449,1369.780494,1.000000,62053.000000
209.451786,240.194643,1348.651786,1.000000,560.000000
256.708393,349.058029,1368.836048,1.000000,69069.000000
274.440722,444.242268,1347.981959,1.000000,388.000000
372.216117,396.978022,1347.208791,1.000000,273.000000
381.642857,584.919643,1347.973214,1.000000,224.000000
162.857143,421.857143,1345.571429,1.000000, 7.000000
233.273381,277.323741,1347.187050,1.000000,139.000000
161.726400,629.583424,1406.820470,1.000000,933057.000000
254.301455,672.701506,1371.160327,1.000000,69901.000000
260.663717,537.539823,1349.699115,1.000000,113.000000
95.953153,474.090090,1352.187387,1.000000,555.000000
178.500000,311.500000,1349.500000,1.000000, 2.000000
273.044776,596.029851,1351.902985,1.000000,134.000000
93.776860,500.603306,1349.479339,1.000000,121.000000
192.200000,260.044444,1352.311111,1.000000,45.000000
357.178947,599.973684,1354.107895,1.000000,380.000000
197.343750,435.875000,1354.312500,1.000000,32.000000
343.128834,505.883436,1353.963190,1.000000,163.000000
394.606742,453.808989,1353.735955,1.000000,178.000000
194.407071,517.935656,1377.387299,1.000000,65647.000000
347.381148,456.872951,1356.303279,1.000000,244.000000
374.133929,657.767857,1356.437500,1.000000,112.000000
299.485915,656.563380,1360.401408,1.000000,142.000000
379.314917,490.390838,1381.314477,1.000000,68110.000000
383.345098,422.384314,1362.139216,1.000000,510.000000
240.532806,464.642637,1380.634454,1.000000,54502.000000
308.083152,440.781786,1383.951954,1.000000,68850.000000
341.169478,681.722801,1418.159614,1.000000,389991.000000
397.604803,676.934498,1362.932314,1.000000,458.000000
124.756410,456.750000,1362.871795,1.000000,156.000000
230.666667,420.833333,1360.166667,1.000000, 6.000000
145.784543,438.309133,1366.304450,1.000000,427.000000
400.345133,564.008850,1365.610619,1.000000,113.000000
121.238361,491.482309,1367.007449,1.000000,537.000000
205.589928,695.780903,1371.291694,1.000000,1529.000000
243.915789,614.031579,1368.642105,1.000000,95.000000
383.000000,320.000000,1365.000000,1.000000, 1.000000
336.716484,401.549451,1370.147253,1.000000,455.000000
150.000000,345.000000,1367.000000,1.000000, 1.000000
178.110472,389.318435,1427.393238,1.000000,936951.000000
382.419580,600.678322,1369.139860,1.000000,143.000000
364.430233,443.567442,1373.662791,1.000000,430.000000
376.616583,382.424749,1393.868385,1.000000,68252.000000
332.122807,536.833333,1372.605263,1.000000,114.000000
298.083784,553.651351,1375.400000,1.000000,370.000000
334.480553,579.477326,1395.641339,1.000000,66001.000000
395.755882,340.773529,1375.241176,1.000000,340.000000
123.971831,426.323944,1375.535211,1.000000,142.000000
260.865637,529.381437,1397.820506,1.000000,67757.000000
361.757813,618.449219,1378.070313,1.000000,256.000000
391.958621,443.903448,1377.489655,1.000000,145.000000
153.071429,317.821429,1379.607143,1.000000,28.000000
383.358621,644.851724,1380.262069,1.000000,290.000000
95.666667,495.333333,1378.666667,1.000000, 9.000000
258.770407,269.477191,1439.898798,1.000000,946659.000000
260.886525,624.177305,1386.446809,1.000000,282.000000
346.886390,319.324582,1404.980834,1.000000,61359.000000
130.295082,449.562842,1387.969945,1.000000,366.000000
366.629630,542.222222,1388.962963,1.000000,27.000000
400.809524,421.952381,1387.952381,1.000000,42.000000
237.693333,598.804444,1389.595556,1.000000,225.000000
288.000000,576.000000,1387.000000,1.000000, 1.000000
281.439560,604.093407,1391.005495,1.000000,182.000000
390.502415,304.599034,1391.570048,1.000000,207.000000
160.081340,548.019139,1392.531100,1.000000,209.000000
185.081225,271.810253,1395.692410,1.000000,1502.000000
237.718391,572.419540,1392.000000,1.000000,174.000000
397.924256,266.201255,1408.241389,1.000000,6852.000000
149.075472,514.830189,1395.113208,1.000000,53.000000
226.961003,699.760446,1401.423398,1.000000,359.000000
286.027668,385.619326,1422.001835,1.000000,67588.000000
123.018182,504.281818,1402.039394,1.000000,330.000000
96.979206,493.368620,1403.631380,1.000000,529.000000
351.237624,455.188119,1402.257426,1.000000,101.000000
340.020101,272.045226,1404.276382,1.000000,199.000000
92.169922,519.494141,1406.878906,1.000000,512.000000
98.145194,465.128834,1406.799591,1.000000,489.000000
261.000000,576.354839,1406.264516,1.000000,155.000000
364.495298,616.106583,1405.849530,1.000000,319.000000
382.500000,636.235714,1408.332143,1.000000,280.000000
90.939189,552.013514,1407.668919,1.000000,148.000000
368.870130,527.341991,1409.878788,1.000000,231.000000
188.421260,309.519685,1411.618110,1.000000,254.000000
311.835616,480.931507,1409.780822,1.000000,73.000000
182.243902,487.128049,1411.603659,1.000000,164.000000
123.892958,458.084507,1415.504225,1.000000,355.000000
150.121951,471.682927,1413.487805,1.000000,41.000000
219.250000,497.977882,1416.960456,1.000000,1492.000000
200.226415,700.622642,1414.603774,1.000000,53.000000
203.156250,469.526042,1417.411458,1.000000,192.000000
250.403670,349.706422,1416.623853,1.000000,109.000000
366.147059,258.923529,1417.962745,1.000000,510.000000
372.941327,460.936224,1421.201531,1.000000,392.000000
158.896277,307.247340,1422.882979,1.000000,376.000000
356.000000,507.000000,1418.000000,1.000000, 1.000000
392.010402,209.273086,1464.566793,1.000000,27398.000000
260.601365,644.295423,1444.197876,1.000000,69013.000000
391.325581,610.744186,1420.837209,1.000000,86.000000
387.126437,511.551724,1422.310345,1.000000,87.000000
374.089136,285.462396,1425.077994,1.000000,359.000000
384.458967,234.717325,1424.781155,1.000000,329.000000
97.200000,572.800000,1423.600000,1.000000, 5.000000
392.388060,540.820896,1426.402985,1.000000,134.000000
151.038475,512.784536,1484.869690,1.000000,942488.000000
313.652174,459.130435,1427.956522,1.000000,23.000000
391.514720,321.411507,1449.873292,1.000000,34986.000000
341.000000,272.655172,1428.689655,1.000000,29.000000
253.333158,486.450721,1453.245300,1.000000,68610.000000
356.333333,499.750000,1428.916667,1.000000,12.000000
236.095460,565.483324,1453.023021,1.000000,65724.000000
346.909091,378.015152,1430.984848,1.000000,66.000000
378.621040,421.482982,1489.499991,1.000000,476583.000000
255.212121,420.227273,1433.757576,1.000000,132.000000
377.224490,487.877551,1433.224490,1.000000,98.000000
316.639758,203.234347,1450.014311,1.000000,4472.000000
306.181509,566.374224,1458.099036,1.000000,61220.000000
330.569038,604.460251,1437.594142,1.000000,239.000000
329.644444,524.800000,1437.222222,1.000000,45.000000
350.132353,566.627451,1440.303922,1.000000,204.000000
253.800000,353.684615,1439.884615,1.000000,130.000000
373.014888,582.255583,1443.158809,1.000000,403.000000
356.187593,294.506726,1448.721226,1.000000,1338.000000
381.424370,611.760504,1445.680672,1.000000,238.000000
312.202899,502.565217,1447.536232,1.000000,207.000000
370.201448,531.988181,1468.660669,1.000000,66419.000000
109.224806,578.798450,1449.031008,1.000000,129.000000
269.000000,535.000000,1446.000000,1.000000, 1.000000
341.729317,627.755020,1452.230522,1.000000,1245.000000
96.224880,602.291866,1451.688995,1.000000,209.000000
336.103603,338.839498,1470.916169,1.000000,56292.000000
398.498452,251.089783,1452.470588,1.000000,323.000000
338.566038,496.727763,1454.226415,1.000000,371.000000
312.080702,614.108772,1456.066667,1.000000,285.000000
147.036458,693.175570,1480.133568,1.000000,27237.000000
257.435897,408.923077,1459.196581,1.000000,117.000000
285.307416,351.063397,1462.114234,1.000000,1672.000000
401.000000,631.500000,1457.000000,1.000000, 2.000000
269.687500,600.687500,1458.875000,1.000000,16.000000
212.641072,682.278283,1483.611930,1.000000,61628.000000
297.259259,518.370370,1461.148148,1.000000,27.000000
376.000000,632.500000,1461.500000,1.000000, 2.000000
298.535828,446.163427,1488.933932,1.000000,66568.000000
346.015914,240.672465,1491.304974,1.000000,64094.000000
217.561798,637.550562,1468.393258,1.000000,178.000000
282.660000,379.660000,1470.030000,1.000000,100.000000
201.903670,594.532110,1471.146789,1.000000,218.000000
386.624398,596.750171,1491.558255,1.000000,54201.000000
112.638889,608.506173,1472.185185,1.000000,324.000000
106.110787,438.026822,1476.300292,1.000000,1715.000000
306.212733,495.549689,1476.014752,1.000000,1288.000000
291.500000,621.250000,1472.234375,1.000000,64.000000
372.666667,281.333333,1472.000000,1.000000, 3.000000
375.986301,657.158904,1475.257534,1.000000,365.000000
214.846847,331.513514,1476.004505,1.000000,222.000000
248.163380,609.771831,1476.991549,1.000000,355.000000
394.923220,682.040867,1480.008050,1.000000,1615.000000
235.941053,524.743158,1480.560000,1.000000,475.000000
274.096774,407.129032,1479.516129,1.000000,31.000000
348.268817,489.070968,1480.221505,1.000000,465.000000
396.064025,271.826878,1498.637836,1.000000,14510.000000
339.774781,643.871295,1501.946945,1.000000,64706.000000
176.100196,593.328094,1482.585462,1.000000,509.000000
284.529412,201.558824,1481.529412,1.000000,34.000000
113.852662,406.581327,1486.364697,1.000000,1371.000000
229.624875,442.268102,1502.709352,1.000000,60809.000000
175.554843,320.552881,1504.939816,1.000000,57573.000000
305.220994,215.878453,1482.889503,1.000000,181.000000
125.866447,641.360559,1505.630069,1.000000,69029.000000
399.033898,646.384181,1484.762712,1.000000,177.000000
170.612273,656.928870,1488.373780,1.000000,717.000000
311.844828,605.479310,1486.037931,1.000000,290.000000
287.965714,333.097143,1486.508571,1.000000,175.000000
286.119850,520.247191,1487.943820,1.000000,267.000000
205.078818,574.896552,1489.014778,1.000000,203.000000
213.860647,617.259621,1512.469263,1.000000,69428.000000
271.689700,657.506635,1513.099232,1.000000,67670.000000
234.888272,361.251976,1513.926326,1.000000,67324.000000
281.762376,492.539604,1492.524752,1.000000,202.000000
260.951111,513.008889,1494.484444,1.000000,225.000000
303.077348,381.817017,1515.718021,1.000000,66285.000000
366.645283,684.150943,1493.803774,1.000000,265.000000
95.907143,600.942857,1497.507143,1.000000,140.000000
314.152542,517.969492,1496.528814,1.000000,295.000000
322.275862,292.896552,1494.931034,1.000000,29.000000
232.868369,547.233792,1498.192534,1.000000,509.000000
168.409091,611.954545,1499.363636,1.000000,22.000000
267.556701,326.072165,1501.113402,1.000000,97.000000
312.605998,697.472998,1520.062371,1.000000,9203.000000
300.527273,233.654545,1504.663636,1.000000,110.000000
159.442308,424.115385,1505.019231,1.000000,52.000000
207.519355,400.109677,1506.051613,1.000000,310.000000
259.550000,478.775000,1504.475000,1.000000,40.000000
341.425134,518.021390,1506.382353,1.000000,374.000000
145.395910,376.908226,1528.956051,1.000000,68647.000000
235.819444,518.671296,1507.731481,1.000000,216.000000
96.651136,573.984659,1511.763636,1.000000,1760.000000
183.000000,408.000000,1506.000000,1.000000, 1.000000
285.119923,556.500436,1565.035490,1.000000,915557.000000
400.565217,317.000000,1508.478261,1.000000,46.000000
183.500000,409.500000,1508.000000,1.000000, 2.000000
355.533512,493.029491,1512.445040,1.000000,373.000000
384.627517,553.181208,1511.828859,1.000000,298.000000
350.466165,545.657895,1512.977444,1.000000,266.000000
121.985294,421.014706,1513.705882,1.000000,68.000000
260.485655,220.119802,1534.075216,1.000000,61902.000000
329.189103,309.096154,1514.131410,1.000000,312.000000
174.236000,587.500000,1515.028000,1.000000,250.000000
179.432927,697.695122,1513.859756,1.000000,164.000000
217.407080,569.433628,1514.247788,1.000000,113.000000
361.833333,201.000000,1511.666667,1.000000, 6.000000
212.208484,268.909867,1535.394659,1.000000,70063.000000
290.697143,334.868571,1516.105714,1.000000,350.000000
391.824176,232.373626,1515.912088,1.000000,91.000000
175.000000,651.000000,1514.000000,1.000000, 1.000000
318.305389,335.535928,1518.646707,1.000000,334.000000
174.500000,652.000000,1516.500000,1.000000, 2.000000
272.857143,296.485714,1518.085714,1.000000,35.000000
316.819542,201.824824,1528.735915,1.000000,1136.000000
270.107914,423.007194,1520.064748,1.000000,139.000000
247.187500,498.062500,1520.382813,1.000000,128.000000
360.750198,571.017446,1525.054718,1.000000,1261.000000
186.972644,446.826748,1523.729483,1.000000,329.000000
257.752212,267.300885,1523.920354,1.000000,113.000000
324.478134,425.000000,1524.615160,1.000000,343.000000
191.567746,669.298083,1528.872439,1.000000,1513.000000
285.912281,264.228070,1527.175439,1.000000,57.000000
325.000000,498.500000,1523.500000,1.000000, 4.000000
317.560000,229.940000,1526.320000,1.000000,50.000000
375.493088,254.612903,1527.776498,1.000000,434.000000
160.111984,614.785200,1532.790439,1.000000,1527.000000
169.395230,422.603066,1533.762351,1.000000,1174.000000
260.109290,399.049180,1532.762295,1.000000,366.000000
271.105093,319.869761,1534.500967,1.000000,1551.000000
326.920110,254.360882,1532.294766,1.000000,363.000000
398.710145,665.608696,1532.095652,1.000000,345.000000
232.284569,405.847695,1534.456914,1.000000,499.000000
342.000000,333.000000,1530.000000,1.000000, 1.000000
350.119522,516.243028,1533.223108,1.000000,251.000000
313.607477,668.612150,1533.836449,1.000000,214.000000
351.450602,266.597590,1534.778313,1.000000,415.000000
369.800905,623.375566,1535.352941,1.000000,221.000000
306.934097,633.137536,1537.255014,1.000000,349.000000
157.000000,583.000000,1534.000000,1.000000, 1.000000
227.284659,692.843428,1558.886255,1.000000,30331.000000
308.899743,276.105398,1537.817481,1.000000,389.000000
399.890977,207.451128,1538.541353,1.000000,266.000000
117.863510,597.351486,1560.035757,1.000000,68657.000000
203.608511,462.446809,1539.551064,1.000000,470.000000
126.138820,437.563882,1561.821700,1.000000,68110.000000
156.000000,583.000000,1536.000000,1.000000, 1.000000
182.123314,696.774566,1540.633911,1.000000,519.000000
256.336117,292.373695,1541.167015,1.000000,479.000000
275.111446,349.759036,1540.030120,1.000000,332.000000
361.014393,222.106009,1562.314777,1.000000,68296.000000
292.695431,453.121827,1541.941624,1.000000,394.000000
336.227273,405.681818,1539.113636,1.000000,44.000000
340.310881,672.551813,1541.945596,1.000000,386.000000
169.177458,289.824940,1543.796163,1.000000,417.000000
179.856369,638.523713,1546.519648,1.000000,1476.000000
93.816547,524.604317,1545.197842,1.000000,278.000000
136.653061,676.054711,1566.520329,1.000000,69237.000000
346.360000,377.080000,1542.240000,1.000000,25.000000
298.000000,252.000000,1542.000000,1.000000, 1.000000
385.172228,534.944904,1567.606690,1.000000,48552.000000
274.100000,698.925000,1544.366667,1.000000,120.000000
96.000000,489.666667,1544.333333,1.000000, 3.000000
250.139535,631.790698,1547.627907,1.000000,43.000000
276.078125,476.135417,1547.796875,1.000000,192.000000
359.000000,358.000000,1545.000000,1.000000, 1.000000
244.067089,445.787135,1572.460212,1.000000,60785.000000
325.163763,650.317073,1549.641115,1.000000,287.000000
356.143126,695.943503,1550.177024,1.000000,531.000000
377.680000,646.320000,1548.920000,1.000000,25.000000
205.680128,390.122828,1572.210200,1.000000,59058.000000
351.665768,450.824798,1550.991914,1.000000,371.000000
168.927005,329.454701,1574.013550,1.000000,68854.000000
211.000000,585.181818,1549.636364,1.000000,11.000000
236.015625,655.427083,1551.041667,1.000000,192.000000
259.415309,265.630293,1552.671010,1.000000,614.000000
239.130134,324.551638,1573.872259,1.000000,63112.000000
370.482513,290.955215,1573.544778,1.000000,67165.000000
365.844444,573.166667,1553.877778,1.000000,90.000000
349.365759,331.910506,1555.898833,1.000000,257.000000
173.565857,558.840319,1577.633123,1.000000,63896.000000
313.387727,301.105300,1563.085077,1.000000,1434.000000
352.428571,645.857143,1553.333333,1.000000,21.000000
313.260234,406.859649,1557.187135,1.000000,342.000000
332.334254,429.207182,1558.331492,1.000000,362.000000
274.914073,383.293079,1579.075095,1.000000,62867.000000
288.000000,663.750000,1555.000000,1.000000, 4.000000
324.272727,452.818182,1556.454545,1.000000,11.000000
375.723404,377.914894,1559.531915,1.000000,94.000000
286.428571,271.571429,1557.928571,1.000000,14.000000
292.535948,321.771242,1559.424837,1.000000,153.000000
392.989247,584.602151,1558.677419,1.000000,93.000000
184.325936,482.882710,1580.548569,1.000000,65206.000000
295.093792,431.510121,1563.879892,1.000000,1482.000000
298.623853,693.437746,1562.279161,1.000000,763.000000
377.033613,339.075630,1559.966387,1.000000,238.000000
390.848156,626.761388,1561.501085,1.000000,461.000000
394.554267,670.125325,1580.877451,1.000000,22334.000000
303.413793,472.379310,1561.327586,1.000000,58.000000
363.463572,612.731786,1565.728562,1.000000,1551.000000
401.000000,372.000000,1559.000000,1.000000, 1.000000
115.258034,503.239384,1584.739271,1.000000,70882.000000
348.270833,473.851563,1566.330729,1.000000,384.000000
326.500000,693.000000,1564.000000,1.000000, 2.000000
377.417143,450.560000,1567.497143,1.000000,175.000000
352.941176,369.647059,1568.264706,1.000000,68.000000
322.142857,628.571429,1567.857143,1.000000, 7.000000
314.094276,665.622896,1571.801347,1.000000,297.000000
340.445946,658.472973,1570.560811,1.000000,148.000000
231.751678,640.798658,1572.536913,1.000000,149.000000
291.139903,208.707524,1593.541782,1.000000,28098.000000
396.327684,469.987288,1574.233051,1.000000,708.000000
181.104218,696.588089,1573.203474,1.000000,403.000000
272.333333,295.333333,1570.666667,1.000000, 3.000000
207.259414,661.464435,1574.652720,1.000000,239.000000
367.926070,641.848249,1574.077821,1.000000,257.000000
324.473606,338.137532,1597.235653,1.000000,66530.000000
234.314619,244.916508,1597.391178,1.000000,70390.000000
349.155303,698.242424,1579.075758,1.000000,264.000000
335.900694,407.651635,1602.387555,1.000000,65374.000000
399.054916,245.643718,1593.359229,1.000000,3733.000000
342.000000,499.000000,1578.500000,1.000000, 2.000000
180.395451,654.917760,1585.161855,1.000000,1143.000000
310.202136,264.722049,1602.839805,1.000000,66213.000000
283.269461,474.275449,1584.383234,1.000000,167.000000
386.758275,360.068439,1603.384716,1.000000,54136.000000
141.864457,385.956570,1606.462350,1.000000,68340.000000
276.705817,676.699085,1605.538711,1.000000,65653.000000
207.883120,617.028023,1607.188939,1.000000,66196.000000
306.333333,458.666667,1584.000000,1.000000, 3.000000
326.370518,683.099602,1588.462151,1.000000,251.000000
392.299255,428.490947,1608.898050,1.000000,31535.000000
209.019290,525.012346,1593.399691,1.000000,1296.000000
320.555556,648.044444,1589.733333,1.000000,45.000000
381.602509,611.950539,1614.659825,1.000000,63141.000000
361.904255,563.021277,1595.494681,1.000000,188.000000
125.575906,630.883202,1624.919830,1.000000,53948.000000
188.984420,681.486882,1654.479233,1.000000,366744.000000
113.564002,561.770776,1622.350688,1.000000,65303.000000
323.200775,471.625410,1625.794219,1.000000,60127.000000
394.768642,496.429206,1624.604451,1.000000,20263.000000
237.471157,486.610113,1626.983176,1.000000,63898.000000
191.318670,431.061754,1627.501185,1.000000,66263.000000
319.849462,617.602151,1608.182796,1.000000,93.000000
329.727273,663.272727,1605.090909,1.000000,11.000000
384.798544,563.344660,1608.577670,1.000000,412.000000
123.337281,449.091297,1631.352419,1.000000,67976.000000
274.898387,342.358065,1613.396237,1.000000,1860.000000
228.529196,361.294785,1633.136087,1.000000,65010.000000
342.000000,701.000000,1607.500000,1.000000, 2.000000
345.500000,700.750000,1607.000000,1.000000, 4.000000
188.975467,297.275896,1631.740966,1.000000,63872.000000
362.288307,228.585951,1630.839364,1.000000,54938.000000
373.472603,680.356164,1614.938356,1.000000,292.000000
176.102181,523.763895,1637.456046,1.000000,68173.000000
271.028686,425.102806,1638.068722,1.000000,54277.000000
259.298013,297.112866,1638.132167,1.000000,69064.000000
390.396619,295.379170,1637.737385,1.000000,40230.000000
277.151922,621.204177,1648.744759,1.000000,62157.000000
263.353688,215.672479,1652.148538,1.000000,45591.000000
332.515631,678.369014,1674.405356,1.000000,288043.000000
347.432055,549.347271,1674.512602,1.000000,550372.000000
167.318765,590.238311,1658.666438,1.000000,68461.000000
398.759686,203.869175,1660.855699,1.000000,1781.000000
345.280309,362.275367,1677.501467,1.000000,480580.000000
401.000000,695.789474,1643.157895,1.000000,19.000000
113.925470,510.678334,1665.111638,1.000000,50798.000000
153.877730,357.871198,1669.655869,1.000000,67204.000000
395.957144,633.504083,1674.927011,1.000000,15797.000000
386.477377,453.750786,1675.230565,1.000000,51209.000000
209.018548,465.155938,1688.912544,1.000000,192795.000000
125.027627,634.362095,1687.601938,1.000000,43762.000000
333.238878,226.824524,1690.689266,1.000000,103484.000000
221.779690,312.580720,1692.120650,1.000000,111720.000000
230.780448,604.983361,1694.488207,1.000000,68813.000000
